Wells (G - ground energy, D - dissociation limit, kcal/mol):
      Name        G        D
        W1    -90.3     -4.4

Bimolecular Products (G - ground energy, kcal/mol):
      Name        G
         R      0.0
        P1      0.6
        P2    -13.1
        P3    -17.7
        P4    -69.8
        P5      4.3
        P6     13.5

Well-to-Bimolecular Barriers (H/G - barrier height/well depth, kcal/mol)
      Name        H     Well        G  Product
        B1      0.0       W1    -90.3        R
        B2      0.6       W1    -90.3       P1
        B3     -1.5       W1    -90.3       P2
        B4     -4.4       W1    -90.3       P3
        B5     -0.2       W1    -90.3       P4
        B6      4.3       W1    -90.3       P5
        B7     13.5       W1    -90.3       P6

________________________________________________________________________________________

Unimolecular Rate Units: 1/sec;  Bimolecular Rate Units: cm^3/sec

______________________________________________________________________________________

Species-Species Rate Tables:

Temperature = 200 K

High Pressure Rate Coefficients:

From\To            W1            R           P1           P2           P3           P4           P5           P6
W1                ***  1.18955e-84  6.02678e-85   2.3913e-84  6.29202e-81  1.11872e-56  7.94632e-90  2.9841e-100
R         9.90839e-11          ***          ***          ***          ***          ***          ***          ***
P1        2.64144e-10          ***          ***          ***          ***          ***          ***          ***
P2        9.17013e-24          ***          ***          ***          ***          ***          ***          ***
P3         2.0966e-25          ***          ***          ***          ***          ***          ***          ***
P4        8.69375e-58          ***          ***          ***          ***          ***          ***          ***
P5         2.8228e-10          ***          ***          ***          ***          ***          ***          ***
P6         1.6882e-10          ***          ***          ***          ***          ***          ***          ***

Temperature = 200 K    Pressure = 0.001 atm

From\To            W1            R           P1           P2           P3           P4           P5           P6
W1        1.11869e-56   4.8624e-85  1.85847e-85  2.31578e-84  6.28587e-81  1.11869e-56  2.74936e-93 9.46776e-113
R         4.05014e-11  6.86009e-11  1.81518e-11  8.62659e-13  8.86408e-12  2.20483e-13  5.44995e-16  2.18323e-26
P1        8.14538e-11  9.55116e-11   2.0208e-10  2.31454e-12  2.22321e-11  5.67187e-13  5.16947e-16  8.81168e-27
P2        8.88053e-24  3.97156e-26  2.02512e-26  9.16168e-24  2.16734e-25   4.4423e-27  1.34522e-31  5.49447e-42
P3        2.09455e-25  3.54601e-30  1.69025e-30  1.88327e-30  2.09467e-25   5.2834e-30  5.16386e-36  1.19519e-46
P4        8.69355e-58  2.05704e-88  1.00568e-88  9.00231e-89  1.23218e-86  8.69355e-58  4.44669e-94 1.50692e-104
P5        9.76667e-14  2.32428e-10  4.18992e-11  1.24614e-12  5.50508e-12  2.03266e-13  2.81379e-10  3.99977e-22
P6        5.35622e-23  1.48283e-10   1.1374e-11   8.1058e-13  2.02918e-12  1.09702e-13  6.36988e-12  1.68977e-10

Temperature = 200 K    Pressure = 0.01 atm

From\To            W1            R           P1           P2           P3           P4           P5           P6
W1        1.11869e-56  9.50587e-85  4.65881e-85  2.38061e-84  6.29137e-81  1.11869e-56  3.41618e-91 6.81808e-109
R         7.91791e-11  8.78007e-11  6.30982e-12  2.18429e-13   2.0402e-12  5.26034e-14  5.13898e-16   2.1833e-26
P1        2.04188e-10  3.32011e-11  2.44095e-10  6.45719e-13  5.90617e-12  1.53552e-13  5.30052e-16   8.8153e-27
P2        9.12913e-24  1.00562e-26  5.64975e-27  9.16911e-24  2.37783e-26  4.94103e-28  1.33008e-31  5.49293e-42
P3        2.09638e-25  8.16167e-31  4.49031e-31  2.06616e-31   2.0964e-25  5.35944e-31  5.39134e-36  1.19534e-46
P4        8.69355e-58  4.90774e-89  2.72262e-89   1.0013e-89  1.24992e-87  8.69355e-58  4.50065e-94 1.50661e-104
P5        1.21354e-11  2.19166e-10  4.29614e-11  1.23212e-12  5.74759e-12  2.05732e-13  2.81448e-10  3.99403e-22
P6        3.85721e-19  1.48288e-10  1.13787e-11  8.10353e-13  2.02944e-12   1.0968e-13  6.36075e-12  1.68977e-10

Temperature = 200 K    Pressure = 0.1 atm

From\To            W1            R           P1           P2           P3           P4           P5           P6
W1        1.11869e-56  1.15054e-84  5.82185e-85  2.39005e-84  6.29195e-81  1.11869e-56  4.14339e-90 1.52065e-104
R         9.58344e-11  9.71447e-11  9.96708e-13   3.1183e-14  2.74865e-13  7.24962e-15   2.5244e-16   2.1838e-26
P1        2.55162e-10   5.2445e-12  2.61304e-10  8.92083e-14  7.87019e-13  2.07537e-14   2.8302e-16   8.8555e-27
P2        9.16532e-24  1.43562e-27  7.80533e-28  9.17002e-24  2.43782e-27  5.09723e-29  6.91187e-32  5.47687e-42
P3        2.09658e-25  1.09958e-31   5.9835e-32  2.11829e-32  2.09658e-25  5.37473e-32  2.97196e-36   1.1971e-46
P4        8.69355e-58  6.76369e-90  3.67982e-90  1.03295e-90  1.25348e-88  8.69355e-58  2.40103e-94 1.50349e-104
P5        1.47187e-10   1.0766e-10  2.29391e-11  6.40279e-13  3.16835e-12  1.09755e-13  2.81704e-10  3.93451e-22
P6        8.60282e-15  1.48322e-10  1.14306e-11  8.07983e-13  2.03243e-12  1.09452e-13  6.26595e-12  1.68977e-10

Temperature = 200 K    Pressure = 1 atm

From\To            W1            R           P1           P2           P3           P4           P5           P6
W1        1.11869e-56  1.18544e-84  6.00716e-85  2.39117e-84  6.29201e-81  1.11869e-56  7.31264e-90 2.52881e-101
R         9.87413e-11  9.88831e-11  1.08626e-13  3.34343e-15  2.90414e-14  7.70494e-16  4.15912e-17  1.99974e-26
P1        2.63284e-10  5.71572e-13   2.6395e-10   9.4231e-15  8.24123e-14  2.18077e-15  4.63924e-17  8.55634e-27
P2        9.16963e-24  1.53927e-28  8.24479e-29  9.17012e-24  2.44765e-28  5.12411e-30  1.14068e-32  4.91414e-42
P3         2.0966e-25  1.16178e-32   6.2656e-33  2.12683e-33   2.0966e-25  5.37694e-33  4.90641e-37  1.12295e-46
P4        8.69355e-58  7.18848e-91  3.86672e-91   1.0384e-91    1.254e-89  8.69355e-58  3.96323e-95 1.36326e-104
P5         2.5977e-10  1.77377e-11  3.76016e-12  1.05667e-13  5.23061e-13  1.81166e-14  2.81915e-10  3.18696e-22
P6        1.43063e-11  1.35821e-10  1.10445e-11  7.24966e-13  1.90655e-12  9.92436e-14  5.07543e-12  1.68978e-10

Temperature = 200 K    Pressure = 10 atm

From\To            W1            R           P1           P2           P3           P4           P5           P6
W1        1.11869e-56  1.18935e-84   6.0273e-85  2.39129e-84  6.29202e-81  1.11869e-56  7.87009e-90 2.15179e-100
R         9.90665e-11  9.90808e-11  1.09737e-14  3.37156e-16  2.92292e-15  7.76081e-17  4.48181e-18  6.10206e-27
P1        2.64167e-10  5.77417e-14  2.64234e-10  9.48206e-16   8.2837e-15  2.19297e-16  4.97907e-18  2.76931e-27
P2        9.17008e-24  1.55222e-29  8.29638e-30  9.17013e-24  2.44875e-29  5.12717e-31  1.22756e-33  1.47788e-42
P3         2.0966e-25  1.16929e-33  6.29789e-34  2.12779e-34   2.0966e-25  5.37718e-34  5.27066e-38  3.53486e-47
P4        8.69355e-58  7.24061e-92  3.88835e-92  1.03902e-92  1.25405e-90  8.69355e-58  4.26167e-96  4.1492e-105
P5        2.79572e-10  1.91139e-12  4.03559e-13  1.13714e-14  5.61894e-14  1.94808e-15  2.81957e-10  8.64884e-23
P6        1.21734e-10  4.14447e-11   3.5746e-12  2.18026e-13  6.00148e-13  3.02057e-14  1.37738e-12  1.68979e-10

Temperature = 210 K

High Pressure Rate Coefficients:

From\To            W1            R           P1           P2           P3           P4           P5           P6
W1                ***  6.57933e-80  3.40446e-80  8.29894e-80  1.37888e-76  3.73107e-55  7.04519e-85  7.89262e-95
R         9.83924e-11          ***          ***          ***          ***          ***          ***          ***
P1        2.47295e-10          ***          ***          ***          ***          ***          ***          ***
P2        2.78179e-23          ***          ***          ***          ***          ***          ***          ***
P3        7.00376e-25          ***          ***          ***          ***          ***          ***          ***
P4        2.27826e-57  