Wells (G - ground energy, D - dissociation limit, kcal/mol):
      Name        G        D
        W1      0.0     56.3

Bimolecular Products (G - ground energy, kcal/mol):
      Name        G
        P1      0.0

Well-to-Bimolecular Barriers (H/G - barrier height/well depth, kcal/mol)
      Name        H     Well        G  Product
        B1     56.3       W1      0.0       P1

________________________________________________________________________________________

Unimolecular Rate Units: 1/sec;  Bimolecular Rate Units: cm^3/sec

______________________________________________________________________________________

Species-Species Rate Tables:

Temperature = 1000 K

High Pressure Rate Coefficients:

From\To            W1           P1
W1                ***      86321.1
P1         4.6249e-23          ***

Temperature = 1000 K    Pressure = 10 atm

From\To            W1           P1
W1            23.9166      23.9166
P1         1.2755e-26   1.2755e-26

Temperature = 1500 K

High Pressure Rate Coefficients:

From\To            W1           P1
W1                ***   3.0753e+09
P1         8.7383e-19          ***

Temperature = 1500 K    Pressure = 10 atm

From\To            W1           P1
W1            29059.4      29058.7
P1        8.23002e-24  8.23002e-24

Temperature = 2000 K

High Pressure Rate Coefficients:

From\To            W1           P1
W1                ***  7.61642e+11
P1        1.38851e-16          ***

Temperature = 2000 K    Pressure = 10 atm

From\To            W1           P1
W1             722226       722012
P1        1.30753e-22  1.30755e-22

Temperature = 2500 K

High Pressure Rate Coefficients:

From\To            W1           P1
W1                ***  2.40534e+13
P1        3.11568e-15          ***

Temperature = 2500 K    Pressure = 10 atm

From\To            W1           P1
W1        4.00764e+06  4.00604e+06
P1        5.07894e-22  5.07911e-22

Temperature = 3000 K

High Pressure Rate Coefficients:

From\To            W1           P1
W1                ***  2.63443e+14
P1        2.58418e-14          ***

Temperature = 3000 K    Pressure = 10 atm

From\To            W1           P1
W1        1.14077e+07  1.14003e+07
P1         1.0509e-21  1.05094e-21

Temperature = 3500 K

High Pressure Rate Coefficients:

From\To            W1           P1
W1                ***  1.55191e+15
P1        1.20424e-13          ***

Temperature = 3500 K    Pressure = 10 atm

From\To            W1           P1
W1        2.34016e+07   2.3369e+07
P1        1.58241e-21  1.58226e-21

Temperature = 4000 K

High Pressure Rate Coefficients:

From\To            W1           P1
W1                ***  6.15025e+15
P1        3.89712e-13          ***

Temperature = 4000 K    Pressure = 10 atm

From\To            W1           P1
W1                ***          ***
P1                ***  1.50048e-28

Temperature = 4500 K

High Pressure Rate Coefficients:

From\To            W1           P1
W1                ***  1.86079e+16
P1         9.8639e-13          ***

Temperature = 4500 K    Pressure = 10 atm

From\To            W1           P1
W1                ***          ***
P1                *** -3.75339e-28

Temperature = 5000 K

High Pressure Rate Coefficients:

From\To            W1           P1
W1                ***  4.64281e+16
P1        2.09839e-12          ***

Temperature = 5000 K    Pressure = 10 atm

From\To            W1           P1
W1                ***          ***
P1                ***  2.81778e-28

______________________________________________________________________________________

High Pressure Rate Coefficients (Temperature-Species Rate Tables):

   T(K)       W1->W1       W1->P1
   1000          ***      86321.1
   1500          ***   3.0753e+09
   2000          ***  7.61642e+11
   2500          ***  2.40534e+13
   3000          ***  2.63443e+14
   3500          ***  1.55191e+15
   4000          ***  6.15025e+15
   4500          ***  1.86079e+16
   5000          ***  4.64281e+16

   T(K)       P1->W1       P1->P1
   1000   4.6249e-23          ***
   1500   8.7383e-19          ***
   2000  1.38851e-16          ***
   2500  3.11568e-15          ***
   3000  2.58418e-14          ***
   3500  1.20424e-13          ***
   4000  3.89712e-13          ***
   4500   9.8639e-13          ***
   5000  2.09839e-12          ***

Capture/Escape Rate Coefficients:

   T(K)           W1           P1
   1000      86321.1   4.6249e-23
   1500   3.0753e+09   8.7383e-19
   2000  7.61642e+11  1.38851e-16
   2500  2.40534e+13  3.11568e-15
   3000  2.63443e+14  2.58418e-14
   3500  1.55191e+15  1.20424e-13
   4000  6.15025e+15  3.89712e-13
   4500  1.86079e+16   9.8639e-13
   5000  4.64281e+16  2.09839e-12

______________________________________________________________________________________

Pressure-Species Rate Tables:

   Temperature = 1000 K

   P(atm)       W1->P1         W1->
       10      23.9166      23.9166
    O-O      86321.1      86321.1

   Temperature = 1500 K

   P(atm)       W1->P1         W1->
       10      29058.7      29059.4
    O-O   3.0753e+09   3.0753e+09

   Temperature = 2000 K

   P(atm)       W1->P1         W1->
       10       722012       722226
    O-O  7.61642e+11  7.61642e+11

   Temperature = 2500 K

   P(atm)       W1->P1         W1->
       10  4.00604e+06  4.00764e+06
    O-O  2.40534e+13  2.40534e+13

   Temperature = 3000 K

   P(atm)       W1->P1         W1->
       10  1.14003e+07  1.14077e+07
    O-O  2.63443e+14  2.63443e+14

   Temperature = 3500 K

   P(atm)       W1->P1         W1->
       10   2.3369e+07  2.34016e+07
    O-O  1.55191e+15  1.55191e+15

   Temperature = 4000 K

   P(atm)       W1->P1         W1->
       10          ***          ***
    O-O  6.15025e+15  6.15025e+15

   Temperature = 4500 K

   P(atm)       W1->P1         W1->
       10          ***          ***
    O-O  1.86079e+16  1.86079e+16

   Temperature = 5000 K

   P(atm)       W1->P1         W1->
       10          ***          ***
    O-O  4.64281e+16  4.64281e+16

   Temperature = 1000 K

   P(atm)       P1->W1         P1->
       10   1.2755e-26   1.2755e-26
    O-O   4.6249e-23   4.6249e-23

   Temperature = 1500 K

   P(atm)       P1->W1         P1->
       10  8.23002e-24  8.23002e-24
    O-O   8.7383e-19   8.7383e-19

   Temperature = 2000 K

   P(atm)       P1->W1         P1->
       10  1.30753e-22  1.30755e-22
    O-O  1.38851e-16  1.38851e-16

   Temperature = 2500 K

   P(atm)       P1->W1         P1->
       10  5.07894e-22  5.07911e-22
    O-O  3.11568e-15  3.11568e-15

   Temperature = 3000 K

   P(atm)       P1->W1         P1->
       10   1.0509e-21  1.05094e-21
    O-O  2.58418e-14  2.58418e-14

   Temperature = 3500 K

   P(atm)       P1->W1         P1->
       10  1.58241e-21  1.58226e-21
    O-O  1.20424e-13  1.20424e-13

   Temperature = 4000 K

   P(atm)       P1->W1         P1->
       10          ***  1.50048e-28
    O-O  3.89712e-13  3.89712e-13

   Temperature = 4500 K

   P(atm)       P1->W1         P1->
       10          *** -3.75339e-28
    O-O   9.8639e-13   9.8639e-13

   Temperature = 5000 K

   P(atm)       P1->W1         P1->
       10          ***  2.81778e-28
    O-O  2.09839e-12  2.09839e-12

______________________________________________________________________________________

Temperature-Species Rate Tables:

   Pressure = 10 atm

   T(K)       W1->P1         W1->      Capture
   1000      23.9166      23.9166      86321.1
   1500      29058.7      29059.4   3.0753e+09
   2000       722012       722226  7.61642e+11
   2500  4.00604e+06  4.00764e+06  2.40534e+13
   3000  1.14003e+07  1.14077e+07  2.63443e+14
   3500   2.3369e+07  2.34016e+07  1.55191e+15
   4000          ***          ***  6.15025e+15
   4500          ***          ***  1.86079e+16
   5000          ***          ***  4.64281e+16

   Pressure = 10 atm

   T(K)       P1->W1         P1->      Capture
   1000   1.2755e-26   1.2755e-26   4.6249e-23
   1500  8.23002e-24  8.23002e-24   8.7383e-19
   2000  1.30753e-22  1.30755e-22  1.38851e-16
   2500  5.07894e-22  5.07911e-22  3.11568e-15
   3000   1.0509e-21  1.05094e-21  2.58418e-14
   3500  1.58241e-21  1.58226e-21  1.20424e-13
   4000          ***  1.50048e-28  3.89712e-13
   4500          *** -3.75339e-28   9.8639e-13
   5000          ***  2.81778e-28  2.09839e-12

______________________________________________________________________________________

Temperature-Pressure Rate Tables:

W1->P1

P\T             1000         1500         2000         2500         3000         3500         4000         4500         5000
10           23.9166      29058.7       722012  4.00604e+06  1.14003e+07   2.3369e+07          ***          ***          ***
O-O          86321.1   3.0753e+09  7.61642e+11  2.40534e+13  2.63443e+14  1.55191e+15  6.15025e+15  1.86079e+16  4.64281e+16

P1->W1

P\T             1000         1500         2000         2500         3000         3500         4000         4500         5000
10        1.2755e-26  8.23002e-24  1.30753e-22  5.07894e-22   1.0509e-21  1.58241e-21          ***          ***          ***
O-O       4.6249e-23   8.7383e-19  1.38851e-16  3.11568e-15  2.58418e-14  1.20424e-13  3.89712e-13   9.8639e-13  2.09839e-12

W1-> 

P\T             1000         1500         2000         2500         3000         3500         4000         4500         5000
10           23.9166      29059.4       722226  4.00764e+06  1.14077e+07  2.34016e+07          ***          ***          ***
O-O          86321.1   3.0753e+09  7.61642e+11  2.40534e+13  2.63443e+14  1.55191e+15  6.15025e+15  1.86079e+16  4.64281e+16

P1-> 

P\T             1000         1500         2000         2500         3000         3500         4000         4500         5000
10        1.2755e-26  8.23002e-24  1.30755e-22  5.07911e-22  1.05094e-21  1.58226e-21  1.50048e-28 -3.75339e-28  2.81778e-28
O-O       4.6249e-23   8.7383e-19  1.38851e-16  3.11568e-15  2.58418e-14  1.20424e-13  3.89712e-13   9.8639e-13  2.09839e-12

