Model::init:  starts
   Model::ExponentialKernel::ExponentialKernel:  ... done
   Model::LennardJonesCollision::LennardJonesCollision:  ... done
   BIMOLECULAR: P1
   Model::Bimolecular::Bimolecular:  starts
      Model::RRHO::RRHO:  starts
         Model::new_core:  starts
            Model::RigidRotor::RigidRotor:  starts
               molecular geometry will be used to estimate rotational constants
               rotational configuration: linear
               rotational constant[1/cm]:        0.428329
            Model::RigidRotor::RigidRotor:  done, cpu time[sec] = 0.020224, elapsed time[sec] = 0
         Model::new_core:  done, cpu time[sec] = 0.031624, elapsed time[sec] = 0
         ground state energy, kcal/mol:   0
      Model::RRHO::RRHO:  done, cpu time[sec] = 0.052193, elapsed time[sec] = 0
      Model::AtomicFragment::AtomicFragment:  ... done
   Model::Bimolecular::Bimolecular:  done, cpu time[sec] = 0.084696, elapsed time[sec] = 0
   WELL: W1
   Model::RRHO::RRHO:  starts
      Model::new_core:  starts
         Model::RigidRotor::RigidRotor:  starts
            molecular geometry will be used to estimate rotational constants
            rotational configuration: linear
            rotational constant[1/cm]:        0.416998
         Model::RigidRotor::RigidRotor:  done, cpu time[sec] = 0.008467, elapsed time[sec] = 0
      Model::new_core:  done, cpu time[sec] = 0.018496, elapsed time[sec] = 0
      ground state energy, kcal/mol:   0
      interpolating states number/density starts
         core state contribution ... done, cpu time[sec] = 0.324105, elapsed time[sec] = 0
         vibrational modes contribution ... done, cpu time[sec] = 0.04423, elapsed time[sec] = 0
         effective power exponent at 399.998 kcal/mol = 3.93022
      interpolating states number/density done, cpu time[sec] = 3.82224, elapsed time[sec] = 0
   Model::RRHO::RRHO:  done, cpu time[sec] = 3.86466, elapsed time[sec] = 0
   BARRIER: B1
   Model::RRHO::RRHO:  starts
      Model::new_core:  starts
         Model::RigidRotor::RigidRotor:  starts
            molecular geometry will be used to estimate rotational constants
            rotational configuration: nonlinear
            rotational constants[1/cm]:         1.50008       0.157353       0.142414
         Model::RigidRotor::RigidRotor:  done, cpu time[sec] = 0.011036, elapsed time[sec] = 0
      Model::new_core:  done, cpu time[sec] = 0.017255, elapsed time[sec] = 0
      Model::EckartTunnel::EckartTunnel:  ... done
      ground state energy, kcal/mol:   56.3
      interpolating states number/density starts
         core state contribution ... done, cpu time[sec] = 0.337653, elapsed time[sec] = 0
         electronic states contribution ... done, cpu time[sec] = 0.01083, elapsed time[sec] = 0
         vibrational modes contribution ... done, cpu time[sec] = 0.048395, elapsed time[sec] = 0
         tunneling contribution ... done, cpu time[sec] = 14.3521, elapsed time[sec] = 4
         effective power exponent at 400.998 kcal/mol = 7.55364
      interpolating states number/density done, cpu time[sec] = 14.8881, elapsed time[sec] = 4
   Model::RRHO::RRHO:  done, cpu time[sec] = 14.9204, elapsed time[sec] = 4
   checking input ... done
   setting connectivity ... done
   checking connectivity ... done
   setting dissociation limit ... done
   setting maximum barrier height ... done
   partition functions (relative to the ground level, units - 1/cm3):
     T\Q           W1          N2O        O(3P)           B1
     100  4.57307e+27   4.4521e+27  6.42969e+25 4.74965e+112
     200  2.66025e+28   2.5899e+28  2.09423e+26  4.70451e+54
     300  8.05011e+28  7.83546e+28  4.21285e+26  8.37995e+38
     400  1.90135e+29  1.84928e+29  6.86981e+26  2.44014e+34
     500  3.91612e+29  3.80428e+29  9.98161e+26   5.8849e+33
     600  7.36756e+29  7.14634e+29  1.34922e+27  7.43909e+33
     700  1.29757e+30  1.25652e+30  1.73614e+27  1.25701e+34
     800  2.17146e+30  2.09915e+30  2.15588e+27  2.26038e+34
     900  3.48717e+30  3.36531e+30  2.60606e+27  4.06971e+34
    1000  5.41147e+30  5.21382e+30  3.08473e+27  7.19078e+34
    1100   8.1567e+30  7.84654e+30  3.59029e+27  1.23866e+35
    1200   1.1989e+31  1.15162e+31  4.12137e+27  2.07706e+35
    1300  1.72376e+31  1.65351e+31  4.67679e+27   3.3926e+35
    1400  2.43047e+31  2.32843e+31  5.25552e+27  5.40537e+35
    1500  3.36766e+31  3.22243e+31  5.85664e+27  8.41537e+35
    1600  4.59355e+31  4.39058e+31  6.47936e+27  1.28244e+36
    1700  6.17724e+31   5.8982e+31  7.12294e+27  1.91623e+36
    1800  8.20009e+31  7.82214e+31  7.78673e+27  2.81176e+36
    1900  1.07572e+32  1.02522e+32  8.47012e+27  4.05743e+36
    2000   1.3959e+32  1.32926e+32  9.17256e+27  5.76536e+36
   partition functions (relative to 0 kcal/mol, units - 1/cm3):
     T\Q           W1           B1
     100  4.57307e+27  4.31328e-11
     200  2.66025e+28  1.41771e-07
     300  8.05011e+28   0.00811504
     400  1.90135e+29      4235.96
     500  3.91612e+29     1.45e+09
     600  7.36756e+29  2.31497e+13
     700  1.29757e+30  3.32607e+16
     800  2.17146e+30  9.41779e+18
     900  3.48717e+30  8.67454e+20
    1000  5.41147e+30  3.56936e+22
    1100   8.1567e+30  8.07844e+23
    1200   1.1989e+31  1.15867e+25
    1300  1.72376e+31  1.16352e+26
    1400  2.43047e+31  8.79268e+26
    1500  3.36766e+31  5.27573e+27
    1600  4.59355e+31  2.61771e+28
    1700  6.17724e+31  1.10839e+29
    1800  8.20009e+31  4.10507e+29
    1900  1.07572e+32  1.35633e+30
    2000   1.3959e+32  4.06195e+30
   tunneling partition function correction factors & high pressure effective energy shifts (D), kcal/mol:
     T\B           B1            D
     100  4.50566e+82     -37.8197
     200  3.76521e+23      -21.575
     300  1.19406e+07     -9.71466
     400      87.8954     -3.55799
     500      6.68248     -1.88732
     600      3.10988     -1.35278
     700      2.17274     -1.07943
     800      1.76883    -0.906663
     900      1.55117    -0.785157
    1000      1.41802    -0.694054
    1100      1.32962    -0.622755
    1200      1.26747    -0.565205
    1300      1.22187     -0.51765
    1400       1.1873    -0.477619
    1500      1.16039    -0.443414
    1600        1.139     -0.41382
    1700      1.12169    -0.387945
    1800      1.10747    -0.365116
    1900      1.09563    -0.344817
    2000      1.08566    -0.326642
Model::init:  done, cpu time[sec] = 18.9575, elapsed time[sec] = 4
rate calculation starts
   MasterEquation::set:  starts
      Temperature      = 1000 K
      Energy reference = 40543 1/cm
      Energy step      = 348 1/cm
      setting wells, barriers, and bimolecular starts
         W1 Well: average energy = 5.5 kcal/mol
         W1 Well: density of states done, elapsed time[sec] = 3.2e-05
         W1 Well: collisional kernel bandwidth = 11
         W1 Well: collisional energy transfer kernel done, elapsed time[sec] = 0.000168
         W1 Well: relaxation modes basis done, elapsed time[sec] = 0.000109
         W1 Well: kernel in relaxation modes basis done, elapsed time[sec] = 0.000153
         W1 Well: relaxation eigenvalues done, elapsed time[sec] = 0.003444
         W1 Well: minimal relaxation eigenvalue = 0.0142453
         W1 Well: maximal relaxation eigenvalue = 0.53004
         W1 Well:       grid size = 80
         W1 Well:      real depth = 0 1/cm
         W1 Well: effective depth = 12703 1/cm
         B1 Barrier:        grid size = 118
         B1 Barrier:      real height = -349 1/cm
         B1 Barrier: effective height = -521 1/cm
      setting wells, barriers, and bimolecular done, cpu time[sec] = 0.005478, elapsed time[sec] = 0
      B1 barrier top is lower than the bottom of the well it connects => truncating
      MasterEquation::Barrier::truncate: grid size = 80
      MasterEquation::Barrier::truncate: real weight = 2.78388e+20
      MasterEquation::Barrier::truncate: effective weight = 4.40827e+17
      Bound Species (D1/D2 - density of states at dissociation energy (DE)/reference energy):
       Name  Depth     DE      *D1      *D2
              1/cm   1/cm       cm       cm
         W1  12704  12704 2.73e+03 1.65e+05
      Well-to-Bimolecular Barriers (N - number of states at the reference energy):
       Name Height       *N
              1/cm         
         B1  12704 9.14e+12
      Effective equilibrium constants(bimolecular units - cm^3):
        Q/Q        W1        P1
         W1         1  2.11e-30
         P1  4.73e+29         1
      Real equilibrium constants(bimolecular units - cm^3):
        Q/Q        W1        P1
         W1         1  5.36e-28
         P1  1.87e+27         1
   MasterEquation::set:  done, cpu time[sec] = 0.005633, elapsed time[sec] = 0
   MasterEquation::direct_diagonalization_method:  starts
      Pressure = 10 atm	 Temperature = 1000 K
            Well    Collision, 1/sec
              W1         2.41308e+10
      global relaxation matrix dimension = 80
      setting global matrices ... done, cpu time[sec] = 0.000791, elapsed time[sec] = 0
      diagonalizing global relaxation matrix ... done, cpu time[sec] = 0.00729, elapsed time[sec] = 0
      microscopic rate coefficients (at reference energy) over collision frequency:
             W1->P1
        6.88491e+07
      eigenvector populations normalized:
          L        *R        *P        W1
          0   0.00453   0.00461         1
      *R - eigenvalue over the relaxation limit
      *P - eigenvector projection squared on the relaxation subspace (= 1 -F_ne)
      eigenvector projections:
          L        *Q        *P        W1
          0  0.000158   0.00461     0.998
         *Z       ---       ---  1.63e+13
      *Q - eigenvalue over the collision frequency in first well
      *P - eigenvector projection squared on the relaxation subspace (= 1 - F_ne)
      *Z - well partition function square root
      prompt isomerization/dissociation:
          W\W           W1 Dissociation
           W1            1  2.88195e-08

      isomers-to-bimolecular equilibrium coefficients (kappa matrix):
        W\P       P1
         W1        0
      projection error = 0.0046072
      Wa->Wb/Wb->Wa rate constants ratios:
      Wb\Wa        W1
         W1         1
      W->P/P->W rate constants ratios:
        P\W        W1
         P1         1
   MasterEquation::direct_diagonalization_method:  done, cpu time[sec] = 0.010163, elapsed time[sec] = 0
   MasterEquation::set:  starts
      Temperature      = 1500 K
      Energy reference = 50968 1/cm
      Energy step      = 521 1/cm
      setting wells, barriers, and bimolecular starts
         W1 Well: average energy = 9.8 kcal/mol
         W1 Well: density of states done, elapsed time[sec] = 0.000125
         W1 Well: collisional kernel bandwidth = 10
         W1 Well: collisional energy transfer kernel done, elapsed time[sec] = 0.000762
         W1 Well: relaxation modes basis done, elapsed time[sec] = 0.000549
         W1 Well: kernel in relaxation modes basis done, elapsed time[sec] = 0.000556
         W1 Well: relaxation eigenvalues done, elapsed time[sec] = 0.003349
         W1 Well: minimal relaxation eigenvalue = 0.0124224
         W1 Well: maximal relaxation eigenvalue = 0.528278
         W1 Well:       grid size = 81
         W1 Well:      real depth = 0 1/cm
         W1 Well: effective depth = 8766 1/cm
         B1 Barrier:        grid size = 99
         B1 Barrier:      real height = -349 1/cm
         B1 Barrier: effective height = -611 1/cm
      setting wells, barriers, and bimolecular done, cpu time[sec] = 0.006559, elapsed time[sec] = 0
      B1 barrier top is lower than the bottom of the well it connects => truncating
      MasterEquation::Barrier::truncate: grid size = 81
      MasterEquation::Barrier::truncate: real weight = 1.77211e+21
      MasterEquation::Barrier::truncate: effective weight = 4.20074e+18
      Bound Species (D1/D2 - density of states at dissociation energy (DE)/reference energy):
       Name  Depth     DE      *D1      *D2
              1/cm   1/cm       cm       cm
         W1   8767   8767      871 3.94e+05
      Well-to-Bimolecular Barriers (N - number of states at the reference energy):
       Name Height       *N
              1/cm         
         B1   8767  1.1e+14
      Effective equilibrium constants(bimolecular units - cm^3):
        Q/Q        W1        P1
         W1         1  2.44e-27
         P1  4.11e+26         1
      Real equilibrium constants(bimolecular units - cm^3):
        Q/Q        W1        P1
         W1         1  2.84e-28
         P1  3.52e+27         1
   MasterEquation::set:  done, cpu time[sec] = 0.006723, elapsed time[sec] = 0
   MasterEquation::direct_diagonalization_method:  starts
      Pressure = 10 atm	 Temperature = 1500 K
            Well    Collision, 1/sec
              W1         1.84184e+10
      global relaxation matrix dimension = 81
      setting global matrices ... done, cpu time[sec] = 0.000823, elapsed time[sec] = 0
      diagonalizing global relaxation matrix ... done, cpu time[sec] = 0.007119, elapsed time[sec] = 0
      microscopic rate coefficients (at reference energy) over collision frequency:
             W1->P1
        4.54869e+08
      eigenvector populations normalized:
          L        *R        *P        W1
          0   0.00313   0.00325         1
      *R - eigenvalue over the relaxation limit
      *P - eigenvector projection squared on the relaxation subspace (= 1 -F_ne)
      eigenvector projections:
          L        *Q        *P        W1
          0  7.75e-05   0.00325     0.998
         *Z       ---       ---  1.24e+13
      *Q - eigenvalue over the collision frequency in first well
      *P - eigenvector projection squared on the relaxation subspace (= 1 - F_ne)
      *Z - well partition function square root
      prompt isomerization/dissociation:
          W\W           W1 Dissociation
           W1     0.999934  6.61907e-05

      isomers-to-bimolecular equilibrium coefficients (kappa matrix):
        W\P       P1
         W1        0
      projection error = 0.00325273
      Wa->Wb/Wb->Wa rate constants ratios:
      Wb\Wa        W1
         W1         1
      W->P/P->W rate constants ratios:
        P\W        W1
         P1         1
   MasterEquation::direct_diagonalization_method:  done, cpu time[sec] = 0.010027, elapsed time[sec] = 0
   MasterEquation::set:  starts
      Temperature      = 2000 K
      Energy reference = 61394 1/cm
      Energy step      = 695 1/cm
      setting wells, barriers, and bimolecular starts
         W1 Well: average energy = 14.4 kcal/mol
         W1 Well: density of states done, elapsed time[sec] = 0.000116
         W1 Well: collisional kernel bandwidth = 10
         W1 Well: collisional energy transfer kernel done, elapsed time[sec] = 0.00076
         W1 Well: relaxation modes basis done, elapsed time[sec] = 0.000544
         W1 Well: kernel in relaxation modes basis done, elapsed time[sec] = 0.000547
         W1 Well: relaxation eigenvalues done, elapsed time[sec] = 0.003371
         W1 Well: minimal relaxation eigenvalue = 0.0108549
         W1 Well: maximal relaxation eigenvalue = 0.533235
         W1 Well:       grid size = 81
         W1 Well:      real depth = 0 1/cm
         W1 Well: effective depth = 5098 1/cm
         B1 Barrier:        grid size = 89
         B1 Barrier:      real height = -349 1/cm
         B1 Barrier: effective height = -460 1/cm
      setting wells, barriers, and bimolecular done, cpu time[sec] = 0.00632, elapsed time[sec] = 0
      B1 barrier top is lower than the bottom of the well it connects => truncating
      MasterEquation::Barrier::truncate: grid size = 81
      MasterEquation::Barrier::truncate: real weight = 7.88841e+21
      MasterEquation::Barrier::truncate: effective weight = 2.4943e+19
      Bound Species (D1/D2 - density of states at dissociation energy (DE)/reference energy):
       Name  Depth     DE      *D1      *D2
              1/cm   1/cm       cm       cm
         W1   5099   5099      198 8.04e+05
      Well-to-Bimolecular Barriers (N - number of states at the reference energy):
       Name Height       *N
              1/cm         
         B1   5099 6.62e+14
      Effective equilibrium constants(bimolecular units - cm^3):
        Q/Q        W1        P1
         W1         1  2.17e-26
         P1  4.62e+25         1
      Real equilibrium constants(bimolecular units - cm^3):
        Q/Q        W1        P1
         W1         1  1.82e-28
         P1  5.49e+27         1
   MasterEquation::set:  done, cpu time[sec] = 0.006478, elapsed time[sec] = 0
   MasterEquation::direct_diagonalization_method:  starts
      Pressure = 10 atm	 Temperature = 2000 K
            Well    Collision, 1/sec
              W1          1.5269e+10
      global relaxation matrix dimension = 81
      setting global matrices ... done, cpu time[sec] = 0.000817, elapsed time[sec] = 0
      diagonalizing global relaxation matrix ... done, cpu time[sec] = 0.007173, elapsed time[sec] = 0
      microscopic rate coefficients (at reference energy) over collision frequency:
             W1->P1
        1.61608e+09
      eigenvector populations normalized:
          L        *R        *P        W1
          0   0.00594   0.00664         1
      *R - eigenvalue over the relaxation limit
      *P - eigenvector projection squared on the relaxation subspace (= 1 -F_ne)
      eigenvector projections:
          L        *Q        *P        W1
          0  0.000126   0.00664     0.997
         *Z       ---       ---  7.16e+12
      *Q - eigenvalue over the collision frequency in first well
      *P - eigenvector projection squared on the relaxation subspace (= 1 - F_ne)
      *Z - well partition function square root
      prompt isomerization/dissociation:
          W\W           W1 Dissociation
           W1     0.997503     0.002497

      isomers-to-bimolecular equilibrium coefficients (kappa matrix):
        W\P       P1
         W1        0
      projection error = 0.00663684
      Wa->Wb/Wb->Wa rate constants ratios:
      Wb\Wa        W1
         W1         1
      W->P/P->W rate constants ratios:
        P\W        W1
         P1         1
   MasterEquation::direct_diagonalization_method:  done, cpu time[sec] = 0.009836, elapsed time[sec] = 0
   MasterEquation::set:  starts
      Temperature      = 2500 K
      Energy reference = 71819 1/cm
      Energy step      = 869 1/cm
      setting wells, barriers, and bimolecular starts
         W1 Well: average energy = 19.1 kcal/mol
         W1 Well: density of states done, elapsed time[sec] = 0.000128
         W1 Well: collisional kernel bandwidth = 10
         W1 Well: collisional energy transfer kernel done, elapsed time[sec] = 0.000744
         W1 Well: relaxation modes basis done, elapsed time[sec] = 0.000532
         W1 Well: kernel in relaxation modes basis done, elapsed time[sec] = 0.000608
         W1 Well: relaxation eigenvalues done, elapsed time[sec] = 0.003275
         W1 Well: minimal relaxation eigenvalue = 0.00985016
         W1 Well: maximal relaxation eigenvalue = 0.550088
         W1 Well:       grid size = 80
         W1 Well:      real depth = 0 1/cm
         W1 Well: effective depth = 2299 1/cm
         B1 Barrier:        grid size = 84
         B1 Barrier:      real height = -349 1/cm
         B1 Barrier: effective height = -1176 1/cm
      setting wells, barriers, and bimolecular done, cpu time[sec] = 0.006163, elapsed time[sec] = 0
      B1 barrier top is lower than the bottom of the well it connects => truncating
      MasterEquation::Barrier::truncate: grid size = 80
      MasterEquation::Barrier::truncate: real weight = 2.6915e+22
      MasterEquation::Barrier::truncate: effective weight = 1.06408e+20
      Bound Species (D1/D2 - density of states at dissociation energy (DE)/reference energy):
       Name  Depth     DE      *D1      *D2
              1/cm   1/cm       cm       cm
         W1   2300   2300     44.4 1.47e+06
      Well-to-Bimolecular Barriers (N - number of states at the reference energy):
       Name Height       *N
              1/cm         
         B1   2300  2.7e+15
      Effective equilibrium constants(bimolecular units - cm^3):
        Q/Q        W1        P1
         W1         1  2.84e-26
         P1  3.52e+25         1
      Real equilibrium constants(bimolecular units - cm^3):
        Q/Q        W1        P1
         W1         1   1.3e-28
         P1  7.72e+27         1
   MasterEquation::set:  done, cpu time[sec] = 0.006331, elapsed time[sec] = 0
   MasterEquation::direct_diagonalization_method:  starts
      Pressure = 10 atm	 Temperature = 2500 K
            Well    Collision, 1/sec
              W1         1.32097e+10
      global relaxation matrix dimension = 80
      setting global matrices ... done, cpu time[sec] = 0.000849, elapsed time[sec] = 0
      diagonalizing global relaxation matrix ... done, cpu time[sec] = 0.006852, elapsed time[sec] = 0
      microscopic rate coefficients (at reference energy) over collision frequency:
             W1->P1
        4.15439e+09
      eigenvector populations normalized:
          L        *R        *P        W1
          0    0.0157    0.0212         1
      *R - eigenvalue over the relaxation limit
      *P - eigenvector projection squared on the relaxation subspace (= 1 -F_ne)
      eigenvector projections:
          L        *Q        *P        W1
          0  0.000349    0.0212     0.989
         *Z       ---       ---  3.58e+12
      *Q - eigenvalue over the collision frequency in first well
      *P - eigenvector projection squared on the relaxation subspace (= 1 - F_ne)
      *Z - well partition function square root
      prompt isomerization/dissociation:
          W\W           W1 Dissociation
           W1     0.981542     0.018458

      isomers-to-bimolecular equilibrium coefficients (kappa matrix):
        W\P       P1
         W1        0
      projection error = 0.0212301
      Wa->Wb/Wb->Wa rate constants ratios:
      Wb\Wa        W1
         W1         1
      W->P/P->W rate constants ratios:
        P\W        W1
         P1         1
   MasterEquation::direct_diagonalization_method:  done, cpu time[sec] = 0.009572, elapsed time[sec] = 0
   MasterEquation::set:  starts
      Temperature      = 3000 K
      Energy reference = 82245 1/cm
      Energy step      = 1043 1/cm
      setting wells, barriers, and bimolecular starts
         W1 Well: average energy = 23.9 kcal/mol
         W1 Well: density of states done, elapsed time[sec] = 0.000114
         W1 Well: collisional kernel bandwidth = 10
         W1 Well: collisional energy transfer kernel done, elapsed time[sec] = 0.000731
         W1 Well: relaxation modes basis done, elapsed time[sec] = 0.000521
         W1 Well: kernel in relaxation modes basis done, elapsed time[sec] = 0.000534
         W1 Well: relaxation eigenvalues done, elapsed time[sec] = 0.003142
         W1 Well: minimal relaxation eigenvalue = 0.00942114
         W1 Well: maximal relaxation eigenvalue = 0.611889
         W1 Well:       grid size = 79
         W1 Well:      real depth = 0 1/cm
         W1 Well: effective depth = -152 1/cm
         B1 Barrier:        grid size = 80
         B1 Barrier:      real height = -349 1/cm
         B1 Barrier: effective height = -1194 1/cm
      setting wells, barriers, and bimolecular done, cpu time[sec] = 0.005773, elapsed time[sec] = 0
      B1 barrier top is lower than the bottom of the well it connects => truncating
      MasterEquation::Barrier::truncate: grid size = 79
      MasterEquation::Barrier::truncate: real weight = 7.59994e+22
      MasterEquation::Barrier::truncate: effective weight = 3.60616e+20
      Bound Species (D1/D2 - density of states at dissociation energy (DE)/reference energy):
       Name  Depth     DE      *D1      *D2
              1/cm   1/cm       cm       cm
         W1   -152   -152      3.6 2.49e+06
      Well-to-Bimolecular Barriers (N - number of states at the reference energy):
       Name Height       *N
              1/cm         
         B1   -152 8.56e+15
      Effective equilibrium constants(bimolecular units - cm^3):
        Q/Q        W1        P1
         W1         1  2.07e-26
         P1  4.82e+25         1
      Real equilibrium constants(bimolecular units - cm^3):
        Q/Q        W1        P1
         W1         1  9.81e-29
         P1  1.02e+28         1
   MasterEquation::set:  done, cpu time[sec] = 0.005927, elapsed time[sec] = 0
   MasterEquation::direct_diagonalization_method:  starts
      Pressure = 10 atm	 Temperature = 3000 K
            Well    Collision, 1/sec
              W1          1.1736e+10
      global relaxation matrix dimension = 79
      setting global matrices ... done, cpu time[sec] = 0.000792, elapsed time[sec] = 0
      diagonalizing global relaxation matrix ... done, cpu time[sec] = 0.006855, elapsed time[sec] = 0
      microscopic rate coefficients (at reference energy) over collision frequency:
             W1->P1
        8.76802e+09
      eigenvector populations normalized:
          L        *R        *P        W1
          0    0.0352    0.0603         1
      *R - eigenvalue over the relaxation limit
      *P - eigenvector projection squared on the relaxation subspace (= 1 -F_ne)
      eigenvector projections:
          L        *Q        *P        W1
          0  0.000968    0.0603     0.969
         *Z       ---       ---  1.95e+12
      *Q - eigenvalue over the collision frequency in first well
      *P - eigenvector projection squared on the relaxation subspace (= 1 - F_ne)
      *Z - well partition function square root
      prompt isomerization/dissociation:
          W\W           W1 Dissociation
           W1      0.93949    0.0605098

      isomers-to-bimolecular equilibrium coefficients (kappa matrix):
        W\P       P1
         W1     0.06
      projection error = 0.0602599
      Wa->Wb/Wb->Wa rate constants ratios:
      Wb\Wa        W1
         W1         1
      W->P/P->W rate constants ratios:
        P\W        W1
         P1       1.1
   MasterEquation::direct_diagonalization_method:  done, cpu time[sec] = 0.009493, elapsed time[sec] = 0
   MasterEquation::set:  starts
      Temperature      = 3500 K
      Energy reference = 92671 1/cm
      Energy step      = 1216 1/cm
      setting wells, barriers, and bimolecular starts
         W1 Well: average energy = 28.7 kcal/mol
         W1 Well: density of states done, elapsed time[sec] = 0.00013
         W1 Well: collisional kernel bandwidth = 10
         W1 Well: collisional energy transfer kernel done, elapsed time[sec] = 0.000744
         W1 Well: relaxation modes basis done, elapsed time[sec] = 0.000507
         W1 Well: kernel in relaxation modes basis done, elapsed time[sec] = 0.000489
         W1 Well: relaxation eigenvalues done, elapsed time[sec] = 0.002972
         W1 Well: minimal relaxation eigenvalue = 0.00925795
         W1 Well: maximal relaxation eigenvalue = 0.795186
         W1 Well:       grid size = 77
         W1 Well:      real depth = 0 1/cm
         W1 Well: effective depth = -961 1/cm
         B1 Barrier:        grid size = 77
         B1 Barrier:      real height = -349 1/cm
         B1 Barrier: effective height = -961 1/cm
      setting wells, barriers, and bimolecular done, cpu time[sec] = 0.005513, elapsed time[sec] = 0
      Bound Species (D1/D2 - density of states at dissociation energy (DE)/reference energy):
       Name  Depth     DE      *D1      *D2
              1/cm   1/cm       cm       cm
         W1   -961   -961      1.2 3.97e+06
      Well-to-Bimolecular Barriers (N - number of states at the reference energy):
       Name Height       *N
              1/cm         
         B1   -961 2.28e+16
      Effective equilibrium constants(bimolecular units - cm^3):
        Q/Q        W1        P1
         W1         1   1.4e-26
         P1  7.16e+25         1
      Real equilibrium constants(bimolecular units - cm^3):
        Q/Q        W1        P1
         W1         1  7.76e-29
         P1  1.29e+28         1
   MasterEquation::set:  done, cpu time[sec] = 0.005658, elapsed time[sec] = 0
   MasterEquation::direct_diagonalization_method:  starts
      Pressure = 10 atm	 Temperature = 3500 K
            Well    Collision, 1/sec
              W1         1.06191e+10
      global relaxation matrix dimension = 77
      setting global matrices ... done, cpu time[sec] = 0.000886, elapsed time[sec] = 0
      diagonalizing global relaxation matrix ... done, cpu time[sec] = 0.006335, elapsed time[sec] = 0
      microscopic rate coefficients (at reference energy) over collision frequency:
             W1->P1
        1.62259e+10
      eigenvector populations normalized:
          L        *R        *P        W1
          0    0.0583     0.127         1
      *R - eigenvalue over the relaxation limit
      *P - eigenvector projection squared on the relaxation subspace (= 1 -F_ne)
      eigenvector projections:
          L        *Q        *P        W1
          0   0.00221     0.127    -0.934
         *Z       ---       ---  1.26e+12
      *Q - eigenvalue over the collision frequency in first well
      *P - eigenvector projection squared on the relaxation subspace (= 1 - F_ne)
      *Z - well partition function square root
      prompt isomerization/dissociation:
          W\W           W1 Dissociation
           W1     0.872959     0.127041

      isomers-to-bimolecular equilibrium coefficients (kappa matrix):
        W\P       P1
         W1     0.13
      projection error = 0.12736
      Wa->Wb/Wb->Wa rate constants ratios:
      Wb\Wa        W1
         W1         1
      W->P/P->W rate constants ratios:
        P\W        W1
         P1       1.1
   MasterEquation::direct_diagonalization_method:  done, cpu time[sec] = 0.009073, elapsed time[sec] = 0
   MasterEquation::set:  starts
      Temperature      = 4000 K
      Energy reference = 103096 1/cm
      Energy step      = 1390 1/cm
      setting wells, barriers, and bimolecular starts
         W1 Well: average energy = 33.6 kcal/mol
         W1 Well: density of states done, elapsed time[sec] = 0.000117
         W1 Well: collisional kernel bandwidth = 10
         W1 Well: collisional energy transfer kernel done, elapsed time[sec] = 0.000767
         W1 Well: relaxation modes basis done, elapsed time[sec] = 0.00052
         W1 Well: kernel in relaxation modes basis done, elapsed time[sec] = 0.000467
         W1 Well: relaxation eigenvalues done, elapsed time[sec] = 0.002806
         W1 Well: minimal relaxation eigenvalue = 0.00911642
         W1 Well: maximal relaxation eigenvalue = 0.853394
         W1 Well:       grid size = 75
         W1 Well:      real depth = 0 1/cm
         W1 Well: effective depth = -1153 1/cm
         B1 Barrier:        grid size = 75
         B1 Barrier:      real height = -349 1/cm
         B1 Barrier: effective height = -1153 1/cm
      setting wells, barriers, and bimolecular done, cpu time[sec] = 0.005306, elapsed time[sec] = 0
      Bound Species (D1/D2 - density of states at dissociation energy (DE)/reference energy):
       Name  Depth     DE      *D1      *D2
              1/cm   1/cm       cm       cm
         W1  -1153  -1153      1.2 6.02e+06
      Well-to-Bimolecular Barriers (N - number of states at the reference energy):
       Name Height       *N
              1/cm         
         B1  -1153 5.35e+16
      Effective equilibrium constants(bimolecular units - cm^3):
        Q/Q        W1        P1
         W1         1  9.98e-27
         P1     1e+26         1
      Real equilibrium constants(bimolecular units - cm^3):
        Q/Q        W1        P1
         W1         1  6.34e-29
         P1  1.58e+28         1
   MasterEquation::set:  done, cpu time[sec] = 0.005451, elapsed time[sec] = 0
   MasterEquation::direct_diagonalization_method:  starts
      Pressure = 10 atm	 Temperature = 4000 K
            Well    Collision, 1/sec
              W1          9.7379e+09
      global relaxation matrix dimension = 75
      setting global matrices ... done, cpu time[sec] = 0.000846, elapsed time[sec] = 0
      diagonalizing global relaxation matrix ... done, cpu time[sec] = 0.006196, elapsed time[sec] = 0
      microscopic rate coefficients (at reference energy) over collision frequency:
             W1->P1
        2.73405e+10
      eigenvector populations normalized:
          L        *R        *P        W1
          0    0.0814     0.212         1
      *R - eigenvalue over the relaxation limit
      *P - eigenvector projection squared on the relaxation subspace (= 1 -F_ne)
      eigenvector projections:
          L        *Q        *P        W1
          0   0.00412     0.212    -0.888
         *Z       ---       ---  9.36e+11
      *Q - eigenvalue over the collision frequency in first well
      *P - eigenvector projection squared on the relaxation subspace (= 1 - F_ne)
      *Z - well partition function square root
      dimension of the chemical subspace = 0
      prompt isomerization/dissociation:
          W\W           W1 Dissociation
           W1     0.788925     0.211075

      isomers-to-bimolecular equilibrium coefficients (kappa matrix):
        W\P       P1
         W1        1
   MasterEquation::direct_diagonalization_method:  done, cpu time[sec] = 0.008185, elapsed time[sec] = 0
   MasterEquation::set:  starts
      Temperature      = 4500 K
      Energy reference = 113522 1/cm
      Energy step      = 1564 1/cm
      setting wells, barriers, and bimolecular starts
         W1 Well: average energy = 38.5 kcal/mol
         W1 Well: density of states done, elapsed time[sec] = 0.000113
         W1 Well: collisional kernel bandwidth = 10
         W1 Well: collisional energy transfer kernel done, elapsed time[sec] = 0.000679
         W1 Well: relaxation modes basis done, elapsed time[sec] = 0.000458
         W1 Well: kernel in relaxation modes basis done, elapsed time[sec] = 0.00042
         W1 Well: relaxation eigenvalues done, elapsed time[sec] = 0.002676
         W1 Well: minimal relaxation eigenvalue = 0.00898439
         W1 Well: maximal relaxation eigenvalue = 0.761078
         W1 Well:       grid size = 73
         W1 Well:      real depth = 0 1/cm
         W1 Well: effective depth = -649 1/cm
         B1 Barrier:        grid size = 73
         B1 Barrier:      real height = -349 1/cm
         B1 Barrier: effective height = -649 1/cm
      setting wells, barriers, and bimolecular done, cpu time[sec] = 0.004921, elapsed time[sec] = 0
      Bound Species (D1/D2 - density of states at dissociation energy (DE)/reference energy):
       Name  Depth     DE      *D1      *D2
              1/cm   1/cm       cm       cm
         W1   -649   -649      3.6 8.78e+06
      Well-to-Bimolecular Barriers (N - number of states at the reference energy):
       Name Height       *N
              1/cm         
         B1   -649 1.14e+17
      Effective equilibrium constants(bimolecular units - cm^3):
        Q/Q        W1        P1
         W1         1  7.46e-27
         P1  1.34e+26         1
      Real equilibrium constants(bimolecular units - cm^3):
        Q/Q        W1        P1
         W1         1   5.3e-29
         P1  1.89e+28         1
   MasterEquation::set:  done, cpu time[sec] = 0.005061, elapsed time[sec] = 0
   MasterEquation::direct_diagonalization_method:  starts
      Pressure = 10 atm	 Temperature = 4500 K
            Well    Collision, 1/sec
              W1         9.02154e+09
      global relaxation matrix dimension = 73
      setting global matrices ... done, cpu time[sec] = 0.000757, elapsed time[sec] = 0
      diagonalizing global relaxation matrix ... done, cpu time[sec] = 0.005926, elapsed time[sec] = 0
      microscopic rate coefficients (at reference energy) over collision frequency:
             W1->P1
        4.29732e+10
      eigenvector populations normalized:
          L        *R        *P        W1
          0     0.102     0.301         1
      *R - eigenvalue over the relaxation limit
      *P - eigenvector projection squared on the relaxation subspace (= 1 -F_ne)
      eigenvector projections:
          L        *Q        *P        W1
          0   0.00674     0.301    -0.836
         *Z       ---       ---  7.67e+11
      *Q - eigenvalue over the collision frequency in first well
      *P - eigenvector projection squared on the relaxation subspace (= 1 - F_ne)
      *Z - well partition function square root
      dimension of the chemical subspace = 0
      prompt isomerization/dissociation:
          W\W           W1 Dissociation
           W1     0.697913     0.302087

      isomers-to-bimolecular equilibrium coefficients (kappa matrix):
        W\P       P1
         W1        1
   MasterEquation::direct_diagonalization_method:  done, cpu time[sec] = 0.007826, elapsed time[sec] = 0
   MasterEquation::set:  starts
      Temperature      = 5000 K
      Energy reference = 123948 1/cm
      Energy step      = 1738 1/cm
      setting wells, barriers, and bimolecular starts
         W1 Well: average energy = 43.4 kcal/mol
         W1 Well: density of states done, elapsed time[sec] = 0.000117
         W1 Well: collisional kernel bandwidth = 10
         W1 Well: collisional energy transfer kernel done, elapsed time[sec] = 0.000678
         W1 Well: relaxation modes basis done, elapsed time[sec] = 0.000445
         W1 Well: kernel in relaxation modes basis done, elapsed time[sec] = 0.000438
         W1 Well: relaxation eigenvalues done, elapsed time[sec] = 0.002609
         W1 Well: minimal relaxation eigenvalue = 0.00888635
         W1 Well: maximal relaxation eigenvalue = 1.17806
         W1 Well:       grid size = 72
         W1 Well:      real depth = 0 1/cm
         W1 Well: effective depth = -1188 1/cm
         B1 Barrier:        grid size = 72
         B1 Barrier:      real height = -349 1/cm
         B1 Barrier: effective height = -1188 1/cm
      setting wells, barriers, and bimolecular done, cpu time[sec] = 0.004856, elapsed time[sec] = 0
      Bound Species (D1/D2 - density of states at dissociation energy (DE)/reference energy):
       Name  Depth     DE      *D1      *D2
              1/cm   1/cm       cm       cm
         W1  -1188  -1188      1.2 1.24e+07
      Well-to-Bimolecular Barriers (N - number of states at the reference energy):
       Name Height       *N
              1/cm         
         B1  -1188 2.23e+17
      Effective equilibrium constants(bimolecular units - cm^3):
        Q/Q        W1        P1
         W1         1  5.67e-27
         P1  1.76e+26         1
      Real equilibrium constants(bimolecular units - cm^3):
        Q/Q        W1        P1
         W1         1  4.52e-29
         P1  2.21e+28         1
   MasterEquation::set:  done, cpu time[sec] = 0.004998, elapsed time[sec] = 0
   MasterEquation::direct_diagonalization_method:  starts
      Pressure = 10 atm	 Temperature = 5000 K
            Well    Collision, 1/sec
              W1          8.4255e+09
      global relaxation matrix dimension = 72
      setting global matrices ... done, cpu time[sec] = 0.000648, elapsed time[sec] = 0
      diagonalizing global relaxation matrix ... done, cpu time[sec] = 0.005754, elapsed time[sec] = 0
      microscopic rate coefficients (at reference energy) over collision frequency:
             W1->P1
        6.40025e+10
      eigenvector populations normalized:
          L        *R        *P        W1
          0     0.122     0.393         1
      *R - eigenvalue over the relaxation limit
      *P - eigenvector projection squared on the relaxation subspace (= 1 -F_ne)
      eigenvector projections:
          L        *Q        *P        W1
          0    0.0104     0.393    -0.779
         *Z       ---       ---  6.65e+11
      *Q - eigenvalue over the collision frequency in first well
      *P - eigenvector projection squared on the relaxation subspace (= 1 - F_ne)
      *Z - well partition function square root
      dimension of the chemical subspace = 0
      prompt isomerization/dissociation:
          W\W           W1 Dissociation
           W1     0.609873     0.390127

      isomers-to-bimolecular equilibrium coefficients (kappa matrix):
        W\P       P1
         W1        1
   MasterEquation::direct_diagonalization_method:  done, cpu time[sec] = 0.00748, elapsed time[sec] = 0
rate calculation done, cpu time[sec] = 0.135187, elapsed time[sec] = 0
