Wells (G - ground energy, D - dissociation limit, kcal/mol):
      Name        G        D
        W1    -88.3      0.0

Bimolecular Products (G - ground energy, kcal/mol):
      Name        G
        P1      0.0
        P2     11.2
        P3    -46.9

Well-to-Bimolecular Barriers (H/G - barrier height/well depth, kcal/mol)
      Name        H     Well        G  Product
        B1      0.0       W1    -88.3       P1
        B2     11.2       W1    -88.3       P2
        B3     33.3       W1    -88.3       P3

________________________________________________________________________________________

Unimolecular Rate Units: 1/sec;  Bimolecular Rate Units: cm^3/sec

______________________________________________________________________________________

Species-Species Rate Tables:

Temperature = 298 K

High Pressure Rate Coefficients:

From\To            W1           P1           P2           P3
W1                ***   6.4367e-50  1.72074e-58  1.53748e-62
P1        5.07766e-11          ***          ***          ***
P2        1.88996e-10          ***          ***          ***
P3        2.80427e-56          ***          ***          ***

Temperature = 298 K    Pressure = 1 atm

From\To            W1           P1           P2           P3
W1        6.41054e-50  6.41054e-50  6.78528e-59  1.80878e-65
P1        5.05703e-11  5.05703e-11  8.21598e-20   5.2984e-30
P2        7.45253e-11  1.14392e-10  1.88917e-10  1.90447e-25
P3         3.2991e-59  1.22505e-62  3.16263e-67  3.30032e-59

______________________________________________________________________________________

High Pressure Rate Coefficients (Temperature-Species Rate Tables):

   T(K)       W1->W1       W1->P1       W1->P2       W1->P3
    298          ***   6.4367e-50  1.72074e-58  1.53748e-62

   T(K)       P1->W1       P1->P1       P1->P2       P1->P3
    298  5.07766e-11          ***          ***          ***

   T(K)       P2->W1       P2->P1       P2->P2       P2->P3
    298  1.88996e-10          ***          ***          ***

   T(K)       P3->W1       P3->P1       P3->P2       P3->P3
    298  2.80427e-56          ***          ***          ***

Capture/Escape Rate Coefficients:

   T(K)           W1           P1           P2           P3
    298   6.4367e-50  5.07766e-11  1.88996e-10  2.80427e-56

______________________________________________________________________________________

Pressure-Species Rate Tables:

   Temperature = 298 K

   P(atm)       W1->P1       W1->P2       W1->P3         W1->
        1  6.41054e-50  6.78528e-59  1.80878e-65  6.41054e-50
    O-O   6.4367e-50  1.72074e-58  1.53748e-62   6.4367e-50

   Temperature = 298 K

   P(atm)       P1->W1       P1->P2       P1->P3         P1->
        1  5.05703e-11  8.21598e-20   5.2984e-30  5.05703e-11
    O-O  5.07766e-11          ***          ***  5.07766e-11

   Temperature = 298 K

   P(atm)       P2->W1       P2->P1       P2->P3         P2->
        1  7.45253e-11  1.14392e-10  1.90447e-25  1.88917e-10
    O-O  1.88996e-10          ***          ***  1.88996e-10

   Temperature = 298 K

   P(atm)       P3->W1       P3->P1       P3->P2         P3->
        1   3.2991e-59  1.22505e-62  3.16263e-67  3.30032e-59
    O-O  2.80427e-56          ***          ***  2.80427e-56

______________________________________________________________________________________

Temperature-Species Rate Tables:

   Pressure = 1 atm

   T(K)       W1->P1       W1->P2       W1->P3         W1->      Capture
    298  6.41054e-50  6.78528e-59  1.80878e-65  6.41054e-50   6.4367e-50

   Pressure = 1 atm

   T(K)       P1->W1       P1->P2       P1->P3         P1->      Capture
    298  5.05703e-11  8.21598e-20   5.2984e-30  5.05703e-11  5.07766e-11

   Pressure = 1 atm

   T(K)       P2->W1       P2->P1       P2->P3         P2->      Capture
    298  7.45253e-11  1.14392e-10  1.90447e-25  1.88917e-10  1.88996e-10

   Pressure = 1 atm

   T(K)       P3->W1       P3->P1       P3->P2         P3->      Capture
    298   3.2991e-59  1.22505e-62  3.16263e-67  3.30032e-59  2.80427e-56

______________________________________________________________________________________

Temperature-Pressure Rate Tables:

W1->P1

P\T              298
1        6.41054e-50
O-O       6.4367e-50

W1->P2

P\T              298
1        6.78528e-59
O-O      1.72074e-58

W1->P3

P\T              298
1        1.80878e-65
O-O      1.53748e-62

P1->W1

P\T              298
1        5.05703e-11
O-O      5.07766e-11

P1->P2

P\T              298
1        8.21598e-20
O-O              ***

P1->P3

P\T              298
1         5.2984e-30
O-O              ***

P2->W1

P\T              298
1        7.45253e-11
O-O      1.88996e-10

P2->P1

P\T              298
1        1.14392e-10
O-O              ***

P2->P3

P\T              298
1        1.90447e-25
O-O              ***

P3->W1

P\T              298
1         3.2991e-59
O-O      2.80427e-56

P3->P1

P\T              298
1        1.22505e-62
O-O              ***

P3->P2

P\T              298
1        3.16263e-67
O-O              ***

W1-> 

P\T              298
1        6.41054e-50
O-O       6.4367e-50

P1-> 

P\T              298
1        5.05703e-11
O-O      5.07766e-11

P2-> 

P\T              298
1        1.88917e-10
O-O      1.88996e-10

P3-> 

P\T              298
1        3.30032e-59
O-O      2.80427e-56

