Wells (G - ground energy, D - dissociation limit, kcal/mol):
      Name        G        D
        W1    -90.3     -4.4

Bimolecular Products (G - ground energy, kcal/mol):
      Name        G
         R      0.0
        P1      0.6
        P2    -13.1
        P3    -17.7
        P4    -69.8
        P5      4.3
        P6     13.5

Well-to-Bimolecular Barriers (H/G - barrier height/well depth, kcal/mol)
      Name        H     Well        G  Product
        B1      0.0       W1    -90.3        R
        B2      0.6       W1    -90.3       P1
        B3     -1.5       W1    -90.3       P2
        B4     -4.4       W1    -90.3       P3
        B5     -0.2       W1    -90.3       P4
        B6      4.3       W1    -90.3       P5
        B7     13.5       W1    -90.3       P6

________________________________________________________________________________________

Unimolecular Rate Units: 1/sec;  Bimolecular Rate Units: cm^3/sec

______________________________________________________________________________________

Species-Species Rate Tables:

Temperature = 200 K

High Pressure Rate Coefficients:

From\To            W1            R           P1           P2           P3           P4           P5           P6
W1                ***  1.18955e-84  6.02678e-85   2.3913e-84  6.29202e-81  1.11872e-56  7.94632e-90  2.9841e-100
R         9.90839e-11          ***          ***          ***          ***          ***          ***          ***
P1        2.64144e-10          ***          ***          ***          ***          ***          ***          ***
P2        9.17013e-24          ***          ***          ***          ***          ***          ***          ***
P3         2.0966e-25          ***          ***          ***          ***          ***          ***          ***
P4        8.69375e-58          ***          ***          ***          ***          ***          ***          ***
P5         2.8228e-10          ***          ***          ***          ***          ***          ***          ***
P6         1.6882e-10          ***          ***          ***          ***          ***          ***          ***

Temperature = 200 K    Pressure = 0.001 atm

From\To            W1            R           P1           P2           P3           P4           P5           P6
W1        1.11869e-56   4.8624e-85  1.85847e-85  2.31578e-84  6.28587e-81  1.11869e-56  2.74936e-93 9.46776e-113
R         4.05014e-11  6.86009e-11  1.81518e-11  8.62659e-13  8.86408e-12  2.20483e-13  5.44995e-16  2.18323e-26
P1        8.14538e-11  9.55116e-11   2.0208e-10  2.31454e-12  2.22321e-11  5.67187e-13  5.16947e-16  8.81168e-27
P2        8.88053e-24  3.97156e-26  2.02512e-26  9.16168e-24  2.16734e-25   4.4423e-27  1.34522e-31  5.49447e-42
P3        2.09455e-25  3.54601e-30  1.69025e-30  1.88327e-30  2.09467e-25   5.2834e-30  5.16386e-36  1.19519e-46
P4        8.69355e-58  2.05704e-88  1.00568e-88  9.00231e-89  1.23218e-86  8.69355e-58  4.44669e-94 1.50692e-104
P5        9.76667e-14  2.32428e-10  4.18992e-11  1.24614e-12  5.50508e-12  2.03266e-13  2.81379e-10  3.99977e-22
P6        5.35622e-23  1.48283e-10   1.1374e-11   8.1058e-13  2.02918e-12  1.09702e-13  6.36988e-12  1.68977e-10

Temperature = 200 K    Pressure = 0.01 atm

From\To            W1            R           P1           P2           P3           P4           P5           P6
W1        1.11869e-56  9.50587e-85  4.65881e-85  2.38061e-84  6.29137e-81  1.11869e-56  3.41618e-91 6.81808e-109
R         7.91791e-11  8.78007e-11  6.30982e-12  2.18429e-13   2.0402e-12  5.26034e-14  5.13898e-16   2.1833e-26
P1        2.04188e-10  3.32011e-11  2.44095e-10  6.45719e-13  5.90617e-12  1.53552e-13  5.30052e-16   8.8153e-27
P2        9.12913e-24  1.00562e-26  5.64975e-27  9.16911e-24  2.37783e-26  4.94103e-28  1.33008e-31  5.49293e-42
P3        2.09638e-25  8.16167e-31  4.49031e-31  2.06616e-31   2.0964e-25  5.35944e-31  5.39134e-36  1.19534e-46
P4        8.69355e-58  4.90774e-89  2.72262e-89   1.0013e-89  1.24992e-87  8.69355e-58  4.50065e-94 1.50661e-104
P5        1.21354e-11  2.19166e-10  4.29614e-11  1.23212e-12  5.74759e-12  2.05732e-13  2.81448e-10  3.99403e-22
P6        3.85721e-19  1.48288e-10  1.13787e-11  8.10353e-13  2.02944e-12   1.0968e-13  6.36075e-12  1.68977e-10

Temperature = 200 K    Pressure = 0.1 atm

From\To            W1            R           P1           P2           P3           P4           P5           P6
W1        1.11869e-56  1.15054e-84  5.82185e-85  2.39005e-84  6.29195e-81  1.11869e-56  4.14339e-90 1.52065e-104
R         9.58344e-11  9.71447e-11  9.96708e-13   3.1183e-14  2.74865e-13  7.24962e-15   2.5244e-16   2.1838e-26
P1        2.55162e-10   5.2445e-12  2.61304e-10  8.92083e-14  7.87019e-13  2.07537e-14   2.8302e-16   8.8555e-27
P2        9.16532e-24  1.43562e-27  7.80533e-28  9.17002e-24  2.43782e-27  5.09723e-29  6.91187e-32  5.47687e-42
P3        2.09658e-25  1.09958e-31   5.9835e-32  2.11829e-32  2.09658e-25  5.37473e-32  2.97196e-36   1.1971e-46
P4        8.69355e-58  6.76369e-90  3.67982e-90  1.03295e-90  1.25348e-88  8.69355e-58  2.40103e-94 1.50349e-104
P5        1.47187e-10   1.0766e-10  2.29391e-11  6.40279e-13  3.16835e-12  1.09755e-13  2.81704e-10  3.93451e-22
P6        8.60282e-15  1.48322e-10  1.14306e-11  8.07983e-13  2.03243e-12  1.09452e-13  6.26595e-12  1.68977e-10

Temperature = 200 K    Pressure = 1 atm

From\To            W1            R           P1           P2           P3           P4           P5           P6
W1        1.11869e-56  1.18544e-84  6.00716e-85  2.39117e-84  6.29201e-81  1.11869e-56  7.31264e-90 2.52881e-101
R         9.87413e-11  9.88831e-11  1.08626e-13  3.34343e-15  2.90414e-14  7.70494e-16  4.15912e-17  1.99974e-26
P1        2.63284e-10  5.71572e-13   2.6395e-10   9.4231e-15  8.24123e-14  2.18077e-15  4.63924e-17  8.55634e-27
P2        9.16963e-24  1.53927e-28  8.24479e-29  9.17012e-24  2.44765e-28  5.12411e-30  1.14068e-32  4.91414e-42
P3         2.0966e-25  1.16178e-32   6.2656e-33  2.12683e-33   2.0966e-25  5.37694e-33  4.90641e-37  1.12295e-46
P4        8.69355e-58  7.18848e-91  3.86672e-91   1.0384e-91    1.254e-89  8.69355e-58  3.96323e-95 1.36326e-104
P5         2.5977e-10  1.77377e-11  3.76016e-12  1.05667e-13  5.23061e-13  1.81166e-14  2.81915e-10  3.18696e-22
P6        1.43063e-11  1.35821e-10  1.10445e-11  7.24966e-13  1.90655e-12  9.92436e-14  5.07543e-12  1.68978e-10

Temperature = 200 K    Pressure = 10 atm

From\To            W1            R           P1           P2           P3           P4           P5           P6
W1        1.11869e-56  1.18935e-84   6.0273e-85  2.39129e-84  6.29202e-81  1.11869e-56  7.87009e-90 2.15179e-100
R         9.90665e-11  9.90808e-11  1.09737e-14  3.37156e-16  2.92292e-15  7.76081e-17  4.48181e-18  6.10206e-27
P1        2.64167e-10  5.77417e-14  2.64234e-10  9.48206e-16   8.2837e-15  2.19297e-16  4.97907e-18  2.76931e-27
P2        9.17008e-24  1.55222e-29  8.29638e-30  9.17013e-24  2.44875e-29  5.12717e-31  1.22756e-33  1.47788e-42
P3         2.0966e-25  1.16929e-33  6.29789e-34  2.12779e-34   2.0966e-25  5.37718e-34  5.27066e-38  3.53486e-47
P4        8.69355e-58  7.24061e-92  3.88835e-92  1.03902e-92  1.25405e-90  8.69355e-58  4.26167e-96  4.1492e-105
P5        2.79572e-10  1.91139e-12  4.03559e-13  1.13714e-14  5.61894e-14  1.94808e-15  2.81957e-10  8.64884e-23
P6        1.21734e-10  4.14447e-11   3.5746e-12  2.18026e-13  6.00148e-13  3.02057e-14  1.37738e-12  1.68979e-10

Temperature = 210 K

High Pressure Rate Coefficients:

From\To            W1            R           P1           P2           P3           P4           P5           P6
W1                ***  6.57933e-80  3.40446e-80  8.29894e-80  1.37888e-76  3.73107e-55  7.04519e-85  7.89262e-95
R         9.83924e-11          ***          ***          ***          ***          ***          ***          ***
P1        2.47295e-10          ***          ***          ***          ***          ***          ***          ***
P2        2.78179e-23          ***          ***          ***          ***          ***          ***          ***
P3        7.00376e-25          ***          ***          ***          ***          ***          ***          ***
P4        2.27826e-57          ***          ***          ***          ***          ***          ***          ***
P5        2.82993e-10          ***          ***          ***          ***          ***          ***          ***
P6        1.69718e-10          ***          ***          ***          ***          ***          ***          ***

Temperature = 210 K    Pressure = 0.001 atm

From\To            W1            R           P1           P2           P3           P4           P5           P6
W1        3.73106e-55  2.47351e-80  9.80554e-81  7.95962e-80  1.37677e-76  3.73106e-55  2.38119e-88 4.30535e-107
R         3.69909e-11  6.58345e-11  1.91491e-11  8.54658e-13  8.62304e-12  2.15921e-13  8.71976e-16  1.03559e-25
P1        7.12259e-11  9.30111e-11  1.87404e-10   2.1573e-12  2.04837e-11  5.24882e-13  7.52242e-16  3.85245e-26
P2        2.66805e-23  1.91564e-25  9.95512e-26  2.77841e-23  7.96044e-25  1.64363e-26  1.04276e-30  1.27173e-40
P3        6.99305e-25  2.92877e-29  1.43234e-29  1.20626e-29  6.99386e-25  2.53111e-29  6.93248e-35  4.81329e-45
P4        2.27825e-57  8.81626e-85  4.41229e-85  2.99414e-85  3.04282e-83  2.27825e-57  3.08951e-90 3.13421e-100
P5        9.56484e-14  2.34211e-10  4.15982e-11  1.24959e-12  5.48235e-12  2.03237e-13   2.8284e-10  1.20627e-21
P6        9.25797e-23  1.48907e-10  1.14045e-11  8.15833e-13  2.03773e-12  1.10374e-13  6.45755e-12  1.69733e-10

Temperature = 210 K    Pressure = 0.01 atm

From\To            W1            R           P1           P2           P3           P4           P5           P6
W1        3.73106e-55   5.0847e-80  2.56519e-80  8.24621e-80  1.37865e-76  3.73106e-55   2.7843e-86 2.32889e-103
R         7.60406e-11  8.54843e-11  7.03918e-12  2.32049e-13  2.11657e-12  5.50764e-14  8.26146e-16  1.03562e-25
P1        1.86331e-10  3.41908e-11  2.27017e-10  6.33568e-13  5.71128e-12  1.49331e-13  7.71479e-16  3.85396e-26
P2        2.76411e-23  5.20116e-26  2.92367e-26  2.78137e-23  8.94012e-26  1.87941e-27  1.03272e-30  1.27139e-40
P3         7.0026e-25  7.18881e-30  3.99366e-30  1.35471e-30  7.00275e-25    2.586e-30  7.22976e-35  4.81387e-45
P4        2.27825e-57  2.24882e-85  1.25532e-85  3.42364e-86  3.10881e-84  2.27825e-57   3.1281e-90 3.13359e-100
P5         1.1184e-11  2.21901e-10  4.26619e-11  1.23755e-12  5.71745e-12  2.05775e-13  2.82908e-10  1.20461e-21
P6        5.00791e-19  1.48911e-10   1.1409e-11  8.15613e-13  2.03797e-12  1.10352e-13  6.44871e-12  1.69733e-10

Temperature = 210 K    Pressure = 0.1 atm

From\To            W1            R           P1           P2           P3           P4           P5           P6
W1        3.73106e-55  6.32113e-80  3.27326e-80   8.2924e-80  1.37886e-76  3.73106e-55  3.52972e-85  3.91401e-99
R          9.4531e-11  9.60368e-11  1.16475e-12  3.48408e-14  2.97752e-13  7.95157e-15  4.23208e-16  1.03585e-25
P1        2.37764e-10  5.65741e-12  2.44318e-10  9.06667e-14   7.8456e-13  2.08494e-14   4.2801e-16   3.8708e-26
P2         2.7796e-23  7.80926e-27  4.18392e-27  2.78174e-23  9.26029e-27  1.96427e-28  5.58017e-31  1.26781e-40
P3        7.00364e-25   1.0113e-30   5.4861e-31  1.40322e-31  7.00366e-25  2.59903e-31  4.13471e-35  4.82062e-45
P4        2.27825e-57   3.2467e-86  1.75266e-86  3.57823e-87  3.12447e-85  2.27825e-57  1.73321e-90 3.12731e-100
P5        1.41783e-10  1.13673e-10  2.36685e-11  6.68696e-13  3.26981e-12  1.14016e-13  2.83176e-10   1.1875e-21
P6        8.41647e-15  1.48944e-10  1.14589e-11  8.13316e-13  2.04083e-12  1.10131e-13  6.35709e-12  1.69733e-10

Temperature = 210 K    Pressure = 1 atm

From\To            W1            R           P1           P2           P3           P4           P5           P6
W1        3.73106e-55  6.55168e-80  3.39168e-80  8.29826e-80  1.37888e-76  3.73106e-55  6.45189e-85   6.2121e-96
R         9.79789e-11  9.81443e-11  1.28808e-13  3.79394e-15  3.18461e-14   8.5673e-16   7.2712e-17  9.54776e-26
P1        2.46367e-10  6.25647e-13  2.47087e-10  9.66919e-15  8.27828e-14  2.20941e-15  7.28858e-17  3.75618e-26
P2        2.78156e-23  8.50379e-28  4.46196e-28  2.78179e-23  9.31759e-28  1.98029e-29  9.58862e-32  1.14556e-40
P3        7.00375e-25  1.08163e-31  5.78866e-32  1.41191e-32  7.00375e-25   2.6011e-32  7.09237e-36  4.54609e-45
P4        2.27825e-57  3.49811e-87  1.85729e-87  3.60741e-88  3.12696e-86  2.27825e-57  2.97601e-91 2.85424e-100
P5        2.59161e-10  1.95303e-11  4.03051e-12  1.14905e-13   5.6088e-13  1.95771e-14  2.83417e-10  9.73037e-22
P6        1.33581e-11  1.37287e-10  1.11196e-11  7.34894e-13   1.9246e-12  1.00514e-13    5.209e-12  1.69734e-10

Temperature = 210 K    Pressure = 10 atm

From\To            W1            R           P1           P2           P3           P4           P5           P6
W1        3.73106e-55  6.57804e-80  3.40473e-80  8.29887e-80  1.37888e-76  3.73106e-55  6.99138e-85  5.59433e-95
R         9.83731e-11  9.83899e-11  1.30399e-14  3.83444e-16   3.2106e-15  8.64609e-17  7.91506e-18  3.01564e-26
P1        2.47315e-10  6.33372e-14  2.47387e-10   9.7422e-16  8.32912e-15  2.22425e-16  7.89059e-18  1.25784e-26
P2        2.78177e-23  8.59455e-29  4.49565e-29  2.78179e-23  9.32422e-29  1.98217e-30  1.04183e-32   3.5653e-41
P3        7.00376e-25  1.09046e-32  5.82421e-33  1.41291e-33  7.00376e-25  2.60134e-33  7.68613e-37  1.48055e-45
P4        2.27825e-57  3.53028e-88  1.86976e-88  3.61085e-89  3.12724e-87  2.27825e-57  3.22982e-92 8.98873e-101
P5        2.80832e-10  2.12597e-12  4.36341e-13  1.24847e-14  6.07835e-14  2.12467e-15  2.83469e-10  2.73688e-22
P6        1.20297e-10  4.33618e-11  3.72362e-12  2.28719e-13  6.26797e-13  3.16546e-14  1.46515e-12  1.69735e-10

Temperature = 220 K

High Pressure Rate Coefficients:

From\To            W1            R           P1           P2           P3           P4           P5           P6
W1                ***  1.35508e-75  7.11532e-76  1.13832e-75  1.26757e-72  1.01113e-53  2.22607e-80  6.72821e-90
R         9.77364e-11          ***          ***          ***          ***          ***          ***          ***
P1        2.31804e-10          ***          ***          ***          ***          ***          ***          ***
P2        7.76655e-23          ***          ***          ***          ***          ***          ***          ***
P3         2.1728e-24          ***          ***          ***          ***          ***          ***          ***
P4        6.08811e-57          ***          ***          ***          ***          ***          ***          ***
P5        2.83619e-10          ***          ***          ***          ***          ***          ***          ***
P6        1.70576e-10          ***          ***          ***          ***          ***          ***          ***

Temperature = 220 K    Pressure = 0.001 atm

From\To            W1            R           P1           P2           P3           P4           P5           P6
W1        1.01111e-53  4.67883e-76  1.91471e-76  1.07957e-75   1.2647e-72  1.01111e-53  7.20339e-84 5.71141e-102
R         3.37466e-11    6.319e-11  2.00158e-11   8.4461e-13  8.37075e-12  2.10991e-13  1.32946e-15  4.25546e-25
P1        6.23778e-11   9.0408e-11  1.74171e-10  2.01158e-12  1.88866e-11  4.86043e-13  1.04943e-15  1.46993e-25
P2        7.36574e-23  7.98967e-25  4.21283e-25  7.75461e-23  2.61406e-24  5.44085e-26  6.67468e-30  2.21061e-39
P3        2.16788e-24  1.98939e-28  9.93746e-29  6.56749e-29  2.16835e-24  1.07708e-28  7.30165e-34  1.38405e-43
P4        6.08801e-57  1.76136e-81  8.98306e-82  4.80152e-82  3.78335e-80  6.08801e-57  9.54995e-87  2.63837e-96
P5        9.17768e-14  2.34843e-10  4.10415e-11  1.24641e-12  5.42711e-12  2.02078e-13  2.82852e-10  3.29117e-21
P6        1.44798e-22   1.4958e-10   1.1439e-11  8.21421e-13  2.04702e-12   1.1109e-13  6.54896e-12  1.70547e-10

Temperature = 220 K    Pressure = 0.01 atm

From\To            W1            R           P1           P2           P3           P4           P5           P6
W1        1.01111e-53  1.01044e-75  5.22064e-76  1.12827e-75  1.26724e-72  1.01111e-53  7.99055e-82  2.47558e-98
R         7.28792e-11  8.31273e-11  7.75684e-12  2.45301e-13  2.18722e-12  5.74247e-14  1.26548e-15  4.25558e-25
P1        1.70079e-10  3.50364e-11  2.11399e-10  6.20625e-13  5.51692e-12  1.45046e-13  1.07656e-15  1.47049e-25
P2        7.69801e-23  2.32045e-25  1.29977e-25  7.76499e-23  3.01352e-25  6.41545e-27  6.62098e-30  2.21004e-39
P3        2.17224e-24  5.19815e-29   2.9028e-29  7.57108e-30  2.17234e-24  1.11105e-29  7.60596e-34  1.38421e-43
P4        6.08801e-57  4.79384e-82  2.68074e-82   5.6616e-83  3.90267e-81  6.08801e-57  9.67226e-87  2.63786e-96
P5        1.01806e-11  2.23541e-10  4.21024e-11  1.23638e-12   5.6533e-12  2.04667e-13  2.82919e-10  3.28687e-21
P6        6.27617e-19  1.49584e-10  1.14433e-11  8.21207e-13  2.04725e-12  1.11069e-13   6.5404e-12  1.70547e-10

Temperature = 220 K    Pressure = 0.1 atm

From\To            W1            R           P1           P2           P3           P4           P5           P6
W1        1.01111e-53  1.29193e-75  6.80584e-76    1.137e-75  1.26753e-72  1.01111e-53  1.06286e-80  3.24825e-94
R         9.31817e-11  9.48971e-11  1.34535e-12   3.8802e-14  3.21873e-13  8.70122e-15  6.75618e-16   4.2565e-25
P1        2.21722e-10  6.07672e-12  2.28694e-10  9.20981e-14  7.82017e-13  2.09413e-14   6.2058e-16  1.47664e-25
P2        7.75755e-23  3.67051e-26   1.9288e-26  7.76638e-23  3.16205e-26  6.81524e-28  3.71888e-30  2.20404e-39
P3        2.17274e-24  7.64962e-30  4.11469e-30  7.94422e-31  2.17275e-24  1.12047e-30  4.51274e-34  1.38605e-43
P4        6.08801e-57  7.26382e-83  3.87038e-83  6.01442e-84  3.93575e-82  6.08801e-57  5.56514e-87  2.63276e-96
P5        1.35416e-10  1.19345e-10  2.42698e-11  6.94453e-13  3.35419e-12  1.17759e-13  2.83198e-10  3.24234e-21
P6        8.23508e-15  1.49616e-10  1.14912e-11   8.1898e-13  2.04998e-12  1.10854e-13   6.4518e-12  1.70547e-10

Temperature = 220 K    Pressure = 1 atm

From\To            W1            R           P1           P2           P3           P4           P5           P6
W1        1.01111e-53  1.34807e-75  7.08445e-76  1.13818e-75  1.26756e-72  1.01111e-53  2.01712e-80  4.92152e-91
R         9.72313e-11  9.74228e-11  1.51207e-13  4.30039e-15  3.49095e-14  9.52263e-16    1.213e-16  3.94716e-25
P1        2.30799e-10   6.8298e-13  2.31577e-10  9.92816e-15   8.3221e-14  2.24033e-15  1.10021e-16  1.43851e-25
P2        7.76559e-23    4.068e-27  2.07925e-27  7.76653e-23  3.19111e-27  6.89811e-29  6.66855e-31  2.00455e-39
P3        2.17279e-24  8.29659e-31  4.37879e-31  8.01725e-32  2.17279e-24  1.12212e-31  8.06081e-35  1.31349e-43
P4        6.08801e-57  7.94953e-84  4.14059e-84  6.08755e-85  3.94156e-83  6.08801e-57  9.96249e-88  2.41748e-96
P5        2.56997e-10  2.14271e-11  4.30274e-12  1.24527e-13  5.99137e-13  2.10808e-14  2.83471e-10  2.68581e-21
P6        1.24772e-11  1.38743e-10  1.11944e-11  7.44852e-13  1.94266e-12   1.0179e-13  5.34438e-12  1.70548e-10

Temperature = 220 K    Pressure = 10 atm

From\To            W1            R           P1           P2           P3           P4           P5           P6
W1        1.01111e-53  1.35465e-75  7.11564e-76   1.1383e-75  1.26757e-72  1.01111e-53  2.20256e-80  4.68743e-90
R         9.77055e-11   9.7725e-11  1.53451e-14  4.35808e-16  3.52661e-15  9.63271e-17  1.33558e-17  1.29016e-25
P1        2.31815e-10  6.93115e-14  2.31894e-10  1.00184e-15  8.38287e-15  2.25833e-16  1.20279e-17  4.98264e-26
P2        7.76645e-23  4.12257e-28  2.09814e-28  7.76655e-23   3.1946e-28  6.90826e-30  7.32485e-32  6.45515e-40
P3         2.1728e-24  8.38135e-32  4.41076e-32    8.026e-33   2.1728e-24  1.12231e-32  8.82287e-36  4.42469e-44
P4        6.08801e-57  8.04143e-85  4.17386e-85  6.09651e-86  3.94223e-84  6.08801e-57   1.0926e-88  7.87613e-97
P5        2.80623e-10  2.35924e-12  4.70391e-13  1.36782e-14  6.55779e-14  2.31195e-15  2.83535e-10  7.82979e-22
P6        1.18837e-10  4.53493e-11  3.87749e-12  2.39861e-13  6.54414e-13   3.3163e-14  1.55802e-12   1.7055e-10

Temperature = 230 K

High Pressure Rate Coefficients:

From\To            W1            R           P1           P2           P3           P4           P5           P6
W1                ***  1.18194e-71  6.26329e-72  6.93406e-72   5.4248e-69  2.30317e-52  2.86764e-76  2.14274e-85
R         9.71146e-11          ***          ***          ***          ***          ***          ***          ***
P1        2.17556e-10          ***          ***          ***          ***          ***          ***          ***
P2        2.00875e-22          ***          ***          ***          ***          ***          ***          ***
P3        6.26487e-24          ***          ***          ***          ***          ***          ***          ***
P4        1.66636e-56          ***          ***          ***          ***          ***          ***          ***
P5        2.84176e-10          ***          ***          ***          ***          ***          ***          ***
P6        1.71403e-10          ***          ***          ***          ***          ***          ***          ***

Temperature = 230 K    Pressure = 0.001 atm

From\To            W1            R           P1           P2           P3           P4           P5           P6
W1        2.30316e-52   3.7449e-72  1.57727e-72  6.49171e-72  5.40737e-69  2.30316e-52  8.98654e-80  2.90868e-97
R         3.07701e-11  6.06736e-11  2.07527e-11  8.32812e-13  8.11023e-12  2.05768e-13  1.95807e-15  1.54215e-24
P1        5.47866e-11  8.77314e-11  1.62278e-10  1.87674e-12  1.74314e-11  4.50462e-13  1.42495e-15  4.97818e-25
P2         1.8806e-22  2.93627e-24  1.56521e-24  2.00497e-22   7.7718e-24  1.63098e-25  3.64688e-29  2.99305e-38
P3        6.24474e-24  1.13991e-27   5.7955e-28  3.09821e-28  6.24718e-24  4.12015e-28  6.28479e-33  2.96652e-42
P4        1.66636e-56  1.81189e-78  9.38281e-79  4.07336e-79  2.58124e-77  1.66636e-56  1.47225e-83  1.01059e-92
P5        8.90544e-14  2.36158e-10  4.06529e-11  1.24751e-12  5.39293e-12  2.01651e-13  2.83742e-10  8.22338e-21
P6        2.32672e-22  1.50137e-10  1.14644e-11  8.26465e-13  2.05479e-12  1.11732e-13  6.63798e-12  1.71232e-10

Temperature = 230 K    Pressure = 0.01 atm

From\To            W1            R           P1           P2           P3           P4           P5           P6
W1        2.30316e-52  8.48609e-72   4.4727e-72   6.8509e-72  5.42271e-69  2.30316e-52  9.44693e-78  9.82294e-94
R         6.97262e-11  8.07495e-11  8.45262e-12  2.58023e-13  2.25113e-12   5.9617e-14  1.87128e-15  1.54219e-24
P1         1.5536e-10  3.57332e-11  1.97165e-10  6.06862e-13  5.32268e-12  1.40687e-13   1.4617e-15  4.97999e-25
P2        1.98466e-22  9.09721e-25  5.06127e-25  2.00823e-22  9.21915e-25  1.98841e-26  3.62211e-29   2.9923e-38
P3        6.26245e-24  3.16403e-28  1.76966e-28   3.6752e-29  6.26302e-24  4.30266e-29   6.5387e-33  2.96684e-42
P4        1.66636e-56  5.24958e-79   2.9304e-79  4.96604e-80  2.69558e-78  1.66636e-56  1.49127e-83   1.0104e-92
P5        9.36167e-12   2.2569e-10  4.17016e-11  1.23904e-12  5.61082e-12  2.04256e-13  2.83807e-10  8.21312e-21
P6         7.8576e-19  1.50141e-10  1.14685e-11  8.26258e-13  2.05502e-12  1.11711e-13   6.6297e-12  1.71232e-10

Temperature = 230 K    Pressure = 0.1 atm

From\To            W1            R           P1           P2           P3           P4           P5           P6
W1        2.30316e-52  1.11712e-71  5.95849e-72  6.92246e-72  5.42457e-69  2.30316e-52  1.30937e-76  1.00665e-89
R         9.17884e-11  9.37261e-11  1.53707e-12  4.30486e-14   3.4702e-13  9.49366e-15   1.0378e-15  1.54252e-24
P1        2.06969e-10  6.49793e-12  2.14361e-10  9.34588e-14  7.79062e-13  2.10202e-14  8.72417e-16  4.99994e-25
P2        2.00539e-22  1.51778e-25  7.79452e-26  2.00869e-22  9.82683e-26  2.15425e-27  2.10797e-29  2.98448e-38
P3         6.2646e-24  4.87745e-29  2.59019e-29  3.91745e-30  6.26468e-24  4.36114e-30  4.01123e-33  2.97059e-42
P4        1.66636e-56  8.35965e-80  4.37836e-80  5.38023e-81  2.73222e-79  1.66636e-56  8.88088e-84  1.00851e-92
P5        1.29756e-10  1.25166e-10  2.48896e-11   7.2109e-13  3.44201e-12   1.2164e-13  2.84096e-10    8.107e-21
P6        8.05244e-15  1.50172e-10  1.15145e-11  8.24099e-13  2.05761e-12  1.11503e-13  6.54404e-12  1.71232e-10

Temperature = 230 K    Pressure = 1 atm

From\To            W1            R           P1           P2           P3           P4           P5           P6
W1        2.30316e-52  1.17444e-71  6.23313e-72   6.9328e-72  5.42478e-69  2.30316e-52  2.57843e-76  1.45616e-86
R         9.64987e-11  9.67189e-11  1.75846e-13  4.86618e-15   3.8233e-14  1.05743e-15  1.94803e-16   1.4384e-24
P1        2.16509e-10  7.43384e-13  2.17348e-10  1.01965e-14  8.36948e-14  2.27269e-15  1.61068e-16  4.88789e-25
P2        2.00838e-22  1.71568e-26  8.50393e-27  2.00874e-22  9.95697e-27  2.19203e-28  3.94652e-30  2.73079e-38
P3        6.26484e-24  5.37375e-30  2.78264e-30  3.96933e-31  6.26485e-24  4.37243e-31  7.46358e-34   2.8276e-42
P4        1.66636e-56  9.31121e-81  4.73385e-81  5.47459e-82  2.73929e-80  1.66636e-56  1.65824e-84  9.31244e-93
P5        2.55516e-10  2.34947e-11  4.59518e-12  1.35002e-13  6.40445e-13  2.27126e-14  2.84404e-10  6.78444e-21
P6        1.16482e-11  1.40036e-10  1.12564e-11  7.54047e-13  1.95857e-12   1.0296e-13  5.47646e-12  1.71233e-10

Temperature = 230 K    Pressure = 10 atm

From\To            W1            R           P1           P2           P3           P4           P5           P6
W1        2.30316e-52  1.18134e-71  6.26441e-72  6.93393e-72   5.4248e-69  2.30316e-52  2.83826e-76  1.46552e-85
R         9.70651e-11  9.70875e-11  1.78967e-14   4.9475e-16  3.87178e-15  1.07266e-16  2.17201e-17  4.86369e-25
P1        2.17595e-10  7.56575e-14  2.17681e-10  1.03076e-15  8.44192e-15  2.29448e-16  1.77975e-17  1.75045e-25
P2        2.00871e-22  1.74435e-27  8.59661e-28  2.00875e-22   9.9732e-28  2.19687e-29  4.38718e-31  9.09597e-39
P3        6.26487e-24  5.44189e-31  2.80673e-31   3.9758e-32  6.26487e-24  4.37379e-32  8.25854e-35  9.84858e-43
P4        1.66636e-56  9.44536e-82  4.77924e-82  5.48667e-83  2.74014e-81  1.66636e-56  1.83967e-85  3.13767e-93
P5        2.81265e-10  2.61961e-12  5.07754e-13  1.50076e-14   7.0866e-14  2.51976e-15  2.84481e-10   2.0496e-21
P6         1.1723e-10  4.73506e-11  4.03116e-12  2.51165e-13  6.82172e-13  3.46907e-14  1.65445e-12  1.71235e-10

Temperature = 240 K

High Pressure Rate Coefficients:

From\To            W1            R           P1           P2           P3           P4           P5           P6
W1                ***  4.85994e-68  2.58688e-68  2.06984e-68  1.18191e-65  4.52983e-51  1.68473e-72  2.88312e-81
R         9.65249e-11          ***          ***          ***          ***          ***          ***          ***
P1        2.04442e-10          ***          ***          ***          ***          ***          ***          ***
P2        4.84536e-22          ***          ***          ***          ***          ***          ***          ***
P3        1.68416e-23          ***          ***          ***          ***          ***          ***          ***
P4        4.68281e-56          ***          ***          ***          ***          ***          ***          ***
P5         2.8468e-10          ***          ***          ***          ***          ***          ***          ***
P6        1.72206e-10          ***          ***          ***          ***          ***          ***          ***

Temperature = 240 K    Pressure = 0.001 atm

From\To            W1            R           P1           P2           P3           P4           P5           P6
W1         4.5298e-51  1.41343e-68  6.08346e-69  1.90955e-68  1.17668e-65   4.5298e-51  5.10654e-76  6.10171e-93
R         2.80725e-11  5.83024e-11  2.13599e-11  8.19765e-13  7.84698e-12  2.00386e-13  2.79092e-15  5.01357e-24
P1        4.80778e-11  8.49935e-11   1.5131e-10  1.74926e-12  1.60701e-11  4.17054e-13   1.8832e-15  1.52109e-24
P2        4.47011e-22  9.66205e-24   5.1814e-24  4.83449e-22  2.11465e-23  4.47425e-25  1.72981e-28  3.26086e-37
P3        1.67671e-23  5.62979e-27   2.8975e-27   1.2872e-27  1.67783e-23  1.43147e-27   4.5189e-32   4.9234e-41
P4        4.68278e-56    1.043e-75  5.45535e-76  1.97586e-76  1.03851e-74  4.68278e-56  1.23107e-80   1.9461e-89
P5        8.62883e-14  2.37445e-10  4.02649e-11  1.24864e-12  5.35871e-12  2.01225e-13  2.84605e-10  1.90454e-20
P6        3.64451e-22  1.50774e-10  1.14961e-11  8.32013e-13  2.06374e-12  1.12442e-13  6.73213e-12   1.7201e-10

Temperature = 240 K    Pressure = 0.01 atm

From\To            W1            R           P1           P2           P3           P4           P5           P6
W1         4.5298e-51  3.35462e-68   1.7941e-68   2.0368e-68  1.18124e-65   4.5298e-51  5.10367e-74  1.62869e-89
R         6.66273e-11  7.83863e-11  9.11681e-12  2.70096e-13  2.30778e-12  6.16339e-14  2.67678e-15   5.0137e-24
P1        1.41788e-10  3.62768e-11  1.83919e-10  5.91933e-13  5.12387e-12  1.36147e-13  1.93146e-15  1.52163e-24
P2        4.76802e-22  3.18346e-24  1.75334e-24  4.84381e-22  2.58645e-24  5.65215e-26  1.71992e-28  3.26007e-37
P3         1.6832e-23  1.65571e-27   9.2385e-28  1.57439e-28  1.68349e-23  1.51764e-28  4.69562e-32  4.92391e-41
P4        4.68278e-56  3.20801e-76   1.7809e-76  2.49603e-77  1.10102e-75  4.68278e-56  1.24698e-80  1.94575e-89
P5          8.624e-12  2.27735e-10  4.12968e-11   1.2415e-12  5.56827e-12  2.03826e-13  2.84669e-10  1.90227e-20
P6        9.72806e-19  1.50778e-10  1.15001e-11  8.31811e-13  2.06395e-12  1.12421e-13   6.7241e-12   1.7201e-10

Temperature = 240 K    Pressure = 0.1 atm

From\To            W1            R           P1           P2           P3           P4           P5           P6
W1         4.5298e-51  4.55009e-68  2.44364e-68  2.06495e-68  1.18184e-65   4.5298e-51  7.35149e-73  1.32403e-85
R         9.03709e-11  9.25414e-11  1.73805e-12  4.75572e-14  3.72976e-13  1.03233e-14  1.53841e-15  5.01473e-24
P1        1.93122e-10  6.91591e-12   2.0093e-10  9.46695e-14  7.74922e-13  2.10665e-14  1.19088e-15  1.52748e-24
P2         4.8339e-22  5.60526e-25  2.80417e-25  4.84518e-22  2.80862e-25  6.26608e-27  1.03479e-28  3.25186e-37
P3        1.68405e-23   2.6759e-28  1.39721e-28  1.70963e-29  1.68409e-23  1.54921e-29  2.97184e-32  4.92983e-41
P4        4.68278e-56  5.37321e-77  2.75564e-77  2.76715e-78  1.12392e-76  4.68278e-56  7.66921e-81  1.94223e-89
P5        1.24223e-10  1.30885e-10  2.54625e-11  7.46942e-13  3.52414e-12  1.25358e-13  2.84967e-10   1.8788e-20
P6        7.90832e-15  1.50808e-10  1.15443e-11  8.29716e-13  2.06643e-12  1.12218e-13  6.64114e-12   1.7201e-10

Temperature = 240 K    Pressure = 1 atm

From\To            W1            R           P1           P2           P3           P4           P5           P6
W1         4.5298e-51  4.82331e-68  2.56996e-68   2.0693e-68  1.18191e-65   4.5298e-51  1.50234e-72  1.82529e-82
R         9.57975e-11   9.6049e-11  2.02697e-13  5.49433e-15  4.18164e-14  1.17252e-15  3.02075e-16  4.69974e-24
P1        2.03105e-10  8.06552e-13  2.04009e-10  1.04666e-14  8.41241e-14  2.30452e-15  2.29074e-16  1.49781e-24
P2        4.84409e-22  6.47582e-26  3.10027e-26  4.84534e-22  2.86069e-26  6.41987e-28  2.02399e-29  2.99176e-37
P3        1.68415e-23   3.0001e-29  1.51678e-29  1.74133e-30  1.68415e-23  1.55589e-30  5.76327e-33  4.71111e-41
P4        4.68278e-56  6.10288e-78  3.01447e-78  2.83506e-79  1.12877e-77  4.68278e-56  1.49455e-81  1.80253e-89
P5        2.53859e-10  2.56999e-11  4.89787e-12  1.46098e-13  6.83434e-13  2.44293e-14  2.85311e-10  1.58721e-20
P6        1.09023e-11  1.41336e-10  1.13201e-11  7.63351e-13  1.97475e-12  1.04146e-13  5.61043e-12  1.72011e-10

Temperature = 240 K    Pressure = 10 atm

From\To            W1            R           P1           P2           P3           P4           P5           P6
W1         4.5298e-51  4.85712e-68  2.58463e-68  2.06979e-68  1.18191e-65   4.5298e-51  1.66801e-72  1.93654e-81
R         9.64689e-11  9.64946e-11  2.06976e-14  5.60767e-16  4.24689e-15  1.19339e-16  3.41477e-17  1.64242e-24
P1        2.04264e-10  8.23578e-14  2.04356e-10   1.0603e-15  8.49848e-15  2.33082e-16   2.5609e-17  5.54024e-25
P2        4.84523e-22   6.6094e-27  3.14067e-27  4.84536e-22  2.86748e-27  6.44053e-29  2.27985e-30  1.02987e-37
P3        1.68416e-23  3.04691e-30   1.5323e-30  1.74546e-31  1.68416e-23  1.55674e-31  6.45361e-34  1.69499e-41
P4        4.68278e-56  6.21151e-79  3.04887e-79  2.84419e-80  1.12938e-78  4.68278e-56   1.6792e-82  6.27533e-90
P5        2.81854e-10  2.90522e-12  5.47551e-13  1.64567e-14  7.65297e-14  2.74475e-15  2.85402e-10  4.96567e-21
P6        1.15668e-10  4.93928e-11  4.18718e-12  2.62773e-13  7.10485e-13  3.62576e-14  1.75525e-12  1.72013e-10

Temperature = 250 K

High Pressure Rate Coefficients:

From\To            W1            R           P1           P2           P3           P4           P5           P6
W1                ***  1.03081e-64  5.48924e-65  3.29131e-65  1.41554e-62  7.85904e-50   4.9596e-69  1.81745e-77
R         9.59652e-11          ***          ***          ***          ***          ***          ***          ***
P1        1.92361e-10          ***          ***          ***          ***          ***          ***          ***
P2        1.09703e-21          ***          ***          ***          ***          ***          ***          ***
P3        4.23955e-23          ***          ***          ***          ***          ***          ***          ***
P4        1.35221e-55          ***          ***          ***          ***          ***          ***          ***
P5        2.85141e-10          ***          ***          ***          ***          ***          ***          ***
P6        1.72992e-10          ***          ***          ***          ***          ***          ***          ***

Temperature = 250 K    Pressure = 0.001 atm

From\To            W1            R           P1           P2           P3           P4           P5           P6
W1        7.85907e-50  2.74821e-65  1.21379e-65  2.98654e-65  1.40711e-62  7.85907e-50  1.42826e-72  5.41213e-89
R          2.5585e-11  5.60328e-11  2.18643e-11  8.05485e-13  7.57942e-12  1.94821e-13  3.85402e-15   1.4812e-23
P1        4.25352e-11  8.23008e-11  1.41737e-10   1.6354e-12  1.48759e-11  3.87556e-13  2.42076e-15  4.24496e-24
P2        9.95451e-22  2.88386e-23   1.5555e-23  1.09416e-21   5.3183e-23  1.13429e-24  7.22144e-28   2.9338e-36
P3         4.2143e-23  2.43836e-26  1.27138e-26   4.7788e-27  4.21894e-23  4.56107e-27  2.76301e-31  6.52332e-40
P4        1.35222e-55  3.60062e-73  1.90285e-73  5.85527e-74  2.62026e-72  1.35222e-55  5.98808e-78  2.04594e-86
P5        8.21143e-14  2.38008e-10  3.97156e-11  1.24562e-12  5.30393e-12   2.0009e-13  2.84555e-10  4.12521e-20
P6         5.1515e-22  1.51441e-10  1.15301e-11  8.37806e-13  2.07318e-12  1.13183e-13  6.82965e-12  1.72825e-10

Temperature = 250 K    Pressure = 0.01 atm

From\To            W1            R           P1           P2           P3           P4           P5           P6
W1        7.85907e-50  6.82628e-65  3.70501e-65  3.22271e-65  1.41437e-62  7.85907e-50  1.36852e-70  1.22574e-85
R         6.35506e-11  7.60064e-11  9.74984e-12  2.81506e-13  2.35732e-12  6.34767e-14  3.70934e-15  1.48124e-23
P1        1.29836e-10     3.67e-11  1.72181e-10  5.77129e-13  4.93443e-12  1.31768e-13   2.4826e-15  4.24639e-24
P2        1.07417e-21  1.00787e-23  5.48935e-24  1.09661e-21   6.7192e-24   1.4875e-25  7.18776e-28  2.93311e-36
P3        4.23605e-23  7.58369e-27  4.21726e-27  6.03758e-28  4.23734e-23  4.92322e-28   2.8675e-31  6.52397e-40
P4        1.35222e-55  1.17315e-73  6.46964e-74   7.6786e-75  2.82831e-73  1.35222e-55  6.06545e-78  2.04559e-86
P5        7.86798e-12  2.29073e-10  4.07301e-11  1.23981e-12  5.50451e-12  2.02675e-13  2.84618e-10  4.12051e-20
P6        1.16671e-18  1.51445e-10   1.1534e-11  8.37609e-13  2.07338e-12  1.13164e-13  6.82186e-12  1.72825e-10

Temperature = 250 K    Pressure = 0.1 atm

From\To            W1            R           P1           P2           P3           P4           P5           P6
W1        7.85907e-50  9.54773e-65  5.15714e-65   3.2805e-65  1.41539e-62  7.85907e-50  2.05618e-69  8.16855e-82
R         8.88865e-11     9.13e-11  1.94813e-12  5.23294e-14   3.9972e-13  1.11899e-14  2.20683e-15  1.48153e-23
P1        1.80723e-10  7.33308e-12  1.88946e-10  9.58692e-14  7.71136e-13  2.11174e-14  1.58055e-15  4.26206e-24
P2        1.09343e-21  1.87354e-24  9.11858e-25  1.09698e-21  7.45443e-25  1.69303e-26  4.46723e-28  2.92598e-36
P3        4.23911e-23  1.28593e-27   6.5906e-28  6.69823e-29  4.23932e-23  5.07344e-29  1.87143e-31  6.53143e-40
P4        1.35222e-55  2.06808e-74  1.03684e-74  8.73953e-76  2.91461e-74  1.35222e-55  3.85007e-78    2.042e-86
P5        1.18216e-10  1.36284e-10  2.59308e-11  7.70548e-13  3.59243e-12  1.28649e-13  2.84922e-10  4.07195e-20
P6        7.77517e-15  1.51475e-10  1.15766e-11  8.35573e-13  2.07575e-12  1.12966e-13  6.74146e-12  1.72825e-10

Temperature = 250 K    Pressure = 1 atm

From\To            W1            R           P1           P2           P3           P4           P5           P6
W1        7.85907e-50  1.02135e-64  5.45434e-65  3.29008e-65  1.41552e-62  7.85907e-50  4.36868e-69  1.07325e-78
R         9.50845e-11  9.53701e-11  2.31947e-13  6.19177e-15  4.56855e-14  1.29858e-15  4.53761e-16  1.39486e-23
P1        1.91138e-10  8.73087e-13  1.92109e-10  1.07543e-14  8.46714e-14  2.33986e-15  3.17172e-16  4.19067e-24
P2        1.09663e-21  2.21682e-25  1.02289e-25  1.09703e-21  7.64308e-26  1.74963e-27  9.14041e-29  2.70555e-36
P3         4.2395e-23  1.46974e-28  7.23653e-29  6.86775e-30  4.23952e-23   5.1083e-30  3.78773e-32  6.26406e-40
P4        1.35222e-55  2.39998e-75  1.14885e-75   9.0317e-77  2.93464e-75  1.35222e-55  7.84113e-79  1.90395e-86
P5        2.51167e-10  2.80224e-11  5.20359e-12  1.57662e-13    7.271e-13  2.62009e-14  2.85304e-10   3.4705e-20
P6        1.02156e-11  1.42613e-10  1.13827e-11  7.72625e-13  1.99078e-12  1.05328e-13  5.74572e-12  1.72826e-10

Temperature = 250 K    Pressure = 10 atm

From\To            W1            R           P1           P2           P3           P4           P5           P6
W1        7.85907e-50  1.02984e-64  5.48955e-65  3.29118e-65  1.41554e-62  7.85907e-50  4.89634e-69  1.19861e-77
R         9.58754e-11  9.59047e-11  2.37744e-14  6.34816e-16  4.65563e-15  1.32691e-16  5.20787e-17  5.03513e-24
P1        1.92372e-10  8.94907e-14  1.92471e-10  1.09212e-15  8.56919e-15  2.37153e-16  3.59171e-17  1.59997e-24
P2        1.09699e-21  2.27282e-26  1.03877e-26  1.09703e-21  7.66889e-27  1.75765e-28  1.04473e-29  9.61991e-37
P3        4.23954e-23  1.49775e-29  7.32375e-30  6.89094e-31  4.23955e-23  5.11289e-31  4.29775e-33  2.32659e-40
P4        1.35222e-55  2.45235e-76   1.1644e-76  9.07309e-78  2.93728e-76  1.35222e-55   8.9343e-80  6.84511e-87
P5        2.81504e-10  3.21616e-12  5.89265e-13  1.80204e-14  8.25005e-14  2.98537e-15  2.85413e-10  1.12396e-20
P6        1.14089e-10  5.14802e-11  4.34584e-12  2.74716e-13  7.39415e-13  3.78678e-14  1.86082e-12  1.72828e-10

Temperature = 260 K

High Pressure Rate Coefficients:

From\To            W1            R           P1           P2           P3           P4           P5           P6
W1                ***  1.21712e-61   6.4618e-62  2.99356e-62  9.95623e-60  1.22381e-48  7.92258e-66  5.85795e-74
R         9.54335e-11          ***          ***          ***          ***          ***          ***          ***
P1        1.81221e-10          ***          ***          ***          ***          ***          ***          ***
P2        2.34528e-21          ***          ***          ***          ***          ***          ***          ***
P3        1.00415e-22          ***          ***          ***          ***          ***          ***          ***
P4        4.01177e-55          ***          ***          ***          ***          ***          ***          ***
P5        2.85568e-10          ***          ***          ***          ***          ***          ***          ***
P6        1.73765e-10          ***          ***          ***          ***          ***          ***          ***

Temperature = 260 K    Pressure = 0.001 atm

From\To            W1            R           P1           P2           P3           P4           P5           P6
W1        1.22381e-48  2.97785e-62  1.33854e-62  2.66661e-62  9.87794e-60  1.22381e-48  2.22138e-69  2.56201e-85
R         2.33491e-11  5.39126e-11  2.22575e-11  7.91034e-13  7.32029e-12  1.89375e-13  5.20506e-15  4.01727e-23
P1        3.75392e-11  7.96095e-11  1.32792e-10  1.52749e-12  1.37528e-11  3.59738e-13   3.0622e-15  1.09238e-23
P2        2.08914e-21  7.90378e-23  4.26707e-23  2.33825e-21  1.24718e-22  2.68058e-24