    E, kcal/mol    D, mol/kcal       W2a->W2b        W2a->P1
             -5              0            ***            ***
           -4.8              0            ***            ***
           -4.6              0            ***            ***
           -4.4              0            ***            ***
           -4.2              0            ***            ***
             -4              0            ***            ***
           -3.8     1.0125e-08              0              0
           -3.6    1.11191e+06              0              0
           -3.4     4.3328e+06              0              0
           -3.2    1.13314e+07    1.49387e+10              0
             -3    2.49925e+07    3.07252e+10              0
           -2.8    4.91797e+07    4.83329e+10              0
           -2.6    8.91123e+07    6.67758e+10              0
           -2.4    1.51351e+08    8.50182e+10              0
           -2.2    2.44703e+08    1.02807e+11              0
             -2    3.79745e+08     1.2053e+11              0
           -1.8    5.70628e+08    1.37923e+11              0
           -1.6    8.34727e+08    1.54825e+11              0
           -1.4    1.19175e+09    1.71326e+11              0
           -1.2    1.66654e+09    1.87328e+11              0
             -1    2.28935e+09    2.02843e+11              0
           -0.8    3.09484e+09    2.17805e+11              0
           -0.6    4.12227e+09    2.32351e+11              0
           -0.4    5.41979e+09    2.46424e+11              0
           -0.2    7.04232e+09    2.60012e+11              0
    2.85742e-15    9.05337e+09    2.73105e+11    5.32615e-06
            0.2    1.15271e+10    2.85671e+11    7.97513e+09
            0.4     1.4548e+10    2.97733e+11    6.45395e+10
            0.6    1.82153e+10    3.09268e+11    2.01359e+11
            0.8    2.26417e+10    3.20272e+11    4.37588e+11
              1    2.79568e+10    3.30759e+11    7.66716e+11
            1.2    3.43077e+10    3.40758e+11    1.18171e+12
            1.4    4.18627e+10    3.50287e+11    1.66743e+12
            1.6     5.0813e+10    3.59377e+11     2.2108e+12
            1.8     6.1377e+10    3.68044e+11    2.79798e+12
              2    7.37985e+10    3.76328e+11     3.3956e+12
            2.2    8.83527e+10    3.84265e+11    3.90399e+12
            2.4    1.05352e+11    3.91871e+11    4.31798e+12
            2.6    1.25147e+11    3.99175e+11    4.65182e+12
            2.8    1.48125e+11    4.06209e+11    4.90349e+12
              3     1.7472e+11    4.13002e+11    5.09344e+12
            3.2    2.05418e+11    4.19571e+11    5.21916e+12
            3.4    2.40756e+11    4.25933e+11    5.30392e+12
            3.6    2.81332e+11    4.32109e+11    5.34519e+12
            3.8    3.27804e+11    4.38115e+11    5.36449e+12
              4    3.80905e+11    4.43956e+11    5.36667e+12
            4.2    4.41444e+11    4.49643e+11    5.35044e+12
            4.4    5.10309e+11    4.55184e+11    5.31945e+12
            4.6    5.88482e+11    4.60585e+11    5.30345e+12
            4.8    6.77041e+11    4.65851e+11    5.30933e+12
              5    7.77172e+11    4.70986e+11    5.33823e+12
            5.2    8.90176e+11    4.75993e+11    5.38856e+12
            5.4    1.01748e+12    4.80876e+11    5.44421e+12
            5.6    1.16065e+12     4.8564e+11    5.50165e+12
            5.8    1.32138e+12    4.90289e+11    5.55981e+12
              6    1.50154e+12    4.94824e+11    5.61698e+12
            6.2    1.70318e+12    4.99251e+11    5.66812e+12
            6.4     1.9285e+12    5.03575e+11    5.70634e+12
            6.6    2.17992e+12      5.078e+11    5.73304e+12
            6.8    2.46006e+12    5.11928e+11    5.74702e+12
              7    2.77177e+12    5.15964e+11    5.75143e+12
            7.2    3.11813e+12    5.19913e+11    5.74686e+12
            7.4    3.50252e+12    5.23777e+11    5.73353e+12
            7.6    3.92854e+12    5.27559e+11    5.71022e+12
            7.8    4.40015e+12    5.31263e+11    5.68471e+12
              8    4.92157e+12    5.34891e+11    5.66038e+12
            8.2     5.4974e+12    5.38446e+11    5.63779e+12
            8.4    6.13261e+12     5.4193e+11    5.61565e+12
            8.6    6.83252e+12    5.45345e+11    5.59393e+12
            8.8    7.60291e+12    5.48693e+11     5.5746e+12
              9    8.44999e+12    5.51977e+11     5.5576e+12
            9.2    9.38043e+12    5.55197e+11     5.5432e+12
            9.4    1.04014e+13    5.58355e+11    5.53028e+12
            9.6    1.15207e+13    5.61454e+11     5.5164e+12
            9.8    1.27466e+13    5.64494e+11    5.50147e+12
             10    1.40879e+13    5.67477e+11    5.48537e+12
    E, kcal/mol    D, mol/kcal        W2b->W3       W2b->W2a        W2b->P3
             -5    1.47659e+07              0              0        33592.3
           -4.8    1.80984e+07              0              0        43384.8
           -4.6     2.2121e+07              0              0        55573.4
           -4.4    2.67895e+07              0              0        71119.9
           -4.2    3.22452e+07              0              0        90716.8
             -4    3.86958e+07              0              0         115051
           -3.8    4.62279e+07              0              0         145382
           -3.6    5.50257e+07              0              0         182977
           -3.4    6.52024e+07              0              0         229687
           -3.2    7.69043e+07              0    2.20113e+09         287713
             -3    9.04755e+07              0    8.48736e+09         359029
           -2.8    1.06107e+08              0    2.24019e+10         446741
           -2.6    1.24114e+08              0    4.79441e+10         554172
           -2.4     1.4455e+08              0    8.90183e+10         686694
           -2.2    1.67912e+08    0.000713692    1.49823e+11         848753
             -2    1.94685e+08        5202.27    2.35102e+11    1.04588e+06
           -1.8    2.25028e+08     1.5243e+06    3.49746e+11    1.28676e+06
           -1.6    2.59433e+08    5.05746e+07    4.98152e+11     1.5801e+06
           -1.4    2.98329e+08    6.24002e+08    6.84404e+11    1.93699e+06
           -1.2    3.42215e+08    4.04083e+09    9.12259e+11    2.37057e+06
             -1    3.91752e+08    1.60614e+10    1.18539e+12    2.89573e+06
           -0.8    4.47523e+08    4.41498e+10    1.50623e+12     3.5312e+06
           -0.6    5.10121e+08    9.21716e+10    1.87762e+12    4.29982e+06
           -0.4    5.80103e+08    1.55737e+11    2.30229e+12    5.22968e+06
           -0.2    6.58594e+08    2.25799e+11     2.7803e+12     6.3496e+06
    2.85742e-15    7.46369e+08    2.89581e+11    3.31274e+12    7.69786e+06
            0.2    8.44229e+08    3.57416e+11    3.90054e+12    9.32066e+06
            0.4    9.53265e+08    4.38912e+11    4.54378e+12    1.12705e+07
            0.6    1.07452e+09    5.35662e+11    5.24273e+12    1.36112e+07
            0.8     1.2093e+09    6.46666e+11    5.99648e+12    1.64164e+07
              1    1.35902e+09    7.70258e+11    6.80411e+12    1.97724e+07
            1.2      1.525e+09    9.04452e+11      7.666e+12    2.37851e+07
            1.4    1.70857e+09    1.04903e+12    8.58259e+12    2.85799e+07
            1.6     1.9115e+09    1.20434e+12    9.55328e+12    3.43006e+07
            1.8    2.13596e+09    1.37087e+12    1.05758e+13    4.11097e+07
              2    2.38345e+09    1.54982e+12    1.16522e+13    4.92139e+07
            2.2    2.65606e+09    1.74301e+12    1.27824e+13    5.88466e+07
            2.4    2.95616e+09    1.95372e+12    1.39656e+13    7.02768e+07
            2.6      3.286e+09    2.18389e+12    1.52026e+13    8.38233e+07
            2.8    3.64841e+09     2.4332e+12    1.64921e+13    9.98459e+07
              3    4.04623e+09    2.70052e+12    1.78338e+13    1.18763e+08
            3.2    4.48219e+09     2.9828e+12    1.92289e+13    1.41062e+08
            3.4    4.95937e+09    3.28096e+12    2.06773e+13    1.67296e+08
            3.6    5.48177e+09    3.59606e+12    2.21764e+13    1.98065e+08
            3.8    6.05294e+09    3.92535e+12    2.37266e+13    2.34064e+08
              4    6.67665e+09    4.26321e+12    2.53278e+13    2.76067e+08
            4.2    7.35709e+09    4.60567e+12    2.69797e+13     3.2492e+08
            4.4    8.09924e+09    4.95093e+12    2.86798e+13     3.8152e+08
            4.6    8.90747e+09    5.29648e+12    3.04291e+13    4.46873e+08
            4.8    9.78772e+09    5.64101e+12    3.22241e+13    5.21993e+08
              5    1.07452e+10     5.9825e+12    3.40652e+13       6.08e+08
            5.2    1.17856e+10    6.32287e+12    3.59521e+13    7.06063e+08
            5.4    1.29156e+10    6.66611e+12    3.78831e+13    8.17366e+08
            5.6    1.41425e+10    7.01405e+12    3.98554e+13    9.43096e+08
            5.8     1.5473e+10    7.36801e+12    4.18702e+13    1.08456e+09
              6    1.69147e+10    7.72863e+12    4.39262e+13    1.24302e+09
            6.2    1.84762e+10     8.0964e+12    4.60222e+13    1.41977e+09
            6.4    2.01661e+10    8.47006e+12    4.81574e+13    1.61612e+09
            6.6    2.19938e+10    8.84934e+12    5.03307e+13    1.83336e+09
            6.8    2.39696e+10    9.23573e+12    5.25405e+13    2.07277e+09
              7    2.61034e+10    9.62837e+12    5.47872e+13    2.33572e+09
            7.2    2.84066e+10    1.00242e+13    5.70698e+13     2.6235e+09
            7.4    3.08917e+10    1.04198e+13     5.9386e+13    2.93736e+09
            7.6    3.35711e+10    1.08129e+13    6.17357e+13    3.27866e+09
            7.8    3.64584e+10    1.12013e+13    6.41179e+13    3.64868e+09
              8    3.95673e+10     1.1584e+13    6.65322e+13    4.04878e+09
            8.2    4.29137e+10    1.19601e+13    6.89768e+13    4.48021e+09
            8.4    4.65129e+10    1.23309e+13    7.14521e+13    4.94439e+09
            8.6     5.0383e+10    1.26974e+13    7.39551e+13    5.44249e+09
            8.8    5.45413e+10    1.30603e+13    7.64864e+13    5.97594e+09
              9    5.90068e+10    1.34207e+13    7.90451e+13    6.54606e+09
            9.2       6.38e+10    1.37796e+13    8.16299e+13    7.15415e+09
            9.4    6.89428e+10    1.41391e+13    8.42393e+13    7.80145e+09
            9.6     7.4457e+10       1.45e+13    8.68736e+13    8.48938e+09
            9.8    8.03671e+10    1.48622e+13    8.95313e+13    9.21917e+09
             10    8.66977e+10     1.5227e+13    9.22122e+13    9.99217e+09
    E, kcal/mol    D, mol/kcal        W3->W2b         W3->P4         W3->P5
             -5    6.43219e+09              0        207.029              0
           -4.8    7.26009e+09              0        256.008              0
           -4.6    8.17975e+09              0        316.352              0
           -4.4    9.20358e+09              0        390.484              0
           -4.2    1.03417e+10              0        481.482              0
             -4    1.16036e+10              0        593.172              0
           -3.8    1.30041e+10              0        729.964              0
           -3.6    1.45523e+10              0        897.627              0
           -3.4    1.62663e+10              0        1102.66              0
           -3.2    1.81606e+10              0        1353.25              0
             -3    2.02483e+10              0        1659.58              0
           -2.8    2.25518e+10              0        2033.29              0
           -2.6    2.50875e+10              0        2489.16              0
           -2.4    2.78775e+10              0        3044.67              0
           -2.2    3.09443e+10    3.87269e-06         3721.1              0
             -2    3.43102e+10         29.519        4544.36              0
           -1.8    3.80025e+10        9025.97        5545.41              0
           -1.6    4.20504e+10         312023        6761.52              0
           -1.4    4.64806e+10    4.00507e+06        8238.49              0
           -1.2    5.13302e+10      2.694e+07          10030              0
             -1    5.66259e+10    1.11117e+08        12203.2              0
           -0.8    6.24129e+10     3.1657e+08        14835.8              0
           -0.6    6.87282e+10    6.84124e+08        18023.2              0
           -0.4    7.56106e+10    1.19485e+09        21881.2              0
           -0.2    8.31121e+10    1.78927e+09        26545.3              0
    2.85742e-15    9.12734e+10    2.36799e+09        32183.4              0
            0.2    1.00154e+11    3.01275e+09        38991.2              0
            0.4    1.09804e+11    3.81041e+09        47208.7              0
            0.6    1.20286e+11    4.78508e+09        57119.7              0
            0.8    1.31664e+11    5.93946e+09        69065.6              0
              1    1.43998e+11    7.26955e+09        83457.8              0
            1.2    1.57372e+11     8.7645e+09         100779              0
            1.4     1.7185e+11    1.04297e+10         121620              0
            1.6    1.87525e+11    1.22762e+10         146671              0
            1.8    2.04473e+11    1.43203e+10         176770              0
              2    2.22796e+11    1.65798e+10         212896              0
            2.2    2.42585e+11    1.90842e+10         256232              0
            2.4    2.63947e+11    2.18813e+10         308171              0
            2.6    2.86993e+11     2.5005e+10         370362              0
            2.8     3.1184e+11    2.84676e+10         444758              0
              3    3.38611e+11    3.22698e+10         533660              0
            3.2    3.67445e+11    3.63849e+10         639757              0
            3.4    3.98473e+11    4.08346e+10         766220              0
            3.6     4.3185e+11    4.56473e+10         916710              0
            3.8    4.67728e+11    5.07985e+10    1.09549e+06              0
              4    5.06279e+11    5.62219e+10    1.30744e+06              0
            4.2    5.47681e+11    6.18686e+10    1.55812e+06              0
            4.4    5.92109e+11    6.77219e+10    1.85391e+06              0
            4.6    6.39773e+11    7.37422e+10    2.20184e+06              0
            4.8    6.90876e+11    7.99168e+10    2.60984e+06              0
              5    7.45633e+11    8.62129e+10    3.08662e+06              0
            5.2     8.0429e+11    9.26517e+10    3.64163e+06              0
            5.4     8.6708e+11    9.92949e+10    4.28525e+06              0
            5.6    9.34265e+11    1.06176e+11    5.02859e+06              0
            5.8    1.00613e+12    1.13311e+11    5.88354e+06              0
              6    1.08294e+12    1.20716e+11    6.86298e+06              0
            6.2    1.16502e+12    1.28402e+11     7.9804e+06              0
            6.4    1.25267e+12    1.36355e+11    9.25056e+06              0
            6.6    1.34625e+12    1.44572e+11    1.06887e+07              0
            6.8    1.44611e+12    1.53084e+11    1.23113e+07              0
              7    1.55261e+12    1.61878e+11    1.41357e+07              0
            7.2    1.66615e+12    1.70905e+11    1.61801e+07              0
            7.4    1.78715e+12    1.80112e+11    1.84639e+07              0
            7.6    1.91604e+12    1.89453e+11     2.1007e+07              0
            7.8    2.05327e+12    1.98893e+11    2.38306e+07     2.5053e+07
              8    2.19934e+12    2.08402e+11    2.69564e+07    1.25956e+08
            8.2    2.35474e+12    2.17966e+11    3.04073e+07    3.72536e+08
            8.4    2.51999e+12    2.27598e+11    3.42071e+07    9.14984e+08
            8.6    2.69568e+12    2.37318e+11    3.83799e+07    1.92936e+09
            8.8    2.88237e+12    2.47133e+11    4.29514e+07    3.68035e+09
              9    3.08067e+12    2.57058e+11    4.79476e+07    6.43247e+09
            9.2    3.29124e+12    2.67115e+11    5.33958e+07    1.05539e+10
            9.4    3.51474e+12    2.77343e+11    5.93236e+07     1.6479e+10
            9.6    3.75188e+12    2.87755e+11    6.57598e+07    2.46332e+10
            9.8    4.00342e+12    2.98354e+11    7.27338e+07    3.54987e+10
             10    4.27011e+12     3.0916e+11     8.0276e+07    4.96323e+10
