Wells (G - ground energy, D - dissociation limit, kcal/mol):
      Name        G        D
       W1a     -4.2     -4.2
       W1b     -9.6     -9.6
       W2a     -3.8     -9.6
       W2b     -8.5     -9.6
        W3    -15.5     -2.2

Bimolecular Products (G - ground energy, kcal/mol):
      Name        G
        P1      0.0
        P2    -38.1
        P3    -15.5
        P4    -29.9
        P5      7.8

Well-to-Bimolecular Barriers (H/G - barrier height/well depth, kcal/mol)
      Name        H     Well        G  Product
        B1      0.0      W1a     -4.2       P1
        B2     -1.5      W1b     -9.6       P2
        B3      5.0      W2b     -8.5       P3
        B4      0.0      W2a     -3.8       P1
        B6      5.6       W3    -15.5       P4
        B7      7.8       W3    -15.5       P5

Well-to-Well Barriers (H/G - barrier height/well depth, kcal/mol):
      Name        H     Well       G1     Well       G2
        B5     -2.2      W2b     -8.5       W3    -15.5
        B8     -3.5      W1a     -4.2      W1b     -9.6
        B9     -3.4      W2a     -3.8      W2b     -8.5
       B10     -4.2      W1a     -4.2      W2a     -3.8
       B11     -4.2      W1a     -4.2      W2b     -8.5
       B12     -9.6      W1b     -9.6      W2a     -3.8
       B13     -9.6      W1b     -9.6      W2b     -8.5

________________________________________________________________________________________

Unimolecular Rate Units: 1/sec;  Bimolecular Rate Units: cm^3/sec

______________________________________________________________________________________

Species-Species Rate Tables:

Temperature = 200 K

High Pressure Rate Coefficients:

From\To           W1a          W1b          W2a          W2b           W3           P1           P2           P3           P4           P5
W1a               ***  4.52389e+10     0.989054     0.989054          ***  8.00082e+09          ***          ***          ***          ***
W1b       7.31022e+06          ***     0.991807     0.991807          ***          ***  1.08097e+08          ***          ***          ***
W2a            9.2279      57265.3          ***  1.22524e+11          ***  2.65701e+10          ***          ***          ***          ***
W2b        0.00976292      60.5855  1.29627e+08          ***  3.07897e+06          ***          ***      4420.53          ***          ***
W3                ***          ***          ***    0.0511081          ***          ***          ***          ***   0.00711453  8.85722e-10
P1        2.18894e-10          ***  7.79132e-11          ***          ***          ***          ***          ***          ***          ***
P2                ***  6.49038e-49          ***          ***          ***          ***          ***          ***          ***          ***
P3                ***          ***          ***  7.29534e-30          ***          ***          ***          ***          ***          ***
P4                ***          ***          ***          ***  1.13506e-43          ***          ***          ***          ***          ***
P5                ***          ***          ***          ***  1.72169e-10          ***          ***          ***          ***          ***

Temperature = 200 K    Pressure = 0.1 atm

From\To           W1a          W1b          W2a          W2b           W3           P1           P2           P3           P4           P5
W1a               ***          ***          ***          ***          ***          ***          ***          ***          ***          ***
W1b               ***          ***          ***          ***          ***          ***          ***          ***          ***          ***
W2a               ***          ***          ***          ***          ***          ***          ***          ***          ***          ***
W2b               ***          ***          ***          ***          ***          ***          ***          ***          ***          ***
W3                ***          ***          ***          ***   0.00792728   0.00075162  1.59164e-06  5.75067e-05   0.00711657  7.74411e-25
P1                ***          ***          ***          ***  1.25503e-13   3.4566e-12  3.33007e-12  1.54015e-16  7.33162e-17  1.25234e-19
P2                ***          ***          ***          ***   9.4249e-57  1.18094e-52   1.8111e-49  1.40419e-61  1.10136e-64  2.61815e-73
P3                ***          ***          ***          ***  5.71749e-30  9.17049e-32  2.35767e-36  7.29405e-30  4.19836e-35  8.03745e-39
P4                ***          ***          ***          ***  1.13539e-43  7.00515e-48  2.96738e-55  6.73699e-51  1.13546e-43   3.2714e-54
P5                ***          ***          ***          ***  1.50532e-25  1.45789e-10  8.59451e-24  1.57141e-14  3.98583e-14  1.45844e-10

Temperature = 200 K    Pressure = 1 atm

From\To           W1a          W1b          W2a          W2b           W3           P1           P2           P3           P4           P5
W1a               ***          ***          ***          ***          ***          ***          ***          ***          ***          ***
W1b               ***          ***          ***          ***          ***          ***          ***          ***          ***          ***
W2a               ***          ***          ***          ***          ***          ***          ***          ***          ***          ***
W2b               ***          ***          ***          ***          ***          ***          ***          ***          ***          ***
W3                ***          ***          ***          ***    0.0114171   0.00423275  1.81829e-06  6.57733e-05   0.00711671  1.67881e-26
P1                ***          ***          ***          ***  7.06771e-13  4.62241e-12  3.91156e-12  1.27802e-16  4.97596e-17  1.25286e-19
P2                ***          ***          ***          ***   1.0767e-56  1.38716e-52  3.99782e-49  8.99314e-63  9.53584e-66   2.6194e-73
P3                ***          ***          ***          ***  6.53937e-30  7.60971e-32  1.50997e-37  7.29808e-30  4.43107e-36  8.03011e-39
P4                ***          ***          ***          ***  1.13541e-43  4.75438e-48  2.56922e-56  7.11043e-52  1.13546e-43  3.26789e-54
P5                ***          ***          ***          ***  3.26332e-27   1.4585e-10  8.59863e-24  1.56998e-14  3.98155e-14  1.45905e-10

Temperature = 200 K    Pressure = 4 atm

From\To           W1a          W1b          W2a          W2b           W3           P1           P2           P3           P4           P5
W1a               ***          ***          ***          ***          ***          ***          ***          ***          ***          ***
W1b               ***          ***          ***          ***          ***          ***          ***          ***          ***          ***
W2a               ***          ***          ***          ***          ***          ***          ***          ***          ***          ***
W2b               ***          ***          ***          ***          ***          ***          ***          ***          ***          ***
W3                ***          ***          ***          ***    0.0166225   0.00943887  1.79548e-06  6.50174e-05   0.00711683   9.2343e-21
P1                ***          ***          ***          ***  1.57607e-12  6.87085e-12  5.15237e-12  1.17875e-16  3.13903e-17  1.25458e-19
P2                ***          ***          ***          ***  1.06319e-56  1.82718e-52  5.27297e-49  1.24132e-63  1.71479e-66  2.62034e-73
P3                ***          ***          ***          ***  6.46422e-30  7.01864e-32  2.08419e-38  7.29848e-30  1.08789e-36  8.00538e-39
P4                ***          ***          ***          ***  1.13543e-43  2.99925e-48  4.62012e-57   1.7457e-52  1.13546e-43   3.2561e-54
P5                ***          ***          ***          ***  1.79499e-21   1.4605e-10  8.60171e-24  1.56514e-14  3.96719e-14  1.46105e-10

Temperature = 210 K

High Pressure Rate Coefficients:

From\To           W1a          W1b          W2a          W2b           W3           P1           P2           P3           P4           P5
W1a               ***  5.06834e+10     0.989212     0.989212          ***  1.29562e+10         