    E, kcal/mol    D, mol/kcal       W2a->W2b        W2a->P1
             -5              0            ***            ***
           -4.8              0            ***            ***
           -4.6              0            ***            ***
           -4.4              0            ***            ***
           -4.2              0            ***            ***
             -4              0            ***            ***
           -3.8     1.0125e-08              0              0
           -3.6    1.11191e+06              0              0
           -3.4     4.3328e+06              0              0
           -3.2    1.13314e+07    1.49387e+10              0
             -3    2.49925e+07    3.07252e+10              0
           -2.8    4.91797e+07    4.83329e+10              0
           -2.6    8.91123e+07    6.67758e+10              0
           -2.4    1.51351e+08    8.50182e+10              0
           -2.2    2.44703e+08    1.02807e+11              0
             -2    3.79745e+08     1.2053e+11              0
           -1.8    5.70628e+08    1.37923e+11              0
           -1.6    8.34727e+08    1.54825e+11              0
           -1.4    1.19175e+09    1.71326e+11              0
           -1.2    1.66654e+09    1.87328e+11              0
             -1    2.28935e+09    2.02843e+11              0
           -0.8    3.09484e+09    2.17805e+11              0
           -0.6    4.12227e+09    2.32351e+11              0
           -0.4    5.41979e+09    2.46424e+11              0
           -0.2    7.04232e+09    2.60012e+11              0
    2.85742e-15    9.05337e+09    2.73105e+11    5.32615e-06
            0.2    1.15271e+10    2.85671e+11    7.97513e+09
            0.4     1.4548e+10    2.97733e+11    6.45395e+10
            0.6    1.82153e+10    3.09268e+11    2.01359e+11
            0.8    2.26417e+10    3.20272e+11    4.37588e+11
              1    2.79568e+10    3.30759e+11    7.66716e+11
            1.2    3.43077e+10    3.40758e+11    1.18171e+12
            1.4    4.18627e+10    3.50287e+11    1.66743e+12
            1.6     5.0813e+10    3.59377e+11     2.2108e+12
            1.8     6.1377e+10    3.68044e+11    2.79798e+12
              2    7.37985e+10    3.76328e+11     3.3956e+12
            2.2    8.83527e+10    3.84265e+11    3.90399e+12
            2.4    1.05352e+11    3.91871e+11    4.31798e+12
            2.6    1.25147e+11    3.99175e+11    4.65182e+12
            2.8    1.48125e+11    4.06209e+11    4.90349e+12
              3     1.7472e+11    4.13002e+11    5.09344e+12
            3.2    2.05418e+11    4.19571e+11    5.21916e+12
            3.4    2.40756e+11    4.25933e+11    5.30392e+12
            3.6    2.81332e+11    4.32109e+11    5.34519e+12
            3.8    3.27804e+11    4.38115e+11    5.36449e+12
              4    3.80905e+11    4.43956e+11    5.36667e+12
            4.2    4.41444e+11    4.49643e+11    5.35044e+12
            4.4    5.10309e+11    4.55184e+11    5.31945e+12
            4.6    5.88482e+11    4.60585e+11    5.30345e+12
            4.8    6.77041e+11    4.65851e+11    5.30933e+12
              5    7.77172e+11    4.70986e+11    5.33823e+12
            5.2    8.90176e+11    4.75993e+11    5.38856e+12
            5.4    1.01748e+12    4.80876e+11    5.44421e+12
            5.6    1.16065e+12     4.8564e+11    5.50165e+12
            5.8    1.32138e+12    4.90289e+11    5.55981e+12
              6    1.50154e+12    4.94824e+11    5.61698e+12
            6.2    1.70318e+12    4.99251e+11    5.66812e+12
            6.4     1.9285e+12    5.03575e+11    5.70634e+12
            6.6    2.17992e+12      5.078e+11    5.73304e+12
            6.8    2.46006e+12    5.11928e+11    5.74702e+12
              7    2.77177e+12    5.15964e+11    5.75143e+12
            7.2    3.11813e+12    5.19913e+11    5.74686e+12
            7.4    3.50252e+12    5.23777e+11    5.73353e+12
            7.6    3.92854e+12    5.27559e+11    5.71022e+12
            7.8    4.40015e+12    5.31263e+11    5.68471e+12
              8    4.92157e+12    5.34891e+11    5.66038e+12
            8.2     5.4974e+12    5.38446e+11    5.63779e+12
            8.4    6.13261e+12     5.4193e+11    5.61565e+12
            8.6    6.83252e+12    5.45345e+11    5.59393e+12
            8.8    7.60291e+12    5.48693e+11     5.5746e+12
              9    8.44999e+12    5.51977e+11     5.5576e+12
            9.2    9.38043e+12    5.55197e+11     5.5432e+12
            9.4    1.04014e+13    5.58355e+11    5.53028e+12
            9.6    1.15207e+13    5.61454e+11     5.5164e+12
            9.8    1.27466e+13    5.64494e+11    5.50147e+12
             10    1.40879e+13    5.67477e+11    5.48537e+12
    E, kcal/mol    D, mol/kcal        W2b->W3       W2b->W2a        W2b->P3
             -5    1.47659e+07              0              0        33592.3
           -4.8    1.80984e+07              0              0        43384.8
           -4.6     2.2121e+07              0              0        55573.4
           -4.4    2.67895e+07              0              0        71119.9
           -4.2    3.22452e+07              0              0        90716.8
             -4    3.86958e+07              0              0         115051
           -3.8    4.62279e+07              0              0         145382
           -3.6    5.50257e+07              0              0         182977
           -3.4    6.52024e+07              0              0         229687
           -3.2    7.69043e+07              0    2.20113e+09         287713
             -3    9.04755e+07              0    8.48736e+09         359029
           -2.8    1.06107e+08              0    2.24019e+10         446741
           -2.6    1.24114e+08              0    4.79441e+10         554172
           -2.4     1.4455e+08              0    8.90183e+10         686694
           -2.2    1.67912e+08    0.000713692    1.49823e+11         848753
             -2    1.94685e+08        5202.27    2.35102e+11    1.04588e+06
           -1.8    2.25028e+08     1.5243e+06    3.49746e+11    1.28676e+06
           -1.6    2.59433e+08    5.05746e+07    4.98152e+11     1.5801e+06
           -1.4    2.98329e+08    6.24002e+08    6.84404e+11    1.93699e+06
           -1.2    3.42215e+08    4.04083e+09    9.12259e+11    2.37057e+06
             -1    3.91752e+08    1.60614e+10    1.18539e+12    2.89573e+06
           -0.8    4.47523e+08    4.41498e+10    1.50623e+12     3.5312e+06
           -0.6    5.10121e+08    9.21716e+10    1.87762e+12    4.29982e+06
           -0.4    5.80103e+08    1.55737e+11    2.30229e+12    5.22968e+06
           -0.2    6.58594e+08    2.25799e+11     2.7803e+12     6.3496e+06
    2.85742e-15    7.46369e+08    2.89581e+11    3.31274e+12    7.69786e+06
            0.2    8.44229e+08    3.57416e+11    3.90054e+12    9.32066e+06
            0.4    9.53265e+08    4.38912e+11    4.54378e+12    1.12705e+07
            0.6    1.07452e+09    5.35662e+11    5.24273e+12    1.36112e+07
            0.8     1.2093e+09    6.46666e+11    5.99648e+12    1.64164e+07
              1    1.35902e+09    7.70258e+11    6.80411e+12    1.97724e+07
            1.2      1.525e+09    9.04452e+11      7.666e+12    2.37851e+07
            1.4    1.70857e+09    1.04903e+12    8.58259e+12    2.85799e+07
            1.6     1.9115e+09    1.20434e+12    9.55328e+12    3.43006e+07
            1.8    2.13596e+09    1.37087e+12    1.05758e+13    4.11097e+07
              2    2.38345e+09    1.54982e+12    1.16522e+13    4.92139e+07
            2.2    2.65606e+09    1.74301e+12    1.27824e+13    5.88466e+07
            2.4    2.95616e+09    1.95372e+12    1.39656e+13    7.02768e+07
            2.6      3.286e+09    2.18389e+12    1.52026e+13    8.38233e+07
            2.8    3.64841e+09     2.4332e+12    1.64921e+13    9.98459e+07
              3    4.04623e+09    2.70052e+12    1.78338e+13    1.18763e+08
            3.2    4.48219e+09     2.9828e+12    1.92289e+13    1.41062e+08
            3.4    4.95937e+09    3.28096e+12    2.06773e+13    1.67296e+08
            3.6    5.48177e+09    3.59606e+12    2.21764e+13    1.98065e+08
            3.8    6.05294e+09    3.92535e+12    2.37266e+13    2.34064e+08
              4    6.67665e+09    4.26321e+12    2.53278e+13    2.76067e+08
            4.2    7.35709e+09    4.60567e+12    2.69797e+13     3.2492e+08
            4.4    8.09924e+09    4.95093e+12    2.86798e+13     3.8152e+08
            4.6    8.90747e+09    5.29648e+12    3.04291e+13    4.46873e+08
            4.8    9.78772e+09    5.64101e+12    3.22241e+13    5.21993e+08
              5    1.07452e+10     5.9825e+12    3.40652e+13       6.08e+08
            5.2    1.17856e+10    6.32287e+12    3.59521e+13    7.06063e+08
            5.4    1.29156e+10    6.66611e+12    3.78831e+13    8.17366e+08
            5.6    1.41425e+10    7.01405e+12    3.98554e+13    9.43096e+08
            5.8     1.5473e+10    7.36801e+12    4.18702e+13    1.08456e+09
              6    1.69147e+10    7.72863e+12    4.39262e+13    1.24302e+09
            6.2    1.84762e+10     8.0964e+12    4.60222e+13    1.41977e+09
            6.4    2.01661e+10    8.47006e+12    4.81574e+13    1.61612e+09
            6.6    2.19938e+10    8.84934e+12    5.03307e+13    1.83336e+09
            6.8    2.39696e+10    9.23573e+12    5.25405e+13    2.07277e+09
              7    2.61034e+10    9.62837e+12    5.47872e+13    2.33572e+09
            7.2    2.84066e+10    1.00242e+13    5.70698e+13     2.6235e+09
            7.4    3.08917e+10    1.04198e+13     5.9386e+13    2.93736e+09
            7.6    3.35711e+10    1.08129e+13    6.17357e+13    3.27866e+09
            7.8    3.64584e+10    1.12013e+13    6.41179e+13    3.64868e+09
              8    3.95673e+10     1.1584e+13    6.65322e+13    4.04878e+09
            8.2    4.29137e+10    1.19601e+13    6.89768e+13    4.48021e+09
            8.4    4.65129e+10    1.23309e+13    7.14521e+13    4.94439e+09
            8.6     5.0383e+10    1.26974e+13    7.39551e+13    5.44249e+09
            8.8    5.45413e+10    1.30603e+13    7.64864e+13    5.97594e+09
              9    5.90068e+10    1.34207e+13    7.90451e+13    6.54606e+09
            9.2       6.38e+10    1.37796e+13    8.16299e+13    7.15415e+09
            9.4    6.89428e+10    1.41391e+13    8.42393e+13    7.80145e+09
            9.6     7.4457e+10       1.45e+13    8.68736e+13    8.48938e+09
            9.8    8.03671e+10    1.48622e+13    8.95313e+13    9.21917e+09
             10    8.66977e+10     1.5227e+13    9.22122e+13    9.99217e+09
    E, kcal/mol    D, mol/kcal        W3->W2b         W3->P4         W3->P5
             -5    5.24038e+09              0        254.114              0
           -4.8    5.89334e+09              0         315.38              0
           -4.6    6.61897e+09              0        390.948              0
           -4.4    7.42342e+09              0        484.123              0
           -4.2    8.31236e+09              0        599.029              0
             -4     9.2993e+09              0        740.153              0
           -3.8    1.03871e+10              0        913.875              0
           -3.6     1.1589e+10              0        1127.15              0
           -3.4    1.29142e+10              0        1388.87              0
           -3.2    1.43731e+10              0        1709.85              0
             -3    1.59775e+10              0        2103.18              0
           -2.8    1.77436e+10              0        2584.28              0
           -2.6     1.9679e+10              0        3173.27              0
           -2.4    2.18065e+10              0        3892.34              0
           -2.2    2.41347e+10    4.96535e-06        4770.99              0
             -2    2.66836e+10        37.9561        5843.22              0
           -1.8    2.94747e+10        11637.4        7149.84              0
           -1.6    3.25221e+10         403440        8742.52              0
           -1.4    3.58509e+10    5.19256e+06        10681.2              0
           -1.2    3.94851e+10    3.50217e+07        13038.9              0
             -1    4.34409e+10    1.44842e+08        15907.1              0
           -0.8     4.7755e+10    4.13738e+08        19389.4              0
           -0.6    5.24476e+10    8.96487e+08        23617.9              0
           -0.4    5.75502e+10    1.56982e+09        28747.9              0
           -0.2    6.30975e+10    2.35683e+09        34965.5              0
    2.85742e-15      6.912e+10    3.12695e+09        42498.4              0
            0.2    7.56506e+10     3.9886e+09        51620.7              0
            0.4    8.27347e+10    5.05712e+09        62654.7              0
            0.6    9.04074e+10    6.36651e+09        75997.4              0
            0.8    9.87155e+10    7.92186e+09        92117.5              0
              1    1.07706e+11    9.71906e+09         111579              0
            1.2    1.17421e+11    1.17465e+10         135068              0
            1.4    1.27918e+11    1.40117e+10         163390              0
            1.6     1.3926e+11    1.65309e+10         197505              0
            1.8    1.51485e+11    1.93294e+10         238602              0
              2    1.64683e+11    2.24305e+10         288023              0
            2.2    1.78891e+11    2.58791e+10         347463              0
            2.4    1.94204e+11    2.97393e+10         418841              0
            2.6    2.10681e+11    3.40622e+10         504511              0
            2.8    2.28408e+11    3.88661e+10         607216              0
              3    2.47465e+11    4.41554e+10         730216              0
            3.2    2.67947e+11    4.98959e+10         877322              0
            3.4    2.89934e+11    5.61213e+10    1.05306e+06              0
            3.6    3.13538e+11     6.2872e+10    1.26262e+06              0
            3.8    3.38856e+11     7.0118e+10    1.51212e+06              0
              4    3.65999e+11    7.77706e+10    1.80855e+06              0
            4.2    3.95093e+11    8.57629e+10    2.15989e+06              0
            4.4     4.2624e+11    9.40756e+10    2.57535e+06              0
            4.6    4.59594e+11    1.02652e+11    3.06506e+06              0
            4.8    4.95274e+11    1.11479e+11    3.64056e+06              0
              5     5.3343e+11    1.20509e+11     4.3145e+06              0
            5.2    5.74218e+11    1.29775e+11    5.10073e+06              0
            5.4    6.17795e+11    1.39361e+11    6.01438e+06              0
            5.6    6.64323e+11    1.49319e+11    7.07191e+06              0
            5.8    7.13989e+11    1.59673e+11    8.29086e+06              0
              6    7.66982e+11    1.70444e+11    9.69015e+06              0
            6.2    8.23485e+11    1.81656e+11    1.12903e+07              0
            6.4    8.83725e+11    1.93282e+11    1.31126e+07              0
            6.6    9.47893e+11    2.05329e+11    1.51807e+07              0
            6.8    1.01624e+12    2.17837e+11    1.75189e+07              0
              7      1.089e+12    2.30791e+11    2.01535e+07              0
            7.2    1.16642e+12    2.44126e+11    2.31122e+07              0
            7.4    1.24878e+12    2.57761e+11    2.64241e+07              0
            7.6    1.33633e+12    2.71639e+11      3.012e+07              0
            7.8    1.42939e+12    2.85703e+11     3.4232e+07     3.5988e+07
              8    1.52824e+12    2.99918e+11    3.87938e+07    1.81267e+08
            8.2    1.63323e+12    3.14257e+11    4.38403e+07     5.3711e+08
            8.4    1.74467e+12    3.28742e+11    4.94086e+07     1.3216e+09
            8.6    1.86294e+12    3.43399e+11    5.55358e+07    2.79179e+09
            8.8    1.98837e+12    3.58247e+11    6.22629e+07    5.33508e+09
              9     2.1214e+12    3.73298e+11    6.96291e+07    9.34117e+09
            9.2    2.26237e+12    3.88591e+11    7.76786e+07    1.53535e+10
            9.4    2.41177e+12     4.0418e+11    8.64539e+07    2.40153e+10
            9.6       2.57e+12    4.20087e+11    9.60011e+07    3.59614e+10
            9.8    2.73755e+12    4.36316e+11    1.06367e+08    5.19137e+10
             10    2.91488e+12      4.529e+11    1.17599e+08    7.27082e+10
