Model::init:  starts
   Model::ExponentialKernel::ExponentialKernel:  ... done
   Model::LennardJonesCollision::LennardJonesCollision:  ... done
   BIMOLECULAR: P1
   Model::Bimolecular::Bimolecular:  starts
      Model::RRHO::RRHO:  starts
         Model::new_core:  starts
            Model::RigidRotor::RigidRotor:  starts
               molecular geometry will be used to estimate rotational constants
               rotational configuration: linear
               rotational constant[1/cm]:        0.415702
            Model::RigidRotor::RigidRotor:  done, cpu time[sec] = 0.013927, elapsed time[sec] = 0
         Model::new_core:  done, cpu time[sec] = 0.019817, elapsed time[sec] = 0
         ground state energy, kcal/mol:   0
      Model::RRHO::RRHO:  done, cpu time[sec] = 0.030159, elapsed time[sec] = 0
      Model::AtomicFragment::AtomicFragment:  ... done
   Model::Bimolecular::Bimolecular:  done, cpu time[sec] = 0.045086, elapsed time[sec] = 0
   BIMOLECULAR: P2
   Model::Bimolecular::Bimolecular:  starts
      Model::RRHO::RRHO:  starts
         Model::new_core:  starts
            Model::RigidRotor::RigidRotor:  starts
               molecular geometry will be used to estimate rotational constants
               rotational configuration: linear
               rotational constant[1/cm]:         1.97368
            Model::RigidRotor::RigidRotor:  done, cpu time[sec] = 0.003785, elapsed time[sec] = 0
         Model::new_core:  done, cpu time[sec] = 0.008667, elapsed time[sec] = 0
         ground state energy, kcal/mol:   0
      Model::RRHO::RRHO:  done, cpu time[sec] = 0.016006, elapsed time[sec] = 0
      Model::RRHO::RRHO:  starts
         Model::new_core:  starts
            Model::RigidRotor::RigidRotor:  starts
               molecular geometry will be used to estimate rotational constants
               rotational configuration: linear
               rotational constant[1/cm]:         1.41459
            Model::RigidRotor::RigidRotor:  done, cpu time[sec] = 0.00391, elapsed time[sec] = 0
         Model::new_core:  done, cpu time[sec] = 0.008727, elapsed time[sec] = 0
         ground state energy, kcal/mol:   0
      Model::RRHO::RRHO:  done, cpu time[sec] = 0.015928, elapsed time[sec] = 0
   Model::Bimolecular::Bimolecular:  done, cpu time[sec] = 0.044281, elapsed time[sec] = 0
   WELL: W1
   Model::RRHO::RRHO:  starts
      Model::new_core:  starts
         Model::RigidRotor::RigidRotor:  starts
            molecular geometry will be used to estimate rotational constants
            rotational configuration: nonlinear
            rotational constants[1/cm]:        0.422405       0.111726      0.0883561
         Model::RigidRotor::RigidRotor:  done, cpu time[sec] = 0.004166, elapsed time[sec] = 0
      Model::new_core:  done, cpu time[sec] = 0.009039, elapsed time[sec] = 0
      ground state energy, kcal/mol:   -1.1
      interpolating states number/density starts
         core state contribution ... done, cpu time[sec] = 0.356636, elapsed time[sec] = 0
         electronic states contribution ... done, cpu time[sec] = 0.013219, elapsed time[sec] = 0
         vibrational modes contribution ... done, cpu time[sec] = 0.071756, elapsed time[sec] = 0
         effective power exponent at 501.099 kcal/mol = 6.40675
      interpolating states number/density done, cpu time[sec] = 6.5176, elapsed time[sec] = 0
   Model::RRHO::RRHO:  done, cpu time[sec] = 6.59625, elapsed time[sec] = 0
   WELL: W2
   Model::RRHO::RRHO:  starts
      Model::new_core:  starts
         Model::RigidRotor::RigidRotor:  starts
            molecular geometry will be used to estimate rotational constants
            rotational configuration: nonlinear
            rotational constants[1/cm]:        0.422405       0.111726      0.0883561
         Model::RigidRotor::RigidRotor:  done, cpu time[sec] = 0.00816, elapsed time[sec] = 0
      Model::new_core:  done, cpu time[sec] = 0.02111, elapsed time[sec] = 0
      ground state energy, kcal/mol:   -1.1
      interpolating states number/density starts
         core state contribution ... done, cpu time[sec] = 0.453116, elapsed time[sec] = 0
         electronic states contribution ... done, cpu time[sec] = 0.012547, elapsed time[sec] = 0
         vibrational modes contribution ... done, cpu time[sec] = 0.063815, elapsed time[sec] = 0
         effective power exponent at 501.099 kcal/mol = 6.40675
      interpolating states number/density done, cpu time[sec] = 5.74433, elapsed time[sec] = 0
   Model::RRHO::RRHO:  done, cpu time[sec] = 5.78543, elapsed time[sec] = 0
   BARRIER: B1
   Model::RRHO::RRHO:  starts
      Model::new_core:  starts
         Model::Rotd::Rotd :  starts
            WARNING: zero number of states energy is not initialized: will try to estimate it from the data
            grid size = 417
            effective power exponent at 59.4694 kcal/mol = 9.64382
            zero number of states energy = 0 1/cm
         Model::Rotd::Rotd :  done, cpu time[sec] = 0.0164, elapsed time[sec] = 0
      Model::new_core:  done, cpu time[sec] = 0.01715, elapsed time[sec] = 0
      ground state energy, kcal/mol:   0
      interpolating states number/density starts
         core state contribution ... done, cpu time[sec] = 0.050821, elapsed time[sec] = 0
         electronic states contribution ... done, cpu time[sec] = 0.000117, elapsed time[sec] = 0
         vibrational modes contribution ... done, cpu time[sec] = 0.000435, elapsed time[sec] = 0
         effective power exponent at 499.998 kcal/mol = 13.4521
      interpolating states number/density done, cpu time[sec] = 0.099047, elapsed time[sec] = 0
   Model::RRHO::RRHO:  done, cpu time[sec] = 0.117179, elapsed time[sec] = 0
   BARRIER: B2
   Model::RRHO::RRHO:  starts
      Model::new_core:  starts
         Model::Rotd::Rotd :  starts
            WARNING: zero number of states energy is not initialized: will try to estimate it from the data
            grid size = 417
            effective power exponent at 59.4694 kcal/mol = 9.64382
            zero number of states energy = 0 1/cm
         Model::Rotd::Rotd :  done, cpu time[sec] = 0.00058, elapsed time[sec] = 0
      Model::new_core:  done, cpu time[sec] = 0.000594, elapsed time[sec] = 0
      ground state energy, kcal/mol:   0
      interpolating states number/density starts
         core state contribution ... done, cpu time[sec] = 0.00524, elapsed time[sec] = 0
         electronic states contribution ... done, cpu time[sec] = 5.3e-05, elapsed time[sec] = 0
         vibrational modes contribution ... done, cpu time[sec] = 0.000205, elapsed time[sec] = 0
         effective power exponent at 499.998 kcal/mol = 13.4521
      interpolating states number/density done, cpu time[sec] = 0.022395, elapsed time[sec] = 0
   Model::RRHO::RRHO:  done, cpu time[sec] = 0.023184, elapsed time[sec] = 0
   BARRIER: B3
   Model::RRHO::RRHO:  starts
      Model::new_core:  starts
         Model::RigidRotor::RigidRotor:  starts
            molecular geometry will be used to estimate rotational constants
            rotational configuration: nonlinear
            rotational constants[1/cm]:        0.422405       0.111726      0.0883561
         Model::RigidRotor::RigidRotor:  done, cpu time[sec] = 3.8e-05, elapsed time[sec] = 0
      Model::new_core:  done, cpu time[sec] = 5.3e-05, elapsed time[sec] = 0
      ground state energy, kcal/mol:   138.5
      interpolating states number/density starts
         core state contribution ... done, cpu time[sec] = 0.001157, elapsed time[sec] = 0
         electronic states contribution ... done, cpu time[sec] = 3.9e-05, elapsed time[sec] = 0
         vibrational modes contribution ... done, cpu time[sec] = 0.000188, elapsed time[sec] = 0
         effective power exponent at 361.5 kcal/mol = 6.40672
      interpolating states number/density done, cpu time[sec] = 0.012898, elapsed time[sec] = 0
   Model::RRHO::RRHO:  done, cpu time[sec] = 0.01311, elapsed time[sec] = 0
   BARRIER: B4
   Model::RRHO::RRHO:  starts
      Model::new_core:  starts
         Model::RigidRotor::RigidRotor:  starts
            molecular geometry will be used to estimate rotational constants
            rotational configuration: nonlinear
            rotational constants[1/cm]:        0.854361       0.198302       0.160945
         Model::RigidRotor::RigidRotor:  done, cpu time[sec] = 1.7e-05, elapsed time[sec] = 0
      Model::new_core:  done, cpu time[sec] = 5.5e-05, elapsed time[sec] = 0
      Model::EckartTunnel::EckartTunnel:  ... done
      ground state energy, kcal/mol:   38.5
      interpolating states number/density starts
         core state contribution ... done, cpu time[sec] = 0.001566, elapsed time[sec] = 0
         electronic states contribution ... done, cpu time[sec] = 5e-05, elapsed time[sec] = 0
         vibrational modes contribution ... done, cpu time[sec] = 0.000248, elapsed time[sec] = 0
         tunneling contribution ...