Wells (G - ground energy, D - dissociation limit, kcal/mol):
      Name        G        D
       W1a     -4.2     -4.2
       W1b     -9.6     -9.6
       W2a     -3.8     -9.6
       W2b     -8.5     -9.6
        W3    -15.5     -2.2

Bimolecular Products (G - ground energy, kcal/mol):
      Name        G
        P1      0.0
        P2    -38.1
        P3    -15.5
        P4    -29.9
        P5      7.8

Well-to-Bimolecular Barriers (H/G - barrier height/well depth, kcal/mol)
      Name        H     Well        G  Product
        B1      0.0      W1a     -4.2       P1
        B2     -1.5      W1b     -9.6       P2
        B3      5.0      W2b     -8.5       P3
        B4      0.0      W2a     -3.8       P1
        B6      5.6       W3    -15.5       P4
        B7      7.8       W3    -15.5       P5

Well-to-Well Barriers (H/G - barrier height/well depth, kcal/mol):
      Name        H     Well       G1     Well       G2
        B5     -2.2      W2b     -8.5       W3    -15.5
        B8     -3.5      W1a     -4.2      W1b     -9.6
        B9     -3.4      W2a     -3.8      W2b     -8.5
       B10     -4.2      W1a     -4.2      W2a     -3.8
       B11     -4.2      W1a     -4.2      W2b     -8.5
       B12     -9.6      W1b     -9.6      W2a     -3.8
       B13     -9.6      W1b     -9.6      W2b     -8.5

________________________________________________________________________________________

Unimolecular Rate Units: 1/sec;  Bimolecular Rate Units: cm^3/sec

______________________________________________________________________________________

Species-Species Rate Tables:

Temperature = 200 K

High Pressure Rate Coefficients:

From\To           W1a          W1b          W2a          W2b           W3           P1           P2           P3           P4           P5
W1a               ***  4.52389e+10     0.989054     0.989054          ***  8.00082e+09          ***          ***          ***          ***
W1b       7.31022e+06          ***     0.991807     0.991807          ***          ***  1.08097e+08          ***          ***          ***
W2a            9.2279      57265.3          ***  1.22524e+11          ***  2.65701e+10          ***          ***          ***          ***
W2b        0.00976292      60.5855  1.29627e+08          ***  3.07897e+06          ***          ***      4420.53          ***          ***
W3                ***          ***          ***    0.0511081          ***          ***          ***          ***   0.00711453  8.85722e-10
P1        2.18894e-10          ***  7.79132e-11          ***          ***          ***          ***          ***          ***          ***
P2                ***  6.49038e-49          ***          ***          ***          ***          ***          ***          ***          ***
P3                ***          ***          ***  7.29534e-30          ***          ***          ***          ***          ***          ***
P4                ***          ***          ***          ***  1.13506e-43          ***          ***          ***          ***          ***
P5                ***          ***          ***          ***  1.72169e-10          ***          ***          ***          ***          ***

Temperature = 200 K    Pressure = 0.1 atm

From\To           W1a          W1b          W2a          W2b           W3           P1           P2           P3           P4           P5
W1a               ***          ***          ***          ***          ***          ***          ***          ***          ***          ***
W1b               ***          ***          ***          ***          ***          ***          ***          ***          ***          ***
W2a               ***          ***          ***          ***          ***          ***          ***          ***          ***          ***
W2b               ***          ***          ***          ***          ***          ***          ***          ***          ***          ***
W3                ***          ***          ***          ***   0.00792728   0.00075162  1.59164e-06  5.75067e-05   0.00711657  7.74411e-25
P1                ***          ***          ***          ***  1.25503e-13   3.4566e-12  3.33007e-12  1.54015e-16  7.33162e-17  1.25234e-19
P2                ***          ***          ***          ***   9.4249e-57  1.18094e-52   1.8111e-49  1.40419e-61  1.10136e-64  2.61815e-73
P3                ***          ***          ***          ***  5.71749e-30  9.17049e-32  2.35767e-36  7.29405e-30  4.19836e-35  8.03745e-39
P4                ***          ***          ***          ***  1.13539e-43  7.00515e-48  2.96738e-55  6.73699e-51  1.13546e-43   3.2714e-54
P5                ***          ***          ***          ***  1.50532e-25  1.45789e-10  8.59451e-24  1.57141e-14  3.98583e-14  1.45844e-10

Temperature = 200 K    Pressure = 1 atm

From\To           W1a          W1b          W2a          W2b           W3           P1           P2           P3           P4           P5
W1a               ***          ***          ***          ***          ***          ***          ***          ***          ***          ***
W1b               ***          ***          ***          ***          ***          ***          ***          ***          ***          ***
W2a               ***          ***          ***          ***          ***          ***          ***          ***          ***          ***
W2b               ***          ***          ***          ***          ***          ***          ***          ***          ***          ***
W3                ***          ***          ***          ***    0.0114171   0.00423275  1.81829e-06  6.57733e-05   0.00711671  1.67881e-26
P1                ***          ***          ***          ***  7.06771e-13  4.62241e-12  3.91156e-12  1.27802e-16  4.97596e-17  1.25286e-19
P2                ***          ***          ***          ***   1.0767e-56  1.38716e-52  3.99782e-49  8.99314e-63  9.53584e-66   2.6194e-73
P3                ***          ***          ***          ***  6.53937e-30  7.60971e-32  1.50997e-37  7.29808e-30  4.43107e-36  8.03011e-39
P4                ***          ***          ***          ***  1.13541e-43  4.75438e-48  2.56922e-56  7.11043e-52  1.13546e-43  3.26789e-54
P5                ***          ***          ***          ***  3.26332e-27   1.4585e-10  8.59863e-24  1.56998e-14  3.98155e-14  1.45905e-10

Temperature = 200 K    Pressure = 4 atm

From\To           W1a          W1b          W2a          W2b           W3           P1           P2           P3           P4           P5
W1a               ***          ***          ***          ***          ***          ***          ***          ***          ***          ***
W1b               ***          ***          ***          ***          ***          ***          ***          ***          ***          ***
W2a               ***          ***          ***          ***          ***          ***          ***          ***          ***          ***
W2b               ***          ***          ***          ***          ***          ***          ***          ***          ***          ***
W3                ***          ***          ***          ***    0.0166225   0.00943887  1.79548e-06  6.50174e-05   0.00711683   9.2343e-21
P1                ***          ***          ***          ***  1.57607e-12  6.87085e-12  5.15237e-12  1.17875e-16  3.13903e-17  1.25458e-19
P2                ***          ***          ***          ***  1.06319e-56  1.82718e-52  5.27297e-49  1.24132e-63  1.71479e-66  2.62034e-73
P3                ***          ***          ***          ***  6.46422e-30  7.01864e-32  2.08419e-38  7.29848e-30  1.08789e-36  8.00538e-39
P4                ***          ***          ***          ***  1.13543e-43  2.99925e-48  4.62012e-57   1.7457e-52  1.13546e-43   3.2561e-54
P5                ***          ***          ***          ***  1.79499e-21   1.4605e-10  8.60171e-24  1.56514e-14  3.96719e-14  1.46105e-10

Temperature = 210 K

High Pressure Rate Coefficients:

From\To           W1a          W1b          W2a          W2b           W3           P1           P2           P3           P4           P5
W1a               ***  5.06834e+10     0.989212     0.989212          ***  1.29562e+10          ***          ***          ***          ***
W1b       1.67677e+07          ***     0.993471     0.993471          ***          ***  1.30359e+08          ***          ***          ***
W2a           8.80614      26732.7          ***  1.32432e+11          ***  4.12023e+10          ***          ***          ***          ***
W2b         0.0176898      53.7009  2.66031e+08          ***  7.51063e+06          ***          ***      6037.89          ***          ***
W3                ***          ***          ***     0.287249          ***          ***          ***          ***    0.0108361  1.57036e-08
P1        2.16774e-10          ***  7.74384e-11          ***          ***          ***          ***          ***          ***          ***
P2                ***  2.28849e-47          ***          ***          ***          ***          ***          ***          ***          ***
P3                ***          ***          ***  2.18237e-29          ***          ***          ***          ***          ***          ***
P4                ***          ***          ***          ***  9.09361e-43          ***          ***          ***          ***          ***
P5                ***          ***          ***          ***  1.67355e-10          ***          ***          ***          ***          ***

Temperature = 210 K    Pressure = 0.1 atm

From\To           W1a          W1b          W2a          W2b           W3           P1           P2           P3           P4           P5
W1a               ***          ***          ***          ***          ***          ***          ***          ***          ***          ***
W1b               ***          ***          ***          ***          ***          ***          ***          ***          ***          ***
W2a               ***          ***          ***          ***          ***          ***          ***          ***          ***          ***
W2b               ***          ***          ***          ***          ***          ***          ***          ***          ***          ***
W3                ***          ***          ***          ***    0.0152068   0.00418089  3.41298e-06  0.000186646    0.0108358  3.70084e-24
P1                ***          ***          ***          ***  1.02278e-13  3.08276e-12  2.97973e-12  1.35989e-16  6.46818e-17  3.17419e-19
P2                ***          ***          ***          ***  2.89823e-55  1.03434e-50  5.38614e-48  5.72558e-60  7.30464e-63  6.53921e-71
P3                ***          ***          ***          ***  1.76392e-29  5.25351e-31  6.37207e-36  2.16289e-29  1.96104e-34  1.35796e-37
P4                ***          ***          ***          ***  9.09336e-43  2.21886e-46  7.21874e-54  1.74136e-49  9.09561e-43  3.07691e-52
P5                ***          ***          ***          ***  3.94403e-26   1.3828e-10  8.20667e-24  1.53133e-14  3.90745e-14  1.38334e-10

Temperature = 210 K    Pressure = 1 atm

From\To           W1a          W1b          W2a          W2b           W3           P1           P2           P3           P4           P5
W1a               ***          ***          ***          ***          ***          ***          ***          ***          ***          ***
W1b               ***          ***          ***          ***          ***          ***          ***          ***          ***          ***
W2a               ***          ***          ***          ***          ***          ***          ***          ***          ***          ***
W2b               ***          ***          ***          ***          ***          ***          ***          ***          ***          ***
W3                ***          ***          ***          ***    0.0352053     0.024162  3.70625e-06  0.000202932    0.0108367  1.18961e-23
P1                ***          ***          ***          ***   5.9108e-13  4.06497e-12  3.47001e-12  1.15028e-16  4.54432e-17  3.17556e-19
P2                ***          ***          ***          ***  3.14727e-55  1.20453e-50  1.27648e-47   3.9861e-61  6.53153e-64  6.54128e-71
P3                ***          ***          ***          ***  1.91783e-29  4.44374e-31  4.43618e-37   2.1642e-29  2.14933e-35  1.35684e-37
P4                ***          ***          ***          ***  9.09404e-43   1.5589e-46  6.45472e-55  1.90855e-50  9.09562e-43  3.07391e-52
P5                ***          ***          ***          ***  1.26779e-25   1.3834e-10  8.20926e-24  1.53007e-14  3.90364e-14  1.38394e-10

Temperature = 210 K    Pressure = 4 atm

From\To           W1a          W1b          W2a          W2b           W3           P1           P2           P3           P4           P5
W1a               ***          ***          ***          ***          ***          ***          ***          ***          ***          ***
W1b               ***          ***          ***          ***          ***          ***          ***          ***          ***          ***
W2a               ***          ***          ***          ***          ***          ***          ***          ***          ***          ***
W2b               ***          ***          ***          ***          ***          ***          ***          ***          ***          ***
W3                ***          ***          ***          ***    0.0660627     0.055023  3.62346e-06  0.000198757    0.0108373  1.91224e-19
P1                ***          ***          ***          ***  1.34604e-12  5.98066e-12   4.4966e-12  1.06626e-16  2.97211e-17  3.18007e-19
P2                ***          ***          ***          ***  3.07697e-55  1.56088e-50  1.76195e-47  5.89313e-62   1.1987e-64  6.54385e-71
P3                ***          ***          ***          ***  1.87838e-29  4.11915e-31  6.55854e-38  2.16434e-29  5.50234e-36  1.35307e-37
P4                ***          ***          ***          ***  9.09458e-43  1.01956e-46   1.1846e-55  4.88595e-51  9.09562e-43  3.06383e-52
P5                ***          ***          ***          ***   2.0379e-21  1.38536e-10  8.21249e-24  1.52581e-14  3.89085e-14   1.3859e-10

Temperature = 220 K

High Pressure Rate Coefficients:

From\To           W1a          W1b          W2a          W2b           W3           P1           P2           P3           P4           P5
W1a               ***  5.62523e+10     0.989328     0.989328          ***  1.99648e+10          ***          ***          ***          ***
W1b       3.57935e+07          ***     0.994846     0.994846          ***          ***  1.57247e+08          ***          ***          ***
W2a           8.44123        13340          ***  1.42301e+11          ***  6.10899e+10          ***          ***          ***          ***
W2b         0.0304641      48.1437  5.13558e+08          ***  1.68919e+07          ***          ***      8126.97          ***          ***
W3                ***          ***          ***      1.37801          ***          ***          ***          ***    0.0166321   2.1482e-07
P1        2.14495e-10          ***  7.69231e-11          ***          ***          ***          ***          ***          ***          ***
P2                ***  5.94529e-46          ***          ***          ***          ***          ***          ***          ***          ***
P3                ***          ***          ***   5.9944e-29          ***          ***          ***          ***          ***          ***
P4                ***          ***          ***          ***  6.32427e-42          ***          ***          ***          ***          ***
P5                ***          ***          ***          ***  1.63103e-10          ***          ***          ***          ***          ***

Temperature = 220 K    Pressure = 0.1 atm

From\To           W1a          W1b          W2a          W2b           W3           P1           P2           P3           P4           P5
W1a               ***          ***          ***          ***          ***          ***          ***          ***          ***          ***
W1b               ***          ***          ***          ***          ***          ***          ***          ***          ***          ***
W2a               ***          ***          ***          ***          ***          ***          ***          ***          ***          ***
W2b               ***          ***          ***          ***          ***          ***          ***          ***          ***          ***
W3                ***          ***          ***          ***    0.0367545    0.0195793  6.71824e-06  0.000544831    0.0166237 -1.41228e-22
P1                ***          ***          ***          ***  8.37386e-14  2.76676e-12  2.68243e-12  1.21324e-16  5.76331e-17   7.3949e-19
P2                ***          ***          ***          ***   6.4341e-54  6.00664e-49  1.22868e-46  1.73935e-58  3.24986e-61  9.89263e-69
P3                ***          ***          ***          ***  4.92609e-29  2.56484e-30  1.64209e-35  5.99431e-29  7.83773e-34  1.77734e-36
P4                ***          ***          ***          ***  6.32104e-42  5.12396e-45  1.29031e-52  3.29618e-48  6.32623e-42  1.91856e-50
P5                ***          ***          ***          *** -1.07228e-25  1.31278e-10  7.84274e-24  1.49251e-14  3.83091e-14  1.31331e-10

Temperature = 220 K    Pressure = 1 atm

From\To           W1a          W1b          W2a          W2b           W3           P1           P2           P3           P4           P5
W1a               ***          ***          ***          ***          ***          ***          ***          ***          ***          ***
W1b               ***          ***          ***          ***          ***          ***          ***          ***          ***          ***
W2a               ***          ***          ***          ***          ***          ***          ***          ***          ***          ***
W2b               ***          ***          ***          ***          ***          ***          ***          ***          ***          ***
W3                ***          ***          ***          ***     0.133223     0.116013  7.06765e-06  0.000574738    0.0166274 -1.25272e-22
P1                ***          ***          ***          ***  4.96177e-13  3.59778e-12  3.09782e-12  1.04397e-16  4.18293e-17  7.39818e-19
P2                ***          ***          ***          ***  6.76873e-54  6.93681e-49  3.02278e-46  1.27893e-59   2.9774e-62  9.89494e-69
P3                ***          ***          ***          ***   5.1965e-29  2.20698e-30  1.20741e-36  5.99806e-29  8.89672e-35  1.77602e-36
P4                ***          ***          ***          ***  6.32248e-42   3.7189e-45  1.18213e-53  3.74154e-49  6.32624e-42  1.91687e-50
P5                ***          ***          ***          *** -9.51131e-26  1.31336e-10  7.84457e-24   1.4914e-14  3.82752e-14  1.31389e-10

Temperature = 220 K    Pressure = 4 atm

From\To           W1a          W1b          W2a          W2b           W3           P1           P2           P3           P4           P5
W1a               ***          ***          ***          ***          ***          ***          ***          ***          ***          ***
W1b               ***          ***          ***          ***          ***          ***          ***          ***          ***          ***
W2a               ***          ***          ***          ***          ***          ***          ***          ***          ***          ***
W2b               ***          ***          ***          ***          ***          ***          ***          ***          ***          ***
W3                ***          ***          ***          ***     0.286834     0.269637  6.86186e-06  0.000559752    0.0166306  2.99078e-18
P1                ***          ***          ***          ***  1.15321e-12    5.236e-12  3.95504e-12  9.71784e-17  2.83204e-17  7.40899e-19
P2                ***          ***          ***          ***  6.57164e-54  8.85634e-49  4.33203e-46  1.99616e-60  5.57074e-63  9.89927e-69
P3                ***          ***          ***          ***    5.061e-29  2.05439e-30  1.88454e-37  5.99846e-29  2.37711e-35  1.77157e-36
P4                ***          ***          ***          ***  6.32368e-42  2.51786e-45  2.21178e-54    9.997e-50  6.32624e-42  1.91117e-50
P5                ***          ***          ***          ***  2.27077e-21  1.31528e-10    7.848e-24  1.48766e-14  3.81615e-14  1.31581e-10

Temperature = 230 K

High Pressure Rate Coefficients:

From\To           W1a          W1b          W2a          W2b           W3           P1           P2           P3           P4           P5
W1a               ***  6.19205e+10     0.989413     0.989413          ***  2.94658e+10          ***          ***          ***          ***
W1b       7.17584e+07          ***     0.995985     0.995985          ***          ***  1.89868e+08          ***          ***          ***
W2a           8.12287      7055.81          ***  1.52108e+11          ***   8.7113e+10          ***          ***          ***          ***
W2b         0.0501838      43.5914  9.39739e+08          ***  3.54031e+07          ***          ***      11075.8          ***          ***
W3                ***          ***          ***      5.76037          ***          ***          ***          ***    0.0257414  2.34447e-06
P1        2.12079e-10          ***  7.63712e-11          ***          ***          ***          ***          ***          ***          ***
P2                ***  1.18528e-44          ***          ***          ***          ***          ***          ***          ***          ***
P3                ***          ***          ***  1.56791e-28          ***          ***          ***          ***          ***          ***
P4                ***          ***          ***          ***  3.89616e-41          ***          ***          ***          ***          ***
P5                ***          ***          ***          ***  1.59324e-10          ***          ***          ***          ***          ***

Temperature = 230 K    Pressure = 0.1 atm

From\To           W1a          W1b          W2a          W2b           W3           P1           P2           P3           P4           P5
W1a               ***          ***          ***          ***          ***          ***          ***          ***          ***          ***
W1b               ***          ***          ***          ***          ***          ***          ***          ***          ***          ***
W2a               ***          ***          ***          ***          ***          ***          ***          ***          ***          ***
W2b               ***          ***          ***          ***          ***          ***          ***          ***          ***          ***
W3                ***          ***          ***          ***     0.106449    0.0792887  1.22374e-05   0.00145807    0.0256904  3.83017e-22
P1                ***          ***          ***          ***  6.91503e-14  2.49872e-12  2.42904e-12  1.09436e-16  5.18362e-17  1.60246e-18
P2                ***          ***          ***          ***  1.07275e-52  2.44154e-47  2.18777e-45  3.64257e-57   1.0128e-59  9.68495e-67
P3                ***          ***          ***          ***  1.26857e-28  1.09173e-29  3.61521e-35  1.56773e-28   2.7321e-33    1.864e-35
P4                ***          ***          ***          ***  3.88845e-41  8.99614e-44  1.74872e-51  4.75298e-47  3.89754e-41  8.37144e-49
P5                ***          ***          ***          ***  2.60289e-26  1.24865e-10  7.50799e-24  1.45596e-14  3.75865e-14  1.24917e-10

Temperature = 230 K    Pressure = 1 atm

From\To           W1a          W1b          W2a          W2b           W3           P1           P2           P3           P4           P5
W1a               ***          ***          ***          ***          ***          ***          ***          ***          ***          ***
W1b               ***          ***          ***          ***          ***          ***          ***          ***          ***          ***
W2a               ***          ***          ***          ***          ***          ***          ***          ***          ***          ***
W2b               ***          ***          ***          ***          ***          ***          ***          ***          ***          ***
W3                ***          ***          ***          ***      0.50793     0.480702  1.26047e-05   0.00151033    0.0257056  6.16866e-22
P1                ***          ***          ***          ***  4.19235e-13  3.20669e-12  2.78352e-12  9.55978e-17  3.87633e-17  1.60319e-18
P2                ***          ***          ***          ***  1.10495e-52  2.79784e-47  5.51203e-45  2.85231e-58  9.42383e-61  9.68695e-67
P3                ***          ***          ***          ***  1.31404e-28  9.53677e-30  2.83089e-36  1.56868e-28  3.20588e-34  1.86275e-35
P4                ***          ***          ***          ***  3.89075e-41  6.72733e-44  1.62713e-52  5.57721e-48  3.89754e-41  8.36471e-49
P5                ***          ***          ***          ***  4.19206e-26  1.24922e-10  7.50954e-24  1.45498e-14  3.75563e-14  1.24974e-10

Temperature = 230 K    Pressure = 4 atm

From\To           W1a          W1b          W2a          W2b           W3           P1           P2           P3           P4           P5
W1a               ***          ***          ***          ***          ***          ***          ***          ***          ***          ***
W1b               ***          ***          ***          ***          ***          ***          ***          ***          ***          ***
W2a               ***          ***          ***          ***          ***          ***          ***          ***          ***          ***
W2b               ***          ***          ***          ***          ***          ***          ***          ***          ***          ***
W3                ***          ***          ***          ***      1.16595      1.13876  1.21703e-05   0.00146575    0.0257189  3.74087e-17
P1                ***          ***          ***          ***  9.93146e-13  4.61626e-12   3.4984e-12  8.93264e-17  2.71086e-17  1.60558e-18
P2                ***          ***          ***          ***  1.06687e-52   3.5164e-47  8.16572e-45  4.71123e-59  1.77643e-61  9.69168e-67
P3                ***          ***          ***          ***  1.27525e-28  8.91114e-30  4.67584e-37  1.56878e-28  8.96062e-35  1.85852e-35
P4                ***          ***          ***          ***  3.89276e-41  4.70467e-44  3.06721e-53  1.55886e-48  3.89754e-41  8.34208e-49
P5                ***          ***          ***          ***   2.5422e-21  1.25109e-10  7.51321e-24  1.45167e-14  3.74547e-14  1.25161e-10

Temperature = 240 K

High Pressure Rate Coefficients:

From\To           W1a          W1b          W2a          W2b           W3           P1           P2           P3           P4           P5
W1a               ***  6.76658e+10     0.989473     0.989473          ***  4.18794e+10          ***          ***          ***          ***
W1b       1.36139e+08          ***     0.996931     0.996931          ***          ***  2.30916e+08          ***          ***          ***
W2a            7.8431      3927.67          ***  1.61838e+11          ***  1.20058e+11          ***          ***          ***          ***
W2b         0.0795032      39.8136   1.6405e+09          ***  6.97627e+07          ***          ***      15146.1          ***          ***
W3                ***          ***          ***      21.3468          ***          ***          ***          ***    0.0401818  2.09908e-05
P1        2.09549e-10          ***  7.57867e-11          ***          ***          ***          ***          ***          ***          ***
P2                ***  1.88649e-43          ***          ***          ***          ***          ***          ***          ***          ***
P3                ***          ***          ***  3.90032e-28          ***          ***          ***          ***          ***          ***
P4                ***          ***          ***          ***  2.16181e-40          ***          ***          ***          ***          ***
P5                ***          ***          ***          ***  1.55947e-10          ***          ***          ***          ***          ***

Temperature = 240 K    Pressure = 0.1 atm

From\To           W1a          W1b          W2a          W2b           W3           P1           P2           P3           P4           P5
W1a               ***          ***          ***          ***          ***          ***          ***          ***          ***          ***
W1b               ***          ***          ***          ***          ***          ***          ***          ***          ***          ***
W2a               ***          ***          ***          ***          ***          ***          ***          ***          ***          ***
W2b               ***          ***          ***          ***          ***          ***          ***          ***          ***          ***
W3                ***          ***          ***          ***     0.325763     0.282165   2.0949e-05   0.00361518    0.0399622  1.03197e-20
P1                ***          ***          ***          ***  5.74247e-14  2.26899e-12  2.21109e-12  1.00245e-16    4.707e-17  3.25512e-18
P2                ***          ***          ***          ***  1.40052e-51  7.26335e-46  2.99274e-44  6.14123e-56  2.45948e-58  6.47123e-65
P3                ***          ***          ***          ***  3.04241e-28  4.14529e-29  7.73068e-35  3.89995e-28  8.71044e-33  1.60873e-34
P4                ***          ***          ***          ***  2.14999e-40  1.24433e-42  1.97926e-50  5.56851e-46  2.16255e-40  2.67016e-47
P5                ***          ***          ***          ***  7.66685e-26  1.18829e-10  7.19135e-24  1.42018e-14  3.68723e-14   1.1888e-10

Temperature = 240 K    Pressure = 1 atm

From\To           W1a          W1b          W2a          W2b           W3           P1           P2           P3           P4           P5
W1a               ***          ***          ***          ***          ***          ***          ***          ***          ***          ***
W1b               ***          ***          ***          ***          ***          ***          ***          ***          ***          ***
W2a               ***          ***          ***          ***          ***          ***          ***          ***          ***          ***
W2b               ***          ***          ***          ***          ***          ***          ***          ***          ***          ***
W3                ***          ***          ***          ***      1.79254      1.74879     2.13e-05   0.00371051    0.0400161  2.06999e-20
P1                ***          ***          ***          ***  3.55904e-13  2.87531e-12  2.51552e-12  8.88635e-17  3.61977e-17  3.25663e-18
P2                ***          ***          ***          ***  1.42399e-51  8.26339e-46  7.86222e-44  5.07648e-57  2.32725e-59  6.47248e-65
P3                ***          ***          ***          ***  3.12264e-28  3.67465e-29  6.39036e-36  3.90226e-28  1.05831e-33  1.60776e-34
P4                ***          ***          ***          ***  2.15289e-40  9.56914e-43  1.87285e-51  6.76566e-47  2.16256e-40  2.66821e-47
P5                ***          ***          ***          ***  1.53787e-25  1.18884e-10  7.19273e-24  1.41932e-14  3.68452e-14  1.18935e-10

Temperature = 240 K    Pressure = 4 atm

From\To           W1a          W1b          W2a          W2b           W3           P1           P2           P3           P4           P5
W1a               ***          ***          ***          ***          ***          ***          ***          ***          ***          ***
W1b               ***          ***          ***          ***          ***          ***          ***          ***          ***          ***
W2a               ***          ***          ***          ***          ***          ***          ***          ***          ***          ***
W2b               ***          ***          ***          ***          ***          ***          ***          ***          ***          ***
W3                ***          ***          ***          ***      4.26281      4.21913  2.04741e-05   0.00359438    0.0400655  3.84685e-16
P1                ***          ***          ***          ***  8.58655e-13  4.09347e-12  3.12127e-12  8.34509e-17  2.61046e-17  3.26159e-18
P2                ***          ***          ***          ***  1.36877e-51  1.02532e-45  1.21085e-43  8.83888e-58  4.44474e-60  6.47594e-65
P3                ***          ***          ***          ***  3.02491e-28  3.45083e-29  1.11265e-36  3.90251e-28  3.10686e-34  1.60445e-34
P4                ***          ***          ***          ***  2.15555e-40  6.90094e-43  3.57691e-52  1.98619e-47  2.16256e-40  2.66163e-47
P5                ***          ***          ***          ***  2.85795e-21  1.19065e-10  7.19658e-24  1.41641e-14  3.67545e-14  1.19116e-10

Temperature = 250 K

High Pressure Rate Coefficients:

From\To           W1a          W1b          W2a          W2b           W3           P1           P2           P3           P4           P5
W1a               ***  7.34679e+10     0.989517     0.989517          ***  5.75839e+10          ***          ***          ***          ***
W1b       2.45991e+08          ***     0.997718     0.997718          ***          ***  2.76075e+08          ***          ***          ***
W2a           7.59563      2287.32          ***  1.71476e+11          ***  1.60579e+11          ***          ***          ***          ***
W2b           0.12168      36.6421  2.74699e+09          ***  1.30217e+08          ***          ***        20788          ***          ***
W3                ***          ***          ***      71.1523          ***          ***          ***          ***    0.0632647  0.000157841
P1        2.06929e-10          ***  7.51741e-11          ***          ***          ***          ***          ***          ***          ***
P2                ***  2.40582e-42          ***          ***          ***          ***          ***          ***          ***          ***
P3                ***          ***          ***  9.28993e-28          ***          ***          ***          ***          ***          ***
P4                ***          ***          ***          ***  1.09527e-39          ***          ***          ***          ***          ***
P5                ***          ***          ***          ***  1.52915e-10          ***          ***          ***          ***          ***

Temperature = 250 K    Pressure = 0.1 atm

From\To           W1a          W1b          W2a          W2b           W3           P1           P2           P3           P4           P5
W1a               ***          ***          ***          ***          ***          ***          ***          ***          ***          ***
W1b               ***          ***          ***          ***          ***          ***          ***          ***          ***          ***
W2a               ***          ***          ***          ***          ***          ***          ***          ***          ***          ***
W2b               ***          ***          ***          ***          ***          ***          ***          ***          ***          ***
W3                ***          ***          ***          ***     0.967272     0.896362  3.42694e-05   0.00840273    0.0624739 -1.00658e-20
P1                ***          ***          ***          ***  4.79387e-14  2.07225e-12  2.02385e-12  9.25404e-17  4.31425e-17  6.24855e-18
P2                ***          ***          ***          ***  1.48815e-50  1.64329e-44  3.43521e-43  8.21458e-55  4.43308e-57  3.09021e-63
P3                ***          ***          ***          ***  6.87223e-28  1.41516e-28  1.54712e-34  9.28914e-28  2.46095e-32  1.16971e-33
P4                ***          ***          ***          ***  1.08158e-39  1.39657e-41  1.76736e-49  5.20937e-45  1.09567e-39  6.46472e-46
P5                ***          ***          ***          *** -9.75167e-27  1.13189e-10   6.8941e-24  1.38558e-14  3.61759e-14  1.13239e-10

Temperature = 250 K    Pressure = 1 atm

From\To           W1a          W1b          W2a          W2b           W3           P1           P2           P3           P4           P5
W1a               ***          ***          ***          ***          ***          ***          ***          ***          ***          ***
W1b               ***          ***          ***          ***          ***          ***          ***          ***          ***          ***
W2a               ***          ***          ***          ***          ***          ***          ***          ***          ***          ***
W2b               ***          ***          ***          ***          ***          ***          ***          ***          ***          ***
W3                ***          ***          ***          ***      5.73933      5.66808  3.44688e-05   0.00857541    0.0626454  1.23158e-19
P1                ***          ***          ***          ***  3.03137e-13  2.59304e-12  2.28566e-12   8.3016e-17  3.40484e-17  6.25147e-18
P2                ***          ***          ***          ***  1.49681e-50  1.85587e-44  9.25336e-43   7.0688e-56  4.18478e-58  3.09081e-63
P3                ***          ***          ***          ***  7.01346e-28  1.26951e-28  1.33132e-35  9.29411e-28  3.08992e-33  1.16907e-33
P4                ***          ***          ***          ***  1.08455e-39  1.10218e-41  1.66837e-50  6.54079e-46  1.09568e-39  6.46041e-46
P5                ***          ***          ***          ***  1.19314e-25  1.13242e-10  6.89546e-24  1.38482e-14  3.61518e-14  1.13292e-10

Temperature = 250 K    Pressure = 4 atm

From\To           W1a          W1b          W2a          W2b           W3           P1           P2           P3           P4           P5
W1a               ***          ***          ***          ***          ***          ***          ***          ***          ***          ***
W1b               ***          ***          ***          ***          ***          ***          ***          ***          ***          ***
W2a               ***          ***          ***          ***          ***          ***          ***          ***          ***          ***
W2b               ***          ***          ***          ***          ***          ***          ***          ***          ***          ***
W3                ***          ***          ***          ***      13.9877      13.9166  3.30003e-05   0.00830202    0.0628085   3.3308e-15
P1                ***          ***          ***          ***   7.4428e-13  3.64924e-12  2.79142e-12  7.82206e-17  2.52804e-17  6.26113e-18
P2                ***          ***          ***          ***  1.43304e-50  2.26653e-44  1.47174e-42  1.27883e-56  7.92567e-59  3.09261e-63
P3                ***          ***          ***          ***  6.78986e-28  1.19618e-28  2.40853e-36  9.29467e-28  9.58539e-34   1.1669e-33
P4                ***          ***          ***          ***  1.08737e-39  8.18352e-42  3.15978e-51  2.02905e-46  1.09568e-39  6.44594e-46
P5                ***          ***          ***          ***  3.22685e-21  1.13417e-10  6.89947e-24  1.38225e-14  3.60708e-14  1.13467e-10

Temperature = 260 K

High Pressure Rate Coefficients:

From\To           W1a          W1b          W2a          W2b           W3           P1           P2           P3           P4           P5
W1a               ***  7.93092e+10     0.989546     0.989546          ***  7.68972e+10          ***          ***          ***          ***
W1b       4.25645e+08          ***     0.998374     0.998374          ***          ***  3.33049e+08          ***          ***          ***
W2a           7.37543       1386.5          ***  1.81009e+11          ***  2.09171e+11          ***          ***          ***          ***
W2b          0.180607      33.9522  4.43248e+09          ***  2.31692e+08          ***          ***      28623.9          ***          ***
W3                ***          ***          ***      215.943          ***          ***          ***          ***     0.100473   0.00101684
P1        2.04238e-10          ***  7.45378e-11          ***          ***          ***          ***          ***          ***          ***
P2                ***  2.58371e-41          ***          ***          ***          ***          ***          ***          ***          ***
P3                ***          ***          ***  2.12943e-27          ***          ***          ***          ***          ***          ***
P4                ***          ***          ***          ***  5.12626e-39          ***          ***          ***          ***          ***
P5                ***          ***          ***          ***  1.50179e-10          ***          ***          ***          ***          ***

Temperature = 260 K    Pressure = 0.1 atm

From\To           W1a          W1b          W2a          W2b           W3           P1           P2           P3           P4           P5
W1a               ***          ***          ***          ***          ***          ***          ***          ***          ***          ***
W1b               ***          ***          ***          ***          ***          ***          ***          ***          ***          ***
W2a               ***          ***          ***          ***          ***          ***          ***          ***          ***          ***
W2b               ***          ***          ***          ***          ***          ***          ***          ***          ***          ***
W3                ***          ***          ***          ***      2.69635      2.57998  5.36929e-05    0.0183813    0.0979344 -5.54972e-21
P1                ***          ***          ***          ***  4.02825e-14  1.90175e-12  1.86101e-12  8.65476e-17   3.9898e-17  1.13975e-17
P2                ***          ***          ***          ***  1.31417e-49  2.91732e-43  3.43734e-42  8.89219e-54  6.51806e-56   1.0953e-61
P3                ***          ***          ***          ***  1.46718e-27  4.42448e-28  2.89989e-34   2.1298e-27   6.4709e-32  7.30353e-33
P4                ***          ***          ***          ***  4.99673e-39  1.30377e-40  1.35874e-48  4.13626e-44  5.12829e-39  1.22571e-44
P5                ***          ***          ***          *** -8.19643e-28  1.07811e-10  6.60927e-24  1.35139e-14  3.54806e-14   1.0786e-10

Temperature = 260 K    Pressure = 1 atm

From\To           W1a          W1b          W2a          W2b           W3           P1           P2           P3           P4           P5
W1a               ***          ***          ***          ***          ***          ***          ***          ***          ***          ***
W1b               ***          ***          ***          ***          ***          ***          ***          ***          ***          ***
W2a               ***          ***          ***          ***          ***          ***          ***          ***          ***          ***
W2b               ***          ***          ***          ***          ***          ***          ***          ***          ***          ***
W3                ***          ***          ***          ***      16.7438      16.6266  5.36162e-05    0.0187313    0.0984277  9.29849e-19
P1                ***          ***          ***          ***  2.59599e-13  2.35178e-12  2.08772e-12  7.85345e-17  3.22536e-17  1.14029e-17
P2                ***          ***          ***          ***  1.31229e-49   3.2727e-43  9.25111e-42  7.93272e-55  6.14846e-57  1.09552e-61
P3                ***          ***          ***          ***  1.49512e-27  4.01483e-28  2.58699e-35  2.13083e-27  8.43077e-33  7.29991e-33
P4                ***          ***          ***          ***   5.0219e-39  1.05397e-40  1.28169e-49  5.38903e-45  5.12833e-39  1.22497e-44
P5                ***          ***          ***          ***   1.3733e-25  1.07862e-10  6.61061e-24  1.35072e-14  3.54591e-14  1.07911e-10

Temperature = 260 K    Pressure = 4 atm

From\To           W1a          W1b          W2a          W2b           W3           P1           P2           P3           P4           P5
W1a               ***          ***          ***          ***          ***          ***          ***          ***          ***          ***
W1b               ***          ***          ***          ***          ***          ***          ***          ***          ***          ***
W2a               ***          ***          ***          ***          ***          ***          ***          ***          ***          ***
W2b               ***          ***          ***          ***          ***          ***          ***          ***          ***          ***
W3                ***          ***          ***          ***      41.6201       41.503  5.11442e-05    0.0181415    0.0989147  2.31597e-14
P1                ***          ***          ***          ***  6.48007e-13  3.27232e-12  2.51485e-12  7.43099e-17    2.461e-17  1.14207e-17
P2                ***          ***          ***          ***  1.25179e-49  3.94227e-43  1.50417e-41  1.49097e-55  1.15894e-57  1.09621e-61
P3                ***          ***          ***          ***  1.44804e-27  3.79887e-28  4.86231e-36  2.13095e-27  2.78341e-33  7.28765e-33
P4                ***          ***          ***          ***  5.04675e-39  8.04197e-41  2.41588e-50  1.77918e-45  5.12834e-39  1.22247e-44
P5                ***          ***          ***          ***  3.42047e-21   1.0803e-10  6.61473e-24  1.34845e-14  3.53867e-14  1.08079e-10

Temperature = 270 K

High Pressure Rate Coefficients:

From\To           W1a          W1b          W2a          W2b           W3           P1           P2           P3           P4           P5
W1a               ***  8.51738e+10     0.989566     0.989566          ***  1.00063e+11          ***          ***          ***          ***
W1b        7.0858e+08          ***     0.998923     0.998923          ***          ***  4.01885e+08          ***          ***          ***
W2a           7.17846      871.035          ***  1.90427e+11          ***  2.66152e+11          ***          ***          ***          ***
W2b          0.260834      31.6497  6.91931e+09          ***  3.95085e+08          ***          ***      39558.4          ***          ***
W3                ***          ***          ***      602.998          ***          ***          ***          ***     0.160938   0.00570823
P1        2.01498e-10          ***  7.38821e-11          ***          ***          ***          ***          ***          ***          ***
P2                ***   2.3635e-40          ***          ***          ***          ***          ***          ***          ***          ***
P3                ***          ***          ***   4.7214e-27          ***          ***          ***          ***          ***          ***
P4                ***          ***          ***          ***  2.23818e-38          ***          ***          ***          ***          ***
P5                ***          ***          ***          ***    1.477e-10          ***          ***          ***          ***          ***

Temperature = 270 K    Pressure = 0.1 atm

From\To           W1a          W1b          W2a          W2b           W3           P1           P2           P3           P4           P5
W1a               ***          ***          ***          ***          ***          ***          ***          ***          ***          ***
W1b               ***          ***          ***          ***          ***          ***          ***          ***          ***          ***
W2a               ***          ***          ***          ***          ***          ***          ***          ***          ***          ***
W2b               ***          ***          ***          ***          ***          ***          ***          ***          ***          ***
W3                ***          ***          ***          ***       6.9774      6.78577  8.09901e-05    0.0380654     0.153495 -4.59862e-18
P1                ***          ***          ***          ***  3.39664e-14  1.75327e-12  1.71883e-12  8.17686e-17  3.72269e-17  1.98889e-17
P2                ***          ***          ***          ***  9.84968e-49  4.17612e-42  2.96567e-41  7.64238e-53   7.7854e-55  2.98142e-60
P3                ***          ***          ***          ***  2.97671e-27  1.27745e-27  4.91411e-34  4.72139e-27  1.57554e-31  3.98472e-32
P4                ***          ***          ***          ***  2.13466e-38  1.03429e-39  8.90281e-48  2.80195e-43  2.23907e-38  1.87076e-43
P5                ***          ***          ***          *** -1.18989e-25  1.02811e-10  6.34323e-24  1.31847e-14  3.48065e-14  1.02859e-10

Temperature = 270 K    Pressure = 1 atm

From\To           W1a          W1b          W2a          W2b           W3           P1           P2           P3           P4           P5
W1a               ***          ***          ***          ***          ***          ***          ***          ***          ***          ***
W1b               ***          ***          ***          ***          ***          ***          ***          ***          ***          ***
W2a               ***          ***          ***          ***          ***          ***          ***          ***          ***          ***
W2b               ***          ***          ***          ***          ***          ***          ***          ***          ***          ***
W3                ***          ***          ***          ***      44.7231      44.5295  8.04389e-05     0.038829     0.154793  4.64043e-18
P1                ***          ***          ***          ***  2.22894e-13  2.14334e-12  1.91565e-12  7.49571e-17  3.07788e-17  1.98983e-17
P2                ***          ***          ***          ***  9.78265e-49  4.65432e-42  7.93582e-41  7.15207e-54  7.29756e-56  2.98204e-60
P3                ***          ***          ***          ***  3.03642e-27  1.17103e-27  4.59884e-35  4.72335e-27  2.13758e-32  3.98293e-32
P4                ***          ***          ***          ***  2.15272e-38  8.55143e-40  8.34496e-49  3.80148e-44   2.2391e-38  1.86973e-43
P5                ***          ***          ***          ***   1.2007e-25   1.0286e-10  6.34456e-24  1.31787e-14  3.47873e-14  1.02908e-10

Temperature = 270 K    Pressure = 4 atm

From\To           W1a          W1b          W2a          W2b           W3           P1           P2           P3           P4           P5
W1a               ***          ***          ***          ***          ***          ***          ***          ***          ***          ***
W1b               ***          ***          ***          ***          ***          ***          ***          ***          ***          ***
W2a               ***          ***          ***          ***          ***          ***          ***          ***          ***          ***
W2b               ***          ***          ***          ***          ***          ***          ***          ***          ***          ***
W3                ***          ***          ***          ***      113.145      112.952  7.64747e-05    0.0376587     0.156121  1.52382e-13
P1                ***          ***          ***          ***  5.65383e-13  2.94809e-12   2.2761e-12  7.11981e-17   2.4099e-17  1.99297e-17
P2                ***          ***          ***          ***  9.30053e-49  5.53007e-42  1.31487e-40  1.40043e-54  1.36076e-56    2.984e-60
P3                ***          ***          ***          ***  2.94491e-27  1.11231e-27   9.0049e-36  4.72358e-27  7.57503e-33  3.97688e-32
P4                ***          ***          ***          ***  2.17118e-38  6.69555e-40  1.55606e-49  1.34714e-44   2.2391e-38  1.86625e-43
P5                ***          ***          ***          ***  3.94286e-21  1.03021e-10  6.34873e-24  1.31587e-14  3.47225e-14  1.03069e-10

Temperature = 280 K

High Pressure Rate Coefficients:

From\To           W1a          W1b          W2a          W2b           W3           P1           P2           P3           P4           P5
W1a               ***  9.10478e+10     0.989579     0.989579          ***  1.27244e+11          ***          ***          ***          ***
W1b       1.13942e+09          ***     0.999384     0.999384          ***          ***  4.84311e+08          ***          ***          ***
W2a           7.00143      565.009          ***  1.99724e+11          ***  3.31661e+11          ***          ***          ***          ***
W2b          0.367567      29.6623  1.04853e+10          ***  6.48633e+08          ***          ***      54798.8          ***          ***
W3                ***          ***          ***      1563.15          ***          ***          ***          ***     0.259928    0.0283326
P1        1.98726e-10          ***   7.3211e-11          ***          ***          ***          ***          ***          ***          ***
P2                ***  1.87068e-39          ***          ***          ***          ***          ***          ***          ***          ***
P3                ***          ***          ***  1.01531e-26          ***          ***          ***          ***          ***          ***
P4                ***          ***          ***          ***  9.19033e-38          ***          ***          ***          ***          ***
P5                ***          ***          ***          ***  1.45446e-10          ***          ***          ***          ***          ***

Temperature = 280 K    Pressure = 0.1 atm

From\To           W1a          W1b          W2a          W2b           W3           P1           P2           P3           P4           P5
W1a               ***          ***          ***          ***          ***          ***          ***          ***          ***          ***
W1b               ***          ***          ***          ***          ***          ***          ***          ***          ***          ***
W2a               ***          ***          ***          ***          ***          ***          ***          ***          ***          ***
W2b               ***          ***          ***          ***          ***          ***          ***          ***          ***          ***
W3                ***          ***          ***          ***      16.8269      16.5122  0.000118329    0.0749255     0.239749  -2.2363e-18
P1                ***          ***          ***          ***  2.88093e-14  1.62333e-12  1.59404e-12  7.81482e-17  3.50609e-17  3.33467e-17
P2                ***          ***          ***          ***  6.38982e-48  4.93366e-41  2.32048e-40  5.78181e-52  7.92359e-54   6.4086e-59
P3                ***          ***          ***          ***   5.7604e-27   3.4436e-27  8.23166e-34  1.01553e-26  3.63602e-31  1.92674e-31
P4                ***          ***          ***          ***  8.47684e-38  7.10512e-39  5.18801e-47  1.67217e-42  9.19396e-38   2.3519e-42
P5                ***          ***          ***          ***   -1.148e-26  9.81152e-11  6.09224e-24  1.28651e-14  3.41472e-14  9.81622e-11

Temperature = 280 K    Pressure = 1 atm

From\To           W1a          W1b          W2a          W2b           W3           P1           P2           P3           P4           P5
W1a               ***          ***          ***          ***          ***          ***          ***          ***          ***          ***
W1b               ***          ***          ***          ***          ***          ***          ***          ***          ***          ***
W2a               ***          ***          ***          ***          ***          ***          ***          ***          ***          ***
W2b               ***          ***          ***          ***          ***          ***          ***          ***          ***          ***
W3                ***          ***          ***          ***      110.557      110.237  0.000117114    0.0766694     0.242906  4.13548e-17
P1                ***          ***          ***          ***  1.92335e-13   1.9632e-12  1.76569e-12  7.23825e-17  2.95916e-17  3.33626e-17
P2                ***          ***          ***          ***  6.32423e-48  5.46491e-41  6.04718e-40   5.6083e-53  7.41739e-55  6.40998e-59
P3                ***          ***          ***          ***  5.89447e-27  3.18953e-27  7.98463e-35   1.0159e-26  5.19489e-32  1.92596e-31
P4                ***          ***          ***          ***  8.58847e-38  5.99677e-39  4.85657e-48  2.38909e-43  9.19412e-38  2.35071e-42
P5                ***          ***          ***          ***  2.12294e-25  9.81622e-11  6.09356e-24  1.28599e-14  3.41299e-14  9.82092e-11

Temperature = 280 K    Pressure = 4 atm

From\To           W1a          W1b          W2a          W2b           W3           P1           P2           P3           P4           P5
W1a               ***          ***          ***          ***          ***          ***          ***          ***          ***          ***
W1b               ***          ***          ***          ***          ***          ***          ***          ***          ***          ***
W2a               ***          ***          ***          ***          ***          ***          ***          ***          ***          ***
W2b               ***          ***          ***          ***          ***          ***          ***          ***          ***          ***
W3                ***          ***          ***          ***      284.201      283.881  0.000110984    0.0745159     0.246246   8.7274e-13
P1                ***          ***          ***          ***  4.95297e-13  2.67018e-12  2.06777e-12  6.90839e-17  2.37325e-17  3.34154e-17
P2                ***          ***          ***          ***  5.99321e-48  6.39987e-41  1.00977e-39  1.13496e-53  1.36637e-55  6.41439e-59
P3                ***          ***          ***          ***   5.7289e-27  3.04418e-27  1.61586e-35  1.01594e-26  1.99078e-32   1.9233e-31
P4                ***          ***          ***          ***  8.70658e-38  4.80941e-39  8.94639e-49   9.1554e-44  9.19414e-38  2.34672e-42
P5                ***          ***          ***          ***  4.48021e-21  9.83175e-11  6.09774e-24  1.28422e-14  3.40719e-14  9.83644e-11

Temperature = 290 K

High Pressure Rate Coefficients:

From\To           W1a          W1b          W2a          W2b           W3           P1           P2           P3           P4           P5
W1a               ***  9.69189e+10     0.989586     0.989586          ***  1.58514e+11          ***          ***          ***          ***
W1b       1.77596e+09          ***      0.99977      0.99977          ***          ***  5.84144e+08          ***          ***          ***
W2a           6.84164      377.209          ***  2.08891e+11          ***   4.0566e+11          ***          ***          ***          ***
W2b          0.506655      27.9341  1.54693e+10          ***  1.02933e+09          ***          ***      76077.8          ***          ***
W3                ***          ***          ***       3790.9          ***          ***          ***          ***      0.42306     0.125913
P1        1.95938e-10          ***  7.25285e-11          ***          ***          ***          ***          ***          ***          ***
P2                ***   1.3031e-38          ***          ***          ***          ***          ***          ***          ***          ***
P3                ***          ***          ***  2.12455e-26          ***          ***          ***          ***          ***          ***
P4                ***          ***          ***          ***  3.57295e-37          ***          ***          ***          ***          ***
P5                ***          ***          ***          ***  1.43389e-10          ***          ***          ***          ***          ***

Temperature = 290 K    Pressure = 0.1 atm

From\To           W1a          W1b          W2a          W2b           W3           P1           P2           P3           P4           P5
W1a               ***          ***          ***          ***          ***          ***          ***          ***          ***          ***
W1b               ***          ***          ***          ***          ***          ***          ***          ***          ***          ***
W2a               ***          ***          ***          ***          ***          ***          ***          ***          ***          ***
W2b               ***          ***          ***          ***          ***          ***          ***          ***          ***          ***
W3                ***          ***          ***          ***       37.988      37.4753  0.000167531     0.140645     0.371933  1.89315e-18
P1                ***          ***          ***          ***  2.45669e-14  1.50959e-12  1.48449e-12  7.52618e-17  3.32846e-17  5.39105e-17
P2                ***          ***          ***          ***  3.63188e-47  4.90917e-40  1.65277e-39  3.87599e-51  6.68024e-53  1.11412e-57
P3                ***          ***          ***          ***  1.06646e-26  8.70544e-27  1.35571e-33  2.12539e-26  7.75732e-31   8.3575e-31
P4                ***          ***          ***          ***  3.14115e-37  4.28809e-38  2.60244e-46  8.64005e-42  3.57438e-37  2.48405e-41
P5                ***          ***          ***          ***  2.15589e-27  9.36508e-11  5.85247e-24  1.25516e-14  3.34948e-14  9.36969e-11

Temperature = 290 K    Pressure = 1 atm

From\To           W1a          W1b          W2a          W2b           W3           P1           P2           P3           P4           P5
W1a               ***          ***          ***          ***          ***          ***          ***          ***          ***          ***
W1b               ***          ***          ***          ***          ***          ***          ***          ***          ***          ***
W2a               ***          ***          ***          ***          ***          ***          ***          ***          ***          ***
W2b               ***          ***          ***          ***          ***          ***          ***          ***          ***          ***
W3                ***          ***          ***          ***      254.633       254.11  0.000165434     0.144607     0.379095  4.28509e-16
P1                ***          ***          ***          ***  1.66581e-13  1.80693e-12  1.63445e-12  7.02811e-17  2.86317e-17  5.39364e-17
P2                ***          ***          ***          ***  3.58643e-47  5.40511e-40  4.13267e-39  3.83789e-52  6.14662e-54  1.11437e-57
P3                ***          ***          ***          ***   1.0965e-26  8.12933e-27  1.34238e-34  2.12604e-26  1.17397e-31  8.35442e-31
P4                ***          ***          ***          ***  3.20165e-37  3.68865e-38  2.39455e-47  1.30756e-42  3.57447e-37   2.4829e-41
P5                ***          ***          ***          ***   4.8798e-25  9.36958e-11  5.85377e-24  1.25469e-14  3.34793e-14  9.37419e-11

Temperature = 290 K    Pressure = 4 atm

From\To           W1a          W1b          W2a          W2b           W3           P1           P2           P3           P4           P5
W1a               ***          ***          ***          ***          ***          ***          ***          ***          ***          ***
W1b               ***          ***          ***          ***          ***          ***          ***          ***          ***          ***
W2a               ***          ***          ***          ***          ***          ***          ***          ***          ***          ***
W2b               ***          ***          ***          ***          ***          ***          ***          ***          ***          ***
W3                ***          ***          ***          ***      664.327      663.802  0.000156311     0.140961     0.386915  4.25607e-12
P1                ***          ***          ***          ***  4.35153e-13  2.43092e-12  1.88684e-12  6.73044e-17  2.34816e-17  5.40221e-17
P2                ***          ***          ***          ***  3.38865e-47  6.23976e-40  6.89363e-39  7.92912e-53  1.10314e-54  1.11516e-57
P3                ***          ***          ***          ***  1.06885e-26  7.78502e-27  2.77338e-35  2.12611e-26  4.91602e-32  8.34399e-31
P4                ***          ***          ***          ***  3.26768e-37  3.02516e-38  4.29752e-48  5.47542e-43  3.57447e-37  2.47904e-41
P5                ***          ***          ***          ***  4.84675e-21  9.38446e-11  5.85794e-24  1.25313e-14  3.34272e-14  9.38906e-11

Temperature = 300 K

High Pressure Rate Coefficients:

From\To           W1a          W1b          W2a          W2b           W3           P1           P2           P3           P4           P5
W1a               ***  1.02776e+11      0.98959      0.98959          ***  1.93865e+11          ***          ***          ***          ***
W1b       2.69122e+09          ***       1.0001       1.0001          ***          ***  7.01162e+08          ***          ***          ***
W2a           6.69682      258.463          ***  2.17924e+11          ***  4.87947e+11          ***          ***          ***          ***
W2b           0.68457      26.4209  2.22769e+10          ***  1.58431e+09          ***          ***       105772          ***          ***
W3                ***          ***          ***       8658.4          ***          ***          ***          ***     0.693361     0.506516
P1         1.9315e-10          ***   7.1838e-11          ***          ***          ***          ***          ***          ***          ***
P2                ***  8.04671e-38          ***          ***          ***          ***          ***          ***          ***          ***
P3                ***          ***          ***  4.33557e-26          ***          ***          ***          ***          ***          ***
P4                ***          ***          ***          ***  1.32241e-36          ***          ***          ***          ***          ***
P5                ***          ***          ***          ***  1.41505e-10          ***          ***          ***          ***          ***

Temperature = 300 K    Pressure = 0.1 atm

From\To           W1a          W1b          W2a          W2b           W3           P1           P2           P3           P4           P5
W1a               ***          ***          ***          ***          ***          ***          ***          ***          ***          ***
W1b               ***          ***          ***          ***          ***          ***          ***          ***          ***          ***
W2a               ***          ***          ***          ***          ***          ***          ***          ***          ***          ***
W2b               ***          ***          ***          ***          ***          ***          ***          ***          ***          ***
W3                ***          ***          ***          ***      80.4718      79.6477  0.000231362     0.252918      0.57133   7.9889e-17
P1                ***          ***          ***          ***  2.09898e-14  1.40909e-12  1.38752e-12  7.32168e-17  3.18903e-17  8.43709e-17
P2                ***          ***          ***          ***  1.83903e-46  4.18506e-39  1.07741e-38  2.19142e-50  4.94248e-52   1.6005e-56
P3                ***          ***          ***          ***  1.89696e-26  2.08379e-26   2.0678e-33   4.3376e-26  1.59119e-30  3.28775e-30
P4                ***          ***          ***          ***  1.08966e-36  2.30797e-37  1.18591e-45  4.04622e-41  1.32294e-36  2.24296e-40
P5                ***          ***          ***          ***  2.23185e-26  8.94409e-11   5.6252e-24  1.22461e-14  3.28544e-14   8.9486e-11

Temperature = 300 K    Pressure = 1 atm

From\To           W1a          W1b          W2a          W2b           W3           P1           P2           P3           P4           P5
W1a               ***          ***          ***          ***          ***          ***          ***          ***          ***          ***
W1b               ***          ***          ***          ***          ***          ***          ***          ***          ***          ***
W2a               ***          ***          ***          ***          ***          ***          ***          ***          ***          ***
W2b               ***          ***          ***          ***          ***          ***          ***          ***          ***          ***
W3                ***          ***          ***          ***      549.265       548.42  0.000228084     0.261455     0.586555  2.54052e-15
P1                ***          ***          ***          ***  1.44526e-13   1.6698e-12  1.51925e-12  6.89419e-17   2.7917e-17  8.44114e-17
P2                ***          ***          ***          ***  1.81297e-46  4.58239e-39  2.54183e-38  2.23296e-51  4.54884e-53  1.60087e-56
P3                ***          ***          ***          ***  1.96099e-26  1.96213e-26  2.10699e-34   4.3387e-26  2.58627e-31  3.28666e-30
P4                ***          ***          ***          ***   1.1187e-36  2.02041e-37  1.09146e-46  6.57657e-42  1.32298e-36  2.24201e-40
P5                ***          ***          ***          ***  7.09742e-25  8.94838e-11  5.62647e-24   1.2242e-14  3.28405e-14  8.95289e-11

Temperature = 300 K    Pressure = 4 atm

From\To           W1a          W1b          W2a          W2b           W3           P1           P2           P3           P4           P5
W1a               ***          ***          ***          ***          ***          ***          ***          ***          ***          ***
W1b               ***          ***          ***          ***          ***          ***          ***          ***          ***          ***
W2a               ***          ***          ***          ***          ***          ***          ***          ***          ***          ***
W2b               ***          ***          ***          ***          ***          ***          ***          ***          ***          ***
W3                ***          ***          ***          ***      1453.77      1452.92  0.000214906     0.255782     0.603695  1.92213e-11
P1                ***          ***          ***          ***  3.82892e-13  2.22121e-12  1.73601e-12   6.6291e-17  2.33795e-17  8.45454e-17
P2                ***          ***          ***          ***  1.70822e-46  5.23619e-39  4.20795e-38  4.75395e-52  8.12205e-54  1.60204e-56
P3                ***          ***          ***          ***  1.91844e-26  1.88668e-26  4.48576e-35  4.33884e-26  1.18824e-31  3.28294e-30
P4                ***          ***          ***          ***  1.15139e-36  1.69202e-37  1.94883e-47  3.02156e-42  1.32298e-36  2.23882e-40
P5                ***          ***          ***          ***  5.36984e-21  8.96259e-11  5.63059e-24  1.22282e-14  3.27939e-14  8.96709e-11

Temperature = 310 K

High Pressure Rate Coefficients:

From\To           W1a          W1b          W2a          W2b           W3           P1           P2           P3           P4           P5
W1a               ***  1.08611e+11      0.98959      0.98959          ***   2.3321e+11          ***          ***          ***          ***
W1b       3.97535e+09          ***      1.00037      1.00037          ***          ***  8.41328e+08          ***          ***          ***
W2a            6.5651      181.319          ***  2.26819e+11          ***  5.78174e+11          ***          ***          ***          ***
W2b          0.908364      25.0878  3.13832e+10          ***   2.3722e+09          ***          ***       147120          ***          ***
W3                ***          ***          ***      18733.1          ***          ***          ***          ***      1.14296      1.86203
P1        1.90373e-10          ***  7.11429e-11          ***          ***          ***          ***          ***          ***          ***
P2                ***  4.47437e-37          ***          ***          ***          ***          ***          ***          ***          ***
P3                ***          ***          ***  8.64211e-26          ***          ***          ***          ***          ***          ***
P4                ***          ***          ***          ***  4.67974e-36          ***          ***          ***          ***          ***
P5                ***          ***          ***          ***  1.39776e-10          ***          ***          ***          ***          ***

Temperature = 310 K    Pressure = 0.1 atm

From\To           W1a          W1b          W2a          W2b           W3           P1           P2           P3           P4           P5
W1a               ***          ***          ***          ***          ***          ***          ***          ***          ***          ***
W1b               ***          ***          ***          ***          ***          ***          ***          ***          ***          ***
W2a               ***          ***          ***          ***          ***          ***          ***          ***          ***          ***
W2b               ***          ***          ***          ***          ***          ***          ***          ***          ***          ***
W3                ***          ***          ***          ***      161.672      160.371   0.00031138     0.435656     0.866683  1.85745e-15
P1                ***          ***          ***          ***    1.806e-14  1.32055e-12   1.3018e-12  7.17397e-17   3.0775e-17  1.28195e-16
P2                ***          ***          ***          ***  8.36171e-46  3.10423e-38  6.67777e-38  1.10839e-49  3.11069e-51  1.93492e-55
P3                ***          ***          ***          ***  3.24065e-26  4.73863e-26  3.07026e-33