    E, kcal/mol    D, mol/kcal         W1->W2         W1->P1         W1->P2
              0    9.64631e+06              0              0     1.6491e-28
              1    4.81044e+07              0    1.20796e+12    1.65795e-26
              2    1.54532e+08              0    4.54011e+12    6.44991e-25
              3    3.77143e+08              0    1.09813e+13    1.64711e-23
              4    8.09519e+08              0    2.11849e+13    3.08652e-22
              5    1.55952e+09              0    3.67446e+13    4.73351e-21
              6    2.79465e+09              0    5.92227e+13    6.18379e-20
              7    4.73038e+09              0    9.08392e+13    7.11645e-19
              8    7.65075e+09              0    1.34172e+14    7.37649e-18
              9     1.1935e+10              0    1.92103e+14     6.9911e-17
             10    1.80238e+10              0    2.68727e+14    6.14795e-16
             11    2.65126e+10              0    3.68139e+14      5.057e-15
             12    3.80809e+10              0    4.95952e+14    3.92522e-14
             13    5.35867e+10              0    6.58266e+14     2.8917e-13
             14    7.40454e+10              0     8.6245e+14    2.03247e-12
             15    1.00655e+11              0    1.11718e+15    1.36895e-11
             16    1.34858e+11              0    1.43223e+15    8.86608e-11
             17     1.7829e+11              0     1.8195e+15    5.54009e-10
             18    2.32901e+11              0    2.29216e+15    3.34846e-09
             19    3.00901e+11              0    2.86585e+15    1.96237e-08
             20    3.84843e+11              0    3.55832e+15    1.11739e-07
             21    4.87652e+11              0    4.38978e+15    6.19303e-07
             22    6.12615e+11              0    5.38365e+15    3.34655e-06
             23    7.63497e+11              0    6.56609e+15    1.76563e-05
             24    9.44484e+11              0    7.96733e+15    9.10739e-05
             25    1.16031e+12              0    9.62121e+15    0.000459817
             26    1.41624e+12              0    1.15662e+16     0.00227478
             27    1.71813e+12              0    1.38455e+16      0.0110379
             28    2.07253e+12              0    1.65076e+16      0.0525783
             29    2.48661e+12              0    1.96074e+16       0.246072
             30    2.96835e+12              0    2.32056e+16        1.13233
             31    3.52648e+12              0    2.73707e+16        5.12686
             32     4.1706e+12              0    3.21789e+16        22.8544
             33    4.91124e+12              0    3.77148e+16        100.364
             34    5.75985e+12              0     4.4073e+16        434.398
             35    6.72898e+12              0    5.13577e+16        1853.26
             36    7.83219e+12              0    5.96849e+16        7782.32
             37     9.0843e+12              0    6.91827e+16        31914.6
             38    1.05013e+13              0    7.99926e+16         124054
             39    1.21004e+13              0    9.22707e+16         427709
             40    1.39005e+13              0    1.06188e+17    1.24111e+06
             41    1.59215e+13              0    1.21935e+17     3.0498e+06
             42    1.81852e+13              0    1.39717e+17    6.53095e+06
             43    2.07148e+13              0    1.59763e+17    1.25423e+07
             44    2.35354e+13              0    1.82322e+17    2.21137e+07
             45    2.66737e+13              0    2.07665e+17    3.64409e+07
             46    3.01584e+13              0    2.36091e+17     5.6866e+07
             47      3.402e+13              0    2.67924e+17    8.48484e+07
             48    3.82911e+13              0    3.03519e+17    1.21931e+08
             49    4.30068e+13              0    3.43261e+17    1.69713e+08
             50    4.82039e+13              0    3.87569e+17    2.29828e+08
             51    5.39219e+13              0    4.36899e+17    3.03923e+08
             52    6.02028e+13              0    4.91745e+17    3.93637e+08
             53     6.7091e+13              0    5.52644e+17    5.00575e+08
             54    7.46336e+13              0    6.16291e+17    6.26292e+08
             55    8.28806e+13              0    6.70592e+17    7.72282e+08
             56    9.18849e+13              0    7.12649e+17    9.39967e+08
             57    1.01702e+14              0    7.99075e+17    1.13069e+09
             58    1.12392e+14              0    8.30099e+17     1.3457e+09
             59    1.24016e+14              0    9.26318e+17    1.58615e+09
             60     1.3664e+14              0    9.54314e+17     1.8531e+09
             61    1.50334e+14              0    1.01213e+18    2.14751e+09
             62     1.6517e+14              0     1.0734e+18    2.47024e+09
             63    1.81225e+14              0    1.15834e+18    2.82205e+09
             64     1.9858e+14              0    1.19442e+18     3.2036e+09
             65     2.1732e+14              0    1.21004e+18    3.61545e+09
             66    2.37533e+14              0    1.34817e+18    4.05808e+09
             67    2.59314e+14              0    1.28643e+18    4.53187e+09
             68    2.82759e+14              0    1.33064e+18    5.03712e+09
             69    3.07971e+14              0    1.38325e+18    5.57405e+09
             70    3.35059e+14              0    1.38032e+18    6.14279e+09
             71    3.64134e+14              0     1.4426e+18    6.74341e+09
             72    3.95314e+14              0    1.43343e+18    7.37591e+09
             73    4.28722e+14              0    1.48553e+18    8.04022e+09
             74    4.64487e+14              0    1.50353e+18    8.73623e+09
             75    5.02742e+14              0    1.48443e+18    9.46374e+09
             76    5.43628e+14              0    1.60028e+18    1.02225e+10
             77    5.87291e+14              0    1.52174e+18    1.10123e+10
             78    6.33884e+14              0    1.54157e+18    1.18328e+10
             79    6.83564e+14              0    1.60235e+18    1.26836e+10
             80    7.36497e+14              0     1.5632e+18    1.35643e+10
             81    7.92856e+14              0    1.59943e+18    1.44745e+10
             82     8.5282e+14              0    1.59833e+18    1.54137e+10
             83    9.16574e+14              0    1.61758e+18    1.63815e+10
             84    9.84313e+14              0    1.59244e+18    1.73774e+10
             85    1.05624e+15              0     1.5967e+18    1.84008e+10
             86    1.13256e+15              0    1.62918e+18    1.94511e+10
             87    1.21349e+15              0    1.56877e+18    2.05279e+10
             88    1.29926e+15              0    1.60068e+18    2.16306e+10
             89     1.3901e+15              0    1.59599e+18    2.27585e+10
             90    1.48626e+15              0    1.56697e+18    2.39112e+10
             91    1.58798e+15              0    1.57476e+18    2.50879e+10
             92    1.69553e+15              0     1.5677e+18    2.62881e+10
             93    1.80918e+15              0    1.58193e+18    2.75112e+10
             94     1.9292e+15              0    1.54012e+18    2.87567e+10
             95    2.05589e+15              0    1.54538e+18    3.00237e+10
             96    2.18955e+15              0    1.55777e+18    3.13119e+10
             97    2.33048e+15              0    1.50244e+18    3.26206e+10
             98    2.47901e+15              0    1.53162e+18    3.39491e+10
             99    2.63547e+15              0    1.51944e+18    3.52969e+10
            100     2.8002e+15              0    1.48573e+18    3.66633e+10
    E, kcal/mol    D, mol/kcal         W2->W1         W2->P1         W2->P2
              0    1.19251e+07              0              0    3.85998e-32
              1    5.48725e+07              0    1.05897e+12    2.01426e-30
              2    1.70606e+08              0    4.11234e+12    4.26869e-29
              3     4.0943e+08              0    1.01153e+13    6.36875e-28
              4    8.67593e+08              0    1.97669e+13    7.33914e-27
              5    1.65878e+09              0    3.45458e+13    7.15781e-26
              6    2.95167e+09              0    5.60723e+13    6.12006e-25
              7    4.97354e+09              0     8.6398e+13    4.70577e-24
              8    8.01042e+09              0    1.28148e+14     3.3201e-23
              9    1.24544e+10              0    1.84092e+14    2.17429e-22
             10    1.87546e+10              0    2.58255e+14    1.33866e-21
             11    2.75171e+10              0      3.547e+14    7.79869e-21
             12    3.94402e+10              0    4.78858e+14    4.33041e-20
             13    5.53898e+10              0    6.36837e+14    2.30328e-19
             14    7.64088e+10              0    8.35773e+14    1.17831e-18
             15    1.03708e+11              0    1.08429e+15    5.81992e-18
             16    1.38756e+11              0      1.392e+15    2.78298e-17
             17    1.83214e+11              0    1.77059e+15      1.292e-16
             18    2.39058e+11              0    2.23313e+15    5.83556e-16
             19    3.08534e+11              0    2.79495e+15    2.56945e-15
             20    3.94223e+11              0    3.47366e+15    1.10479e-14
             21    4.99094e+11              0    4.28915e+15    4.64553e-14
             22    6.26471e+11              0    5.26457e+15    1.91297e-13
             23    7.80166e+11              0     6.4258e+15    7.72324e-13
             24    9.64418e+11              0    7.80265e+15    3.06049e-12
             25      1.184e+12              0    9.42867e+15    1.19152e-11
             26    1.44426e+12              0    1.13418e+16    4.56154e-11
             27    1.75109e+12              0    1.35848e+16    1.71861e-10
             28    2.11113e+12              0    1.62058e+16    6.37688e-10
             29     2.5316e+12              0    1.92589e+16    2.33188e-09
             30    3.02057e+12              0    2.28044e+16    8.40882e-09
             31    3.58686e+12              0      2.691e+16     2.9919e-08
             32    4.24014e+12              0    3.16512e+16    1.05093e-07
             33    4.99105e+12              0    3.71118e+16    3.64605e-07
             34    5.85112e+12              0    4.33855e+16    1.24997e-06
             35    6.83303e+12              0    5.05756e+16    4.23631e-06
             36    7.95045e+12              0    5.87972e+16    1.41991e-05
             37     9.2183e+12              0    6.81771e+16    4.70849e-05
             38    1.06527e+13              0    7.88555e+16    0.000154526
             39    1.22711e+13              0    9.09875e+16    0.000502073
             40    1.40923e+13              0    1.04743e+17     0.00161551
             41    1.61366e+13              0     1.2031e+17     0.00514944
             42    1.84258e+13              0    1.37893e+17      0.0162643
             43    2.09834e+13              0    1.57719e+17      0.0509158
             44    2.38345e+13              0    1.80034e+17       0.158022
             45    2.70061e+13              0    2.05109e+17       0.486335
             46     3.0527e+13              0     2.3324e+17        1.48457
             47    3.44281e+13              0    2.64748e+17        4.49579
             48    3.87421e+13              0    2.99986e+17        13.5095
             49    4.35042e+13              0    3.39336e+17        40.2883
             50    4.87516e+13              0    3.83215e+17         119.26
             51     5.4524e+13              0    4.32075e+17        350.445
             52    6.08635e+13              0    4.86407e+17        1022.12
             53     6.7815e+13              0    5.46744e+17        2956.85
             54    7.54257e+13              0    6.09819e+17        8463.17
             55    8.37461e+13              0    6.63662e+17        23801.3
             56    9.28291e+13              0      7.054e+17        64743.8
             57    1.02731e+14              0    7.91073e+17         166254
             58    1.13511e+14              0    8.21914e+17         394554
             59    1.25232e+14              0    9.17322e+17         858563
             60     1.3796e+14              0    9.45183e+17    1.71946e+06
             61    1.51765e+14              0    1.00258e+18    3.19887e+06
             62    1.66719e+14              0    1.06343e+18     5.5856e+06
             63    1.82901e+14              0    1.14772e+18    9.23997e+06
             64    2.00391e+14              0    1.18363e+18    1.45951e+07
             65    2.19274e+14              0    1.19926e+18    2.21563e+07
             66    2.39639e+14              0    1.33632e+18     3.2499e+07
             67    2.61582e+14              0    1.27527e+18    4.62655e+07
             68    2.85199e+14              0    1.31926e+18    6.41598e+07
             69    3.10594e+14              0    1.37157e+18    8.69415e+07
             70    3.37875e+14              0    1.36882e+18    1.15419e+08
             71    3.67155e+14              0    1.43073e+18    1.50444e+08
             72    3.98552e+14              0    1.42179e+18    1.92903e+08
             73     4.3219e+14              0    1.47361e+18    2.43708e+08
             74    4.68198e+14              0    1.49161e+18    3.03797e+08
             75     5.0671e+14              0    1.47281e+18    3.74116e+08
             76    5.47867e+14              0     1.5879e+18    4.55622e+08
             77    5.91816e+14              0    1.51011e+18    5.49271e+08
             78     6.3871e+14              0    1.52992e+18    6.56016e+08
             79    6.88708e+14              0    1.59038e+18    7.76799e+08
             80    7.41976e+14              0    1.55166e+18    9.12547e+08
             81    7.98687e+14              0    1.58776e+18    1.06417e+09
             82    8.59021e+14              0    1.58679e+18    1.23254e+09
             83    9.23165e+14              0    1.60603e+18    1.41853e+09
             84    9.91314e+14              0     1.5812e+18    1.62297e+09
             85    1.06367e+15              0    1.58554e+18    1.84664e+09
             86    1.14044e+15              0    1.61792e+18    2.09031e+09
             87    1.22185e+15              0    1.55804e+18    2.35471e+09
             88    1.30811e+15              0    1.58985e+18    2.64052e+09
             89    1.39948e+15              0    1.58531e+18    2.94839e+09
             90    1.49618e+15              0    1.55658e+18    3.27894e+09
             91    1.59847e+15              0    1.56443e+18    3.63273e+09
             92    1.70662e+15              0    1.55751e+18     4.0103e+09
             93    1.82089e+15              0    1.57176e+18    4.41213e+09
             94    1.94157e+15              0    1.53031e+18    4.83867e+09
             95    2.06894e+15              0    1.53564e+18    5.29035e+09
             96    2.20331e+15              0    1.54804e+18    5.76752e+09
             97    2.34499e+15              0    1.49315e+18    6.27052e+09
             98    2.49429e+15              0    1.52224e+18    6.79966e+09
             99    2.65156e+15              0    1.51022e+18    7.35518e+09
            100    2.81714e+15              0     1.4768e+18    7.93732e+09
