    E, kcal/mol    D, mol/kcal         W1->W2         W1->P1         W1->P2
              0    1.19122e+07              0              0     3.4254e-28
              1    5.48132e+07              0    1.06011e+12    1.58244e-25
              2    1.70422e+08              0    4.11679e+12    2.36233e-23
              3    4.08987e+08              0    1.01263e+13    2.06132e-21
              4    8.66656e+08              0    1.97883e+13    1.21953e-19
              5    1.65699e+09              0    3.45832e+13    5.53602e-18
              6    2.94848e+09              0     5.6133e+13    2.03806e-16
              7    4.96817e+09              0    8.64915e+13    6.32725e-15
              8    8.00176e+09              0    1.28287e+14    1.70669e-13
              9    1.24409e+10              0    1.84291e+14     4.0755e-12
             10    1.87344e+10              0    2.58534e+14    8.77541e-11
             11    2.74874e+10              0    3.55084e+14    1.72251e-09
             12    3.93976e+10              0    4.79376e+14    3.11593e-08
             13      5.533e+10              0    6.37526e+14    5.23602e-07
             14    7.63262e+10              0    8.36678e+14    8.22777e-06
             15    1.03596e+11              0    1.08547e+15    0.000121623
             16    1.38606e+11              0     1.3935e+15     0.00169902
             17    1.83016e+11              0    1.77251e+15      0.0225298
             18    2.38799e+11              0    2.23554e+15       0.284595
             19    3.08201e+11              0    2.79797e+15        3.43575
             20    3.93797e+11              0    3.47741e+15        39.7536
             21    4.98554e+11              0    4.29379e+15        441.895
             22    6.25794e+11              0    5.27027e+15        4724.01
             23    7.79323e+11              0    6.43275e+15        47940.8
             24    9.63376e+11              0    7.81109e+15         405025
             25    1.18272e+12              0    9.43887e+15    1.97716e+06
             26     1.4427e+12              0     1.1354e+16    5.80149e+06
             27     1.7492e+12              0    1.35995e+16    1.30243e+07
             28    2.10885e+12              0    1.62233e+16    2.48034e+07
             29    2.52886e+12              0    1.92797e+16    4.24188e+07
             30    3.01731e+12              0     2.2829e+16    6.71475e+07
             31    3.58298e+12              0    2.69391e+16    1.00226e+08
             32    4.23556e+12              0    3.16854e+16    1.42826e+08
             33    4.98565e+12              0    3.71519e+16    1.95951e+08
             34     5.8448e+12              0    4.34325e+16    2.60502e+08
             35    6.82565e+12              0    5.06303e+16    3.37293e+08
             36    7.94186e+12              0    5.88608e+16    4.27004e+08
             37    9.20833e+12              0    6.82508e+16    5.30196e+08
             38    1.06412e+13              0    7.89408e+16    6.47273e+08
             39    1.22578e+13              0     9.1086e+16    7.78556e+08
             40     1.4077e+13              0    1.04856e+17    9.24252e+08
             41    1.61191e+13              0     1.2044e+17    1.08448e+09
             42    1.84059e+13              0    1.38042e+17    1.25926e+09
             43    2.09607e+13              0    1.57889e+17    1.44855e+09
             44    2.38088e+13              0    1.80229e+17    1.65221e+09
             45    2.69769e+13              0    2.05331e+17    1.87006e+09
             46     3.0494e+13              0    2.33492e+17    2.10187e+09
             47    3.43909e+13              0    2.65035e+17    2.34735e+09
             48    3.87002e+13              0    3.00311e+17    2.60618e+09
             49    4.34571e+13              0    3.39703e+17    2.87801e+09
             50    4.86989e+13              0    3.83629e+17    3.16244e+09
             51     5.4465e+13              0    4.32542e+17    3.45909e+09
             52    6.07977e+13              0    4.86933e+17    3.76753e+09
             53    6.77417e+13              0    5.47336e+17    4.08734e+09
             54    7.53442e+13              0    6.10478e+17    4.41807e+09
             55    8.36555e+13              0     6.6438e+17    4.75928e+09
             56    9.27287e+13              0    7.06164e+17    5.11052e+09
             57     1.0262e+14              0    7.91929e+17    5.47135e+09
             58    1.13388e+14              0    8.22803e+17    5.84132e+09
             59    1.25097e+14              0    9.18314e+17    6.21999e+09
             60    1.37811e+14              0    9.46206e+17    6.60693e+09
             61    1.51601e+14              0    1.00367e+18     7.0017e+09
             62    1.66539e+14              0    1.06458e+18    7.40389e+09
             63    1.82703e+14              0    1.14897e+18    7.81308e+09
             64    2.00174e+14              0    1.18491e+18    8.22888e+09
             65    2.19037e+14              0    1.20056e+18    8.65089e+09
             66     2.3938e+14              0    1.33777e+18    9.07873e+09
             67    2.61299e+14              0    1.27665e+18    9.51204e+09
             68     2.8489e+14              0    1.32069e+18    9.95045e+09
             69    3.10258e+14              0    1.37306e+18    1.03936e+10
             70     3.3751e+14              0     1.3703e+18    1.08412e+10
             71    3.66758e+14              0    1.43228e+18    1.12929e+10
             72    3.98122e+14              0    1.42333e+18    1.17484e+10
             73    4.31723e+14              0     1.4752e+18    1.22074e+10
             74    4.67692e+14              0    1.49322e+18    1.26696e+10
             75    5.06162e+14              0     1.4744e+18    1.31347e+10
             76    5.47275e+14              0    1.58962e+18    1.36024e+10
             77    5.91177e+14              0    1.51174e+18    1.40726e+10
             78     6.3802e+14              0    1.53157e+18    1.45449e+10
             79    6.87964e+14              0     1.5921e+18    1.50191e+10
             80    7.41174e+14              0    1.55334e+18     1.5495e+10
             81    7.97824e+14              0    1.58947e+18    1.59724e+10
             82    8.58093e+14              0    1.58851e+18    1.64511e+10
             83    9.22168e+14              0    1.60777e+18    1.69308e+10
             84    9.90243e+14              0    1.58291e+18    1.74115e+10
             85    1.06252e+15              0    1.58726e+18    1.78928e+10
             86    1.13921e+15              0    1.61967e+18    1.83746e+10
             87    1.22053e+15              0    1.55972e+18    1.88569e+10
             88     1.3067e+15              0    1.59157e+18    1.93393e+10
             89    1.39796e+15              0    1.58702e+18    1.98218e+10
             90    1.49456e+15              0    1.55827e+18    2.03043e+10
             91    1.59674e+15              0    1.56612e+18    2.07865e+10
             92    1.70477e+15              0     1.5592e+18    2.12684e+10
             93    1.81892e+15              0    1.57346e+18    2.17498e+10
             94    1.93947e+15              0    1.53197e+18    2.22306e+10
             95     2.0667e+15              0     1.5373e+18    2.27108e+10
             96    2.20093e+15              0    1.54971e+18    2.31902e+10
             97    2.34245e+15              0    1.49476e+18    2.36686e+10
             98     2.4916e+15              0    1.52388e+18    2.41461e+10
             99     2.6487e+15              0    1.51185e+18    2.46225e+10
            100    2.81409e+15              0     1.4784e+18    2.50978e+10
    E, kcal/mol    D, mol/kcal         W2->W1         W2->P1         W2->P2
              0    1.08293e+07              0              0    1.35759e-33
              1    4.98301e+07              0    1.16613e+12    9.62482e-31
              2    1.54929e+08              0    4.52847e+12    1.30437e-28
              3    3.71807e+08              0    1.11389e+13    1.04387e-26
              4    7.87869e+08              0    2.17671e+13    5.71086e-25
              5    1.50635e+09              0    3.80415e+13    2.41181e-23
              6    2.68043e+09              0    6.17463e+13    8.29905e-22
              7    4.51651e+09              0    9.51406e+13    2.41725e-20
              8    7.27433e+09              0    1.41115e+14    6.13626e-19
              9    1.13099e+10              0    2.02721e+14    1.38265e-17
             10    1.70312e+10              0    2.84388e+14    2.81553e-16
             11    2.49885e+10              0    3.90592e+14    5.23689e-15
             12     3.5816e+10              0    5.27314e+14    8.99235e-14
             13       5.03e+10              0    7.01279e+14    1.43661e-12
             14    6.93875e+10              0    9.20345e+14    2.14921e-11
             15    9.41779e+10              0    1.19401e+15    3.02848e-10
             16    1.26006e+11              0    1.53285e+15    4.03762e-09
             17    1.66379e+11              0    1.94976e+15    5.11527e-08
             18     2.1709e+11              0     2.4591e+15    6.17947e-07
             19    2.80182e+11              0    3.07777e+15    7.14097e-06
             20    3.57997e+11              0    3.82516e+15    7.91585e-05
             21    4.53231e+11              0    4.72317e+15    0.000843764
             22    5.68904e+11              0     5.7973e+15     0.00866785
             23    7.08476e+11              0    7.07603e+15      0.0859828
             24    8.75796e+11              0     8.5922e+15       0.825119
             25     1.0752e+12              0    1.03828e+16        7.67244
             26    1.31154e+12              0    1.24894e+16        69.2295
             27    1.59018e+12              0    1.49595e+16        606.777
             28    1.91713e+12              0    1.78457e+16        5153.63
             29    2.29897e+12              0    2.12077e+16        41127.5
             30    2.74301e+12              0     2.5112e+16         258338
             31    3.25726e+12              0     2.9633e+16     1.0129e+06
             32    3.85051e+12              0     3.4854e+16    2.76848e+06
             33    4.53241e+12              0    4.08671e+16    6.07647e+06
             34    5.31345e+12              0    4.77757e+16    1.15733e+07
             35    6.20513e+12              0    5.56934e+16    1.99601e+07
             36    7.21987e+12              0    6.47469e+16    3.19999e+07
             37    8.37121e+12              0    7.50759e+16    4.84831e+07
             38     9.6738e+12              0    8.68349e+16    7.01932e+07
             39    1.11435e+13              0    1.00195e+17    9.78848e+07
             40    1.27973e+13              0    1.15342e+17    1.32286e+08
             41    1.46537e+13              0    1.32484e+17    1.74097e+08
             42    1.67326e+13              0    1.51846e+17    2.23966e+08
             43    1.90552e+13              0    1.73678e+17     2.8248e+08
             44    2.16443e+13              0    1.98252e+17    3.50168e+08
             45    2.45245e+13              0    2.25864e+17    4.27492e+08
             46    2.77219e+13              0    2.56842e+17     5.1486e+08
             47    3.12644e+13              0    2.91538e+17    6.12619e+08
             48     3.5182e+13              0    3.30342e+17    7.21053e+08
             49    3.95065e+13              0    3.73674e+17    8.40387e+08
             50    4.42717e+13              0    4.21992e+17    9.70791e+08
             51    4.95137e+13              0    4.75796e+17    1.11239e+09
             52    5.52707e+13              0    5.35626e+17    1.26524e+09
             53    6.15833e+13              0    6.02069e+17     1.4294e+09
             54    6.84947e+13              0    6.71526e+17    1.60482e+09
             55    7.60505e+13              0    7.30818e+17    1.79148e+09
             56    8.42989e+13              0     7.7678e+17    1.98927e+09
             57    9.32909e+13              0    8.71122e+17    2.19809e+09
             58     1.0308e+14              0    9.05084e+17    2.41779e+09
             59    1.13724e+14              0    1.01015e+18    2.64821e+09
             60    1.25283e+14              0    1.04083e+18    2.88916e+09
             61    1.37819e+14              0    1.10404e+18    3.14042e+09
             62    1.51399e+14              0    1.17103e+18    3.40179e+09
             63    1.66094e+14              0    1.26386e+18    3.67302e+09
             64    1.81976e+14              0     1.3034e+18    3.95387e+09
             65    1.99124e+14              0    1.32062e+18    4.24407e+09
             66    2.17619e+14              0    1.47154e+18    4.54337e+09
             67    2.37544e+14              0    1.40432e+18    4.85149e+09
             68    2.58991e+14              0    1.45275e+18    5.16816e+09
             69    2.82053e+14              0    1.51036e+18    5.49311e+09
             70    3.06827e+14              0    1.50733e+18    5.82604e+09
             71    3.33417e+14              0    1.57551e+18    6.16669e+09
             72    3.61929e+14              0    1.56566e+18    6.51476e+09
             73    3.92476e+14              0    1.62272e+18    6.86999e+09
             74    4.25174e+14              0    1.64255e+18    7.23209e+09
             75    4.60148e+14              0    1.62184e+18    7.60079e+09
             76    4.97523e+14              0    1.74858e+18    7.97582e+09
             77    5.37433e+14              0    1.66291e+18    8.35691e+09
             78    5.80018e+14              0    1.68473e+18    8.74379e+09
             79    6.25422e+14              0    1.75131e+18    9.13621e+09
             80    6.73795e+14              0    1.70867e+18    9.53391e+09
             81    7.25295e+14              0    1.74842e+18    9.93664e+09
             82    7.80085e+14              0    1.74736e+18    1.03442e+10
             83    8.38334e+14              0    1.76855e+18    1.07562e+10
             84     9.0022e+14              0     1.7412e+18    1.11726e+10
             85    9.65927e+14              0    1.74598e+18    1.15931e+10
             86    1.03564e+15              0    1.78163e+18    1.20174e+10
             87    1.10957e+15              0     1.7157e+18    1.24454e+10
             88    1.18791e+15              0    1.75073e+18    1.28768e+10
             89    1.27088e+15              0    1.74572e+18    1.33114e+10
             90    1.35869e+15              0     1.7141e+18    1.37491e+10
             91    1.45159e+15              0    1.72273e+18    1.41897e+10
             92     1.5498e+15              0    1.71512e+18    1.46329e+10
             93    1.65357e+15              0    1.73081e+18    1.50785e+10
             94    1.76315e+15              0    1.68516e+18    1.55265e+10
             95    1.87882e+15              0    1.69103e+18    1.59766e+10
             96    2.00084e+15              0    1.70468e+18    1.64287e+10
             97     2.1295e+15              0    1.64424e+18    1.68825e+10
             98    2.26509e+15              0    1.67627e+18    1.73381e+10
             99    2.40791e+15              0    1.66304e+18    1.77951e+10
            100    2.55827e+15              0    1.62624e+18    1.82535e+10
