Wells (G - ground energy, D - dissociation limit, kcal/mol):
      Name        G        D
        W1    -90.3     -4.4

Bimolecular Products (G - ground energy, kcal/mol):
      Name        G
         R      0.0
        P1      0.6
        P2    -13.1
        P3    -17.7
        P4    -69.8
        P5      4.3
        P6     13.5

Well-to-Bimolecular Barriers (H/G - barrier height/well depth, kcal/mol)
      Name        H     Well        G  Product
        B1      0.0       W1    -90.3        R
        B2      0.6       W1    -90.3       P1
        B3     -1.5       W1    -90.3       P2
        B4     -4.4       W1    -90.3       P3
        B5     -0.2       W1    -90.3       P4
        B6      4.3       W1    -90.3       P5
        B7     13.5       W1    -90.3       P6

________________________________________________________________________________________

Unimolecular Rate Units: 1/sec;  Bimolecular Rate Units: cm^3/sec

______________________________________________________________________________________

Species-Species Rate Tables:

Temperature = 298 K

High Pressure Rate Coefficients:

From\To            W1            R           P1           P2           P3           P4           P5           P6
W1                ***  1.31855e-51  6.75647e-52  1.45027e-52  2.17473e-50  3.28953e-44  2.24665e-55  1.54674e-62
R          9.3632e-11          ***          ***          ***          ***          ***          ***          ***
P1        1.46084e-10          ***          ***          ***          ***          ***          ***          ***
P2        2.72584e-20          ***          ***          ***          ***          ***          ***          ***
P3        1.65637e-21          ***          ***          ***          ***          ***          ***          ***
P4        3.15122e-53          ***          ***          ***          ***          ***          ***          ***
P5        2.86991e-10          ***          ***          ***          ***          ***          ***          ***
P6        1.76626e-10          ***          ***          ***          ***          ***          ***          ***

Temperature = 298 K    Pressure = 1 atm

From\To            W1            R           P1           P2           P3           P4           P5           P6
W1        3.28953e-44  1.29052e-51  6.66307e-52  1.44769e-52  2.17453e-50  3.28953e-44  1.82375e-55  5.25595e-64
R         9.16418e-11  9.21897e-11   4.5433e-13  1.19089e-14  7.68131e-14  2.32301e-15  2.50515e-15   9.2915e-22
P1        1.44064e-10  1.38333e-12  1.45564e-10  1.37584e-14  9.83614e-14  2.83572e-15  1.26521e-15  2.21658e-22
P2          2.721e-20  3.15206e-23  1.19601e-23   2.7258e-20  4.36227e-24  1.10139e-25  3.58589e-26  1.35491e-32
P3        1.65622e-21  8.23871e-26  3.46493e-26  1.76772e-27  1.65634e-21  7.11742e-28  6.28622e-29  1.38484e-35
P4        3.15122e-53  3.13377e-65   1.2564e-65  5.61353e-67   8.9519e-66  3.15122e-53   2.9564e-68  9.37525e-75
P5        2.32968e-10  4.50648e-11    7.475e-12  2.43712e-13  1.05431e-12   3.9423e-14  2.86845e-10  7.27326e-19
P6        6.00187e-12  1.49414e-10  1.17068e-11  8.23181e-13  2.07626e-12  1.11757e-13  6.50178e-12  1.76636e-10

______________________________________________________________________________________

High Pressure Rate Coefficients (Temperature-Species Rate Tables):

   T(K)       W1->W1        W1->R       W1->P1       W1->P2       W1->P3       W1->P4       W1->P5       W1->P6
    298          ***  1.31855e-51  6.75647e-52  1.45027e-52  2.17473e-50  3.28953e-44  2.24665e-55  1.54674e-62

   T(K)        R->W1         R->R        R->P1        R->P2        R->P3        R->P4        R->P5        R->P6
    298   9.3632e-11          ***          ***          ***          ***          ***          ***          ***

   T(K)       P1->W1        P1->R       P1->P1       P1->P2       P1->P3       P1->P4       P1->P5       P1->P6
    298  1.46084e-10          ***          ***          ***          ***          ***          ***          ***

   T(K)       P2->W1        P2->R       P2->P1       P2->P2       P2->P3       P2->P4       P2->P5       P2->P6
    298  2.72584e-20          ***          ***          ***          ***          ***          ***          ***

   T(K)       P3->W1        P3->R       P3->P1       P3->P2       P3->P3       P3->P4       P3->P5       P3->P6
    298  1.65637e-21          ***          ***          ***          ***          ***          ***          ***

   T(K)       P4->W1        P4->R       P4->P1       P4->P2       P4->P3       P4->P4       P4->P5       P4->P6
    298  3.15122e-53          ***          ***          ***          ***          ***          ***          ***

   T(K)       P5->W1        P5->R       P5->P1       P5->P2       P5->P3       P5->P4       P5->P5       P5->P6
    298  2.86991e-10          ***          ***          ***          ***          ***          ***          ***

   T(K)       P6->W1        P6->R       P6->P1       P6->P2       P6->P3       P6->P4       P6->P5       P6->P6
    298  1.76626e-10          ***          ***          ***          ***          ***          ***          ***

Capture/Escape Rate Coefficients:

   T(K)           W1            R           P1           P2           P3           P4           P5           P6
    298  3.28954e-44   9.3632e-11  1.46084e-10  2.72584e-20  1.65637e-21  3.15122e-53  2.86991e-10  1.76626e-10

______________________________________________________________________________________

Pressure-Species Rate Tables:

   Temperature = 298 K

   P(atm)        W1->R       W1->P1       W1->P2       W1->P3       W1->P4       W1->P5       W1->P6         W1->
        1  1.29052e-51  6.66307e-52  1.44769e-52  2.17453e-50  3.28953e-44  1.82375e-55  5.25595e-64  3.28953e-44
    O-O  1.31855e-51  6.75647e-52  1.45027e-52  2.17473e-50  3.28953e-44  2.24665e-55  1.54674e-62  3.28954e-44

   Temperature = 298 K

   P(atm)        R->W1        R->P1        R->P2        R->P3        R->P4        R->P5        R->P6          R->
        1  9.16418e-11   4.5433e-13  1.19089e-14  7.68131e-14  2.32301e-15  2.50515e-15   9.2915e-22  9.21897e-11
    O-O   9.3632e-11          ***          ***          ***          ***          ***          ***   9.3632e-11

   Temperature = 298 K

   P(atm)       P1->W1        P1->R       P1->P2       P1->P3       P1->P4       P1->P5       P1->P6         P1->
        1  1.44064e-10  1.38333e-12  1.37584e-14  9.83614e-14  2.83572e-15  1.26521e-15  2.21658e-22  1.45564e-10
    O-O  1.46084e-10          ***          ***          ***          ***          ***          ***  1.46084e-10

   Temperature = 298 K

   P(atm)       P2->W1        P2->R       P2->P1       P2->P3       P2->P4       P2->P5       P2->P6         P2->
        1    2.721e-20  3.15206e-23  1.19601e-23  4.36227e-24  1.10139e-25  3.58589e-26  1.35491e-32   2.7258e-20
    O-O  2.72584e-20          ***          ***          ***          ***          ***          ***  2.72584e-20

   Temperature = 298 K

   P(atm)       P3->W1        P3->R       P3->P1       P3->P2       P3->P4       P3->P5       P3->P6         P3->
        1  1.65622e-21  8.23871e-26  3.46493e-26  1.76772e-27  7.11742e-28  6.28622e-29  1.38484e-35  1.65634e-21
    O-O  1.65637e-21          ***          ***          ***          ***          ***          ***  1.65637e-21

   Temperature = 298 K

   P(atm)       P4->W1        P4->R       P4->P1       P4->P2       P4->P3       P4->P5       P4->P6         P4->
        1  3.15122e-53  3.13377e-65   1.2564e-65  5.61353e-67   8.9519e-66   2.9564e-68  9.37525e-75  3.15122e-53
    O-O  3.15122e-53          ***          ***          ***          ***          ***          ***  3.15122e-53

   Temperature = 298 K

   P(atm)       P5->W1        P5->R       P5->P1       P5->P2       P5->P3       P5->P4       P5->P6         P5->
        1  2.32968e-10  4.50648e-11    7.475e-12  2.43712e-13  1.05431e-12   3.9423e-14  7.27326e-19  2.86845e-10
    O-O  2.86991e-10          ***          ***          ***          ***          ***          ***  2.86991e-10

   Temperature = 298 K

   P(atm)       P6->W1        P6->R       P6->P1       P6->P2       P6->P3       P6->P4       P6->P5         P6->
        1  6.00187e-12  1.49414e-10  1.17068e-11  8.23181e-13  2.07626e-12  1.11757e-13  6.50178e-12  1.76636e-10
    O-O  1.76626e-10          ***          ***          ***          ***          ***          ***  1.76626e-10

______________________________________________________________________________________

Temperature-Species Rate Tables:

   Pressure = 1 atm

   T(K)        W1->R       W1->P1       W1->P2       W1->P3       W1->P4       W1->P5       W1->P6         W1->      Capture
    298  1.29052e-51  6.66307e-52  1.44769e-52  2.17453e-50  3.28953e-44  1.82375e-55  5.25595e-64  3.28953e-44  3.28954e-44

   Pressure = 1 atm

   T(K)        R->W1        R->P1        R->P2        R->P3        R->P4        R->P5        R->P6          R->      Capture
    298  9.16418e-11   4.5433e-13  1.19089e-14  7.68131e-14  2.32301e-15  2.50515e-15   9.2915e-22  9.21897e-11   9.3632e-11

   Pressure = 1 atm

   T(K)       P1->W1        P1->R       P1->P2       P1->P3       P1->P4       P1->P5       P1->P6         P1->      Capture
    298  1.44064e-10  1.38333e-12  1.37584e-14  9.83614e-14  2.83572e-15  1.26521e-15  2.21658e-22  1.45564e-10  1.46084e-10

   Pressure = 1 atm

   T(K)       P2->W1        P2->R       P2->P1       P2->P3       P2->P4       P2->P5       P2->P6         P2->      Capture
    298    2.721e-20  3.15206e-23  1.19601e-23  4.36227e-24  1.10139e-25  3.58589e-26  1.35491e-32   2.7258e-20  2.72584e-20

   Pressure = 1 atm

   T(K)       P3->W1        P3->R       P3->P1       P3->P2       P3->P4       P3->P5       P3->P6         P3->      Capture
    298  1.65622e-21  8.23871e-26  3.46493e-26  1.76772e-27  7.11742e-28  6.28622e-29  1.38484e-35  1.65634e-21  1.65637e-21

   Pressure = 1 atm

   T(K)       P4->W1        P4->R       P4->P1       P4->P2       P4->P3       P4->P5       P4->P6         P4->      Capture
    298  3.15122e-53  3.13377e-65   1.2564e-65  5.61353e-67   8.9519e-66   2.9564e-68  9.37525e-75  3.15122e-53  3.15122e-53

   Pressure = 1 atm

   T(K)       P5->W1        P5->R       P5->P1       P5->P2       P5->P3       P5->P4       P5->P6         P5->      Capture
    298  2.32968e-10  4.50648e-11    7.475e-12  2.43712e-13  1.05431e-12   3.9423e-14  7.27326e-19  2.86845e-10  2.86991e-10

   Pressure = 1 atm

   T(K)       P6->W1        P6->R       P6->P1       P6->P2       P6->P3       P6->P4       P6->P5         P6->      Capture
    298  6.00187e-12  1.49414e-10  1.17068e-11  8.23181e-13  2.07626e-12  1.11757e-13  6.50178e-12  1.76636e-10  1.76626e-10

______________________________________________________________________________________

Temperature-Pressure Rate Tables:

W1->R

P\T              298
1        1.29052e-51
O-O      1.31855e-51

W1->P1

P\T              298
1        6.66307e-52
O-O      6.75647e-52

W1->P2

P\T              298
1        1.44769e-52
O-O      1.45027e-52

W1->P3

P\T              298
1        2.17453e-50
O-O      2.17473e-50

W1->P4

P\T              298
1        3.28953e-44
O-O      3.28953e-44

W1->P5

P\T              298
1        1.82375e-55
O-O      2.24665e-55

W1->P6

P\T              298
1        5.25595e-64
O-O      1.54674e-62

R->W1

P\T              298
1        9.16418e-11
O-O       9.3632e-11

R->P1

P\T              298
1         4.5433e-13
O-O              ***

R->P2

P\T              298
1        1.19089e-14
O-O              ***

R->P3

P\T              298
1        7.68131e-14
O-O              ***

R->P4

P\T              298
1        2.32301e-15
O-O              ***

R->P5

P\T              298
1        2.50515e-15
O-O              ***

R->P6

P\T              298
1         9.2915e-22
O-O              ***

P1->W1

P\T              298
1        1.44064e-10
O-O      1.46084e-10

P1->R

P\T              298
1        1.38333e-12
O-O              ***

P1->P2

P\T              298
1        1.37584e-14
O-O              ***

P1->P3

P\T              298
1        9.83614e-14
O-O              ***

P1->P4

P\T              298
1        2.83572e-15
O-O              ***

P1->P5

P\T              298
1        1.26521e-15
O-O              ***

P1->P6

P\T              298
1        2.21658e-22
O-O              ***

P2->W1

P\T              298
1          2.721e-20
O-O      2.72584e-20

P2->R

P\T              298
1        3.15206e-23
O-O              ***

P2->P1

P\T              298
1        1.19601e-23
O-O              ***

P2->P3

P\T              298
1        4.36227e-24
O-O              ***

P2->P4

P\T              298
1        1.10139e-25
O-O              ***

P2->P5

P\T              298
1        3.58589e-26
O-O              ***

P2->P6

P\T              298
1        1.35491e-32
O-O              ***

P3->W1

P\T              298
1        1.65622e-21
O-O      1.65637e-21

P3->R

P\T              298
1        8.23871e-26
O-O              ***

P3->P1

P\T              298
1        3.46493e-26
O-O              ***

P3->P2

P\T              298
1        1.76772e-27
O-O              ***

P3->P4

P\T              298
1        7.11742e-28
O-O              ***

P3->P5

P\T              298
1        6.28622e-29
O-O              ***

P3->P6

P\T              298
1        1.38484e-35
O-O              ***

P4->W1

P\T              298
1        3.15122e-53
O-O      3.15122e-53

P4->R

P\T              298
1        3.13377e-65
O-O              ***

P4->P1

P\T              298
1         1.2564e-65
O-O              ***

P4->P2

P\T              298
1        5.61353e-67
O-O              ***

P4->P3

P\T              298
1         8.9519e-66
O-O              ***

P4->P5

P\T              298
1         2.9564e-68
O-O              ***

P4->P6

P\T              298
1        9.37525e-75
O-O              ***

P5->W1

P\T              298
1        2.32968e-10
O-O      2.86991e-10

P5->R

P\T              298
1        4.50648e-11
O-O              ***

P5->P1

P\T              298
1          7.475e-12
O-O              ***

P5->P2

P\T              298
1        2.43712e-13
O-O              ***

P5->P3

P\T              298
1        1.05431e-12
O-O              ***

P5->P4

P\T              298
1         3.9423e-14
O-O              ***

P5->P6

P\T              298
1        7.27326e-19
O-O              ***

P6->W1

P\T              298
1        6.00187e-12
O-O      1.76626e-10

P6->R

P\T              298
1        1.49414e-10
O-O              ***

P6->P1

P\T              298
1        1.17068e-11
O-O              ***

P6->P2

P\T              298
1        8.23181e-13
O-O              ***

P6->P3

P\T              298
1        2.07626e-12
O-O              ***

P6->P4

P\T              298
1        1.11757e-13
O-O              ***

P6->P5

P\T              298
1        6.50178e-12
O-O              ***

W1-> 

P\T              298
1        3.28953e-44
O-O      3.28954e-44

R-> 

P\T              298
1        9.21897e-11
O-O       9.3632e-11

P1-> 

P\T              298
1        1.45564e-10
O-O      1.46084e-10

P2-> 

P\T              298
1         2.7258e-20
O-O      2.72584e-20

P3-> 

P\T              298
1        1.65634e-21
O-O      1.65637e-21

P4-> 

P\T              298
1        3.15122e-53
O-O      3.15122e-53

P5-> 

P\T              298
1        2.86845e-10
O-O      2.86991e-10

P6-> 

P\T              298
1        1.76636e-10
O-O      1.76626e-10

