    E, kcal/mol    D, mol/kcal       W2a->W2b        W2a->P1
             -5              0            ***            ***
           -4.8              0            ***            ***
           -4.6              0            ***            ***
           -4.4              0            ***            ***
           -4.2              0            ***            ***
             -4              0            ***            ***
           -3.8     1.0125e-08              0              0
           -3.6    1.11191e+06              0              0
           -3.4     4.3328e+06              0              0
           -3.2    1.13314e+07    1.49387e+10              0
             -3    2.49925e+07    3.07252e+10              0
           -2.8    4.91797e+07    4.83329e+10              0
           -2.6    8.91123e+07    6.67758e+10              0
           -2.4    1.51351e+08    8.50182e+10              0
           -2.2    2.44703e+08    1.02807e+11              0
             -2    3.79745e+08     1.2053e+11              0
           -1.8    5.70628e+08    1.37923e+11              0
           -1.6    8.34727e+08    1.54825e+11              0
           -1.4    1.19175e+09    1.71326e+11              0
           -1.2    1.66654e+09    1.87328e+11              0
             -1    2.28935e+09    2.02843e+11              0
           -0.8    3.09484e+09    2.17805e+11              0
           -0.6    4.12227e+09    2.32351e+11              0
           -0.4    5.41979e+09    2.46424e+11              0
           -0.2    7.04232e+09    2.60012e+11              0
    2.85742e-15    9.05337e+09    2.73105e+11    5.32615e-06
            0.2    1.15271e+10    2.85671e+11    7.97513e+09
            0.4     1.4548e+10    2.97733e+11    6.45395e+10
            0.6    1.82153e+10    3.09268e+11    2.01359e+11
            0.8    2.26417e+10    3.20272e+11    4.37588e+11
              1    2.79568e+10    3.30759e+11    7.66716e+11
            1.2    3.43077e+10    3.40758e+11    1.18171e+12
            1.4    4.18627e+10    3.50287e+11    1.66743e+12
            1.6     5.0813e+10    3.59377e+11     2.2108e+12
            1.8     6.1377e+10    3.68044e+11    2.79798e+12
              2    7.37985e+10    3.76328e+11     3.3956e+12
            2.2    8.83527e+10    3.84265e+11    3.90399e+12
            2.4    1.05352e+11    3.91871e+11    4.31798e+12
            2.6    1.25147e+11    3.99175e+11    4.65182e+12
            2.8    1.48125e+11    4.06209e+11    4.90349e+12
              3     1.7472e+11    4.13002e+11    5.09344e+12
            3.2    2.05418e+11    4.19571e+11    5.21916e+12
            3.4    2.40756e+11    4.25933e+11    5.30392e+12
            3.6    2.81332e+11    4.32109e+11    5.34519e+12
            3.8    3.27804e+11    4.38115e+11    5.36449e+12
              4    3.80905e+11    4.43956e+11    5.36667e+12
            4.2    4.41444e+11    4.49643e+11    5.35044e+12
            4.4    5.10309e+11    4.55184e+11    5.31945e+12
            4.6    5.88482e+11    4.60585e+11    5.30345e+12
            4.8    6.77041e+11    4.65851e+11    5.30933e+12
              5    7.77172e+11    4.70986e+11    5.33823e+12
            5.2    8.90176e+11    4.75993e+11    5.38856e+12
            5.4    1.01748e+12    4.80876e+11    5.44421e+12
            5.6    1.16065e+12     4.8564e+11    5.50165e+12
            5.8    1.32138e+12    4.90289e+11    5.55981e+12
              6    1.50154e+12    4.94824e+11    5.61698e+12
            6.2    1.70318e+12    4.99251e+11    5.66812e+12
            6.4     1.9285e+12    5.03575e+11    5.70634e+12
            6.6    2.17992e+12      5.078e+11    5.73304e+12
            6.8    2.46006e+12    5.11928e+11    5.74702e+12
              7    2.77177e+12    5.15964e+11    5.75143e+12
            7.2    3.11813e+12    5.19913e+11    5.74686e+12
            7.4    3.50252e+12    5.23777e+11    5.73353e+12
            7.6    3.92854e+12    5.27559e+11    5.71022e+12
            7.8    4.40015e+12    5.31263e+11    5.68471e+12
              8    4.92157e+12    5.34891e+11    5.66038e+12
            8.2     5.4974e+12    5.38446e+11    5.63779e+12
            8.4    6.13261e+12     5.4193e+11    5.61565e+12
            8.6    6.83252e+12    5.45345e+11    5.59393e+12
            8.8    7.60291e+12    5.48693e+11     5.5746e+12
              9    8.44999e+12    5.51977e+11     5.5576e+12
            9.2    9.38043e+12    5.55197e+11     5.5432e+12
            9.4    1.04014e+13    5.58355e+11    5.53028e+12
            9.6    1.15207e+13    5.61454e+11     5.5164e+12
            9.8    1.27466e+13    5.64494e+11    5.50147e+12
             10    1.40879e+13    5.67477e+11    5.48537e+12
    E, kcal/mol    D, mol/kcal        W2b->W3       W2b->W2a        W2b->P3
             -5    1.47659e+07              0              0        33592.3
           -4.8    1.80984e+07              0              0        43384.8
           -4.6     2.2121e+07              0              0        55573.4
           -4.4    2.67895e+07              0              0        71119.9
           -4.2    3.22452e+07              0              0        90716.8
             -4    3.86958e+07              0              0         115051
           -3.8    4.62279e+07              0              0         145382
           -3.6    5.50257e+07              0              0         182977
           -3.4    6.52024e+07              0              0         229687
           -3.2    7.69043e+07              0    2.20113e+09         287713
             -3    9.04755e+07              0    8.48736e+09         359029
           -2.8    1.06107e+08              0    2.24019e+10         446741
           -2.6    1.24114e+08              0    4.79441e+10         554172
           -2.4     1.4455e+08              0    8.90183e+10         686694
           -2.2    1.67912e+08    0.000648811    1.49823e+11         848753
             -2    1.94685e+08        4729.34    2.35102e+11    1.04588e+06
           -1.8    2.25028e+08    1.38572e+06    3.49746e+11    1.28676e+06
           -1.6    2.59433e+08    4.59769e+07    4.98152e+11     1.5801e+06
           -1.4    2.98329e+08    5.67274e+08    6.84404e+11    1.93699e+06
           -1.2    3.42215e+08    3.67348e+09    9.12259e+11    2.37057e+06
             -1    3.91752e+08    1.46013e+10    1.18539e+12    2.89573e+06
           -0.8    4.47523e+08    4.01362e+10    1.50623e+12     3.5312e+06
           -0.6    5.10121e+08    8.37923e+10    1.87762e+12    4.29982e+06
           -0.4    5.80103e+08    1.41579e+11    2.30229e+12    5.22968e+06
           -0.2    6.58594e+08    2.05272e+11     2.7803e+12     6.3496e+06
    2.85742e-15    7.46369e+08    2.63256e+11    3.31274e+12    7.69786e+06
            0.2    8.44229e+08    3.24923e+11    3.90054e+12    9.32066e+06
            0.4    9.53265e+08    3.99011e+11    4.54378e+12    1.12705e+07
            0.6    1.07452e+09    4.86966e+11    5.24273e+12    1.36112e+07
            0.8     1.2093e+09    5.87878e+11    5.99648e+12    1.64164e+07
              1    1.35902e+09    7.00235e+11    6.80411e+12    1.97724e+07
            1.2      1.525e+09    8.22229e+11      7.666e+12    2.37851e+07
            1.4    1.70857e+09    9.53666e+11    8.58259e+12    2.85799e+07
            1.6     1.9115e+09    1.09486e+12    9.55328e+12    3.43006e+07
            1.8    2.13596e+09    1.24624e+12    1.05758e+13    4.11097e+07
              2    2.38345e+09    1.40892e+12    1.16522e+13    4.92139e+07
            2.2    2.65606e+09    1.58455e+12    1.27824e+13    5.88466e+07
            2.4    2.95616e+09    1.77611e+12    1.39656e+13    7.02768e+07
            2.6      3.286e+09    1.98535e+12    1.52026e+13    8.38233e+07
            2.8    3.64841e+09      2.212e+12    1.64921e+13    9.98459e+07
              3    4.04623e+09    2.45502e+12    1.78338e+13    1.18763e+08
            3.2    4.48219e+09    2.71164e+12    1.92289e+13    1.41062e+08
            3.4    4.95937e+09    2.98269e+12    2.06773e+13    1.67296e+08
            3.6    5.48177e+09    3.26914e+12    2.21764e+13    1.98065e+08
            3.8    6.05294e+09     3.5685e+12    2.37266e+13    2.34064e+08
              4    6.67665e+09    3.87565e+12    2.53278e+13    2.76067e+08
            4.2    7.35709e+09    4.18697e+12    2.69797e+13     3.2492e+08
            4.4    8.09924e+09    4.50085e+12    2.86798e+13     3.8152e+08
            4.6    8.90747e+09    4.81498e+12    3.04291e+13    4.46873e+08
            4.8    9.78772e+09    5.12819e+12    3.22241e+13    5.21993e+08
              5    1.07452e+10    5.43863e+12    3.40652e+13       6.08e+08
            5.2    1.17856e+10    5.74806e+12    3.59521e+13    7.06063e+08
            5.4    1.29156e+10     6.0601e+12    3.78831e+13    8.17366e+08
            5.6    1.41425e+10    6.37641e+12    3.98554e+13    9.43096e+08
            5.8     1.5473e+10    6.69819e+12    4.18702e+13    1.08456e+09
              6    1.69147e+10    7.02603e+12    4.39262e+13    1.24302e+09
            6.2    1.84762e+10    7.36036e+12    4.60222e+13    1.41977e+09
            6.4    2.01661e+10    7.70005e+12    4.81574e+13    1.61612e+09
            6.6    2.19938e+10    8.04486e+12    5.03307e+13    1.83336e+09
            6.8    2.39696e+10    8.39611e+12    5.25405e+13    2.07277e+09
              7    2.61034e+10    8.75306e+12    5.47872e+13    2.33572e+09
            7.2    2.84066e+10    9.11293e+12    5.70698e+13     2.6235e+09
            7.4    3.08917e+10    9.47255e+12     5.9386e+13    2.93736e+09
            7.6    3.35711e+10    9.82987e+12    6.17357e+13    3.27866e+09
            7.8    3.64584e+10     1.0183e+13    6.41179e+13    3.64868e+09
              8    3.95673e+10    1.05309e+13    6.65322e+13    4.04878e+09
            8.2    4.29137e+10    1.08728e+13    6.89768e+13    4.48021e+09
            8.4    4.65129e+10    1.12099e+13    7.14521e+13    4.94439e+09
            8.6     5.0383e+10    1.15431e+13    7.39551e+13    5.44249e+09
            8.8    5.45413e+10     1.1873e+13    7.64864e+13    5.97594e+09
              9    5.90068e+10    1.22006e+13    7.90451e+13    6.54606e+09
            9.2       6.38e+10    1.25269e+13    8.16299e+13    7.15415e+09
            9.4    6.89428e+10    1.28537e+13    8.42393e+13    7.80145e+09
            9.6     7.4457e+10    1.31818e+13    8.68736e+13    8.48938e+09
            9.8    8.03671e+10    1.35111e+13    8.95313e+13    9.21917e+09
             10    8.66977e+10    1.38427e+13    9.22122e+13    9.99217e+09
    E, kcal/mol    D, mol/kcal        W3->W2b         W3->P4         W3->P5
             -5    6.83801e+09              0        194.743              0
           -4.8    7.71979e+09              0        240.764              0
           -4.6    8.69537e+09              0        297.592              0
           -4.4    9.78335e+09              0        367.343              0
           -4.2    1.09934e+10              0        452.937              0
             -4    1.23322e+10              0        558.125              0
           -3.8    1.38211e+10              0        686.818              0
           -3.6    1.54652e+10              0        844.643              0
           -3.4    1.72854e+10              0        1037.65              0
           -3.2    1.92952e+10              0        1273.68              0
             -3    2.15112e+10              0        1562.15              0
           -2.8    2.39585e+10              0         1913.9              0
           -2.6    2.66489e+10              0        2343.32              0
           -2.4    2.96073e+10              0        2866.79              0
           -2.2    3.28646e+10    3.31491e-06        3503.68              0
             -2    3.64315e+10         25.273        4279.76              0
           -1.8    4.03517e+10        7727.72        5222.56              0
           -1.6    4.46424e+10         267188        6368.94              0
           -1.4    4.93409e+10     3.4299e+06        7760.89              0
           -1.2    5.44827e+10    2.30738e+07        9449.61              0
             -1    6.00954e+10    9.51831e+07        11498.7              0
           -0.8    6.62337e+10    2.71189e+08        13979.9              0
           -0.6    7.29218e+10    5.86165e+08        16986.7              0
           -0.4    8.02169e+10    1.02385e+09        20624.7              0
           -0.2    8.81659e+10    1.53337e+09        25023.7              0
    2.85742e-15    9.68099e+10     2.0296e+09        30342.9              0
            0.2    1.06217e+11    2.58253e+09        36765.5              0
            0.4    1.16436e+11    3.26671e+09        44519.8              0
            0.6    1.27535e+11    4.10282e+09        53873.1              0
            0.8     1.3958e+11    5.09326e+09        65148.3              0
              1    1.52638e+11    6.23458e+09        78733.6              0
            1.2    1.66793e+11    7.51769e+09          95087              0
            1.4    1.82114e+11    8.94718e+09         114766              0
            1.6    1.98695e+11    1.05328e+10         138426              0
            1.8    2.16633e+11    1.22877e+10         166847              0
              2    2.36005e+11     1.4229e+10         200981              0
            2.2    2.56939e+11      1.638e+10         241918              0
            2.4    2.79526e+11    1.87834e+10         290994              0
            2.6    3.03893e+11    2.14676e+10         349765              0
            2.8     3.3016e+11    2.44436e+10         420079              0
              3    3.58453e+11    2.77123e+10         504119              0
            3.2    3.88926e+11    3.12503e+10         604423              0
            3.4    4.21709e+11    3.50769e+10         724002              0
            3.6    4.56969e+11    3.92165e+10         866319              0
            3.8    4.94873e+11    4.36473e+10     1.0354e+06              0
              4    5.35578e+11    4.83148e+10    1.23591e+06              0
            4.2      5.793e+11    5.31744e+10    1.47308e+06              0
            4.4    6.26209e+11    5.82129e+10    1.75295e+06              0
            4.6    6.76526e+11    6.33964e+10    2.08223e+06              0
            4.8    7.30461e+11    6.87145e+10    2.46841e+06              0
              5    7.88251e+11    7.41378e+10    2.91973e+06              0
            5.2    8.50139e+11    7.96863e+10    3.44523e+06              0
            5.4    9.16383e+11    8.54115e+10    4.05469e+06              0
            5.6    9.87253e+11    9.13429e+10    4.75869e+06              0
            5.8    1.06304e+12    9.74946e+10    5.56853e+06              0
              6    1.14404e+12    1.03881e+11    6.49645e+06              0
            6.2    1.23058e+12     1.1051e+11    7.55526e+06              0
            6.4    1.32299e+12    1.17371e+11     8.7589e+06              0
            6.6    1.42162e+12    1.24461e+11     1.0122e+07              0
            6.8    1.52686e+12    1.31807e+11    1.16602e+07              0
              7    1.63907e+12    1.39399e+11      1.339e+07              0
            7.2     1.7587e+12    1.47192e+11    1.53287e+07              0
            7.4    1.88616e+12    1.55143e+11    1.74947e+07              0
            7.6    2.02191e+12    1.63212e+11    1.99071e+07              0
            7.8    2.16642e+12    1.71368e+11    2.25859e+07    2.37445e+07
              8    2.32022e+12    1.79586e+11    2.55521e+07    1.19394e+08
            8.2    2.48382e+12    1.87854e+11    2.88271e+07    3.53176e+08
            8.4    2.65778e+12    1.96181e+11    3.24337e+07     8.6755e+08
            8.6    2.84267e+12    2.04588e+11    3.63953e+07     1.8296e+09
            8.8    3.03912e+12    2.13078e+11    4.07361e+07    3.49052e+09
              9    3.24777e+12    2.21667e+11    4.54808e+07    6.10153e+09
            9.2    3.46928e+12     2.3037e+11    5.06556e+07    1.00123e+10
            9.4    3.70437e+12    2.39223e+11    5.62868e+07    1.56355e+10
            9.6    3.95377e+12    2.48238e+11     6.2402e+07    2.33754e+10
            9.8    4.21825e+12    2.57417e+11    6.90295e+07    3.36907e+10
             10    4.49865e+12    2.66776e+11    7.61978e+07    4.71109e+10
