Wells (G - ground energy, D - dissociation limit, kcal/mol):
      Name        G        D
       W1a     -4.2     -4.2
       W1b     -9.6     -9.6
       W2a     -3.8     -9.6
       W2b     -8.5     -9.6
        W3    -15.5     -2.2

Bimolecular Products (G - ground energy, kcal/mol):
      Name        G
        P1      0.0
        P2    -38.1
        P3    -15.5
        P4    -29.9
        P5      7.8

Well-to-Bimolecular Barriers (H/G - barrier height/well depth, kcal/mol)
      Name        H     Well        G  Product
        B1      0.0      W1a     -4.2       P1
        B2     -1.5      W1b     -9.6       P2
        B3      5.0      W2b     -8.5       P3
        B4      0.0      W2a     -3.8       P1
        B6      5.6       W3    -15.5       P4
        B7      7.8       W3    -15.5       P5

Well-to-Well Barriers (H/G - barrier height/well depth, kcal/mol):
      Name        H     Well       G1     Well       G2
        B5     -2.2      W2b     -8.5       W3    -15.5
        B8     -3.5      W1a     -4.2      W1b     -9.6
        B9     -3.4      W2a     -3.8      W2b     -8.5
       B10     -4.2      W1a     -4.2      W2a     -3.8
       B11     -4.2      W1a     -4.2      W2b     -8.5
       B12     -9.6      W1b     -9.6      W2a     -3.8
       B13     -9.6      W1b     -9.6      W2b     -8.5

________________________________________________________________________________________

Unimolecular Rate Units: 1/sec;  Bimolecular Rate Units: cm^3/sec

______________________________________________________________________________________

Species-Species Rate Tables:

Temperature = 200 K

High Pressure Rate Coefficients:

From\To           W1a          W1b          W2a          W2b           W3           P1           P2           P3           P4           P5
W1a               ***  4.52389e+10     0.989054     0.989054          ***  8.00082e+09          ***          ***          ***          ***
W1b       7.31022e+06          ***     0.991807     0.991807          ***          ***  1.08097e+08          ***          ***          ***
W2a            9.2279      57265.3          ***  1.22524e+11          ***  2.65701e+10          ***          ***          ***          ***
W2b        0.00976292      60.5855  1.29627e+08          ***  3.07897e+06          ***          ***      4420.53          ***          ***
W3                ***          ***          ***    0.0511081          ***          ***          ***          ***   0.00711453  8.85722e-10
P1        2.18894e-10          ***  7.79132e-11          ***          ***          ***          ***          ***          ***          ***
P2                ***  6.49038e-49          ***          ***          ***          ***          ***          ***          ***          ***
P3                ***          ***          ***  7.29534e-30          ***          ***          ***          ***          ***          ***
P4                ***          ***          ***          ***  1.13506e-43          ***          ***          ***          ***          ***
P5                ***          ***          ***          ***  1.72169e-10          ***          ***          ***          ***          ***

Temperature = 200 K    Pressure = 0.1 atm

From\To           W1a          W1b          W2a          W2b           W3           P1           P2           P3           P4           P5
W1a               ***          ***          ***          ***          ***          ***          ***          ***          ***          ***
W1b               ***          ***          ***          ***          ***          ***          ***          ***          ***          ***
W2a               ***          ***          ***          ***          ***          ***          ***          ***          ***          ***
W2b               ***          ***          ***          ***          ***          ***          ***          ***          ***          ***
W3                ***          ***          ***          ***   0.00831634   0.00113844  1.64723e-06    5.962e-05   0.00711664  1.46901e-13
P1                ***          ***          ***          ***  1.90092e-13  3.55144e-12  3.34749e-12  1.37228e-16  6.16242e-17  1.25215e-19
P2                ***          ***          ***          ***  9.75408e-57  1.18712e-52  2.22825e-49  7.32733e-62  5.33392e-65  1.44272e-72
P3                ***          ***          ***          ***  5.92759e-30  8.17096e-32  1.23027e-36  7.29571e-30  2.24326e-35  8.03572e-39
P4                ***          ***          ***          ***   1.1354e-43  5.88801e-48  1.43711e-55   3.5997e-51  1.13546e-43  3.27057e-54
P5                ***          ***          ***          ***  2.85551e-14  1.45766e-10  4.73599e-23  1.57107e-14  3.98482e-14  1.45851e-10

Temperature = 200 K    Pressure = 1 atm

From\To           W1a          W1b          W2a          W2b           W3           P1           P2           P3           P4           P5
W1a               ***          ***          ***          ***          ***          ***          ***          ***          ***          ***
W1b               ***          ***          ***          ***          ***          ***          ***          ***          ***          ***
W2a               ***          ***          ***          ***          ***          ***          ***          ***          ***          ***
W2b               ***          ***          ***          ***          ***          ***          ***          ***          ***          ***
W3                ***          ***          ***          ***     0.013081   0.00589792  1.77919e-06  6.44913e-05   0.00711678  1.53704e-12
P1                ***          ***          ***          ***  9.84817e-13   5.1614e-12  4.00239e-12  1.13726e-16  3.84776e-17  1.25081e-19
P2                ***          ***          ***          ***  1.05355e-56  1.41936e-52  4.59381e-49   3.9701e-63  4.12759e-66  1.53588e-72
P3                ***          ***          ***          ***  6.41191e-30  6.77158e-32  6.66587e-38  7.29829e-30   2.2781e-36  8.00951e-39
P4                ***          ***          ***          ***  1.13542e-43  3.67642e-48  1.11209e-56  3.65561e-52  1.13546e-43  3.25931e-54
P5                ***          ***          ***          ***  2.98774e-13  1.45611e-10  5.04179e-23  1.56595e-14   3.9711e-14  1.45966e-10

Temperature = 200 K    Pressure = 4 atm

From\To           W1a          W1b          W2a          W2b           W3           P1           P2           P3           P4           P5
W1a               ***          ***          ***          ***          ***          ***          ***          ***          ***          ***
W1b               ***          ***          ***          ***          ***          ***          ***          ***          ***          ***
W2a               ***          ***          ***          ***          ***          ***          ***          ***          ***          ***
W2b               ***          ***          ***          ***          ***          ***          ***          ***          ***          ***
W3                ***          ***          ***          ***    0.0192846    0.0121044  1.69751e-06  6.16013e-05   0.00711688  6.52494e-12
P1                ***          ***          ***          ***  2.02116e-12  8.24968e-12  5.08496e-12  1.07448e-16  2.17629e-17  1.24568e-19
P2                ***          ***          ***          ***  1.00518e-56  1.80328e-52  5.68088e-49   4.8268e-64  5.96794e-67  1.34883e-72
P3                ***          ***          ***          ***  6.12459e-30  6.39779e-32  8.10429e-39  7.29855e-30  5.21752e-37   7.9219e-39
P4                ***          ***          ***          ***  1.13544e-43  2.07938e-48  1.60793e-57  8.37242e-53  1.13546e-43  3.22193e-54
P5                ***          ***          ***          ***  1.26834e-12  1.45014e-10  4.42777e-23  1.54882e-14  3.92555e-14  1.46342e-10

Temperature = 210 K

High Pressure Rate Coefficients:

From\To           W1a          W1b          W2a          W2b           W3           P1           P2           P3           P4           P5
W1a               ***  5.06834e+10     0.989212     0.989212          ***  1.29562e+10         