Model::init:  starts
   Model::ExponentialKernel::ExponentialKernel:  ... done
   Model::LennardJonesCollision::LennardJonesCollision:  ... done
   WELL: W1a
   Model::RRHO::RRHO:  starts
      Model::new_core:  starts
         Model::RigidRotor::RigidRotor:  starts
            molecular geometry will be used to estimate rotational constants
            rotational configuration: nonlinear
            rotational constants[1/cm]:        0.631223      0.0978754      0.0898156
         Model::RigidRotor::RigidRotor:  done, cpu time[sec] = 0.002016, elapsed time[sec] = 0
      Model::new_core:  done, cpu time[sec] = 0.002413, elapsed time[sec] = 0
      ground state energy, kcal/mol:   -4.22
      interpolating states number/density starts
         core state contribution ... done, cpu time[sec] = 0.047214, elapsed time[sec] = 0
         electronic states contribution ... done, cpu time[sec] = 0.00137, elapsed time[sec] = 0
         vibrational modes contribution ... done, cpu time[sec] = 0.022722, elapsed time[sec] = 0
         effective power exponent at 404.218 kcal/mol = 11.9109
      interpolating states number/density done, cpu time[sec] = 0.943226, elapsed time[sec] = 0
   Model::RRHO::RRHO:  done, cpu time[sec] = 0.947462, elapsed time[sec] = 0
   WELL: W1b
   Model::RRHO::RRHO:  starts
      Model::new_core:  starts
         Model::RigidRotor::RigidRotor:  starts
            molecular geometry will be used to estimate rotational constants
            rotational configuration: nonlinear
            rotational constants[1/cm]:        0.563236       0.143434       0.114321
         Model::RigidRotor::RigidRotor:  done, cpu time[sec] = 0.000906, elapsed time[sec] = 0
      Model::new_core:  done, cpu time[sec] = 0.001411, elapsed time[sec] = 0
      ground state energy, kcal/mol:   -9.59
      interpolating states number/density starts
         core state contribution ... done, cpu time[sec] = 0.102288, elapsed time[sec] = 0
         electronic states contribution ... done, cpu time[sec] = 0.003005, elapsed time[sec] = 0
         vibrational modes contribution ... done, cpu time[sec] = 0.032549, elapsed time[sec] = 0
         effective power exponent at 409.59 kcal/mol = 11.8843
      interpolating states number/density done, cpu time[sec] = 1.09079, elapsed time[sec] = 0
   Model::RRHO::RRHO:  done, cpu time[sec] = 1.09454, elapsed time[sec] = 0
   WELL: W2a
   Model::RRHO::RRHO:  starts
      Model::new_core:  starts
         Model::RigidRotor::RigidRotor:  starts
            molecular geometry will be used to estimate rotational constants
            rotational configuration: nonlinear
            rotational constants[1/cm]:        0.680702      0.0942047      0.0893181
         Model::RigidRotor::RigidRotor:  done, cpu time[sec] = 0.001153, elapsed time[sec] = 0
      Model::new_core:  done, cpu time[sec] = 0.001683, elapsed time[sec] = 0
      ground state energy, kcal/mol:   -3.8
      interpolating states number/density starts
         core state contribution ... done, cpu time[sec] = 0.092923, elapsed time[sec] = 0
         vibrational modes contribution ... done, cpu time[sec] = 0.035119, elapsed time[sec] = 0
         effective power exponent at 403.797 kcal/mol = 11.8986
      interpolating states number/density done, cpu time[sec] = 1.0497, elapsed time[sec] = 0
   Model::RRHO::RRHO:  done, cpu time[sec] = 1.05376, elapsed time[sec] = 0
   WELL: W2b
   Model::RRHO::RRHO:  starts
      Model::new_core:  starts
         Model::RigidRotor::RigidRotor:  starts
            molecular geometry will be used to estimate rotational constants
            rotational configuration: nonlinear
            rotational constants[1/cm]:        0.595799       0.151704       0.120916
         Model::RigidRotor::RigidRotor:  done, cpu time[sec] = 0.000816, elapsed time[sec] = 0
      Model::new_core:  done, cpu time[sec] = 0.001348, elapsed time[sec] = 0
      ground state energy, kcal/mol:   -8.5
      interpolating states number/density starts
         core state contribution ... done, cpu time[sec] = 0.093861, elapsed time[sec] = 0
         vibrational modes contribution ... done, cpu time[sec] = 0.034201, elapsed time[sec] = 0
         effective power exponent at 408.498 kcal/mol = 11.8697
      interpolating states number/density done, cpu time[sec] = 1.01383, elapsed time[sec] = 0
   Model::RRHO::RRHO:  done, cpu time[sec] = 1.01748, elapsed time[sec] = 0
   WELL: W3
   Model::RRHO::RRHO:  starts
      Model::new_core:  starts
         Model::RigidRotor::RigidRotor:  starts
            molecular geometry will be used to estimate rotational constants
            rotational configuration: nonlinear
            rotational constants[1/cm]:        0.661238       0.195486       0.169217
         Model::RigidRotor::RigidRotor:  done, cpu time[sec] = 0.000954, elapsed time[sec] = 0
      Model::new_core:  done, cpu time[sec] = 0.001486, elapsed time[sec] = 0
      1-th ROTOR:
      Model::HinderedRotor::HinderedRotor:  starts
         Model::HinderedRotor::_read:  starts
            first point frequency estimate = 177.862 1/cm
            Fourier Expansion Coefficients(kcal/mol):
              0        4.53029
              1       0.739328
              2       0.120109
              3        1.26643
              4       -3.79268
              5       -1.06905
              6      -0.561203
              7       0.187278
              8      -0.249042
              9      -0.118399
             10      -0.123148
             11        -0.0505
             12        0.03475
             13      0.0127345
             14      0.0264336
             15    -0.00685603
             16     0.00195833
             17     0.00178675
             18      0.0132032
             19       0.005067
             20   -6.80408e-05
             21   -0.000471313
             22   -0.000894953
             23    1.32318e-15
             24    0.000291667
         Model::HinderedRotor::_read:  done, cpu time[sec] = 0.005023, elapsed time[sec] = 0
         effective rotational constant[1/cm]  = 1.9568
         analytic  frequency at minimum[1/cm] = 179.341
         numerical frequency at minimum[1/cm] = 179.34
         minimum energy[kcal/mol]             = 5.86367e-15
         maximum energy[kcal/mol]             = 9.93829
         maximum frequency[1/cm]              = 190.879
         ground energy [kcal/mol]             = 0.254844
         highest energy level [kcal/mol]      = 1392.39
         number of levels                     = 997
         10 lowest excited states [kcal/mol] relative to the ground: 0.000397 0.506 0.506 1 1 1.49 1.49 1.97 1.97
         Statistical Weight (*** - deep tunneling regime):
          T, K        Quantum             PG             PI  ***
           100        2.16891         2.1562        2.16691
           200         2.7867        2.77862        2.78626
           300        3.52926        3.52193        3.52907
           400        4.32436        4.31705        4.32426
           500        5.16109        5.15353        5.16102
           600        6.03964        6.03174        6.03959
           700         6.9605        6.95225        6.96047
           800         7.9221        7.91353        7.92208
           900        8.92099        8.91216        8.92098
          1000        9.95256        9.94352        9.95255
      Model::HinderedRotor::HinderedRotor:  done, cpu time[sec] = 9.6874, elapsed time[sec] = 0
      2-th ROTOR:
      Model::HinderedRotor::HinderedRotor:  starts
         Model::HinderedRotor::_read:  starts
            first point frequency estimate = 380.82 1/cm
            Fourier Expansion Coefficients(kcal/mol):
              0        3.22875
              1         1.5458
              2      -0.385427
              3      -0.370515
              4       -2.90475
              5      -0.434167
              6          0.035
              7       0.109841
              8        0.08275
              9      0.0510367
             10     -0.0375732
             11   -2.05544e-15
             12       -0.01875
         Model::HinderedRotor::_read:  done, cpu time[sec] = 0.001008, elapsed time[sec] = 0
         effective rotational constant[1/cm]  = 19.5655
         analytic  frequency at minimum[1/cm] = 404.79
         numerical frequency at minimum[1/cm] = 404.786
         minimum energy[kcal/mol]             = -0.00158171
         maximum energy[kcal/mol]             = 8.34937
         maximum frequency[1/cm]              = 404.925
         ground energy [kcal/mol]             = 0.556795
         highest energy level [kcal/mol]      = 13876.5
         number of levels                     = 997
         10 lowest excited states [kcal/mol] relative to the ground: 0.68 1.08 1.63 2.06 2.5 2.95 3.28 3.66 3.96
         Statistical Weight (*** - deep tunneling regime):
          T, K        Quantum             PG             PI  ***
           100        1.03748       0.942152       0.998417  ***
           200        1.27275        1.21291        1.26464
           300        1.61205        1.56275        1.60917
           400         1.9978        1.95364        1.99643
           500        2.41094        2.36995        2.41017
           600        2.84151        2.80286        2.84102
           700        3.28288        3.24618        3.28255
           800         3.7303        3.69532        3.73006
           900         4.1803         4.1469        4.18013
          1000        4.63033         4.5984         4.6302
      Model::HinderedRotor::HinderedRotor:  done, cpu time[sec] = 10.639, elapsed time[sec] = 1
      3-th ROTOR:
      Model::HinderedRotor::HinderedRotor:  starts
         Model::HinderedRotor::_read:  starts
            first point frequency estimate = 364.072 1/cm
            Fourier Expansion Coefficients(kcal/mol):
              0        2.83058
              1       0.470387
              2      -0.418576
              3      -0.772928
              4       -2.25358
              5       0.261333
              6      -0.169167
              7      0.0624982
              8     -0.0420833
              9      0.0304462
             10      0.0372424
             11   -2.48091e-15
             12      0.0155833
         Model::HinderedRotor::_read:  done, cpu time[sec] = 0.000948, elapsed time[sec] = 0
         effective rotational constant[1/cm]  = 19.7597
         analytic  frequency at minimum[1/cm] = 376.406
         numerical frequency at minimum[1/cm] = 376.405
         minimum energy[kcal/mol]             = -0.000588427
         maximum energy[kcal/mol]             = 5.43709
         maximum frequency[1/cm]              = 395.443
         ground energy [kcal/mol]             = 0.525977
         highest energy level [kcal/mol]      = 14013.9
         number of levels                     = 997
         10 lowest excited states [kcal/mol] relative to the ground: 0.689 1.03 1.67 1.99 2.58 2.89 3.38 3.7 4.08
         Statistical Weight (*** - deep tunneling regime):
          T, K        Quantum             PG             PI  ***
           100        1.03722       0.984625        1.01728  ***
           200        1.27641         1.2444        1.27064
           300        1.61864        1.59029        1.61608
           400        2.00613        1.97826        2.00475
           500        2.42316        2.39494        2.42232
           600        2.86185        2.83324         2.8613
           700        3.31585        3.28707        3.31548
           800        3.77965        3.75097        3.77939
           900        4.24868        4.22034        4.24848
          1000         4.7193        4.69149        4.71915
      Model::HinderedRotor::HinderedRotor:  done, cpu time[sec] = 10.6382, elapsed time[sec] = 0
      ground state energy, kcal/mol:   -15.51
      interpolating states number/density starts
         core state contribution ... done, cpu time[sec] = 0.034191, elapsed time[sec] = 0
         vibrational modes contribution ... done, cpu time[sec] = 0.010418, elapsed time[sec] = 0
         hindered rotors contribution starts
            Model::HinderedRotor::set:  starts
            Model::HinderedRotor::set:  done, cpu time[sec] = 6.7e-05, elapsed time[sec] = 0
            Model::HinderedRotor::set:  starts
            Model::HinderedRotor::set:  done, cpu time[sec] = 0.00026, elapsed time[sec] = 0
            Model::HinderedRotor::set:  starts
            Model::HinderedRotor::set:  done, cpu time[sec] = 7.9e-05, elapsed time[sec] = 0
         hindered rotors contribution done, cpu time[sec] = 0.429977, elapsed time[sec] = 0
         effective power exponent at 415.508 kcal/mol = 10.7156
      interpolating states number/density done, cpu time[sec] = 0.82611, elapsed time[sec] = 0
   Model::RRHO::RRHO:  done, cpu time[sec] = 31.7976, elapsed time[sec] = 1
   BIMOLECULAR: P1
   Model::Bimolecular::Bimolecular:  starts
      Model::RRHO::RRHO:  starts
         Model::new_core:  starts
            Model::RigidRotor::RigidRotor:  starts
               molecular geometry will be used to estimate rotational constants
               rotational configuration: nonlinear
               rotational constants[1/cm]:         20.5397        1.11483        1.05743
            Model::RigidRotor::RigidRotor:  done, cpu time[sec] = 0.000454, elapsed time[sec] = 0
         Model::new_core:  done, cpu time[sec] = 0.00064, elapsed time[sec] = 0
         ground state energy, kcal/mol:   0
      Model::RRHO::RRHO:  done, cpu time[sec] = 0.001259, elapsed time[sec] = 0
      Model::RRHO::RRHO:  starts
         Model::new_core:  starts
            Model::RigidRotor::RigidRotor:  starts
               molecular geometry will be used to estimate rotational constants
               rotational configuration: nonlinear
               rotational constants[1/cm]:         20.5397        1.11483        1.05743
            Model::RigidRotor::RigidRotor:  done, cpu time[sec] = 0.000273, elapsed time[sec] = 0
         Model::new_core:  done, cpu time[sec] = 0.000453, elapsed time[sec] = 0
         ground state energy, kcal/mol:   0
      Model::RRHO::RRHO:  done, cpu time[sec] = 0.000983, elapsed time[sec] = 0
   Model::Bimolecular::Bimolecular:  done, cpu time[sec] = 0.003726, elapsed time[sec] = 0
   BIMOLECULAR: P2
   Model::Bimolecular::Bimolecular:  starts
      Model::RRHO::RRHO:  starts
         Model::new_core:  starts
            Model::RigidRotor::RigidRotor:  starts
               molecular geometry will be used to estimate rotational constants
               rotational configuration: nonlinear
               rotational constants[1/cm]:         10.0783       0.877183       0.848353
            Model::RigidRotor::RigidRotor:  done, cpu time[sec] = 0.000292, elapsed time[sec] = 0
         Model::new_core:  done, cpu time[sec] = 0.000459, elapsed time[sec] = 0
         ground state energy, kcal/mol:   0
      Model::RRHO::RRHO:  done, cpu time[sec] = 0.001025, elapsed time[sec] = 0
      Model::RRHO::RRHO:  starts
         Model::new_core:  starts
            Model::RigidRotor::RigidRotor:  starts
               molecular geometry will be used to estimate rotational constants
               rotational configuration: linear
               rotational constant[1/cm]:         1.43468
            Model::RigidRotor::RigidRotor:  done, cpu time[sec] = 0.000251, elapsed time[sec] = 0
         Model::new_core:  done, cpu time[sec] = 0.000416, elapsed time[sec] = 0
         ground state energy, kcal/mol:   0
      Model::RRHO::RRHO:  done, cpu time[sec] = 0.000899, elapsed time[sec] = 0
   Model::Bimolecular::Bimolecular:  done, cpu time[sec] = 0.003166, elapsed time[sec] = 0
   BIMOLECULAR: P3
   Model::Bimolecular::Bimolecular:  starts
      Model::RRHO::RRHO:  starts
         Model::new_core:  starts
            Model::RigidRotor::RigidRotor:  starts
               molecular geometry will be used to estimate rotational constants
               rotational configuration: nonlinear
               rotational constants[1/cm]:         10.0783       0.877183       0.848353
            Model::RigidRotor::RigidRotor:  done, cpu time[sec] = 0.000279, elapsed time[sec] = 0
         Model::new_core:  done, cpu time[sec] = 0.000442, elapsed time[sec] = 0
         ground state energy, kcal/mol:   0
      Model::RRHO::RRHO:  done, cpu time[sec] = 0.001, elapsed time[sec] = 0
      Model::RRHO::RRHO:  starts
         Model::new_core:  starts
            Model::RigidRotor::RigidRotor:  starts
               molecular geometry will be used to estimate rotational constants
               rotational configuration: linear
               rotational constant[1/cm]:         1.42649
            Model::RigidRotor::RigidRotor:  done, cpu time[sec] = 0.000239, elapsed time[sec] = 0
         Model::new_core:  done, cpu time[sec] = 0.000405, elapsed time[sec] = 0
         ground state energy, kcal/mol:   0
      Model::RRHO::RRHO:  done, cpu time[sec] = 0.000891, elapsed time[sec] = 0
   Model::Bimolecular::Bimolecular:  done, cpu time[sec] = 0.003291, elapsed time[sec] = 0
   BIMOLECULAR: P4
   Model::Bimolecular::Bimolecular:  starts
      Model::RRHO::RRHO:  starts
         Model::new_core:  starts
            Model::RigidRotor::RigidRotor:  starts
               molecular geometry will be used to estimate rotational constants
               rotational configuration: nonlinear
               rotational constants[1/cm]:         3.55446       0.445757       0.396085
            Model::RigidRotor::RigidRotor:  done, cpu time[sec] = 0.000267, elapsed time[sec] = 0
         Model::new_core:  done, cpu time[sec] = 0.000433, elapsed time[sec] = 0
         ground state energy, kcal/mol:   0
      Model::RRHO::RRHO:  done, cpu time[sec] = 0.000947, elapsed time[sec] = 0
      Model::RRHO::RRHO:  starts
         Model::new_core:  starts
            Model::RigidRotor::RigidRotor:  starts
               molecular geometry will be used to estimate rotational constants
               rotational configuration: nonlinear
               rotational constants[1/cm]:         26.7406        14.7145        9.49158
            Model::RigidRotor::RigidRotor:  done, cpu time[sec] = 0.00028, elapsed time[sec] = 0
         Model::new_core:  done, cpu time[sec] = 0.000443, elapsed time[sec] = 0
         ground state energy, kcal/mol:   0
      Model::RRHO::RRHO:  done, cpu time[sec] = 0.000968, elapsed time[sec] = 0
   Model::Bimolecular::Bimolecular:  done, cpu time[sec] = 0.003265, elapsed time[sec] = 0
   BIMOLECULAR: P5
   Model::Bimolecular::Bimolecular:  starts
      Model::RRHO::RRHO:  starts
         Model::new_core:  starts
            Model::RigidRotor::RigidRotor:  starts
               molecular geometry will be used to estimate rotational constants
               rotational configuration: nonlinear
               rotational constants[1/cm]:         2.41341       0.361309       0.314261
            Model::RigidRotor::RigidRotor:  done, cpu time[sec] = 0.000268, elapsed time[sec] = 0
         Model::new_core:  done, cpu time[sec] = 0.000434, elapsed time[sec] = 0
         1-th ROTOR:
         Model::HinderedRotor::HinderedRotor:  starts
            Model::HinderedRotor::_read:  starts
               first point frequency estimate = 162.708 1/cm
               Fourier Expansion Coefficients(kcal/mol):
                 0       0.746667
                 1    3.11822e-17
                 2      -0.310438
                 3    1.41737e-16
                 4          -0.47
                 5    2.09771e-16
                 6      0.0533333
                 7    1.98432e-16
                 8     -0.0266667
                 9     2.8064e-16
                10     0.00710466
                11   -3.78956e-16
                12   -1.70085e-17
            Model::HinderedRotor::_read:  done, cpu time[sec] = 0.000877, elapsed time[sec] = 0
            effective rotational constant[1/cm]  = 20.7512
            analytic  frequency at minimum[1/cm] = 168.653
            numerical frequency at minimum[1/cm] = 168.652
            minimum energy[kcal/mol]             = 3.83754e-16
            maximum energy[kcal/mol]             = 1.25177
            maximum frequency[1/cm]              = 196.273
            ground energy [kcal/mol]             = 0.228575
            highest energy level [kcal/mol]      = 14714.8
            number of levels                     = 997
            10 lowest excited states [kcal/mol] relative to the ground: 0.427 0.518 0.784 0.914 1.09 1.16 1.51 1.52 2.03
            Statistical Weight (*** - deep tunneling regime):
             T, K        Quantum             PG             PI  ***
              100        1.22739        1.16539        1.21876
              200        2.02847        1.97511        2.02693
              300        2.94861         2.9018         2.9481
              400        3.84033        3.80048        3.84011
              500        4.67337        4.63953        4.67326
              600        5.44666        5.41769         5.4466
              700        6.16611        6.14106        6.16607
              800        6.83862        6.81674         6.8386
              900        7.47051        7.45121        7.47049
             1000        8.06716        8.04999        8.06715
         Model::HinderedRotor::HinderedRotor:  done, cpu time[sec] = 10.2325, elapsed time[sec] = 0
         ground state energy, kcal/mol:   0
      Model::RRHO::RRHO:  done, cpu time[sec] = 10.2347, elapsed time[sec] = 0
      Model::RRHO::RRHO:  starts
         Model::new_core:  starts
            Model::RigidRotor::RigidRotor:  starts
               molecular geometry will be used to estimate rotational constants
               rotational configuration: linear
               rotational constant[1/cm]:         18.8538
            Model::RigidRotor::RigidRotor:  done, cpu time[sec] = 0.000336, elapsed time[sec] = 0
         Model::new_core:  done, cpu time[sec] = 0.000533, elapsed time[sec] = 0
         ground state energy, kcal/mol:   0
      Model::RRHO::RRHO:  done, cpu time[sec] = 0.001326, elapsed time[sec] = 0
   Model::Bimolecular::Bimolecular:  done, cpu time[sec] = 10.2376, elapsed time[sec] = 0
   BARRIER: B1
   Model::RRHO::RRHO:  starts
      Model::new_core:  starts
         Model::Rotd::Rotd :  starts
            WARNING: zero number of states energy is not initialized: will try to estimate it from the data
            grid size = 179
            effective power exponent at 2349.05 kcal/mol = 2.62206
            zero number of states energy = 0 1/cm
         Model::Rotd::Rotd :  done, cpu time[sec] = 0.008593, elapsed time[sec] = 0
      Model::new_core:  done, cpu time[sec] = 0.008799, elapsed time[sec] = 0
      ground state energy, kcal/mol:   0
      interpolating states number/density starts
         core state contribution ... done, cpu time[sec] = 0.259248, elapsed time[sec] = 0
         electronic states contribution ... done, cpu time[sec] = 0.001063, elapsed time[sec] = 0
         vibrational modes contribution ... done, cpu time[sec] = 0.005744, elapsed time[sec] = 0
         effective power exponent at 399.998 kcal/mol = 9.01406
      interpolating states number/density done, cpu time[sec] = 0.598693, elapsed time[sec] = 0
   Model::RRHO::RRHO:  done, cpu time[sec] = 0.608306, elapsed time[sec] = 0
   BARRIER: B2
   Model::RRHO::RRHO:  starts
      Model::new_core:  starts
         Model::MultiRotor::MultiRotor:  starts
            1-th internal rotation definition:
            InternalRotation starts
            InternalRotation done
            mass fourier expansion starts
               mass fourier expansion size = 11
               1D internal mobilities for original geometry, 1/cm:     2.38988
               generalized mass matrix [amu * bohr * bohr] for original geometry:
               #\#           1
               1       25.1895
               external rotational constants for original geometry [1/cm]:   0.557973   0.167719   0.131451
               internal mobility matrix for original geometry, 1/cm:
               #\#           1
               1       2.38988
               (single rotor) internal mobility, 1/ cm:
                 0        2.38988
                 1        2.20744
                 2        2.08829
                 3        2.10827
                 4        2.20103
                 5        2.25342
                 6        2.20438
                 7        2.11426
                 8        2.09619
                 9         2.2157
                10        2.39396
               averaged internal mobility matrix, 1/cm:
               #\#           1
               1       2.20662
            mass fourier expansion done, cpu time[sec] = 0.003624, elapsed time[sec] = 0
            potential fourier expansion starts
               potential fourier expansion size = 13
               different order potential correlation terms contributions, %:
                 #            1
                 %          100
               first order correlation contributions to the potential from different rotations, %:
                 R            0
                 %          100
               high order harmonics potential contributions, %:
               R\#        1        2        3        4        5        6
                 0     74.5     22.7     2.52    0.199   0.0681   0.0307
               1            100
               2            100
               3            100
               4            100
               5            100
               6            100
               7            100
               8            100
               9            100
               10           100
               Model potential:
                         phi_1    V, kcal/mol            f_1
                             0        16.7486        120.871
                            30        17.7751        96.9004
                            60        20.1047       -95.2444
                            90        21.2707       -52.5891
                           120        21.6984       -56.5185
                           150        21.6864        22.3203
                           180        21.6576         29.568
                           210        21.7923       -25.3172
                           240        21.7858       -32.4695
                           270        21.6497       -44.1185
                           300        20.8262       -123.237
                           330        18.1266        105.699

            potential fourier expansion done, cpu time[sec] = 0.004187, elapsed time[sec] = 0
            descretization starts
               angular integration grid size = 100
               potential minimum energy correction [kcal/mol] = -0.00252455
               potential maximum energy correction [kcal/mol] = 0.000687961
               potential energy surface, kcal/mol:
                      E, kcal/mol        phi_1
                 min      16.7461       1.3748
                 max      21.8384      225.164
               vibrational frequencies, 1/cm:
               #           min          max         mean
               1       90.4407      216.102      152.833
               2       152.159      329.582      231.583
               3       361.262      417.187          384
               4       575.815      708.328      638.667
               5       752.933      1078.64       913.75
               6       1091.36      1171.65      1124.83
               7       1336.22      1371.16      1353.33
               8       1419.85      1450.01      1429.75
               9        1394.5      1678.16      1549.17
               10      3633.04       3700.2      3676.25
               hindered rotation frequencies f at minimum, 1/cm:
               #            f
               1      120.112
               effective one-dimensional internal mobilities[1/cm]:   2.38423
               ground energy in the harmonic oscilator approximation = 16.9178 kcal/mol
            descretization done, cpu time[sec] = 0.030605, elapsed time[sec] = 0
            one-dimensional uncoupled rotors model initialization starts
               Model::HinderedRotor::HinderedRotor:  starts
                  effective rotational constant[1/cm]  = 2.20662
                  analytic  frequency at minimum[1/cm] = 115.526
                  numerical frequency at minimum[1/cm] = 115.526
                  minimum energy[kcal/mol]             = -3.68072
                  maximum energy[kcal/mol]             = 1.41158
                  maximum frequency[1/cm]              = 122.504
                  ground energy [kcal/mol]             = -3.51499
                  highest energy level [kcal/mol]      = 1564.69
                  number of levels                     = 997
                  10 lowest excited states [kcal/mol] relative to the ground: 0.332 0.664 0.994 1.32 1.64 1.96 2.27 2.57 2.86
                  Statistical Weight (*** - deep tunneling regime):
                   T, K        Quantum             PG             PI  ***
                    100        1.23188        1.23328        1.23185
                    200        1.76929        1.76927        1.76937
                    300          2.362        2.36118        2.36219
                    400        3.00482         3.0031        3.00497
                    500        3.72158        3.71912        3.72179
                    600        4.52812        4.52493        4.52832
                    700        5.42535         5.4216        5.42557
                    800        6.40448        6.40028         6.4047
                    900        7.45219        7.44772        7.45245
                   1000        8.55448        8.54982        8.55477
               Model::HinderedRotor::HinderedRotor:  done, cpu time[sec] = 10.3151, elapsed time[sec] = 1
               Model::HinderedRotor::set:  starts
               Model::HinderedRotor::set:  done, cpu time[sec] = 7.6e-05, elapsed time[sec] = 0
               one-dimensional uncoupled rotors model ground energy [kcal/mol] = 16.9118
            one-dimensional uncoupled rotors model initialization done, cpu time[sec] = 10.3159, elapsed time[sec] = 1
            Model::MultiRotor::_set_qfactor:  starts
               potential fourier expansion size = 12
               vibrational frequencies fourier expansion sizes:   13   13   13   13   13   13   13   13   13   13
               internal mobility matrix fourier expansion size = 11
               external rotation factor fourier expansion size = 11
               quantum phase space dimensions:   77
               reference hamiltonian size = 77
               number of vibrational population states = 3886
               Model::MultiRotor::_set_states_base:  ... done, cpu time[sec] = 0.000516, elapsed time[sec] = 0
               classically estimated number of energy levels = 62
               setting reference hamiltonian ... done, cpu time[sec] = 0.07498, elapsed time[sec] = 0
               setting external rotation factor matrix elements ... done, cpu time[sec] = 0.033183, elapsed time[sec] = 0
               stripped hamiltonian size = 77
               diagonalizing hamiltonian ... done, cpu time[sec] = 0.0355, elapsed time[sec] = 0
               averaging external rotation factor over quantum state ... done, cpu time[sec] = 0.007305, elapsed time[sec] = 0
               quantum states  # = 63
               first 10 energy levels, kcal/mol: 16.9178 17.2619 17.6051 17.9455 18.2815 18.6117 18.9346 19.2488 19.553 19.8456
               ground state energy      [kcal/mol] = 16.9178
               potential energy minimum [kcal/mol] = 16.7461
               Model::MultiRotor::_set_states_base:  ... done, cpu time[sec] = 0.000434, elapsed time[sec] = 0
            Model::MultiRotor::_set_qfactor:  done, cpu time[sec] = 0.264109, elapsed time[sec] = 0
            interpolating states number/density starts
               Model::MultiRotor::_set_states_base:  ... done, cpu time[sec] = 0.003731, elapsed time[sec] = 0
               angular integration ... done
               classical states interpolation ... done
               effective power exponent at 99.9973 kcal/mol = 10.7995
               number of states (E - energy in kcal/mol relative to the ground level):
                   E    Classical  Q-corrected     Q-Factor 1D-Classical   1D-Quantum  1D-Q-Factor
                 0.1      7231.25      4983.71     0.689191      7758.12      5715.17     0.736669
                 0.2        15684      14096.1     0.898757      16918.6      15491.9      0.91567
                 0.3      28365.4      25862.9     0.911778      30668.9        28051     0.914641
                 0.4      45642.4      40923.4     0.896609      50705.6      45485.7     0.897056
                 0.5      68417.3      63415.9     0.926899      79059.6      73158.5     0.925359
                 0.6      98405.9      93674.7     0.951922       118006       111419     0.944184
                 0.7       137464       129658     0.943213       170294       159695     0.937758
                 0.8       187650       179240     0.955182       238362       226433     0.949952
                 0.9       251403       242633     0.965117       325547       311745     0.957604
                   1       330944       320374     0.968061       435022       416864     0.958261
                 1.1       429249       414835      0.96642       572156       548354       0.9584
                 1.2       550313       535804     0.973636       741489       716584     0.966411
                 1.3       697134       680872     0.976673       949208       918370     0.967512
                 1.4       873232       852912      0.97673  1.20107e+06  1.16395e+06     0.969094
                 1.5  1.08234e+06  1.06004e+06     0.979396  1.50374e+06  1.46135e+06     0.971806
                 1.6  1.32854e+06  1.30466e+06     0.982031  1.86418e+06  1.81558e+06     0.973934
                 1.7   1.6174e+06  1.58914e+06     0.982525  2.29027e+06  2.23151e+06     0.974343
                 1.8   1.9551e+06  1.92053e+06     0.982318  2.79298e+06   2.7218e+06     0.974516
                 1.9  2.34786e+06  2.31223e+06     0.984821  3.38256e+06  3.30419e+06     0.976832
                   2  2.80346e+06  2.76314e+06     0.985617   4.0712e+06  3.97873e+06     0.977287
                 2.1   3.3299e+06  3.28534e+06     0.986618  4.86961e+06  4.76501e+06      0.97852
                 2.2  3.93523e+06  3.88404e+06     0.986991  5.79304e+06   5.6715e+06     0.979019
                 2.3  4.62891e+06  4.57389e+06     0.988114  6.85608e+06   6.7198e+06     0.980124
                 2.4  5.42172e+06  5.36115e+06     0.988829  8.07604e+06  7.92229e+06     0.980962
                 2.5  6.32516e+06   6.2566e+06     0.989161  9.47047e+06  9.29654e+06     0.981634
                 2.6  7.35133e+06  7.27567e+06     0.989708  1.10603e+07   1.0862e+07     0.982065
                 2.7  8.51351e+06  8.42885e+06     0.990057  1.28683e+07  1.26455e+07     0.982689
                 2.8  9.82582e+06  9.73524e+06     0.990781  1.49165e+07  1.46697e+07     0.983453
                 2.9  1.13035e+07  1.12017e+07     0.990999  1.72316e+07  1.69498e+07     0.983649
                   3  1.29637e+07  1.28527e+07     0.991436  1.98396e+07  1.95259e+07     0.984185
                 3.1  1.48258e+07  1.47041e+07      0.99179  2.27734e+07  2.24206e+07     0.984508
                 3.2  1.69093e+07  1.67775e+07     0.992207   2.6065e+07   2.5675e+07     0.985035
                 3.3  1.92389e+07  1.90917e+07     0.992349  2.97536e+07  2.93147e+07     0.985248
                 3.4  2.18375e+07  2.16808e+07     0.992823  3.38755e+07  3.33973e+07     0.985884
                 3.5  2.47301e+07  2.45611e+07     0.993164  3.84722e+07  3.79432e+07     0.986249
                 3.6  2.79452e+07  2.77572e+07     0.993273  4.35887e+07  4.29978e+07     0.986444
                 3.7  3.15099e+07  3.13047e+07     0.993489  4.92757e+07  4.86248e+07      0.98679
                 3.8  3.54561e+07   3.5235e+07     0.993764  5.55873e+07  5.48726e+07     0.987143
                 3.9  3.98204e+07  3.95808e+07     0.993983  6.25803e+07  6.17917e+07     0.987398
                   4  4.46386e+07  4.43725e+07     0.994039  7.03192e+07  6.94442e+07     0.987557
                 4.1  4.99553e+07  4.96721e+07     0.994332   7.8869e+07  7.79122e+07     0.987868
                 4.2  5.58145e+07    5.551e+07     0.994544  8.83032e+07  8.72541e+07     0.988119
                 4.3   6.2263e+07  6.19323e+07     0.994689  9.86969e+07  9.75442e+07     0.988321
                 4.4  6.93523e+07  6.89902e+07     0.994778  1.10139e+08  1.08872e+08       0.9885
                 4.5  7.71384e+07  7.67526e+07        0.995  1.22721e+08  1.21344e+08     0.988782
                 4.6  8.56777e+07   8.5261e+07     0.995137  1.36542e+08  1.35037e+08     0.988976
                 4.7  9.50359e+07  9.45868e+07     0.995275  1.51704e+08  1.50064e+08     0.989184
                 4.8  1.05284e+08  1.04798e+08     0.995379  1.68323e+08  1.66532e+08     0.989359
                 4.9  1.16507e+08  1.15984e+08      0.99551  1.86527e+08  1.84572e+08     0.989517
                   5  1.28793e+08  1.28229e+08     0.995621  2.06455e+08  2.04324e+08     0.989679
                 5.1  1.42231e+08  1.41622e+08     0.995714   2.2825e+08   2.2593e+08     0.989835
                 5.2  1.56918e+08  1.56267e+08      0.99585  2.52059e+08  2.49532e+08     0.989974
                 5.3  1.72961e+08  1.72259e+08     0.995942  2.78049e+08  2.75307e+08      0.99014
                 5.4  1.90478e+08  1.89731e+08      0.99608  3.06394e+08   3.0342e+08     0.990292
                 5.5   2.0959e+08   2.0878e+08     0.996137   3.3729e+08  3.34056e+08     0.990413
                 5.6  2.30425e+08  2.29565e+08     0.996267  3.70936e+08  3.67439e+08     0.990574
                 5.7  2.53128e+08  2.52202e+08     0.996341  4.07547e+08  4.03759e+08     0.990705
                 5.8  2.77849e+08  2.76859e+08     0.996436  4.47354e+08  4.43252e+08      0.99083
                 5.9  3.04754e+08  3.03686e+08     0.996494  4.90604e+08  4.86158e+08     0.990937
                   6  3.34024e+08  3.32889e+08       0.9966  5.37563e+08  5.32772e+08     0.991088
                 6.1   3.6584e+08  3.64625e+08      0.99668  5.88507e+08  5.83318e+08     0.991182
                 6.2  4.00405e+08  3.99099e+08     0.996738   6.4374e+08  6.38132e+08     0.991289
                 6.3  4.37937e+08  4.36544e+08     0.996817  7.03576e+08  6.97516e+08     0.991386
                 6.4  4.78658e+08  4.77172e+08     0.996895  7.68357e+08  7.61839e+08     0.991518
                 6.5  5.22815e+08  5.21236e+08     0.996979  8.38434e+08  8.31406e+08     0.991618
                 6.6  5.70674e+08  5.68971e+08     0.997015  9.14191e+08  9.06618e+08     0.991716
                 6.7  6.22514e+08  6.20719e+08     0.997117   9.9604e+08  9.87903e+08     0.991831
                 6.8  6.78636e+08  6.76707e+08     0.997159  1.08442e+09  1.07566e+09     0.991923
                 6.9  7.39352e+08  7.37305e+08     0.997232  1.17978e+09  1.17037e+09     0.992027
                   7  8.04988e+08  8.02794e+08     0.997275   1.2826e+09  1.27248e+09     0.992107
                 7.1  8.75921e+08  8.73594e+08     0.997343  1.39341e+09  1.38255e+09     0.992211
                 7.2  9.52542e+08   9.5006e+08     0.997395  1.51274e+09  1.50107e+09     0.992282
                 7.3  1.03525e+09  1.03261e+09     0.997449  1.64119e+09  1.62869e+09     0.992381
                 7.4  1.12447e+09  1.12167e+09     0.997505  1.77936e+09  1.76593e+09     0.992454
                 7.5  1.22067e+09  1.21769e+09     0.997556  1.92789e+09  1.91353e+09     0.992548
                 7.6  1.32434e+09  1.32117e+09     0.997612  2.08749e+09  2.07209e+09     0.992624
                 7.7  1.43599e+09  1.43261e+09     0.997645  2.25888e+09   2.2424e+09     0.992704
                 7.8  1.55618e+09  1.55262e+09     0.997712  2.44282e+09   2.4252e+09      0.99279
                 7.9  1.68548e+09  1.68167e+09     0.997742  2.64012e+09  2.62127e+09     0.992862
                   8  1.82451e+09  1.82049e+09     0.997799  2.85164e+09  2.83152e+09     0.992945
                 8.1  1.97393e+09  1.96964e+09     0.997827  3.07829e+09  3.05676e+09     0.993004
                 8.2  2.13444e+09  2.12992e+09     0.997879  3.32105e+09  3.29809e+09     0.993086
                 8.3   2.3068e+09  2.30199e+09     0.997914  3.58091e+09  3.55637e+09     0.993146
                 8.4  2.49177e+09  2.48667e+09     0.997954  3.85894e+09  3.83277e+09     0.993219
                 8.5  2.69017e+09  2.68478e+09     0.997993  4.15626e+09  4.12833e+09     0.993279
                 8.6  2.90289e+09  2.89717e+09     0.998032  4.47406e+09  4.44432e+09     0.993353
                 8.7  3.13083e+09   3.1248e+09     0.998074  4.81361e+09  4.78191e+09     0.993414
                 8.8    3.375e+09  3.36859e+09     0.998099  5.17621e+09  5.14245e+09     0.993477
                 8.9  3.63644e+09  3.62969e+09     0.998143  5.56328e+09  5.52735e+09     0.993542
                   9  3.91623e+09  3.90906e+09     0.998167  5.97627e+09  5.93801e+09     0.993599
                 9.1  4.21555e+09    4.208e+09     0.998209  6.41672e+09  6.37606e+09     0.993664
                 9.2  4.53562e+09  4.52759e+09      0.99823  6.88625e+09  6.84296e+09     0.993714
                 9.3  4.87774e+09   4.8693e+09      0.99827  7.38658e+09  7.34061e+09     0.993777
                 9.4  5.24328e+09  5.23433e+09     0.998294  7.91952e+09  7.87063e+09     0.993826
                 9.5  5.63368e+09  5.62424e+09     0.998325  8.48698e+09  8.43508e+09     0.993885
                 9.6  6.05046e+09  6.04049e+09     0.998353  9.09091e+09  9.03576e+09     0.993934
                 9.7  6.49521e+09   6.4847e+09     0.998381  9.73339e+09  9.67491e+09     0.993991
                 9.8  6.96964e+09  6.95856e+09      0.99841  1.04166e+10  1.03546e+10      0.99404
            interpolating states number/density done, cpu time[sec] = 0.365026, elapsed time[sec] = 0
            statistical weight (*** - deep tunneling regime):
             T, K    Classical PathIntegral
               50        10688      6757.82
              100      27224.8      24092.6
              150      66360.9      62826.4
              200       147693       143243
              250       305623       299783
              300       598443       590656
              350  1.12472e+06  1.11429e+06
              400  2.05055e+06  2.03661e+06
              450  3.65303e+06  3.63445e+06
              500  6.38725e+06  6.36264e+06
              550  1.09869e+07  1.09545e+07
              600  1.86116e+07  1.85692e+07
              650  3.10593e+07  3.10042e+07
              700  5.10646e+07  5.09935e+07
              750  8.27138e+07  8.26227e+07
              800  1.32011e+08  1.31895e+08
              850   2.0764e+08  2.07494e+08
              900  3.21981e+08  3.21797e+08
              950  4.92443e+08  4.92214e+08
             1000  7.43198e+08  7.42914e+08
         Model::MultiRotor::MultiRotor:  done, cpu time[sec] = 10.9956, elapsed time[sec] = 1
      Model::new_core:  done, cpu time[sec] = 10.9959, elapsed time[sec] = 1
      Model::EckartTunnel::EckartTunnel:  ... done
      ground state energy, kcal/mol:   -1.52
      interpolating states number/density starts
         core state contribution ... done, cpu time[sec] = 0.117259, elapsed time[sec] = 0
         electronic states contribution ... done, cpu time[sec] = 0.001019, elapsed time[sec] = 0
         tunneling contribution ... done, cpu time[sec] = 1.72262, elapsed time[sec] = 0
         effective power exponent at 409.787 kcal/mol = 11.029
      interpolating states number/density done, cpu time[sec] = 1.86326, elapsed time[sec] = 0
   Model::RRHO::RRHO:  done, cpu time[sec] = 12.8601, elapsed time[sec] = 1
   BARRIER: B3
   Model::RRHO::RRHO:  starts
      Model::new_core:  starts
         Model::RigidRotor::RigidRotor:  starts
            molecular geometry will be used to estimate rotational constants
            rotational configuration: nonlinear
            rotational constants[1/cm]:         0.57567        0.20164       0.152682
         Model::RigidRotor::RigidRotor:  done, cpu time[sec] = 1.3e-05, elapsed time[sec] = 0
      Model::new_core:  done, cpu time[sec] = 1.8e-05, elapsed time[sec] = 0
      Model::EckartTunnel::EckartTunnel:  ... done
      ground state energy, kcal/mol:   5.02
      interpolating states number/density starts
         core state contribution ... done, cpu time[sec] = 0.000897, elapsed time[sec] = 0
         vibrational modes contribution ... done, cpu time[sec] = 0.000292, elapsed time[sec] = 0
         tunneling contribution ... done, cpu time[sec] = 0.906784, elapsed time[sec] = 1
         effective power exponent at 408.478 kcal/mol = 12.3605
      interpolating states number/density done, cpu time[sec] = 0.917358, elapsed time[sec] = 1
   Model::RRHO::RRHO:  done, cpu time[sec] = 0.917416, elapsed time[sec] = 1
   BARRIER: B4
   Model::RRHO::RRHO:  starts
      Model::new_core:  starts
         Model::Rotd::Rotd :  starts
            WARNING: zero number of states energy is not initialized: will try to estimate it from the data
            grid size = 179
            effective power exponent at 2349.05 kcal/mol = 2.62198
            zero number of states energy = 0 1/cm
         Model::Rotd::Rotd :  done, cpu time[sec] = 0.000218, elapsed time[sec] = 0
      Model::new_core:  done, cpu time[sec] = 0.000224, elapsed time[sec] = 0
      ground state energy, kcal/mol:   0
      interpolating states number/density starts
         core state contribution ... done, cpu time[sec] = 0.007031, elapsed time[sec] = 0
         vibrational modes contribution ... done, cpu time[sec] = 0.000168, elapsed time[sec] = 0
         effective power exponent at 399.998 kcal/mol = 8.9979
      interpolating states number/density done, cpu time[sec] = 0.016183, elapsed time[sec] = 0
   Model::RRHO::RRHO:  done, cpu time[sec] = 0.016431, elapsed time[sec] = 0
   BARRIER: B5
   Model::RRHO::RRHO:  starts
      Model::new_core:  starts
         Model::Rotd::Rotd :  starts
            WARNING: zero number of states energy is not initialized: will try to estimate it from the data
            grid size = 196
            effective power exponent at 2351.29 kcal/mol = 2.8585
            zero number of states energy = -786 1/cm
         Model::Rotd::Rotd :  done, cpu time[sec] = 0.000209, elapsed time[sec] = 0
      Model::new_core:  done, cpu time[sec] = 0.000214, elapsed time[sec] = 0
      ground state energy, kcal/mol:   -2.25
      interpolating states number/density starts
         core state contribution ... done, cpu time[sec] = 0.007006, elapsed time[sec] = 0
         vibrational modes contribution ... done, cpu time[sec] = 0.000167, elapsed time[sec] = 0
         effective power exponent at 402.248 kcal/mol = 9.82516
      interpolating states number/density done, cpu time[sec] = 0.016793, elapsed time[sec] = 0
   Model::RRHO::RRHO:  done, cpu time[sec] = 0.017033, elapsed time[sec] = 0
   BARRIER: B6
   Model::RRHO::RRHO:  starts
      Model::new_core:  starts
         Model::RigidRotor::RigidRotor:  starts
            molecular geometry will be used to estimate rotational constants
            rotational configuration: nonlinear
            rotational constants[1/cm]:        0.422757       0.254501        0.17021
         Model::RigidRotor::RigidRotor:  done, cpu time[sec] = 2.1e-05, elapsed time[sec] = 0
      Model::new_core:  done, cpu time[sec] = 2.6e-05, elapsed time[sec] = 0
      Model::EckartTunnel::EckartTunnel:  ... done
      ground state energy, kcal/mol:   5.59
      interpolating states number/density starts
         core state contribution ... done, cpu time[sec] = 0.000912, elapsed time[sec] = 0
         vibrational modes contribution ... done, cpu time[sec] = 0.000299, elapsed time[sec] = 0
         tunneling contribution ... done, cpu time[sec] = 1.41471, elapsed time[sec] = 1
         effective power exponent at 415.508 kcal/mol = 12.6292
      interpolating states number/density done, cpu time[sec] = 1.42587, elapsed time[sec] = 1
   Model::RRHO::RRHO:  done, cpu time[sec] = 1.42593, elapsed time[sec] = 1
   BARRIER: B7
   Model::VarBarrier::VarBarrier:  starts
      Outer RRHO:
      Model::RRHO::RRHO:  starts
         Model::new_core:  starts
            Model::Rotd::Rotd :  starts
               WARNING: zero number of states energy is not initialized: will try to estimate it from the data
               grid size = 180
               effective power exponent at 2349.06 kcal/mol = 2.06684
               zero number of states energy = -5 1/cm
            Model::Rotd::Rotd :  done, cpu time[sec] = 0.000211, elapsed time[sec] = 0
         Model::new_core:  done, cpu time[sec] = 0.000218, elapsed time[sec] = 0
         1-th ROTOR:
         Model::HinderedRotor::HinderedRotor:  starts
            Model::HinderedRotor::_read:  starts
               first point frequency estimate = 162.708 1/cm
               Fourier Expansion Coefficients(kcal/mol):
                 0       0.746667
                 1    3.11822e-17
                 2      -0.310438
                 3    1.41737e-16
                 4          -0.47
                 5    2.09771e-16
                 6      0.0533333
                 7    1.98432e-16
                 8     -0.0266667
                 9     2.8064e-16
                10     0.00710466
                11   -3.78956e-16
                12   -1.70085e-17
            Model::HinderedRotor::_read:  done, cpu time[sec] = 3.4e-05, elapsed time[sec] = 0
            effective rotational constant[1/cm]  = 20.7512
            analytic  frequency at minimum[1/cm] = 168.653
            numerical frequency at minimum[1/cm] = 168.652
            minimum energy[kcal/mol]             = 3.83754e-16
            maximum energy[kcal/mol]             = 1.25177
            maximum frequency[1/cm]              = 196.273
            ground energy [kcal/mol]             = 0.228575
            highest energy level [kcal/mol]      = 14714.8
            number of levels                     = 997
            10 lowest excited states [kcal/mol] relative to the ground: 0.427 0.518 0.784 0.914 1.09 1.16 1.51 1.52 2.03
            Statistical Weight (*** - deep tunneling regime):
             T, K        Quantum             PG             PI  ***
              100        1.22739        1.16539        1.21876
              200        2.02847        1.97511        2.02693
              300        2.94861         2.9018         2.9481
              400        3.84033        3.80048        3.84011
              500        4.67337        4.63953        4.67326
              600        5.44666        5.41769         5.4466
              700        6.16611        6.14106        6.16607
              800        6.83862        6.81674         6.8386
              900        7.47051        7.45121        7.47049
             1000        8.06716        8.04999        8.06715
         Model::HinderedRotor::HinderedRotor:  done, cpu time[sec] = 9.26266, elapsed time[sec] = 1
         ground state energy, kcal/mol:   7.76
         interpolating states number/density starts
            core state contribution ... done, cpu time[sec] = 0.251071, elapsed time[sec] = 0
            vibrational modes contribution ... done, cpu time[sec] = 0.005334, elapsed time[sec] = 0
            hindered rotors contribution starts
               Model::HinderedRotor::set:  starts
               Model::HinderedRotor::set:  done, cpu time[sec] = 6.3e-05, elapsed time[sec] = 0
            hindered rotors contribution done, cpu time[sec] = 0.073178, elapsed time[sec] = 0
            effective power exponent at 392.238 kcal/mol = 8.93111
         interpolating states number/density done, cpu time[sec] = 0.643738, elapsed time[sec] = 0
      Model::RRHO::RRHO:  done, cpu time[sec] = 9.90765, elapsed time[sec] = 1
      1-th RRHO:
      Model::RRHO::RRHO:  starts
         Model::new_core:  starts
            Model::Rotd::Rotd :  starts
               WARNING: zero number of states energy is not initialized: will try to estimate it from the data
               grid size = 180
               effective power exponent at 2349.06 kcal/mol = 2.17058
               zero number of states energy = -4 1/cm
            Model::Rotd::Rotd :  done, cpu time[sec] = 0.00686, elapsed time[sec] = 0
         Model::new_core:  done, cpu time[sec] = 0.007055, elapsed time[sec] = 0
         1-th ROTOR:
         Model::HinderedRotor::HinderedRotor:  starts
            Model::HinderedRotor::_read:  starts
               first point frequency estimate = 162.708 1/cm
               Fourier Expansion Coefficients(kcal/mol):
                 0       0.746667
                 1    3.11822e-17
                 2      -0.310438
                 3    1.41737e-16
                 4          -0.47
                 5    2.09771e-16
                 6      0.0533333
                 7    1.98432e-16
                 8     -0.0266667
                 9     2.8064e-16
                10     0.00710466
                11   -3.78956e-16
                12   -1.70085e-17
            Model::HinderedRotor::_read:  done, cpu time[sec] = 0.000865, elapsed time[sec] = 0
            effective rotational constant[1/cm]  = 20.7512
            analytic  frequency at minimum[1/cm] = 168.653
            numerical frequency at minimum[1/cm] = 168.652
            minimum energy[kcal/mol]             = 3.83754e-16
            maximum energy[kcal/mol]             = 1.25177
            maximum frequency[1/cm]              = 196.273
            ground energy [kcal/mol]             = 0.228575
            highest energy level [kcal/mol]      = 14714.8
            number of levels                     = 997
            10 lowest excited states [kcal/mol] relative to the ground: 0.427 0.518 0.784 0.914 1.09 1.16 1.51 1.52 2.03
            Statistical Weight (*** - deep tunneling regime):
             T, K        Quantum             PG             PI  ***
              100        1.22739        1.16539        1.21876
              200        2.02847        1.97511        2.02693
              300        2.94861         2.9018         2.9481
              400        3.84033        3.80048        3.84011
              500        4.67337        4.63953        4.67326
              600        5.44666        5.41769         5.4466
              700        6.16611        6.14106        6.16607
              800        6.83862        6.81674         6.8386
              900        7.47051        7.45121        7.47049
             1000        8.06716        8.04999        8.06715
         Model::HinderedRotor::HinderedRotor:  done, cpu time[sec] = 10.3387, elapsed time[sec] = 0
         ground state energy, kcal/mol:   3.66
         interpolating states number/density starts
            core state contribution ... done, cpu time[sec] = 0.255256, elapsed time[sec] = 0
            vibrational modes contribution ... done, cpu time[sec] = 0.005221, elapsed time[sec] = 0
            hindered rotors contribution starts
               Model::HinderedRotor::set:  starts
               Model::HinderedRotor::set:  done, cpu time[sec] = 6.1e-05, elapsed time[sec] = 0
            hindered rotors contribution done, cpu time[sec] = 0.074168, elapsed time[sec] = 0
            effective power exponent at 396.338 kcal/mol = 9.57909
         interpolating states number/density done, cpu time[sec] = 0.64763, elapsed time[sec] = 0
      Model::RRHO::RRHO:  done, cpu time[sec] = 10.9957, elapsed time[sec] = 0
      interpolating states number/density ... done, cpu time[sec] = 0.606932, elapsed time[sec] = 0
      effective power exponent at 392.238 kcal/mol = 9.4746
      Constituent transition states partition functions
       T, K            1          Min
        100  1.62888e+17  5.10661e+07
        200  1.62026e+13  5.32093e+08
        300   1.5766e+12  2.99007e+09
        400  7.82472e+11  1.15086e+10
        500  6.94149e+11  3.48769e+10
        600   7.8673e+11  8.91989e+10
        700  9.98286e+11  2.00016e+11
        800  1.33742e+12  4.03773e+11
        900  1.83884e+12  7.49414e+11
       1000  2.55701e+12  1.30091e+12
       1100  3.56789e+12  2.14113e+12
       1200  4.97357e+12  3.37729e+12
       1300  6.90895e+12  5.14792e+12
       1400  9.55023e+12  7.63173e+12
       1500  1.31255e+13  1.10584e+13
       1600  1.79276e+13  1.57215e+13
       1700  2.43297e+13  2.19948e+13
       1800  3.28043e+13  3.03505e+13
       1900  4.39453e+13  4.13823e+13
       2000  5.84952e+13  5.58322e+13

   Model::VarBarrier::VarBarrier:  done, cpu time[sec] = 21.9361, elapsed time[sec] = 1
   BARRIER: B8
   Model::RRHO::RRHO:  starts
      Model::new_core:  starts
         Model::RigidRotor::RigidRotor:  starts
            molecular geometry will be used to estimate rotational constants
            rotational configuration: nonlinear
            rotational constants[1/cm]:        0.553193       0.118076       0.103088
         Model::RigidRotor::RigidRotor:  done, cpu time[sec] = 0.000371, elapsed time[sec] = 0
      Model::new_core:  done, cpu time[sec] = 0.000706, elapsed time[sec] = 0
      ground state energy, kcal/mol:   -3.46
      interpolating states number/density starts
         core state contribution ... done, cpu time[sec] = 0.019529, elapsed time[sec] = 0
         electronic states contribution ... done, cpu time[sec] = 0.000618, elapsed time[sec] = 0
         vibrational modes contribution ... done, cpu time[sec] = 0.006498, elapsed time[sec] = 0
         effective power exponent at 403.457 kcal/mol = 11.9257
      interpolating states number/density done, cpu time[sec] = 0.189134, elapsed time[sec] = 0
   Model::RRHO::RRHO:  done, cpu time[sec] = 0.190365, elapsed time[sec] = 0
   BARRIER: B9
   Model::RRHO::RRHO:  starts
      Model::new_core:  starts
         Model::RigidRotor::RigidRotor:  starts
            molecular geometry will be used to estimate rotational constants
            rotational configuration: nonlinear
            rotational constants[1/cm]:        0.586052       0.114564       0.101408
         Model::RigidRotor::RigidRotor:  done, cpu time[sec] = 5.6e-05, elapsed time[sec] = 0
      Model::new_core:  done, cpu time[sec] = 7.6e-05, elapsed time[sec] = 0
      ground state energy, kcal/mol:   -3.38
      interpolating states number/density starts
         core state contribution ... done, cpu time[sec] = 0.000932, elapsed time[sec] = 0
         vibrational modes contribution ... done, cpu time[sec] = 0.000314, elapsed time[sec] = 0
         effective power exponent at 403.38 kcal/mol = 11.9152
      interpolating states number/density done, cpu time[sec] = 0.011223, elapsed time[sec] = 0
   Model::RRHO::RRHO:  done, cpu time[sec] = 0.011375, elapsed time[sec] = 0
   BARRIER: B10
   Model::RRHO::RRHO:  starts
      Model::new_core:  starts
         Model::Rotd::Rotd :  starts
            WARNING: zero number of states energy is not initialized: will try to estimate it from the data
            grid size = 417
            effective power exponent at 59.4694 kcal/mol = 9.64486
            zero number of states energy = 0 1/cm
         Model::Rotd::Rotd :  done, cpu time[sec] = 0.000424, elapsed time[sec] = 0
      Model::new_core:  done, cpu time[sec] = 0.000431, elapsed time[sec] = 0
      ground state energy, kcal/mol:   -4.22
      interpolating states number/density starts
         core state contribution ... done, cpu time[sec] = 0.003494, elapsed time[sec] = 0
         effective power exponent at 404.218 kcal/mol = 9.64486
      interpolating states number/density done, cpu time[sec] = 0.013382, elapsed time[sec] = 0
   Model::RRHO::RRHO:  done, cpu time[sec] = 0.013832, elapsed time[sec] = 0
   BARRIER: B11
   Model::RRHO::RRHO:  starts
      Model::new_core:  starts
         Model::Rotd::Rotd :  starts
            WARNING: zero number of states energy is not initialized: will try to estimate it from the data
            grid size = 417
            effective power exponent at 59.4694 kcal/mol = 9.64486
            zero number of states energy = 0 1/cm
         Model::Rotd::Rotd :  done, cpu time[sec] = 0.000412, elapsed time[sec] = 0
      Model::new_core:  done, cpu time[sec] = 0.000418, elapsed time[sec] = 0
      ground state energy, kcal/mol:   -4.22
      interpolating states number/density starts
         core state contribution ... done, cpu time[sec] = 0.003486, elapsed time[sec] = 0
         effective power exponent at 404.218 kcal/mol = 9.64486
      interpolating states number/density done, cpu time[sec] = 0.013181, elapsed time[sec] = 0
   Model::RRHO::RRHO:  done, cpu time[sec] = 0.013617, elapsed time[sec] = 0
   BARRIER: B12
   Model::RRHO::RRHO:  starts
      Model::new_core:  starts
         Model::Rotd::Rotd :  starts
            WARNING: zero number of states energy is not initialized: will try to estimate it from the data
            grid size = 417
            effective power exponent at 59.4694 kcal/mol = 9.64486
            zero number of states energy = 0 1/cm
         Model::Rotd::Rotd :  done, cpu time[sec] = 0.000407, elapsed time[sec] = 0
      Model::new_core:  done, cpu time[sec] = 0.000423, elapsed time[sec] = 0
      ground state energy, kcal/mol:   -9.59
      interpolating states number/density starts
         core state contribution ... done, cpu time[sec] = 0.003525, elapsed time[sec] = 0
         effective power exponent at 409.59 kcal/mol = 9.64486
      interpolating states number/density done, cpu time[sec] = 0.013546, elapsed time[sec] = 0
   Model::RRHO::RRHO:  done, cpu time[sec] = 0.013988, elapsed time[sec] = 0
   BARRIER: B13
   Model::RRHO::RRHO:  starts
      Model::new_core:  starts
         Model::Rotd::Rotd :  starts
            WARNING: zero number of states energy is not initialized: will try to estimate it from the data
            grid size = 417
            effective power exponent at 59.4694 kcal/mol = 9.64486
            zero number of states energy = 0 1/cm
         Model::Rotd::Rotd :  done, cpu time[sec] = 0.000408, elapsed time[sec] = 0
      Model::new_core:  done, cpu time[sec] = 0.000413, elapsed time[sec] = 0
      ground state energy, kcal/mol:   -9.59
      interpolating states number/density starts
         core state contribution ... done, cpu time[sec] = 0.003501, elapsed time[sec] = 0
         effective power exponent at 409.59 kcal/mol = 9.64486
      interpolating states number/density done, cpu time[sec] = 0.013279, elapsed time[sec] = 0
   Model::RRHO::RRHO:  done, cpu time[sec] = 0.01371, elapsed time[sec] = 0
   checking input ... done
   setting connectivity ... done
   checking connectivity ... done
   setting dissociation limit ... done
   setting maximum barrier height ... done
   partition functions (relative to the ground level, units - 1/cm3):
     T\Q          W1a          W1b          W2a          W2b           W3          HO2          HO2         H2O2           O2         H2O2           O2           O3          H2O          HO3           OH           B5           B8           B9          B10          B11          B12          B13           B1           B2           B3           B4           B6           B7
     100  1.82034e+32  4.39442e+30  5.82651e+31  1.23327e+30  1.63457e+30  1.48701e+28  1.48701e+28   7.0211e+27  2.47093e+27   7.0211e+27  8.28373e+26  4.04944e+28  1.20703e+26  3.16868e+29  1.10105e+26  6.17353e+29  1.96525e+31  6.81021e+30  8.53666e+19  8.53666e+19   1.9638e+18   1.9638e+18  2.44463e+34  1.57335e+43  4.46378e+49  8.59328e+33  1.37299e+60   5.1451e+33
     200  9.48094e+33  7.95155e+31  2.92359e+33  2.02111e+31  2.66342e+31  1.18999e+29  1.18999e+29   6.0117e+28  1.39779e+28   6.0117e+28  4.68609e+27  3.26071e+29  9.65633e+26   4.8921e+30  7.50254e+26   1.0086e+32  6.96597e+32  2.47301e+32  2.25039e+21  2.25039e+21  1.89263e+19  1.89263e+19  7.43803e+35  1.35759e+36  1.27341e+37  2.64749e+35  5.18101e+39  1.51633e+35
     300   1.3685e+35  6.40029e+32  4.09069e+34  1.50781e+32  2.15795e+32   4.0368e+29   4.0368e+29  2.30222e+29  3.85372e+28  2.30222e+29  1.29236e+28  1.14141e+30  3.26009e+27  3.02225e+31  2.28812e+27  1.36549e+33  8.05077e+33   2.8848e+33  2.16668e+22  2.16668e+22  1.02408e+20  1.02408e+20  5.03514e+36   5.4322e+34  1.80278e+34  1.87271e+36  5.62567e+34   1.5654e+36
     400  1.08162e+36  3.49294e+33  3.14605e+35  7.70811e+32  1.25162e+33  9.73801e+29  9.73801e+29  6.38838e+29  7.93349e+28  6.38838e+29  2.66364e+28  2.91535e+30  7.74423e+27  1.20239e+32  4.98737e+27  8.76509e+33  5.36955e+34  1.92335e+34  1.28431e+23  1.28431e+23  4.19779e+20  4.19779e+20  1.90337e+37  4.22317e+34  5.64288e+33  7.40309e+36  5.02325e+33  9.27624e+36
     500  6.01132e+36  1.50278e+34  1.70578e+36  3.13143e+33  5.86205e+33  1.96493e+30  1.96493e+30  1.48894e+30  1.39588e+29  1.48894e+30  4.69658e+28  6.32159e+30  1.52136e+28  3.70264e+32  9.06053e+27  3.90085e+34  2.58966e+35  9.22167e+34  5.71014e+23  5.71014e+23  1.44524e+21  1.44524e+21  5.47395e+37  7.98541e+34  7.80507e+33  2.20377e+37  5.40947e+33  3.92874e+37
     600  2.64602e+37  5.48251e+34  7.34412e+36  1.08692e+34  2.34487e+34  3.55436e+30  3.55436e+30  3.10526e+30  2.22872e+29  3.10526e+30  7.51939e+28  1.23613e+31  2.65632e+28  9.64078e+32  1.46916e+28  1.37786e+35  1.00792e+36  3.55939e+35  2.09455e+24  2.09455e+24  4.39406e+21  4.39406e+21  1.35697e+38  1.99526e+35  1.58763e+34  5.59168e+37  1.03571e+34  1.32083e+38
     700  9.84426e+37  1.76705e+35  2.67954e+37  3.35643e+34   8.2714e+34  5.96812e+30  5.96812e+30  5.98525e+30  3.33151e+29  5.98525e+30  1.12741e+29  2.24508e+31  4.28181e+28  2.22767e+33  2.20488e+28  4.13808e+35  3.36228e+36  1.17669e+36  6.67943e+24  6.67943e+24  1.21391e+22  1.21391e+22  3.06583e+38  5.38703e+35  3.57303e+34  1.28119e+38  2.30138e+34  3.73227e+38
     800  3.22047e+38  5.16302e+35  8.61767e+37  9.45482e+34  2.62835e+35  9.48779e+30  9.48779e+30  1.08648e+31  4.74727e+29  1.08648e+31  1.61143e+29  3.85217e+31  6.51578e+28  4.70394e+33   3.1293e+28  1.10217e+36  9.97121e+36  3.45873e+36  1.91202e+25  1.91202e+25   3.1034e+22   3.1034e+22  6.48805e+38  1.45543e+36  8.15928e+34  2.73079e+38  5.27602e+34  9.20521e+38
     900  9.50977e+38   1.3919e+36  2.50712e+38  2.47065e+35  7.64274e+35  1.44584e+31  1.44584e+31  1.88024e+31  6.52182e+29  1.88024e+31  2.22035e+29  6.31325e+31  9.49416e+28  9.25363e+33  4.25855e+28  2.67695e+36  2.69298e+37  9.26335e+36  5.01877e+25  5.01877e+25  7.43664e+22  7.43664e+22  1.30526e+39  3.81325e+36  1.83374e+35  5.50674e+38  1.19833e+35  2.03867e+39
    1000  2.58185e+39  3.50694e+36  6.71871e+38   6.0612e+35  2.05873e+36  2.12972e+31  2.12972e+31  3.12873e+31  8.70349e+29  3.12873e+31  2.97135e+29  9.95916e+31  1.33736e+29  1.71884e+34  5.60918e+28  6.04309e+36  6.73648e+37  2.29941e+37  1.22631e+26  1.22631e+26  1.68627e+23  1.68627e+23  2.51856e+39  9.57188e+36  4.01048e+35  1.06164e+39  2.65536e+35  4.14483e+39
    1100  6.53275e+39  8.33841e+36  1.68072e+39  1.40861e+36  5.18837e+36  3.05035e+31  3.05035e+31  5.03737e+31  1.13428e+30  5.03737e+31  3.88243e+29  1.52093e+32  1.83344e+29  3.04429e+34  7.19847e+28  1.28518e+37  1.58031e+38   5.3563e+37  2.82048e+26  2.82048e+26  3.64485e+23  3.64485e+23  4.68866e+39  2.29414e+37  8.50383e+35  1.97062e+39  5.70859e+35  7.87034e+39
    1200  1.55651e+40  1.88524e+37  3.96449e+39  3.12268e+36  1.23333e+37  4.26687e+31  4.26687e+31  7.88485e+31  1.44923e+30  7.88485e+31  4.97231e+29  2.25862e+32  2.45831e+29  5.17936e+34  9.04453e+28  2.60027e+37  3.50961e+38  1.18195e+38  6.15705e+26  6.15705e+26  7.55379e+23  7.55379e+23  8.45754e+39   5.2533e+37  1.74734e+36  3.53976e+39  1.18903e+36  1.41449e+40
    1300  3.52053e+40  4.07768e+37  8.88758e+39  6.64006e+36  2.78415e+37  5.84874e+31  5.84874e+31  1.20436e+32  1.82066e+30  1.20436e+32  6.26041e+29  3.27311e+32  3.23556e+29  8.51326e+34  1.11663e+29  5.04231e+37  7.43344e+38  2.48888e+38  1.28353e+27  1.28353e+27  1.50815e+24  1.50815e+24  1.48313e+40  1.15201e+38  3.48244e+36  6.17688e+39  2.40069e+36  2.43113e+40
    1400  7.60805e+40  8.47953e+37  1.90552e+40  1.36046e+37  6.00268e+37  7.87691e+31  7.87691e+31  1.80049e+32  2.25421e+30  1.80049e+32  7.76679e+29  4.64213e+32  4.19194e+29  1.35805e+35  1.35836e+29  9.42466e+37  1.51039e+39  5.03043e+38  2.56636e+27  2.56636e+27   Model::Rotd::weight: WARNING: integration cutoff error = 0.00163467
2.91229e+24   Model::Rotd::weight: WARNING: integration cutoff error = 0.00163467
2.91229e+24  2.53531e+40  2.42664e+38  6.74204e+36  1.05032e+40  4.70478e+36  4.02788e+40
    1500  1.57917e+41  1.70225e+38  3.92734e+40  2.69581e+37  1.24205e+38   1.0445e+32   1.0445e+32  2.64082e+32  2.75569e+30  2.64082e+32  9.51219e+29  6.45874e+32   5.3577e+29  2.11022e+35  1.63169e+29   1.7056e+38  2.95824e+39  9.80518e+38  4.93621e+27  4.93621e+27   Model::Rotd::weight: WARNING: integration cutoff error = 0.00428504
5.45739e+24   Model::Rotd::weight: WARNING: integration cutoff error = 0.00428504
5.45739e+24  4.23432e+40  4.92544e+38  1.27014e+37  1.74469e+40   8.9646e+36  6.47275e+40
    1600  3.16197e+41  3.31028e+38  7.81397e+40  5.18271e+37  2.47665e+38  1.36605e+32  1.36605e+32  3.80777e+32   3.3311e+30  3.80777e+32   1.1518e+30  8.83331e+32  6.76686e+29  3.20357e+35  1.93875e+29  2.99937e+38  5.60707e+39  1.85032e+39  9.15192e+27  9.15192e+27   Model::Rotd::weight: WARNING: integration cutoff error = 0.00965703
9.95335e+24   Model::Rotd::weight: WARNING: integration cutoff error = 0.00965703
9.95335e+24   6.9228e+40  9.66259e+38  2.33255e+37  2.83708e+40  1.66372e+37  1.01376e+41
    1700  6.12972e+41  6.25413e+38  1.50615e+41  9.69292e+37  4.77601e+38  1.76464e+32  1.76464e+32  5.40638e+32   3.9866e+30  5.40638e+32   1.3806e+30  1.18955e+33   8.4575e+29   4.7634e+35  2.28175e+29   5.1406e+38  1.03188e+40  3.39151e+39  1.63803e+28  1.63803e+28   Model::Rotd::weight: WARNING: integration cutoff error = 0.0193122
1.77149e+25   Model::Rotd::weight: WARNING: integration cutoff error = 0.0193122
1.77149e+25  1.10985e+41  1.83729e+39   4.1828e+37   4.5244e+40  3.01261e+37   1.5533e+41
    1800  1.15402e+42  1.15086e+39  2.82088e+41  1.76762e+38   8.9346e+38   2.2542e+32   2.2542e+32  7.56933e+32   4.7285e+30  7.56933e+32  1.63989e+30  1.57965e+33  1.04721e+30  6.95164e+35  2.66294e+29  8.60783e+38  1.84898e+40  6.05464e+39  2.83391e+28  2.83391e+28   Model::Rotd::weight: WARNING: integration cutoff error = 0.0351376
3.08443e+25   Model::Rotd::weight: WARNING: integration cutoff error = 0.0351376
3.08443e+25  1.74734e+41  3.39476e+39  7.33592e+37  7.08699e+40  5.33138e+37  2.33526e+41
    1900  2.11551e+42  2.06721e+39   5.1468e+41  3.14949e+38  1.62575e+39  2.85051e+32  2.85051e+32  1.04628e+33  5.56329e+30  1.04628e+33  1.93198e+30   2.0711e+33  1.28577e+30  9.97508e+35  3.08463e+29  1.41113e+39  3.23352e+40  1.05525e+40  4.74551e+28  4.74551e+28   Model::Rotd::weight: WARNING: integration cutoff error = 0.0593427
5.26682e+25   Model::Rotd::weight: WARNING: integration cutoff error = 0.0593427
5.26682e+25   2.7052e+41  6.10938e+39   1.2602e+38  1.09185e+41  9.23506e+37  3.45308e+41
    2000  3.78475e+42  3.63141e+39  9.16825e+41  5.49259e+38  2.88413e+39  3.57128e+32  3.57128e+32   1.4293e+33  6.49759e+30   1.4293e+33  2.25922e+30  2.68399e+33  1.56665e+30  1.40951e+36  3.54921e+29  2.26881e+39  5.53042e+40  1.79917e+40  7.70268e+28  7.70268e+28   Model::Rotd::weight: WARNING: integration cutoff error = 0.0945564
8.84218e+25   Model::Rotd::weight: WARNING: integration cutoff error = 0.0945564
8.84218e+25  4.12329e+41  1.07311e+40  2.12333e+38  1.65647e+41  1.56807e+38  5.03142e+41
   partition functions (relative to 0 kcal/mol, units - 1/cm3):
     T\Q          W1a          W1b          W2a          W2b           W3           B5           B8           B9          B10          B11          B12          B13           B1           B2           B3           B4           B6           B7
     100  3.03967e+41  3.99522e+51   1.1754e+40  4.65091e+48  1.28829e+64  5.10313e+34  7.16371e+38  1.65975e+38  1.42549e+29  1.42549e+29   1.7854e+39   1.7854e+39  2.44463e+34  3.30169e+46  4.77148e+38  8.59328e+33   8.3349e+47  5.65147e+16
     200  3.87426e+38  2.39757e+42  4.15247e+37  3.92491e+40  2.36453e+48  2.89981e+34  4.20573e+36  1.22086e+36  9.19592e+25  9.19592e+25  5.70669e+29  5.70669e+29  7.43803e+35  6.21905e+37  4.16336e+31  2.64749e+35  4.03674e+33  5.02547e+26
     300  1.62356e+38   6.2003e+39  2.39914e+37  2.34697e+38  4.29448e+43  5.94827e+34  2.66938e+36  8.36391e+35  2.57051e+25  2.57051e+25  9.92084e+26  9.92084e+26  5.03514e+36  6.95471e+35  3.97123e+30  1.87271e+36  4.76341e+30  3.47974e+30
     400  2.18646e+38  6.06528e+38  3.74938e+37  3.39678e+37  3.72927e+41  1.48622e+35  4.17222e+36  1.35138e+36   2.5962e+25   2.5962e+25  7.28921e+25  7.28921e+25  1.90337e+37  2.85836e+35  1.02032e+31  7.40309e+36  4.43397e+30  5.34028e+32
     500  4.20247e+38  2.33681e+38  7.81408e+37  1.62569e+37  3.52672e+40  3.75508e+35  8.42533e+36  2.76813e+36  3.99192e+25  3.99192e+25  2.24734e+25  2.24734e+25  5.47395e+37  3.68706e+35  4.99076e+31  2.20377e+37  1.94895e+31   1.5937e+34
     600  9.11395e+38  1.70642e+38  1.77856e+38  1.35605e+37  1.04605e+40  9.09402e+35  1.83532e+37   6.0607e+36  7.21445e+25  7.21445e+25  1.36764e+25  1.36764e+25  1.35697e+38  7.13924e+35  2.35635e+32  5.59168e+37  9.53034e+31  1.96928e+35
     700  2.04507e+39  1.74317e+38  4.11583e+38  1.51238e+37  5.75376e+39  2.08579e+36  4.04463e+37  1.33638e+37   1.3876e+26   1.3876e+26   1.1975e+25   1.1975e+25  3.06583e+38   1.6066e+36  9.67708e+32  1.28119e+38  4.13747e+32  1.41002e+36
     800  4.57883e+39  2.15146e+38  9.40778e+38  1.98478e+37  4.53691e+39   4.5385e+36  8.78947e+37  2.89919e+37  2.71848e+26  2.71848e+26  1.29321e+25  1.29321e+25  6.48805e+38  3.78644e+36  3.46953e+33  2.73079e+38  1.56751e+33  6.98441e+36
     900  1.00673e+40  2.96719e+38  2.09859e+39  2.86328e+37   4.4621e+39  9.41906e+36  1.86391e+38  6.13102e+37  5.31299e+26  5.31299e+26  1.58531e+25  1.58531e+25  1.30526e+39  8.92065e+36  1.10747e+34  5.50674e+38  5.26208e+33  2.66065e+37
    1000  2.15873e+40  4.37313e+38  4.54741e+39  4.36723e+37  5.04964e+39  1.87495e+37  3.84242e+38  1.25981e+38  1.02534e+27  1.02534e+27  2.10277e+25  2.10277e+25  2.51856e+39  2.05678e+37  3.20694e+34  1.06164e+39  1.59385e+34  8.34802e+37
    1100   4.5032e+40  6.70523e+38  9.56039e+39  6.87958e+37  6.25952e+39  3.59741e+37  7.69432e+38   2.5142e+38  1.94423e+27  1.94423e+27  2.93096e+25  2.93096e+25  4.68866e+39  4.59845e+37  8.55552e+34  1.97062e+39  4.42501e+34  2.26071e+38
    1200  9.13498e+40  1.05177e+39  1.95098e+40  1.10298e+38  8.23755e+39  6.68027e+37  1.49762e+39  4.87724e+38   3.6135e+27   3.6135e+27  4.21423e+25  4.21423e+25  8.45754e+39  9.93706e+37  2.12874e+35  3.53976e+39  1.14059e+35  5.46175e+38
    1300  1.80321e+41  1.66961e+39  3.86912e+40  1.78292e+38  1.12752e+40  1.20471e+38  2.83701e+39  9.20928e+38  6.57421e+27  6.57421e+27  6.17517e+25  6.17517e+25  1.48313e+40  2.07486e+38  4.98835e+35  6.17688e+39  2.75794e+35  1.20573e+39
    1400  3.46766e+41  2.66328e+39  7.46814e+40  2.88786e+38  1.58319e+40  2.11593e+38  5.23856e+39  1.69527e+39  1.16971e+28  1.16971e+28   Model::Rotd::weight: WARNING: integration cutoff error = 0.00163467
9.14703e+25   Model::Rotd::weight: WARNING: integration cutoff error = 0.00163467
9.14703e+25  2.53531e+40  4.19068e+38  1.10955e+36  1.05032e+40  6.30831e+35  2.47572e+39
    1500  6.50539e+41   4.2488e+39  1.40524e+41   4.6679e+38  2.25898e+40  3.62824e+38  9.44382e+39  3.04729e+39  2.03347e+28  2.03347e+28   Model::Rotd::weight: WARNING: integration cutoff error = 0.00428504
1.36216e+26   Model::Rotd::weight: WARNING: integration cutoff error = 0.00428504
1.36216e+26  4.23432e+40  8.20174e+38  2.35749e+36  1.74469e+40  1.37429e+36  4.79152e+39
    1600  1.19227e+42   6.7574e+39  2.58179e+41  7.50909e+38  3.25389e+40  6.08642e+38  1.66473e+40  5.35707e+39  3.45088e+28  3.45088e+28   Model::Rotd::weight: WARNING: integration cutoff error = 0.00965703
2.03182e+26   Model::Rotd::weight: WARNING: integration cutoff error = 0.00965703
2.03182e+26   6.9228e+40  1.55852e+39  4.80996e+36  2.83708e+40  2.86769e+36  8.83046e+39
    1700  2.13772e+42  1.06912e+40  4.63856e+41  1.20002e+39   4.7096e+40  1.00062e+39  2.87368e+40  9.22392e+39  5.71257e+28  5.71257e+28   Model::Rotd::weight: WARNING: integration cutoff error = 0.0193122
3.0283e+26   Model::Rotd::weight: WARNING: integration cutoff error = 0.0193122
3.0283e+26  1.10985e+41  2.88128e+39  9.46479e+36   4.5244e+40  5.75851e+36   1.5619e+40
    1800  3.75476e+42  1.68032e+40  8.16133e+41   1.9029e+39  6.82685e+40  1.61464e+39  4.86438e+40  1.55765e+40  9.22055e+28  9.22055e+28   Model::Rotd::weight: WARNING: integration cutoff error = 0.0351376
4.50343e+26   Model::Rotd::weight: WARNING: integration cutoff error = 0.0351376
4.50343e+26  1.74734e+41   5.1923e+39  1.80282e+37  7.08699e+40   1.1172e+37  2.66782e+40
    1900  6.46873e+42  2.62102e+40  1.40809e+42  2.99192e+39  9.88747e+40  2.56078e+39  8.08464e+40  2.58308e+40  1.45106e+29  1.45106e+29   Model::Rotd::weight: WARNING: integration cutoff error = 0.0593427
6.67782e+26   Model::Rotd::weight: WARNING: integration cutoff error = 0.0593427
6.67782e+26   2.7052e+41  9.13766e+39  3.33439e+37  1.09185e+41  2.10113e+37  4.42196e+40
    2000  1.09439e+43  4.05515e+40   2.3852e+42  4.66231e+39  1.42839e+41  3.99634e+39  1.32082e+41  4.21131e+40  2.22728e+29  2.22728e+29   Model::Rotd::weight: WARNING: integration cutoff error = 0.0945564
9.87396e+26   Model::Rotd::weight: WARNING: integration cutoff error = 0.0945564
9.87396e+26  4.12329e+41  1.57304e+40  6.00434e+37  1.65647e+41  3.84173e+37  7.14051e+40
   tunneling partition function correction factors & high pressure effective energy shifts (D), kcal/mol:
     T\B           B5            D           B8            D           B9            D          B10            D          B11            D          B12            D          B13            D           B1            D           B2            D           B3            D           B4            D           B6            D           B7            D
     100            1           -0            1           -0            1           -0            1           -0            1           -0            1           -0            1           -0            1           -0   2.1605e+12      -5.6439  2.66832e+19     -8.88882            1           -0  8.65852e+29     -13.6984            1           -0
     200            1           -0            1           -0            1           -0            1           -0            1           -0            1           -0            1           -0            1           -0      11085.7     -3.70151       616772     -5.29875            1           -0  3.12371e+08     -7.77378            1           -0
     300            1           -0            1           -0            1           -0            1           -0            1           -0            1           -0            1           -0            1           -0      58.5559     -2.42635       142.07     -2.95475            1           -0      635.915     -3.84824            1           -0
     400            1           -0            1           -0            1           -0            1           -0            1           -0            1           -0            1           -0            1           -0      8.57539     -1.70811      9.94884     -1.82619            1           -0      13.7179     -2.08155            1           -0
     500            1           -0            1           -0            1           -0            1           -0            1           -0            1           -0            1           -0            1           -0      3.71379     -1.30365       3.7452     -1.31202            1           -0      4.14776     -1.41346            1           -0
     600            1           -0            1           -0            1           -0            1           -0            1           -0            1           -0            1           -0            1           -0      2.41876     -1.05312      2.37577     -1.03174            1           -0        2.491     -1.08821            1           -0
     700            1           -0            1           -0            1           -0            1           -0            1           -0            1           -0            1           -0            1           -0      1.88712     -0.88338      1.84781    -0.854097            1           -0      1.89947    -0.892456            1           -0
     800            1           -0            1           -0            1           -0            1           -0            1           -0            1           -0            1           -0            1           -0      1.61339    -0.760444      1.58299    -0.730195            1           -0      1.61244      -0.7595            1           -0
     900            1           -0            1           -0            1           -0            1           -0            1           -0            1           -0            1           -0            1           -0      1.45198    -0.666973       1.4288     -0.63819            1           -0      1.44819      -0.6623            1           -0
    1000            1           -0            1           -0            1           -0            1           -0            1           -0            1           -0            1           -0            1           -0      1.34794    -0.593332      1.33008    -0.566828            1           -0      1.34411    -0.587671            1           -0
    1100            1           -0            1           -0            1           -0            1           -0            1           -0            1           -0            1           -0            1           -0      1.27653    -0.533681      1.26259    -0.509681            1           -0      1.27341    -0.528327            1           -0
    1200            1           -0            1           -0            1           -0            1           -0            1           -0            1           -0            1           -0            1           -0      1.22519    -0.484314      1.21418    -0.462781            1           -0      1.22292    -0.479881            1           -0
    1300            1           -0            1           -0            1           -0            1           -0            1           -0            1           -0            1           -0            1           -0      1.18694    -0.442729      1.17815    -0.423539            1           -0      1.18546    -0.439506            1           -0
    1400            1           -0            1           -0            1           -0            1           -0            1           -0            1           -0            1           -0            1           -0      1.15762    -0.407192      1.15056    -0.390181            1           -0      1.15683    -0.405297            1           -0
    1500            1           -0            1           -0            1           -0            1           -0            1           -0            1           -0            1           -0            1           -0      1.13462    -0.376457      1.12892    -0.361454            1           -0      1.13441    -0.375911            1           -0
    1600            1           -0            1           -0            1           -0            1           -0            1           -0            1           -0            1           -0            1           -0      1.11622    -0.349589      1.11162    -0.336438            1           -0       1.1165    -0.350379            1           -0
    1700            1           -0            1           -0            1           -0            1           -0            1           -0            1           -0            1           -0            1           -0      1.10128    -0.325915      1.09755    -0.314447            1           -0      1.10195    -0.327975            1           -0
    1800            1           -0            1           -0            1           -0            1           -0            1           -0            1           -0            1           -0            1           -0      1.08896    -0.304848      1.08596    -0.294957            1           -0      1.08997     -0.30815            1           -0
    1900            1           -0            1           -0            1           -0            1           -0            1           -0            1           -0            1           -0            1           -0      1.07869    -0.286012      1.07628    -0.277558            1           -0      1.07997    -0.290477            1           -0
    2000            1           -0            1           -0            1           -0            1           -0            1           -0            1           -0            1           -0            1           -0      1.07004    -0.269051      1.06812    -0.261927            1           -0      1.07154    -0.274618            1           -0
Model::init:  done, cpu time[sec] = 84.2721, elapsed time[sec] = 5
MasterEquation::set_default_partition:  starts
   default reduction scheme: W3
MasterEquation::set_default_partition:  done
rate calculation starts
   MasterEquation::set:  starts
      Temperature      = 200 K
      Energy reference = 9665 1/cm
      Energy step      = 28 1/cm
      setting wells, barriers, and bimolecular starts
         W1a Well: average energy = -2.3 kcal/mol
         W1a Well: extension size = 100
         W1a Well: density of states done, elapsed time[sec] = 4.3e-05
         W1a Well: collisional kernel bandwidth = 76
         W1a Well: collisional energy transfer kernel done, elapsed time[sec] = 0.005049
         W1a Well: relaxation modes basis done, elapsed time[sec] = 0.003123
         W1a Well: kernel in relaxation modes basis done, elapsed time[sec] = 1.67434
