Wells (G - ground energy, D - dissociation limit, kcal/mol):
      Name        G        D
        W1      0.0     38.5

Bimolecular Products (G - ground energy, kcal/mol):
      Name        G
        P1      0.0

Well-to-Bimolecular Barriers (H/G - barrier height/well depth, kcal/mol)
      Name        H     Well        G  Product
        B1     38.5       W1      0.0       P1

________________________________________________________________________________________

Unimolecular Rate Units: 1/sec;  Bimolecular Rate Units: cm^3/sec

______________________________________________________________________________________

Species-Species Rate Tables:

Temperature = 1000 K

High Pressure Rate Coefficients:

From\To            W1           P1
W1                ***  4.06753e+08
P1         2.1793e-19          ***

Temperature = 1000 K    Pressure = 10 atm

From\To            W1           P1
W1            14215.1      14215.2
P1        7.59043e-24  7.59043e-24

Temperature = 1500 K

High Pressure Rate Coefficients:

From\To            W1           P1
W1                ***  7.60498e+11
P1        2.16091e-16          ***

Temperature = 1500 K    Pressure = 10 atm

From\To            W1           P1
W1        1.37218e+06  1.37223e+06
P1        3.87067e-22  3.87066e-22

Temperature = 2000 K

High Pressure Rate Coefficients:

From\To            W1           P1
W1                ***  4.19974e+13
P1        7.65634e-15          ***

Temperature = 2000 K    Pressure = 10 atm

From\To            W1           P1
W1        9.91874e+06  9.91865e+06
P1        1.73555e-21  1.73556e-21

Temperature = 2500 K

High Pressure Rate Coefficients:

From\To            W1           P1
W1                ***  5.34701e+14
P1         6.9261e-14          ***

Temperature = 2500 K    Pressure = 10 atm

From\To            W1           P1
W1        2.92842e+07  2.92808e+07
P1        3.32778e-21  3.32769e-21

Temperature = 3000 K

High Pressure Rate Coefficients:

From\To            W1           P1
W1                ***  3.18548e+15
P1        3.12472e-13          ***

Temperature = 3000 K    Pressure = 10 atm

From\To            W1           P1
W1                ***          ***
P1                *** -4.43859e-29

Temperature = 3500 K

High Pressure Rate Coefficients:

From\To            W1           P1
W1                ***  1.21276e+16
P1        9.41071e-13          ***

Temperature = 3500 K    Pressure = 10 atm

From\To            W1           P1
W1                ***          ***
P1                *** -3.29956e-28

Temperature = 4000 K

High Pressure Rate Coefficients:

From\To            W1           P1
W1                ***  3.46132e+16
P1        2.19327e-12          ***

Temperature = 4000 K    Pressure = 10 atm

From\To            W1           P1
W1                ***          ***
P1                ***            0

Temperature = 4500 K

High Pressure Rate Coefficients:

From\To            W1           P1
W1                ***  8.10858e+16
P1        4.29829e-12          ***

Temperature = 4500 K    Pressure = 10 atm

From\To            W1           P1
W1                ***          ***
P1                ***            0

Temperature = 5000 K

High Pressure Rate Coefficients:

From\To            W1           P1
W1                ***  1.64819e+17
P1        7.44926e-12          ***

Temperature = 5000 K    Pressure = 10 atm

From\To            W1           P1
W1                ***          ***
P1                ***            0

______________________________________________________________________________________

High Pressure Rate Coefficients (Temperature-Species Rate Tables):

   T(K)       W1->W1       W1->P1
   1000          ***  4.06753e+08
   1500          ***  7.60498e+11
   2000          ***  4.19974e+13
   2500          ***  5.34701e+14
   3000          ***  3.18548e+15
   3500          ***  1.21276e+16
   4000          ***  3.46132e+16
   4500          ***  8.10858e+16
   5000          ***  1.64819e+17

   T(K)       P1->W1       P1->P1
   1000   2.1793e-19          ***
   1500  2.16091e-16          ***
   2000  7.65634e-15          ***
   2500   6.9261e-14          ***
   3000  3.12472e-13          ***
   3500  9.41071e-13          ***
   4000  2.19327e-12          ***
   4500  4.29829e-12          ***
   5000  7.44926e-12          ***

Capture/Escape Rate Coefficients:

   T(K)           W1           P1
   1000  4.06753e+08   2.1793e-19
   1500  7.60498e+11  2.16091e-16
   2000  4.19974e+13  7.65634e-15
   2500  5.34701e+14   6.9261e-14
   3000  3.18548e+15  3.12472e-13
   3500  1.21276e+16  9.41071e-13
   4000  3.46132e+16  2.19327e-12
   4500  8.10858e+16  4.29829e-12
   5000  1.64819e+17  7.44926e-12

______________________________________________________________________________________

Pressure-Species Rate Tables:

   Temperature = 1000 K

   P(atm)       W1->P1         W1->
       10      14215.2      14215.1
    O-O  4.06753e+08  4.06753e+08

   Temperature = 1500 K

   P(atm)       W1->P1         W1->
       10  1.37223e+06  1.37218e+06
    O-O  7.60498e+11  7.60498e+11

   Temperature = 2000 K

   P(atm)       W1->P1         W1->
       10  9.91865e+06  9.91874e+06
    O-O  4.19974e+13  4.19974e+13

   Temperature = 2500 K

   P(atm)       W1->P1         W1->
       10  2.92808e+07  2.92842e+07
    O-O  5.34701e+14  5.34701e+14

   Temperature = 3000 K

   P(atm)       W1->P1         W1->
       10          ***          ***
    O-O  3.18548e+15  3.18548e+15

   Temperature = 3500 K

   P(atm)       W1->P1         W1->
       10          ***          ***
    O-O  1.21276e+16  1.21276e+16

   Temperature = 4000 K

   P(atm)       W1->P1         W1->
       10          ***          ***
    O-O  3.46132e+16  3.46132e+16

   Temperature = 4500 K

   P(atm)       W1->P1         W1->
       10          ***          ***
    O-O  8.10858e+16  8.10858e+16

   Temperature = 5000 K

   P(atm)       W1->P1         W1->
       10          ***          ***
    O-O  1.64819e+17  1.64819e+17

   Temperature = 1000 K

   P(atm)       P1->W1         P1->
       10  7.59043e-24  7.59043e-24
    O-O   2.1793e-19   2.1793e-19

   Temperature = 1500 K

   P(atm)       P1->W1         P1->
       10  3.87067e-22  3.87066e-22
    O-O  2.16091e-16  2.16091e-16

   Temperature = 2000 K

   P(atm)       P1->W1         P1->
       10  1.73555e-21  1.73556e-21
    O-O  7.65634e-15  7.65634e-15

   Temperature = 2500 K

   P(atm)       P1->W1         P1->
       10  3.32778e-21  3.32769e-21
    O-O   6.9261e-14   6.9261e-14

   Temperature = 3000 K

   P(atm)       P1->W1         P1->
       10          *** -4.43859e-29
    O-O  3.12472e-13  3.12472e-13

   Temperature = 3500 K

   P(atm)       P1->W1         P1->
       10          *** -3.29956e-28
    O-O  9.41071e-13  9.41071e-13

   Temperature = 4000 K

   P(atm)       P1->W1         P1->
       10          ***            0
    O-O  2.19327e-12  2.19327e-12

   Temperature = 4500 K

   P(atm)       P1->W1         P1->
       10          ***            0
    O-O  4.29829e-12  4.29829e-12

   Temperature = 5000 K

   P(atm)       P1->W1         P1->
       10          ***            0
    O-O  7.44926e-12  7.44926e-12

______________________________________________________________________________________

Temperature-Species Rate Tables:

   Pressure = 10 atm

   T(K)       W1->P1         W1->      Capture
   1000      14215.2      14215.1  4.06753e+08
   1500  1.37223e+06  1.37218e+06  7.60498e+11
   2000  9.91865e+06  9.91874e+06  4.19974e+13
   2500  2.92808e+07  2.92842e+07  5.34701e+14
   3000          ***          ***  3.18548e+15
   3500          ***          ***  1.21276e+16
   4000          ***          ***  3.46132e+16
   4500          ***          ***  8.10858e+16
   5000          ***          ***  1.64819e+17

   Pressure = 10 atm

   T(K)       P1->W1         P1->      Capture
   1000  7.59043e-24  7.59043e-24   2.1793e-19
   1500  3.87067e-22  3.87066e-22  2.16091e-16
   2000  1.73555e-21  1.73556e-21  7.65634e-15
   2500  3.32778e-21  3.32769e-21   6.9261e-14
   3000          *** -4.43859e-29  3.12472e-13
   3500          *** -3.29956e-28  9.41071e-13
   4000          ***            0  2.19327e-12
   4500          ***            0  4.29829e-12
   5000          ***            0  7.44926e-12

______________________________________________________________________________________

Temperature-Pressure Rate Tables:

W1->P1

P\T             1000         1500         2000         2500         3000         3500         4000         4500         5000
10           14215.2  1.37223e+06  9.91865e+06  2.92808e+07          ***          ***          ***          ***          ***
O-O      4.06753e+08  7.60498e+11  4.19974e+13  5.34701e+14  3.18548e+15  1.21276e+16  3.46132e+16  8.10858e+16  1.64819e+17

P1->W1

P\T             1000         1500         2000         2500         3000         3500         4000         4500         5000
10       7.59043e-24  3.87067e-22  1.73555e-21  3.32778e-21          ***          ***          ***          ***          ***
O-O       2.1793e-19  2.16091e-16  7.65634e-15   6.9261e-14  3.12472e-13  9.41071e-13  2.19327e-12  4.29829e-12  7.44926e-12

W1-> 

P\T             1000         1500         2000         2500         3000         3500         4000         4500         5000
10           14215.1  1.37218e+06  9.91874e+06  2.92842e+07          ***          ***          ***          ***          ***
O-O      4.06753e+08  7.60498e+11  4.19974e+13  5.34701e+14  3.18548e+15  1.21276e+16  3.46132e+16  8.10858e+16  1.64819e+17

P1-> 

P\T             1000         1500         2000         2500         3000         3500         4000         4500         5000
10       7.59043e-24  3.87066e-22  1.73556e-21  3.32769e-21 -4.43859e-29 -3.29956e-28            0            0            0
O-O       2.1793e-19  2.16091e-16  7.65634e-15   6.9261e-14  3.12472e-13  9.41071e-13  2.19327e-12  4.29829e-12  7.44926e-12

