    E, kcal/mol    D, mol/kcal       W2a->W2b        W2a->P1
             -5              0            ***            ***
           -4.8              0            ***            ***
           -4.6              0            ***            ***
           -4.4              0            ***            ***
           -4.2              0            ***            ***
             -4              0            ***            ***
           -3.8     1.0125e-08              0              0
           -3.6    1.11191e+06              0              0
           -3.4     4.3328e+06              0              0
           -3.2    1.13314e+07    1.49387e+10              0
             -3    2.49925e+07    3.07252e+10              0
           -2.8    4.91797e+07    4.83329e+10              0
           -2.6    8.91123e+07    6.67758e+10              0
           -2.4    1.51351e+08    8.50182e+10              0
           -2.2    2.44703e+08    1.02807e+11              0
             -2    3.79745e+08     1.2053e+11              0
           -1.8    5.70628e+08    1.37923e+11              0
           -1.6    8.34727e+08    1.54825e+11              0
           -1.4    1.19175e+09    1.71326e+11              0
           -1.2    1.66654e+09    1.87328e+11              0
             -1    2.28935e+09    2.02843e+11              0
           -0.8    3.09484e+09    2.17805e+11              0
           -0.6    4.12227e+09    2.32351e+11              0
           -0.4    5.41979e+09    2.46424e+11              0
           -0.2    7.04232e+09    2.60012e+11              0
    2.85742e-15    9.05337e+09    2.73105e+11    5.32615e-06
            0.2    1.15271e+10    2.85671e+11    7.97513e+09
            0.4     1.4548e+10    2.97733e+11    6.45395e+10
            0.6    1.82153e+10    3.09268e+11    2.01359e+11
            0.8    2.26417e+10    3.20272e+11    4.37588e+11
              1    2.79568e+10    3.30759e+11    7.66716e+11
            1.2    3.43077e+10    3.40758e+11    1.18171e+12
            1.4    4.18627e+10    3.50287e+11    1.66743e+12
            1.6     5.0813e+10    3.59377e+11     2.2108e+12
            1.8     6.1377e+10    3.68044e+11    2.79798e+12
              2    7.37985e+10    3.76328e+11     3.3956e+12
            2.2    8.83527e+10    3.84265e+11    3.90399e+12
            2.4    1.05352e+11    3.91871e+11    4.31798e+12
            2.6    1.25147e+11    3.99175e+11    4.65182e+12
            2.8    1.48125e+11    4.06209e+11    4.90349e+12
              3     1.7472e+11    4.13002e+11    5.09344e+12
            3.2    2.05418e+11    4.19571e+11    5.21916e+12
            3.4    2.40756e+11    4.25933e+11    5.30392e+12
            3.6    2.81332e+11    4.32109e+11    5.34519e+12
            3.8    3.27804e+11    4.38115e+11    5.36449e+12
              4    3.80905e+11    4.43956e+11    5.36667e+12
            4.2    4.41444e+11    4.49643e+11    5.35044e+12
            4.4    5.10309e+11    4.55184e+11    5.31945e+12
            4.6    5.88482e+11    4.60585e+11    5.30345e+12
            4.8    6.77041e+11    4.65851e+11    5.30933e+12
              5    7.77172e+11    4.70986e+11    5.33823e+12
            5.2    8.90176e+11    4.75993e+11    5.38856e+12
            5.4    1.01748e+12    4.80876e+11    5.44421e+12
            5.6    1.16065e+12     4.8564e+11    5.50165e+12
            5.8    1.32138e+12    4.90289e+11    5.55981e+12
              6    1.50154e+12    4.94824e+11    5.61698e+12
            6.2    1.70318e+12    4.99251e+11    5.66812e+12
            6.4     1.9285e+12    5.03575e+11    5.70634e+12
            6.6    2.17992e+12      5.078e+11    5.73304e+12
            6.8    2.46006e+12    5.11928e+11    5.74702e+12
              7    2.77177e+12    5.15964e+11    5.75143e+12
            7.2    3.11813e+12    5.19913e+11    5.74686e+12
            7.4    3.50252e+12    5.23777e+11    5.73353e+12
            7.6    3.92854e+12    5.27559e+11    5.71022e+12
            7.8    4.40015e+12    5.31263e+11    5.68471e+12
              8    4.92157e+12    5.34891e+11    5.66038e+12
            8.2     5.4974e+12    5.38446e+11    5.63779e+12
            8.4    6.13261e+12     5.4193e+11    5.61565e+12
            8.6    6.83252e+12    5.45345e+11    5.59393e+12
            8.8    7.60291e+12    5.48693e+11     5.5746e+12
              9    8.44999e+12    5.51977e+11     5.5576e+12
            9.2    9.38043e+12    5.55197e+11     5.5432e+12
            9.4    1.04014e+13    5.58355e+11    5.53028e+12
            9.6    1.15207e+13    5.61454e+11     5.5164e+12
            9.8    1.27466e+13    5.64494e+11    5.50147e+12
             10    1.40879e+13    5.67477e+11    5.48537e+12
    E, kcal/mol    D, mol/kcal        W2b->W3       W2b->W2a        W2b->P3
             -5    1.34235e+07              0              0        36951.6
           -4.8    1.64531e+07              0              0        47723.3
           -4.6      2.011e+07              0              0        61130.7
           -4.4    2.43541e+07              0              0        78231.9
           -4.2    2.93138e+07              0              0        99788.5
             -4     3.5178e+07              0              0         126556
           -3.8    4.20253e+07              0              0         159920
           -3.6    5.00234e+07              0              0         201275
           -3.4    5.92749e+07              0              0         252655
           -3.2     6.9913e+07              0    2.42124e+09         316485
             -3    8.22505e+07              0     9.3361e+09         394932
           -2.8    9.64611e+07              0    2.46421e+10         491415
           -2.6    1.12831e+08              0    5.27385e+10         609589
           -2.4    1.31409e+08              0    9.79201e+10         755363
           -2.2    1.52647e+08    0.000785061    1.64805e+11         933628
             -2    1.76986e+08         5722.5    2.58613e+11    1.15047e+06
           -1.8    2.04571e+08    1.67673e+06     3.8472e+11    1.41543e+06
           -1.6    2.35848e+08    5.56321e+07    5.47967e+11    1.73811e+06
           -1.4    2.71208e+08    6.86402e+08    7.52844e+11    2.13068e+06
           -1.2    3.11105e+08    4.44491e+09    1.00348e+12    2.60762e+06
             -1    3.56138e+08    1.76675e+10    1.30393e+12     3.1853e+06
           -0.8    4.06839e+08    4.85647e+10    1.65685e+12    3.88432e+06
           -0.6    4.63746e+08    1.01389e+11    2.06539e+12     4.7298e+06
           -0.4    5.27366e+08     1.7131e+11    2.53252e+12    5.75265e+06
           -0.2    5.98722e+08    2.48379e+11    3.05833e+12    6.98455e+06
    2.85742e-15    6.78517e+08    3.18539e+11    3.64401e+12    8.46765e+06
            0.2     7.6748e+08    3.93157e+11     4.2906e+12    1.02527e+07
            0.4    8.66605e+08    4.82804e+11    4.99816e+12    1.23975e+07
            0.6    9.76836e+08    5.89229e+11    5.76701e+12    1.49723e+07
            0.8    1.09936e+09    7.11333e+11    6.59613e+12    1.80581e+07
              1    1.23548e+09    8.47284e+11    7.48452e+12    2.17497e+07
            1.2    1.38636e+09    9.94897e+11    8.43261e+12    2.61636e+07
            1.4    1.55325e+09    1.15394e+12    9.44084e+12    3.14379e+07
            1.6    1.73772e+09    1.32478e+12    1.05086e+13    3.77307e+07
            1.8    1.94178e+09    1.50795e+12    1.16334e+13    4.52207e+07
              2    2.16678e+09     1.7048e+12    1.28174e+13    5.41353e+07
            2.2     2.4146e+09    1.91731e+12    1.40606e+13    6.47313e+07
            2.4    2.68741e+09    2.14909e+12    1.53622e+13    7.73045e+07
            2.6    2.98728e+09    2.40228e+12    1.67228e+13    9.22056e+07
            2.8    3.31674e+09    2.67652e+12    1.81413e+13    1.09831e+08
              3    3.67839e+09    2.97057e+12    1.96172e+13    1.30639e+08
            3.2    4.07471e+09    3.28108e+12    2.11517e+13    1.55168e+08
            3.4    4.50852e+09    3.60905e+12     2.2745e+13    1.84026e+08
            3.6    4.98343e+09    3.95567e+12    2.43941e+13    2.17871e+08
            3.8    5.50268e+09    4.31788e+12    2.60992e+13     2.5747e+08
              4    6.06969e+09    4.68953e+12    2.78606e+13    3.03673e+08
            4.2    6.68826e+09    5.06623e+12    2.96777e+13    3.57412e+08
            4.4    7.36294e+09    5.44603e+12    3.15478e+13    4.19672e+08
            4.6     8.0977e+09    5.82613e+12     3.3472e+13     4.9156e+08
            4.8    8.89793e+09    6.20511e+12    3.54465e+13    5.74192e+08
              5    9.76836e+09    6.58075e+12    3.74717e+13      6.688e+08
            5.2    1.07142e+10    6.95515e+12    3.95473e+13    7.76669e+08
            5.4    1.17414e+10    7.33272e+12    4.16715e+13    8.99103e+08
            5.6    1.28568e+10    7.71546e+12     4.3841e+13    1.03741e+09
            5.8    1.40663e+10    8.10481e+12    4.60572e+13    1.19301e+09
              6     1.5377e+10     8.5015e+12    4.83189e+13    1.36732e+09
            6.2    1.67966e+10    8.90604e+12    5.06244e+13    1.56175e+09
            6.4    1.83328e+10    9.31706e+12    5.29731e+13    1.77773e+09
            6.6    1.99943e+10    9.73428e+12    5.53638e+13     2.0167e+09
            6.8    2.17905e+10    1.01593e+13    5.77945e+13    2.28005e+09
              7    2.37303e+10    1.05912e+13     6.0266e+13    2.56929e+09
            7.2    2.58241e+10    1.10266e+13    6.27768e+13    2.88585e+09
            7.4    2.80834e+10    1.14618e+13    6.53246e+13     3.2311e+09
            7.6    3.05192e+10    1.18941e+13    6.79093e+13    3.60652e+09
            7.8     3.3144e+10    1.23214e+13    7.05297e+13    4.01355e+09
              8    3.59703e+10    1.27424e+13    7.31854e+13    4.45365e+09
            8.2    3.90125e+10    1.31561e+13    7.58745e+13    4.92824e+09
            8.4    4.22844e+10     1.3564e+13    7.85973e+13    5.43883e+09
            8.6    4.58027e+10    1.39671e+13    8.13506e+13    5.98674e+09
            8.8     4.9583e+10    1.43664e+13     8.4135e+13    6.57353e+09
              9    5.36426e+10    1.47628e+13    8.69496e+13    7.20067e+09
            9.2        5.8e+10    1.51576e+13    8.97929e+13    7.86957e+09
            9.4    6.26753e+10     1.5553e+13    9.26632e+13     8.5816e+09
            9.6    6.76882e+10      1.595e+13    9.55609e+13    9.33832e+09
            9.8     7.3061e+10    1.63485e+13    9.84844e+13    1.01411e+10
             10    7.88161e+10    1.67497e+13    1.01433e+14    1.09914e+10
    E, kcal/mol    D, mol/kcal        W3->W2b         W3->P4         W3->P5
             -5    6.83801e+09              0        194.743              0
           -4.8    7.71979e+09              0        240.764              0
           -4.6    8.69537e+09              0        297.592              0
           -4.4    9.78335e+09              0        367.343              0
           -4.2    1.09934e+10              0        452.937              0
             -4    1.23322e+10              0        558.125              0
           -3.8    1.38211e+10              0        686.818              0
           -3.6    1.54652e+10              0        844.643              0
           -3.4    1.72854e+10              0        1037.65              0
           -3.2    1.92952e+10              0        1273.68              0
             -3    2.15112e+10              0        1562.15              0
           -2.8    2.39585e+10              0         1913.9              0
           -2.6    2.66489e+10              0        2343.32              0
           -2.4    2.96073e+10              0        2866.79              0
           -2.2    3.28646e+10     3.6464e-06        3503.68              0
             -2    3.64315e+10        27.8002        4279.76              0
           -1.8    4.03517e+10        8500.49        5222.56              0
           -1.6    4.46424e+10         293907        6368.94              0
           -1.4    4.93409e+10    3.77289e+06        7760.89              0
           -1.2    5.44827e+10    2.53811e+07        9449.61              0
             -1    6.00954e+10    1.04701e+08        11498.7              0
           -0.8    6.62337e+10    2.98308e+08        13979.9              0
           -0.6    7.29218e+10    6.44782e+08        16986.7              0
           -0.4    8.02169e+10    1.12624e+09        20624.7              0
           -0.2    8.81659e+10    1.68671e+09        25023.7              0
    2.85742e-15    9.68099e+10    2.23257e+09        30342.9              0
            0.2    1.06217e+11    2.84078e+09        36765.5              0
            0.4    1.16436e+11    3.59338e+09        44519.8              0
            0.6    1.27535e+11     4.5131e+09        53873.1              0
            0.8     1.3958e+11    5.60258e+09        65148.3              0
              1    1.52638e+11    6.85804e+09        78733.6              0
            1.2    1.66793e+11    8.26946e+09          95087              0
            1.4    1.82114e+11     9.8419e+09         114766              0
            1.6    1.98695e+11     1.1586e+10         138426              0
            1.8    2.16633e+11    1.35165e+10         166847              0
              2    2.36005e+11    1.56519e+10         200981              0
            2.2    2.56939e+11     1.8018e+10         241918              0
            2.4    2.79526e+11    2.06617e+10         290994              0
            2.6    3.03893e+11    2.36144e+10         349765              0
            2.8     3.3016e+11     2.6888e+10         420079              0
              3    3.58453e+11    3.04836e+10         504119              0
            3.2    3.88926e+11    3.43754e+10         604423              0
            3.4    4.21709e+11    3.85846e+10         724002              0
            3.6    4.56969e+11    4.31381e+10         866319              0
            3.8    4.94873e+11    4.80121e+10     1.0354e+06              0
              4    5.35578e+11    5.31462e+10    1.23591e+06              0
            4.2      5.793e+11    5.84918e+10    1.47308e+06              0
            4.4    6.26209e+11    6.40341e+10    1.75295e+06              0
            4.6    6.76526e+11    6.97361e+10    2.08223e+06              0
            4.8    7.30461e+11    7.55859e+10    2.46841e+06              0
              5    7.88251e+11    8.15516e+10    2.91973e+06              0
            5.2    8.50139e+11    8.76549e+10    3.44523e+06              0
            5.4    9.16383e+11    9.39526e+10    4.05469e+06              0
            5.6    9.87253e+11    1.00477e+11    4.75869e+06              0
            5.8    1.06304e+12    1.07244e+11    5.56853e+06              0
              6    1.14404e+12    1.14269e+11    6.49645e+06              0
            6.2    1.23058e+12    1.21561e+11    7.55526e+06              0
            6.4    1.32299e+12    1.29108e+11     8.7589e+06              0
            6.6    1.42162e+12    1.36907e+11     1.0122e+07              0
            6.8    1.52686e+12    1.44988e+11    1.16602e+07              0
              7    1.63907e+12    1.53338e+11      1.339e+07              0
            7.2     1.7587e+12    1.61911e+11    1.53287e+07              0
            7.4    1.88616e+12    1.70657e+11    1.74947e+07              0
            7.6    2.02191e+12    1.79533e+11    1.99071e+07              0
            7.8    2.16642e+12    1.88504e+11    2.25859e+07    2.37445e+07
              8    2.32022e+12    1.97545e+11    2.55521e+07    1.19394e+08
            8.2    2.48382e+12    2.06639e+11    2.88271e+07    3.53176e+08
            8.4    2.65778e+12    2.15799e+11    3.24337e+07     8.6755e+08
            8.6    2.84267e+12    2.25046e+11    3.63953e+07     1.8296e+09
            8.8    3.03912e+12    2.34386e+11    4.07361e+07    3.49052e+09
              9    3.24777e+12    2.43833e+11    4.54808e+07    6.10153e+09
            9.2    3.46928e+12    2.53407e+11    5.06556e+07    1.00123e+10
            9.4    3.70437e+12    2.63146e+11    5.62868e+07    1.56355e+10
            9.6    3.95377e+12    2.73062e+11     6.2402e+07    2.33754e+10
            9.8    4.21825e+12    2.83159e+11    6.90295e+07    3.36907e+10
             10    4.49865e+12    2.93454e+11    7.61978e+07    4.71109e+10
