Wells (G - ground energy, D - dissociation limit, kcal/mol):
      Name        G        D
       W2a     -3.8     -3.4
       W2b     -8.5     -3.4
        W3    -15.5     -2.2

Bimolecular Products (G - ground energy, kcal/mol):
      Name        G
        P1      0.0
        P3    -15.5
        P4    -29.9
        P5      7.8

Well-to-Bimolecular Barriers (H/G - barrier height/well depth, kcal/mol)
      Name        H     Well        G  Product
        B3      5.0      W2b     -8.5       P3
        B4      0.0      W2a     -3.8       P1
        B6      5.6       W3    -15.5       P4
        B7      7.8       W3    -15.5       P5

Well-to-Well Barriers (H/G - barrier height/well depth, kcal/mol):
      Name        H     Well       G1     Well       G2
        B5     -2.2      W2b     -8.5       W3    -15.5
        B9     -3.4      W2a     -3.8      W2b     -8.5

________________________________________________________________________________________

Unimolecular Rate Units: 1/sec;  Bimolecular Rate Units: cm^3/sec

______________________________________________________________________________________

Species-Species Rate Tables:

Temperature = 200 K

High Pressure Rate Coefficients:

From\To           W2a          W2b           W3           P1           P3           P4           P5
W2a               ***  1.22524e+11          ***  2.65701e+10          ***          ***          ***
W2b       1.29627e+08          ***  3.07897e+06          ***      4420.53          ***          ***
W3                ***    0.0511081          ***          ***          ***   0.00711453  8.85722e-10
P1        7.79132e-11          ***          ***          ***          ***          ***          ***
P3                ***  7.29534e-30          ***          ***          ***          ***          ***
P4                ***          ***  1.13506e-43          ***          ***          ***          ***
P5                ***          ***  1.72169e-10          ***          ***          ***          ***

Temperature = 200 K    Pressure = 0.1 atm

From\To           W2a          W2b           W3           P1           P3           P4           P5
W2a               ***          ***          ***          ***          ***          ***          ***
W2b               ***          ***          ***          ***          ***          ***          ***
W3                ***          ***          ***          ***          ***          ***          ***
P1                ***          ***          ***          ***          ***          ***          ***
P3                ***          ***          ***          ***          ***          ***          ***
P4                ***          ***          ***          ***          ***          ***          ***
P5                ***          ***          ***          ***          ***          ***          ***

Temperature = 200 K    Pressure = 0.5 atm

From\To           W2a          W2b           W3           P1           P3           P4           P5
W2a               ***          ***          ***          ***          ***          ***          ***
W2b               ***          ***          ***          ***          ***          ***          ***
W3                ***          ***          ***          ***          ***          ***          ***
P1                ***          ***          ***          ***          ***          ***          ***
P3                ***          ***          ***          ***          ***          ***          ***
P4                ***          ***          ***          ***          ***          ***          ***
P5                ***          ***          ***          ***          ***          ***          ***

Temperature = 200 K    Pressure = 1 atm

From\To           W2a          W2b           W3           P1           P3           P4           P5
W2a               ***          ***          ***          ***          ***          ***          ***
W2b               ***          ***          ***          ***          ***          ***          ***
W3                ***          ***          ***          ***          ***          ***          ***
P1                ***          ***          ***          ***          ***          ***          ***
P3                ***          ***          ***          ***          ***          ***          ***
P4                ***          ***          ***          ***          ***          ***          ***
P5                ***          ***          ***          ***          ***          ***          ***

Temperature = 200 K    Pressure = 2 atm

From\To           W2a          W2b           W3           P1           P3           P4           P5
W2a               ***          ***          ***          ***          ***          ***          ***
W2b               ***          ***          ***          ***          ***          ***          ***
W3                ***          ***          ***          ***          ***          ***          ***
P1                ***          ***          ***          ***          ***          ***          ***
P3                ***          ***          ***          ***          ***          ***          ***
P4                ***          ***          ***          ***          ***          ***          ***
P5                ***          ***          ***          ***          ***          ***          ***

Temperature = 200 K    Pressure = 4 atm

From\To           W2a          W2b           W3           P1           P3           P4           P5
W2a               ***          ***          ***          ***          ***          ***          ***
W2b               ***          ***          ***          ***          ***          ***          ***
W3                ***          ***          ***          ***          ***          ***          ***
P1                ***          ***          ***          ***          ***          ***          ***
P3                ***          ***          ***          ***          ***          ***          ***
P4                ***          ***          ***          ***          ***          ***          ***
P5                ***          ***          ***          ***          ***          ***          ***

Temperature = 210 K

High Pressure Rate Coefficients:

From\To           W2a          W2b           W3           P1           P3           P4           P5
W2a               ***  1.32432e+11          ***  4.12023e+10          ***          ***          ***
W2b       2.66031e+08          ***  7.51063e+06          ***      6037.89          ***          ***
W3                ***     0.287249          ***          ***          ***    0.0108361  1.57036e-08
P1        7.74384e-11          ***          ***          ***          ***          ***          ***
P3                ***  2.18237e-29          ***          ***          ***          ***          ***
P4                ***          ***  9.09361e-43          ***          ***          ***          ***
P5                ***          ***  1.67355e-10          ***          ***          ***          ***

Temperature = 210 K    Pressure = 0.1 atm

From\To           W2a          W2b           W3           P1           P3           P4           P5
W2a               ***          ***          ***          ***          ***          ***          ***
W2b               ***          ***          ***          ***          ***          ***          ***
W3                ***          ***          ***          ***          ***          ***          ***
P1                ***          ***          ***          ***          ***          ***          ***
P3                ***          ***          ***          ***          ***          ***          ***
P4                ***          ***          ***          ***          ***          ***          ***
P5                ***          ***          ***          ***          ***          ***          ***

Temperature = 210 K    Pressure = 0.5 atm

From\To           W2a          W2b           W3           P1           P3           P4           P5
W2a               ***          ***          ***          ***          ***          ***          ***
W2b               ***          ***          ***          ***          ***          ***          ***
W3                ***          ***          ***          ***          ***          ***          ***
P1                ***          ***          ***          ***          ***          ***          ***
P3                ***          ***          ***          ***          ***          ***          ***
P4                ***          ***          ***          ***          ***          ***          ***
P5                ***          ***          ***          ***          ***          ***          ***

Temperature = 210 K    Pressure = 1 atm

From\To           W2a          W2b           W3           P1           P3           P4           P5
W2a               ***          ***          ***          ***          ***          ***          ***
W2b               ***          ***          ***          ***          ***          ***          ***
W3                ***          ***          ***          ***          ***          ***          ***
P1                ***          ***          ***          ***          ***          ***          ***
P3                ***          ***          ***          ***          ***          ***          ***
P4                ***          ***          ***          ***          ***          ***          ***
P5                ***          ***          ***          ***          ***          ***          ***

Temperature = 210 K    Pressure = 2 atm

From\To           W2a          W2b           W3           P1           P3           P4           P5
W2a               ***          ***          ***          ***          ***          ***          ***
W2b               ***          ***          ***          ***          ***          ***          ***
W3                ***          ***          ***          ***          ***          ***          ***
P1                ***          ***          ***          ***          ***          ***          ***
P3                ***          ***          ***          ***          ***          ***          ***
P4                ***          ***          ***          ***          ***          ***          ***
P5                ***          ***          ***          ***          ***          ***          ***

Temperature = 210 K    Pressure = 4 atm

From\To           W2a          W2b           W3           P1           P3           P4           P5
W2a               ***          ***          ***          ***          ***          ***          ***
W2b               ***          ***          ***          ***          ***          ***          ***
W3                ***          ***          ***          ***          ***          ***          ***
P1                ***          ***          ***          ***          ***          ***          ***
P3                ***          ***          ***          ***          ***          ***          ***
P4                ***          ***          ***          ***          ***          ***          ***
P5                ***          ***          ***          ***          ***          ***          ***

Temperature = 220 K

High Pressure Rate Coefficients:

From\To           W2a          W2b           W3           P1           P3           P4           P5
W2a               ***  1.42301e+11          ***  6.10899e+10          ***          ***          ***
W2b       5.13558e+08          ***  1.68919e+07          ***      8126.97          ***          ***
W3                ***      1.37801          ***          ***          ***    0.0166321   2.1482e-07
P1        7.69231e-11          ***          ***          ***          ***          ***          ***
P3                ***   5.9944e-29          ***          ***          ***          ***          ***
P4                ***          ***  6.32427e-42          ***          ***          ***          ***
P5                ***          ***  1.63103e-10          ***          ***          ***          ***

Temperature = 220 K    Pressure = 0.1 atm

From\To           W2a          W2b           W3           P1           P3           P4           P5
W2a               ***          ***          ***          ***          ***          ***          ***
W2b               ***          ***          ***          ***          ***          ***          ***
W3                ***          ***          ***          ***          ***          ***          ***
P1                ***          ***          ***          ***          ***          ***          ***
P3                ***          ***          ***          ***          ***          ***          ***
P4                ***          ***          ***          ***          ***          ***          ***
P5                ***          ***          ***          ***          ***          ***          ***

Temperature = 220 K    Pressure = 0.5 atm

From\To           W2a          W2b           W3           P1           P3           P4           P5
W2a               ***          ***          ***          ***          ***          ***          ***
W2b               ***          ***          ***          ***          ***          ***          ***
W3                ***          ***          ***          ***          ***          ***          ***
P1                ***          ***          ***          ***          ***          ***          ***
P3                ***          ***          ***          ***          ***          ***          ***
P4                ***          ***          ***          ***          ***          ***          ***
P5                ***          ***          ***          ***          ***          ***          ***

Temperature = 220 K    Pressure = 1 atm

From\To           W2a          W2b           W3           P1           P3           P4           P5
W2a               ***          ***          ***          ***          ***          ***          ***
W2b               ***          ***          ***          ***          ***          ***          ***
W3                ***          ***          ***          ***          ***          ***          ***
P1                ***          ***          ***          ***          ***          ***          ***
P3                ***          ***          ***          ***          ***          ***          ***
P4                ***          ***          ***          ***          ***          ***          ***
P5                ***          ***          ***          ***          ***          ***          ***

Temperature = 220 K    Pressure = 2 atm

From\To           W2a          W2b           W3           P1           P3           P4           P5
W2a               ***          ***          ***          ***          ***          ***          ***
W2b               ***          ***          ***          ***          ***          ***          ***
W3                ***          ***          ***          ***          ***          ***          ***
P1                ***          ***          ***          ***          ***          ***          ***
P3                ***          ***          ***          ***          ***          ***          ***
P4                ***          ***          ***          ***          ***          ***          ***
P5                ***          ***          ***          ***          ***          ***          ***

Temperature = 220 K    Pressure = 4 atm

From\To           W2a          W2b           W3           P1           P3           P4           P5
W2a               ***          ***          ***          ***          ***          ***          ***
W2b               ***          ***          ***          ***          ***          ***          ***
W3                ***          ***          ***          ***          ***          ***          ***
P1                ***          ***          ***          ***          ***          ***          ***
P3                ***          ***          ***          ***          ***          ***          ***
P4                ***          ***          ***          ***          ***          ***          ***
P5                ***          ***          ***          ***          ***          ***          ***

Temperature = 230 K

High Pressure Rate Coefficients:

From\To           W2a          W2b           W3           P1           P3           P4           P5
W2a               ***  1.52108e+11          ***   8.7113e+10          ***          ***          ***
W2b       9.39739e+08          ***  3.54031e+07          ***      11075.8          ***          ***
W3                ***      5.76037          ***          ***          ***    0.0257414  2.34447e-06
P1        7.63712e-11          ***          ***          ***          ***          ***          ***
P3                ***  1.56791e-28          ***          ***          ***          ***          ***
P4                ***          ***  3.89616e-41          ***          ***          ***          ***
P5                ***          ***  1.59324e-10          ***          ***          ***          ***

Temperature = 230 K    Pressure = 0.1 atm

From\To           W2a          W2b           W3           P1           P3           P4           P5
W2a               ***          ***          ***          ***          ***          ***          ***
W2b               ***          ***          ***          ***          ***          ***          ***
W3                ***          ***          ***          ***          ***          ***          ***
P1                ***          ***          ***          ***          ***          ***          ***
P3                ***          ***          ***          ***          ***          ***          ***
P4                ***          ***          ***          ***          ***          ***          ***
P5                ***          ***          ***          ***          ***          ***          ***

Temperature = 230 K    Pressure = 0.5 atm

From\To           W2a          W2b           W3           P1           P3           P4           P5
W2a               ***          ***          ***          ***          ***          ***          ***
W2b               ***          ***          ***          ***          ***          ***          ***
W3                ***          ***          ***          ***          ***          ***          ***
P1                ***          ***          ***          ***          ***          ***          ***
P3                ***          ***          ***          ***          ***          ***          ***
P4                ***          ***          ***          ***          ***          ***          ***
P5                ***          ***          ***          ***          ***          ***          ***

Temperature = 230 K    Pressure = 1 atm

From\To           W2a          W2b           W3           P1           P3           P4           P5
W2a               ***          ***          ***          ***          ***          ***          ***
W2b               ***          ***          ***          ***          ***          ***          ***
W3                ***          ***          ***          ***          ***          ***          ***
P1                ***          ***          ***          ***          ***          ***          ***
P3                ***          ***          ***          ***          ***          ***          ***
P4                ***          ***          ***          ***          ***          ***          ***
P5                ***          ***          ***          ***          ***          ***          ***

Temperature = 230 K    Pressure = 2 atm

From\To           W2a          W2b           W3           P1           P3           P4           P5
W2a               ***          ***          ***          ***          ***          ***          ***
W2b               ***          ***          ***          ***          ***          ***          ***
W3                ***          ***          ***          ***          ***          ***          ***
P1                ***          ***          ***          ***          ***          ***          ***
P3                ***          ***          ***          ***          ***          ***          ***
P4                ***          ***          ***          ***          ***          ***          ***
P5                ***          ***          ***          ***          ***          ***          ***

Temperature = 230 K    Pressure = 4 atm

From\To           W2a          W2b           W3           P1           P3           P4           P5
W2a               ***          ***          ***          ***          ***          ***          ***
W2b               ***          ***          ***          ***          ***          ***          ***
W3                ***          ***          ***          ***          ***          ***          ***
P1                ***          ***          ***          ***          ***          ***          ***
P3                ***          ***          ***          ***          ***          ***          ***
P4                ***          ***          ***          ***          ***          ***          ***
P5                ***          ***          ***          ***          ***          ***          ***

Temperature = 240 K

High Pressure Rate Coefficients:

From\To           W2a          W2b           W3           P1           P3           P4           P5
W2a               ***  1.61838e+11          ***  1.20058e+11          ***          ***          ***
W2b        1.6405e+09          ***  6.97627e+07          ***      15146.1          ***          ***
W3                ***      21.3468          ***          ***          ***    0.0401818  2.09908e-05
P1        7.57867e-11          ***          ***          ***          ***          ***          ***
P3                ***  3.90032e-28          ***          ***          ***          ***          ***
P4                ***          ***  2.16181e-40          ***          ***          ***          ***
P5                ***          ***  1.55947e-10          ***          ***          ***          ***

Temperature = 240 K    Pressure = 0.1 atm

From\To           W2a          W2b           W3           P1           P3           P4           P5
W2a               ***          ***          ***          ***          ***          ***          ***
W2b               ***          ***          ***          ***          ***          ***          ***
W3                ***          ***          ***          ***          ***          ***          ***
P1                ***          ***          ***          ***          ***          ***          ***
P3                ***          ***          ***          ***          ***          ***          ***
P4                ***          ***          ***          ***          ***          ***          ***
P5                ***          ***          ***          ***          ***          ***          ***

Temperature = 240 K    Pressure = 0.5 atm

From\To           W2a          W2b           W3           P1           P3           P4           P5
W2a               ***          ***          ***          ***          ***          ***          ***
W2b               ***          ***          ***          ***          ***          ***          ***
W3                ***          ***          ***          ***          ***          ***          ***
P1                ***          ***          ***          ***          ***          ***          ***
P3                ***          ***          ***          ***          ***          ***          ***
P4                ***          ***          ***          ***          ***          ***          ***
P5                ***          ***          ***          ***          ***          ***          ***

Temperature = 240 K    Pressure = 1 atm

From\To           W2a          W2b           W3           P1           P3           P4           P5
W2a               ***          ***          ***          ***          ***          ***          ***
W2b               ***          ***          ***          ***          ***          ***          ***
W3                ***          ***          ***          ***          ***          ***          ***
P1                ***          ***          ***          ***          ***          ***          ***
P3                ***          ***          ***          ***          ***          ***          ***
P4                ***          ***          ***          ***          ***          ***          ***
P5                ***          ***          ***          ***          ***          ***          ***

Temperature = 240 K    Pressure = 2 atm

From\To           W2a          W2b           W3           P1           P3           P4           P5
W2a               ***          ***          ***          ***          ***          ***          ***
W2b               ***          ***          ***          ***          ***          ***          ***
W3                ***          ***          ***          ***          ***          ***          ***
P1                ***          ***          ***          ***          ***          ***          ***
P3                ***          ***          ***          ***          ***          ***          ***
P4                ***          ***          ***          ***          ***          ***          ***
P5                ***          ***          ***          ***          ***          ***          ***

Temperature = 240 K    Pressure = 4 atm

From\To           W2a          W2b           W3           P1           P3           P4           P5
W2a               ***          ***          ***          ***          ***          ***          ***
W2b               ***          ***          ***          ***          ***          ***          ***
W3                ***          ***          ***          ***          ***          ***          ***
P1                ***          ***          ***          ***          ***          ***          ***
P3                ***          ***          ***          ***          ***          ***          ***
P4                ***          ***          ***          ***          ***          ***          ***
P5                ***          ***          ***          ***          ***          ***          ***

Temperature = 250 K

High Pressure Rate Coefficients:

From\To           W2a          W2b           W3           P1           P3           P4           P5
W2a               ***  1.71476e+11          ***  1.60579e+11          ***          ***          ***
W2b       2.74699e+09          ***  1.30217e+08          ***        20788          ***          ***
W3                ***      71.1523          ***          ***          ***    0.0632647  0.000157841
P1        7.51741e-11          ***          ***          ***          ***          ***          ***
P3                ***  9.28993e-28          ***          ***          ***          ***          ***
P4                ***          ***  1.09527e-39          ***          ***          ***          ***
P5                ***          ***  1.52915e-10          ***          ***          ***          ***

Temperature = 250 K    Pressure = 0.1 atm

From\To           W2a          W2b           W3           P1           P3           P4           P5
W2a               ***          ***          ***          ***          ***          ***          ***
W2b               ***          ***          ***          ***          ***          ***          ***
W3                ***          ***          ***          ***          ***          ***          ***
P1                ***          ***          ***          ***          ***          ***          ***
P3                ***          ***          ***          ***          ***          ***          ***
P4                ***          ***          ***          ***          ***          ***          ***
P5                ***          ***          ***          ***          ***          ***          ***

Temperature = 250 K    Pressure = 0.5 atm

From\To           W2a          W2b           W3           P1           P3           P4           P5
W2a               ***          ***          ***          ***          ***          ***          ***
W2b               ***          ***          ***          ***          ***          ***          ***
W3                ***          ***          ***          ***          ***          ***          ***
P1                ***          ***          ***          ***          ***          ***          ***
P3                ***          ***          ***          ***          ***          ***          ***
P4                ***          ***          ***          ***          ***          ***          ***
P5                ***          ***          ***          ***          ***          ***          ***

Temperature = 250 K    Pressure = 1 atm

From\To           W2a          W2b           W3           P1           P3           P4           P5
W2a               ***          ***          ***          ***          ***          ***          ***
W2b               ***          ***          ***          ***          ***          ***          ***
W3                ***          ***          ***          ***          ***          ***          ***
P1                ***          ***          ***          ***          ***          ***          ***
P3                ***          ***          ***          ***          ***          ***          ***
P4                ***          ***          ***          ***          ***          ***          ***
P5                ***          ***          ***          ***          ***          ***          ***

Temperature = 250 K    Pressure = 2 atm

From\To           W2a          W2b           W3           P1           P3           P4           P5
W2a               ***          ***          ***          ***          ***          ***          ***
W2b               ***          ***          ***          ***          ***          ***          ***
W3                ***          ***          ***          ***          ***          ***          ***
P1                ***          ***          ***          ***          ***          ***          ***
P3                ***          ***          ***          ***          ***          ***          ***
P4                ***          ***          ***          ***          ***          ***          ***
P5                ***          ***          ***          ***          ***          ***          ***

Temperature = 250 K    Pressure = 4 atm

From\To           W2a          W2b           W3           P1           P3           P4           P5
W2a               ***          ***          ***          ***          ***          ***          ***
W2b               ***          ***          ***          ***          ***          ***          ***
W3                ***          ***          ***          ***          ***          ***          ***
P1                ***          ***          ***          ***          ***          ***          ***
P3                ***          ***          ***          ***          ***          ***          ***
P4                ***          ***          ***          ***          ***          ***          ***
P5                ***          ***          ***          ***          ***          ***          ***

Temperature = 260 K

High Pressure Rate Coefficients:

From\To           W2a          W2b           W3           P1           P3           P4           P5
W2a               ***  1.81009e+11          ***  2.09171e+11          ***          ***          ***
W2b       4.43248e+09          ***  2.31692e+08          ***      28623.9          ***          ***
W3                ***      215.943          ***          ***          ***     0.100473   0.00101684
P1        7.45378e-11          ***          ***          ***          ***          ***          ***
P3                ***  2.12943e-27          ***          ***          ***          ***          ***
P4                ***          ***  5.12626e-39          ***          ***          ***          ***
P5                ***          ***  1.50179e-10          ***          ***          ***          ***

Temperature = 260 K    Pressure = 0.1 atm

From\To           W2a          W2b           W3           P1           P3           P4           P5
W2a               ***          ***          ***          ***          ***          ***          ***
W2b               ***          ***          ***          ***          ***          ***          ***
W3                ***          ***          ***          ***          ***          ***          ***
P1                ***          ***          ***          ***          ***          ***          ***
P3                ***          ***          ***          ***          ***          ***          ***
P4                ***          ***          ***          ***          ***          ***          ***
P5                ***          ***          ***          ***          ***          ***          ***

Temperature = 260 K    Pressure = 0.5 atm

From\To           W2a          W2b           W3           P1           P3           P4           P5
W2a               ***          ***          ***          ***          ***          ***          ***
W2b               ***          ***          ***          ***          ***          ***          ***
W3                ***          ***          ***          ***          ***          ***          ***
P1                ***          ***          ***          ***          ***          ***          ***
P3                ***          ***          ***          ***          ***          ***          ***
P4                ***          ***          ***          ***          ***          ***          ***
P5                ***          ***          ***          ***          ***          ***          ***

Temperature = 260 K    Pressure = 1 atm

From\To           W2a          W2b           W3           P1           P3           P4           P5
W2a               ***          ***          ***          ***          ***          ***          ***
W2b               ***          ***          ***          ***          ***          ***          ***
W3                ***          ***          ***          ***          ***          ***          ***
P1                ***          ***          ***          ***          ***          ***          ***
P3                ***          ***          ***          ***          ***          ***          ***
P4                ***          ***          ***          ***          ***          ***          ***
P5                ***          ***          ***          ***          ***          ***          ***

Temperature = 260 K    Pressure = 2 atm

From\To           W2a          W2b           W3           P1           P3           P4           P5
W2a               ***          ***          ***          ***          ***          ***          ***
W2b               ***          ***          ***          ***          ***          ***          ***
W3                ***          ***          ***          ***          ***          ***          ***
P1                ***          ***          ***          ***          ***          ***          ***
P3                ***          ***          ***          ***          ***          ***          ***
P4                ***          ***          ***          ***          ***          ***          ***
P5                ***          ***          ***          ***          ***          ***          ***

Temperature = 260 K    Pressure = 4 atm

From\To           W2a          W2b           W3           P1           P3           P4           P5
W2a               ***          ***          ***          ***          ***          ***          ***
W2b               ***          ***          ***          ***          ***          ***          ***
W3                ***          ***          ***          ***          ***          ***          ***
P1                ***          ***          ***          ***          ***          ***          ***
P3                ***          ***          ***          ***          ***          ***          ***
P4                ***          ***          ***          ***          ***          ***          ***
P5                ***          ***          ***          ***          ***          ***          ***

Temperature = 270 K

High Pressure Rate Coefficients:

From\To           W2a          W2b           W3           P1           P3           P4           P5
W2a               ***  1.90427e+11          ***  2.66152e+11          ***          ***          ***
W2b       6.91931e+09          ***  3.95085e+08          ***      39558.4          ***          ***
W3                ***      602.998          ***          ***          ***     0.160938   0.00570823
P1        7.38821e-11          ***          ***          ***          ***          ***          ***
P3                ***   4.7214e-27          ***          ***          ***          ***          ***
P4                ***          ***  2.23818e-38          ***          ***          ***          ***
P5                ***          ***    1.477e-10          ***          ***          ***          ***

Temperature = 270 K    Pressure = 0.1 atm

From\To           W2a          W2b           W3           P1           P3           P4           P5
W2a               ***          ***          ***          ***          ***          ***          ***
W2b               ***          ***          ***          ***          ***          ***          ***
W3                ***          ***          ***          ***          ***          ***          ***
P1                ***          ***          ***          ***          ***          ***          ***
P3                ***          ***          ***          ***          ***          ***          ***
P4                ***          ***          ***          ***          ***          ***          ***
P5                ***          ***          ***          ***          ***          ***          ***

Temperature = 270 K    Pressure = 0.5 atm

From\To           W2a          W2b           W3           P1           P3           P4           P5
W2a               ***          ***          ***          ***          ***          ***          ***
W2b               ***          ***          ***          ***          ***          ***          ***
W3                ***          ***          ***          ***          ***          ***          ***
P1                ***          ***          ***          ***          ***          ***          ***
P3                ***          ***          ***          ***          ***          ***          ***
P4                ***          ***          ***          ***          ***          ***          ***
P5                ***          ***          ***          ***          ***          ***          ***

Temperature = 270 K    Pressure = 1 atm

From\To           W2a          W2b           W3           P1           P3           P4           P5
W2a               ***          ***          ***          ***          ***          ***          ***
W2b               ***          ***          ***          ***          ***          ***          ***
W3                ***          ***          ***          ***          ***          ***          ***
P1                ***          ***          ***          ***          ***          ***          ***
P3                ***          ***          ***          ***          ***          ***          ***
P4                ***          ***          ***          ***          ***          ***          ***
P5                ***          ***          ***          ***          ***          ***          ***

Temperature = 270 K    Pressure = 2 atm

From\To           W2a          W2b           W3           P1           P3           P4           P5
W2a               ***          ***          ***          ***          ***          ***          ***
W2b               ***          ***          ***          ***          ***          ***          ***
W3                ***          ***          ***          ***          ***          ***          ***
P1                ***          ***          ***          ***          ***          ***          ***
P3                ***          ***          ***          ***          ***          ***          ***
P4                ***          ***          ***          ***          ***          ***          ***
P5                ***          ***          ***          ***          ***          ***          ***

Temperature = 270 K    Pressure = 4 atm

From\To           W2a          W2b           W3           P1           P3         