    E, kcal/mol    D, mol/kcal       W2a->W2b        W2a->P1
             -5              0            ***            ***
           -4.8              0            ***            ***
           -4.6              0            ***            ***
           -4.4              0            ***            ***
           -4.2              0            ***            ***
             -4              0            ***            ***
           -3.8     1.0125e-08              0              0
           -3.6    1.11191e+06              0              0
           -3.4     4.3328e+06              0              0
           -3.2    1.13314e+07    1.49387e+10              0
             -3    2.49925e+07    3.07252e+10              0
           -2.8    4.91797e+07    4.83329e+10              0
           -2.6    8.91123e+07    6.67758e+10              0
           -2.4    1.51351e+08    8.50182e+10              0
           -2.2    2.44703e+08    1.02807e+11              0
             -2    3.79745e+08     1.2053e+11              0
           -1.8    5.70628e+08    1.37923e+11              0
           -1.6    8.34727e+08    1.54825e+11              0
           -1.4    1.19175e+09    1.71326e+11              0
           -1.2    1.66654e+09    1.87328e+11              0
             -1    2.28935e+09    2.02843e+11              0
           -0.8    3.09484e+09    2.17805e+11              0
           -0.6    4.12227e+09    2.32351e+11              0
           -0.4    5.41979e+09    2.46424e+11              0
           -0.2    7.04232e+09    2.60012e+11              0
    2.85742e-15    9.05337e+09    2.73105e+11    5.32615e-06
            0.2    1.15271e+10    2.85671e+11    7.97513e+09
            0.4     1.4548e+10    2.97733e+11    6.45395e+10
            0.6    1.82153e+10    3.09268e+11    2.01359e+11
            0.8    2.26417e+10    3.20272e+11    4.37588e+11
              1    2.79568e+10    3.30759e+11    7.66716e+11
            1.2    3.43077e+10    3.40758e+11    1.18171e+12
            1.4    4.18627e+10    3.50287e+11    1.66743e+12
            1.6     5.0813e+10    3.59377e+11     2.2108e+12
            1.8     6.1377e+10    3.68044e+11    2.79798e+12
              2    7.37985e+10    3.76328e+11     3.3956e+12
            2.2    8.83527e+10    3.84265e+11    3.90399e+12
            2.4    1.05352e+11    3.91871e+11    4.31798e+12
            2.6    1.25147e+11    3.99175e+11    4.65182e+12
            2.8    1.48125e+11    4.06209e+11    4.90349e+12
              3     1.7472e+11    4.13002e+11    5.09344e+12
            3.2    2.05418e+11    4.19571e+11    5.21916e+12
            3.4    2.40756e+11    4.25933e+11    5.30392e+12
            3.6    2.81332e+11    4.32109e+11    5.34519e+12
            3.8    3.27804e+11    4.38115e+11    5.36449e+12
              4    3.80905e+11    4.43956e+11    5.36667e+12
            4.2    4.41444e+11    4.49643e+11    5.35044e+12
            4.4    5.10309e+11    4.55184e+11    5.31945e+12
            4.6    5.88482e+11    4.60585e+11    5.30345e+12
            4.8    6.77041e+11    4.65851e+11    5.30933e+12
              5    7.77172e+11    4.70986e+11    5.33823e+12
            5.2    8.90176e+11    4.75993e+11    5.38856e+12
            5.4    1.01748e+12    4.80876e+11    5.44421e+12
            5.6    1.16065e+12     4.8564e+11    5.50165e+12
            5.8    1.32138e+12    4.90289e+11    5.55981e+12
              6    1.50154e+12    4.94824e+11    5.61698e+12
            6.2    1.70318e+12    4.99251e+11    5.66812e+12
            6.4     1.9285e+12    5.03575e+11    5.70634e+12
            6.6    2.17992e+12      5.078e+11    5.73304e+12
            6.8    2.46006e+12    5.11928e+11    5.74702e+12
              7    2.77177e+12    5.15964e+11    5.75143e+12
            7.2    3.11813e+12    5.19913e+11    5.74686e+12
            7.4    3.50252e+12    5.23777e+11    5.73353e+12
            7.6    3.92854e+12    5.27559e+11    5.71022e+12
            7.8    4.40015e+12    5.31263e+11    5.68471e+12
              8    4.92157e+12    5.34891e+11    5.66038e+12
            8.2     5.4974e+12    5.38446e+11    5.63779e+12
            8.4    6.13261e+12     5.4193e+11    5.61565e+12
            8.6    6.83252e+12    5.45345e+11    5.59393e+12
            8.8    7.60291e+12    5.48693e+11     5.5746e+12
              9    8.44999e+12    5.51977e+11     5.5576e+12
            9.2    9.38043e+12    5.55197e+11     5.5432e+12
            9.4    1.04014e+13    5.58355e+11    5.53028e+12
            9.6    1.15207e+13    5.61454e+11     5.5164e+12
            9.8    1.27466e+13    5.64494e+11    5.50147e+12
             10    1.40879e+13    5.67477e+11    5.48537e+12
    E, kcal/mol    D, mol/kcal        W2b->W3       W2b->W2a        W2b->P3
             -5    1.47659e+07              0              0        33592.3
           -4.8    1.80984e+07              0              0        43384.8
           -4.6     2.2121e+07              0              0        55573.4
           -4.4    2.67895e+07              0              0        71119.9
           -4.2    3.22452e+07              0              0        90716.8
             -4    3.86958e+07              0              0         115051
           -3.8    4.62279e+07              0              0         145382
           -3.6    5.50257e+07              0              0         182977
           -3.4    6.52024e+07              0              0         229687
           -3.2    7.69043e+07              0    2.20113e+09         287713
             -3    9.04755e+07              0    8.48736e+09         359029
           -2.8    1.06107e+08              0    2.24019e+10         446741
           -2.6    1.24114e+08              0    4.79441e+10         554172
           -2.4     1.4455e+08              0    8.90183e+10         686694
           -2.2    1.67912e+08    0.000713692    1.49823e+11         848753
             -2    1.94685e+08        5202.27    2.35102e+11    1.04588e+06
           -1.8    2.25028e+08     1.5243e+06    3.49746e+11    1.28676e+06
           -1.6    2.59433e+08    5.05746e+07    4.98152e+11     1.5801e+06
           -1.4    2.98329e+08    6.24002e+08    6.84404e+11    1.93699e+06
           -1.2    3.42215e+08    4.04083e+09    9.12259e+11    2.37057e+06
             -1    3.91752e+08    1.60614e+10    1.18539e+12    2.89573e+06
           -0.8    4.47523e+08    4.41498e+10    1.50623e+12     3.5312e+06
           -0.6    5.10121e+08    9.21716e+10    1.87762e+12    4.29982e+06
           -0.4    5.80103e+08    1.55737e+11    2.30229e+12    5.22968e+06
           -0.2    6.58594e+08    2.25799e+11     2.7803e+12     6.3496e+06
    2.85742e-15    7.46369e+08    2.89581e+11    3.31274e+12    7.69786e+06
            0.2    8.44229e+08    3.57416e+11    3.90054e+12    9.32066e+06
            0.4    9.53265e+08    4.38912e+11    4.54378e+12    1.12705e+07
            0.6    1.07452e+09    5.35662e+11    5.24273e+12    1.36112e+07
            0.8     1.2093e+09    6.46666e+11    5.99648e+12    1.64164e+07
              1    1.35902e+09    7.70258e+11    6.80411e+12    1.97724e+07
            1.2      1.525e+09    9.04452e+11      7.666e+12    2.37851e+07
            1.4    1.70857e+09    1.04903e+12    8.58259e+12    2.85799e+07
            1.6     1.9115e+09    1.20434e+12    9.55328e+12    3.43006e+07
            1.8    2.13596e+09    1.37087e+12    1.05758e+13    4.11097e+07
              2    2.38345e+09    1.54982e+12    1.16522e+13    4.92139e+07
            2.2    2.65606e+09    1.74301e+12    1.27824e+13    5.88466e+07
            2.4    2.95616e+09    1.95372e+12    1.39656e+13    7.02768e+07
            2.6      3.286e+09    2.18389e+12    1.52026e+13    8.38233e+07
            2.8    3.64841e+09     2.4332e+12    1.64921e+13    9.98459e+07
              3    4.04623e+09    2.70052e+12    1.78338e+13    1.18763e+08
            3.2    4.48219e+09     2.9828e+12    1.92289e+13    1.41062e+08
            3.4    4.95937e+09    3.28096e+12    2.06773e+13    1.67296e+08
            3.6    5.48177e+09    3.59606e+12    2.21764e+13    1.98065e+08
            3.8    6.05294e+09    3.92535e+12    2.37266e+13    2.34064e+08
              4    6.67665e+09    4.26321e+12    2.53278e+13    2.76067e+08
            4.2    7.35709e+09    4.60567e+12    2.69797e+13     3.2492e+08
            4.4    8.09924e+09    4.95093e+12    2.86798e+13     3.8152e+08
            4.6    8.90747e+09    5.29648e+12    3.04291e+13    4.46873e+08
            4.8    9.78772e+09    5.64101e+12    3.22241e+13    5.21993e+08
              5    1.07452e+10     5.9825e+12    3.40652e+13       6.08e+08
            5.2    1.17856e+10    6.32287e+12    3.59521e+13    7.06063e+08
            5.4    1.29156e+10    6.66611e+12    3.78831e+13    8.17366e+08
            5.6    1.41425e+10    7.01405e+12    3.98554e+13    9.43096e+08
            5.8     1.5473e+10    7.36801e+12    4.18702e+13    1.08456e+09
              6    1.69147e+10    7.72863e+12    4.39262e+13    1.24302e+09
            6.2    1.84762e+10     8.0964e+12    4.60222e+13    1.41977e+09
            6.4    2.01661e+10    8.47006e+12    4.81574e+13    1.61612e+09
            6.6    2.19938e+10    8.84934e+12    5.03307e+13    1.83336e+09
            6.8    2.39696e+10    9.23573e+12    5.25405e+13    2.07277e+09
              7    2.61034e+10    9.62837e+12    5.47872e+13    2.33572e+09
            7.2    2.84066e+10    1.00242e+13    5.70698e+13     2.6235e+09
            7.4    3.08917e+10    1.04198e+13     5.9386e+13    2.93736e+09
            7.6    3.35711e+10    1.08129e+13    6.17357e+13    3.27866e+09
            7.8    3.64584e+10    1.12013e+13    6.41179e+13    3.64868e+09
              8    3.95673e+10     1.1584e+13    6.65322e+13    4.04878e+09
            8.2    4.29137e+10    1.19601e+13    6.89768e+13    4.48021e+09
            8.4    4.65129e+10    1.23309e+13    7.14521e+13    4.94439e+09
            8.6     5.0383e+10    1.26974e+13    7.39551e+13    5.44249e+09
            8.8    5.45413e+10    1.30603e+13    7.64864e+13    5.97594e+09
              9    5.90068e+10    1.34207e+13    7.90451e+13    6.54606e+09
            9.2       6.38e+10    1.37796e+13    8.16299e+13    7.15415e+09
            9.4    6.89428e+10    1.41391e+13    8.42393e+13    7.80145e+09
            9.6     7.4457e+10       1.45e+13    8.68736e+13    8.48938e+09
            9.8    8.03671e+10    1.48622e+13    8.95313e+13    9.21917e+09
             10    8.66977e+10     1.5227e+13    9.22122e+13    9.99217e+09
    E, kcal/mol    D, mol/kcal        W3->W2b         W3->P4         W3->P5
             -5    6.41417e+09              0        207.611              0
           -4.8    7.23937e+09              0        256.741              0
           -4.6    8.15556e+09              0         317.29              0
           -4.4     9.1772e+09              0        391.607              0
           -4.2    1.03106e+10              0        482.934              0
             -4    1.15686e+10              0        594.964              0
           -3.8    1.29649e+10              0        732.173              0
           -3.6    1.45081e+10              0        900.361              0
           -3.4    1.62165e+10              0        1106.04              0
           -3.2    1.81022e+10              0        1357.62              0
             -3    2.01867e+10              0        1664.64              0
           -2.8    2.24806e+10              0        2039.73              0
           -2.6    2.50088e+10              0           2497              0
           -2.4    2.77892e+10              0        3054.36              0
           -2.2    3.08447e+10    3.88519e-06        3733.11              0
             -2    3.42017e+10        29.6127        4558.78              0
           -1.8    3.78812e+10        9054.86        5563.16              0
           -1.6    4.19184e+10         313006        6782.82              0
           -1.4    4.63316e+10    4.01795e+06        8264.98              0
           -1.2    5.11678e+10    2.70255e+07        10061.8              0
             -1     5.6447e+10    1.11469e+08        12241.9              0
           -0.8    6.22176e+10    3.17563e+08        14882.3              0
           -0.6    6.85121e+10    6.86282e+08        18080.1              0
           -0.4    7.53761e+10    1.19857e+09        21949.2              0
           -0.2    8.28517e+10    1.79489e+09        26628.7              0
    2.85742e-15    9.09909e+10    2.37534e+09        32283.3              0
            0.2    9.98467e+10    3.02204e+09        39111.3              0
            0.4    1.09469e+11    3.82209e+09        47353.4              0
            0.6    1.19922e+11     4.7996e+09        57293.1              0
            0.8    1.31265e+11    5.95751e+09        69275.5              0
              1     1.4357e+11    7.29121e+09        83706.5              0
            1.2    1.56904e+11    8.79062e+09         101080              0
            1.4    1.71347e+11    1.04604e+10         121978              0
            1.6    1.86979e+11    1.23121e+10         147100              0
            1.8    2.03881e+11    1.43618e+10         177283              0
              2     2.2216e+11    1.66273e+10         213506              0
            2.2    2.41899e+11    1.91383e+10         256959              0
            2.4    2.63209e+11    2.19426e+10         309035              0
            2.6    2.86199e+11    2.50744e+10         371389              0
            2.8    3.10986e+11    2.85457e+10         445978              0
              3    3.37699e+11     3.2357e+10         535101              0
            3.2    3.66459e+11    3.64828e+10         641478              0
            3.4    3.97422e+11    4.09426e+10         768246              0
            3.6    4.30722e+11    4.57668e+10         919110              0
            3.8    4.66523e+11    5.09297e+10    1.09832e+06              0
              4    5.04997e+11    5.63647e+10    1.31076e+06              0
            4.2    5.46306e+11    6.20244e+10    1.56205e+06              0
            4.4    5.90646e+11    6.78897e+10     1.8585e+06              0
            4.6    6.38215e+11    7.39222e+10    2.20722e+06              0
            4.8    6.89215e+11    8.01093e+10    2.61613e+06              0
              5    7.43873e+11    8.64168e+10    3.09392e+06              0
            5.2    8.02412e+11    9.28686e+10    3.65015e+06              0
            5.4    8.65089e+11    9.95234e+10    4.29511e+06              0
            5.6    9.32154e+11    1.06416e+11    5.03997e+06              0
            5.8    1.00388e+12    1.13564e+11     5.8967e+06              0
              6    1.08057e+12    1.20981e+11    6.87804e+06              0
            6.2    1.16251e+12    1.28679e+11    7.99767e+06              0
            6.4    1.25002e+12    1.36644e+11    9.27019e+06              0
            6.6    1.34345e+12    1.44873e+11     1.0711e+07              0
            6.8    1.44314e+12    1.53399e+11    1.23366e+07              0
              7    1.54948e+12    1.62204e+11    1.41642e+07              0
            7.2    1.66285e+12    1.71244e+11    1.62123e+07              0
            7.4    1.78368e+12    1.80462e+11    1.84999e+07              0
            7.6    1.91239e+12    1.89815e+11    2.10471e+07              0
            7.8    2.04942e+12    1.99266e+11    2.38754e+07    2.51001e+07
              8     2.1953e+12    2.08785e+11     2.7006e+07    1.26188e+08
            8.2    2.35049e+12    2.18361e+11    3.04623e+07     3.7321e+08
            8.4    2.51554e+12    2.28001e+11    3.42676e+07    9.16603e+08
            8.6    2.69101e+12    2.37729e+11    3.84465e+07    1.93271e+09
            8.8    2.87747e+12    2.47554e+11    4.30246e+07    3.68662e+09
              9    3.07555e+12    2.57487e+11    4.80275e+07    6.44319e+09
            9.2    3.28586e+12    2.67552e+11    5.34831e+07    1.05712e+10
            9.4    3.50913e+12    2.77787e+11    5.94184e+07    1.65054e+10
            9.6    3.74602e+12    2.88206e+11    6.58628e+07    2.46718e+10
            9.8     3.9973e+12    2.98811e+11    7.28452e+07    3.55531e+10
             10    4.26372e+12    3.09623e+11    8.03963e+07    4.97067e+10
