    E, kcal/mol    D, mol/kcal         W1->P1
              0              0            ***
            0.1        419.378    9.47209e-24
            0.2        419.378    1.66039e-23
            0.3        419.378    2.84328e-23
            0.4        419.378    4.77013e-23
            0.5        419.378    7.85879e-23
            0.6        419.378    1.27388e-22
            0.7        419.378    2.03489e-22
            0.8        419.378    3.20765e-22
            0.9        419.378    4.99536e-22
              1        419.378    7.69336e-22
            1.1        419.378    1.17277e-21
            1.2        419.378    1.77087e-21
            1.3        419.378    2.65052e-21
            1.4        419.378    3.93463e-21
            1.5        419.378     5.7961e-21
            1.6        419.378    8.47687e-21
            1.7        1331.02     3.8798e-21
            1.8        1258.13    5.92438e-21
            1.9        1258.13    8.49952e-21
              2        1258.13    1.21244e-20
            2.1        1258.13    1.72017e-20
            2.2        1258.13    2.42795e-20
            2.3        1258.13    3.41019e-20
            2.4        1258.13    4.76742e-20
            2.5        1258.13     6.6351e-20
            2.6        1258.13     9.1951e-20
            2.7        1258.13    1.26908e-19
            2.8        1258.13    1.74469e-19
            2.9        1258.13    2.38953e-19
              3        1258.13     3.2609e-19
            3.1        1258.13    4.43457e-19
            3.2        1258.13    6.01053e-19
            3.3        1258.13    8.12032e-19
            3.4        2523.67    5.45226e-19
            3.5        2516.27    7.34272e-19
            3.6        2516.27    9.83111e-19
            3.7        2935.65    1.12507e-18
            3.8        2935.64    1.49807e-18
            3.9        2935.64    1.98947e-18
              4        2935.64    2.63536e-18
            4.1        2935.64    3.48233e-18
            4.2        2935.64    4.59049e-18
            4.3        2935.64    6.03725e-18
            4.4        2935.64    7.92207e-18
            4.5        2935.64    1.03725e-17
            4.6        2935.64     1.3552e-17
            4.7        2935.64    1.76694e-17
            4.8        2935.64    2.29913e-17
            4.9        2935.64    2.98572e-17
              5        2935.64    3.86992e-17
            5.1         4611.6     3.1871e-17
            5.2        4613.15    4.11433e-17
            5.3        4613.15    5.30368e-17
            5.4         5451.9      5.775e-17
            5.5        5451.91    7.41892e-17
            5.6        5451.91    9.51505e-17
            5.7        5451.91    1.21837e-16
            5.8        5451.91    1.55762e-16
            5.9        5451.91    1.98826e-16
              6        5451.91    2.53412e-16
            6.1        5451.91    3.22507e-16
            6.2        5451.91    4.09849e-16
            6.3        5451.91    5.20107e-16
            6.4        5451.91    6.59111e-16
            6.5        5871.22    7.74559e-16
            6.6        5871.29    9.78921e-16
            6.7        5871.29     1.2356e-15
            6.8        7967.86    1.14774e-15
            6.9        7968.17    1.44496e-15
              7        7968.17    1.81698e-15
            7.1         9226.3    1.97084e-15
            7.2        9226.31    2.47234e-15
            7.3        9226.31    3.09783e-15
            7.4        9645.68    3.70856e-15
            7.5        9645.68     4.6363e-15
            7.6        9645.68    5.78973e-15
            7.7        9645.68    7.22228e-15
            7.8        9645.68    8.99972e-15
            7.9        9645.68    1.12028e-14
              8        9645.68     1.3931e-14
            8.1        9645.68    1.73059e-14
            8.2        10484.4     1.9759e-14
            8.3        10484.4    2.44974e-14
            8.4        10484.4     3.0343e-14
            8.5        13000.7    3.02805e-14
            8.6        13000.7    3.74356e-14
            8.7        13000.7    4.62389e-14
            8.8        14678.2    5.05395e-14
            8.9        14678.2    6.23124e-14
              9        14678.2    7.67604e-14
            9.1          15517    8.93699e-14
            9.2          15517    1.09903e-13
            9.3          15517     1.3504e-13
            9.4          15517     1.6579e-13
            9.5          15517    2.03376e-13
            9.6          15517    2.49282e-13
            9.7          15517     3.0531e-13
            9.8          15517    3.73637e-13
            9.9        16775.1    4.22637e-13
             10        16775.1    5.16432e-13
           10.1        16775.1    6.30571e-13
           10.2        20130.1    6.41138e-13
           10.3        20130.1    7.81691e-13
           10.4        20130.1    9.52369e-13
           10.5          22227    1.05011e-12
           10.6          22227    1.27759e-12
           10.7          22227    1.55327e-12
           10.8        23485.1    1.78606e-12
           10.9        23485.1    2.16852e-12
             11        23485.1    2.63112e-12
           11.1        23904.5    3.13434e-12
           11.2        23904.5    3.79802e-12
           11.3        23904.5    4.59926e-12
           11.4        23904.5    5.56601e-12
           11.5        23904.5    6.73175e-12
           11.6          25582    7.60305e-12
           11.7          25582     9.1841e-12
           11.8          25582    1.10872e-11
           11.9        29775.8    1.14927e-11
             12        29775.8    1.38577e-11
           12.1        29775.8    1.66997e-11
           12.2        32292.1    1.85456e-11
           12.3        32292.1    2.23233e-11
           12.4        32292.1    2.68553e-11
           12.5        33969.6    3.06949e-11
           12.6        33969.6    3.68855e-11
           12.7        33969.6    4.43004e-11
           12.8        34808.3    5.18958e-11
           12.9        34808.3    6.22611e-11
             13        35227.7    7.37685e-11
           13.1        35227.7    8.84095e-11
           13.2        35227.7    1.05901e-10
           13.3        37324.6    1.19666e-10
           13.4        37324.6    1.43196e-10
           13.5        37324.6    1.71267e-10
           13.6        42357.1    1.80413e-10
           13.7        42357.1    2.15566e-10
           13.8        42357.1    2.57442e-10
           13.9        45712.2    2.84751e-10
             14        45712.2    3.39742e-10
           14.1        45712.2     4.0516e-10
           14.2          47809    4.61767e-10
           14.3          47809    5.50169e-10
           14.4          47809    6.55194e-10
           14.5        49067.2    7.59915e-10
           14.6        49067.2     9.0416e-10
           14.7        49905.9    1.05723e-09
           14.8        50325.3    1.24632e-09
           14.9        50325.3    1.48093e-09
             15        52841.6    1.67517e-09
           15.1        52841.6    1.98879e-09
           15.2        52841.6    2.36011e-09
           15.3        58712.9    2.51961e-09
           15.4        58712.9    2.98753e-09
           15.5        58712.9    3.54086e-09
           15.6        62906.6     3.9153e-09
           15.7        62906.6    4.63668e-09
           15.8        62906.6    5.48875e-09
           15.9        65422.9    6.24501e-09
             16        65422.9    7.38674e-09
           16.1        65422.9    8.73377e-09
           16.2        67100.4    1.00644e-08
           16.3        67100.4    1.18904e-08
           16.4        68358.5     1.3784e-08
           16.5        69197.3    1.60752e-08
           16.6        69197.3    1.89702e-08
           16.7        72552.3    2.13434e-08
           16.8        72552.3    2.51684e-08
           16.9        72552.3    2.96679e-08
             17        79262.4    3.19996e-08
           17.1        79262.4     3.7693e-08
           17.2        79262.4    4.43834e-08
           17.3        84294.9    4.91237e-08
           17.4        84294.9    5.78019e-08
           17.5        84294.9    6.79894e-08
           17.6        87649.9    7.68845e-08
           17.7        87649.9    9.03726e-08
           17.8        87649.9     1.0619e-07
           17.9        89746.8     1.2182e-07
             18        89746.8    1.43045e-07
           18.1        91426.9    1.64827e-07
           18.2        92682.4    1.90796e-07
           18.3        92682.4    2.23816e-07
           18.4        97123.5    2.50463e-07
           18.5        97295.6    2.93098e-07
           18.6        97295.6    3.43488e-07
           18.7         104844    3.73438e-07
           18.8         104844    4.37361e-07
           18.9         104844    5.12063e-07
             19         110716    5.67555e-07
           19.1         110716    6.64081e-07
           19.2         110716    7.76783e-07
           19.3         114909    8.75184e-07
           19.4         114909    1.02309e-06
           19.5         115329    1.19128e-06
           19.6         117845    1.36205e-06
           19.7         117845     1.5908e-06
           19.8         119965    1.82459e-06
           19.9         121619     2.1008e-06
             20         121619    2.45145e-06
