Wells (G - ground energy, D - dissociation limit, kcal/mol):
      Name        G        D
        W1    -90.3     -4.4

Bimolecular Products (G - ground energy, kcal/mol):
      Name        G
         R      0.0
        P1      0.6
        P2    -13.1
        P3    -17.7
        P4    -69.8
        P5      4.3
        P6     13.5

Well-to-Bimolecular Barriers (H/G - barrier height/well depth, kcal/mol)
      Name        H     Well        G  Product
        B1      0.0       W1    -90.3        R
        B2      0.6       W1    -90.3       P1
        B3     -1.5       W1    -90.3       P2
        B4     -4.4       W1    -90.3       P3
        B5     -0.2       W1    -90.3       P4
        B6      4.3       W1    -90.3       P5
        B7     13.5       W1    -90.3       P6

________________________________________________________________________________________

Unimolecular Rate Units: 1/sec;  Bimolecular Rate Units: cm^3/sec

______________________________________________________________________________________

Species-Species Rate Tables:

Temperature = 200 K

High Pressure Rate Coefficients:

From\To            W1            R           P1           P2           P3           P4           P5           P6
W1                ***  1.18955e-84  6.02678e-85   2.3913e-84  6.29202e-81  1.11872e-56  7.94632e-90  2.9841e-100
R         9.90839e-11          ***          ***          ***          ***          ***          ***          ***
P1        2.64144e-10          ***          ***          ***          ***          ***          ***          ***
P2        9.17013e-24          ***          ***          ***          ***          ***          ***          ***
P3         2.0966e-25          ***          ***          ***          ***          ***          ***          ***
P4        8.69375e-58          ***          ***          ***          ***          ***          ***          ***
P5         2.8228e-10          ***          ***          ***          ***          ***          ***          ***
P6         1.6882e-10          ***          ***          ***          ***          ***          ***          ***

Temperature = 200 K    Pressure = 0.001 atm

From\To            W1            R           P1           P2           P3           P4           P5           P6
W1        1.11869e-56   4.8624e-85  1.85847e-85  2.31578e-84  6.28587e-81  1.11869e-56  2.74936e-93 9.46776e-113
R         4.05014e-11  6.86009e-11  1.81518e-11  8.62659e-13  8.86408e-12  2.20483e-13  5.44995e-16  2.18323e-26
P1        8.14538e-11  9.55116e-11   2.0208e-10  2.31454e-12  2.22321e-11  5.67187e-13  5.16947e-16  8.81168e-27
P2        8.88053e-24  3.97156e-26  2.02512e-26  9.16168e-24  2.16734e-25   4.4423e-27  1.34522e-31  5.49447e-42
P3        2.09455e-25  3.54601e-30  1.69025e-30  1.88327e-30  2.09467e-25   5.2834e-30  5.16386e-36  1.19519e-46
P4        8.69355e-58  2.05704e-88  1.00568e-88  9.00231e-89  1.23218e-86  8.69355e-58  4.44669e-94 1.50692e-104
P5        9.76667e-14  2.32428e-10  4.18992e-11  1.24614e-12  5.50508e-12  2.03266e-13  2.81379e-10  3.99977e-22
P6        5.35622e-23  1.48283e-10   1.1374e-11   8.1058e-13  2.02918e-12  1.09702e-13  6.36988e-12  1.68977e-10

Temperature = 200 K    Pressure = 0.01 atm

From\To            W1            R           P1           P2           P3           P4           P5           P6
W1        1.11869e-56  9.50587e-85  4.65881e-85  2.38061e-84  6.29137e-81  1.11869e-56  3.41618e-91 6.81808e-109
R         7.91791e-11  8.78007e-11  6.30982e-12  2.18429e-13   2.0402e-12  5.26034e-14  5.13898e-16   2.1833e-26
P1        2.04188e-10  3.32011e-11  2.44095e-10  6.45719e-13  5.90617e-12  1.53552e-13  5.30052e-16   8.8153e-27
P2        9.12913e-24  1.00562e-26  5.64975e-27  9.16911e-24  2.37783e-26  4.94103e-28  1.33008e-31  5.49293e-42
P3        2.09638e-25  8.16167e-31  4.49031e-31  2.06616e-31   2.0964e-25  5.35944e-31  5.39134e-36  1.19534e-46
P4        8.69355e-58  4.90774e-89  2.72262e-89   1.0013e-89  1.24992e-87  8.69355e-58  4.50065e-94 1.50661e-104
P5        1.21354e-11  2.19166e-10  4.29614e-11  1.23212e-12  5.74759e-12  2.05732e-13  2.81448e-10  3.99403e-22
P6        3.85721e-19  1.48288e-10  1.13787e-11  8.10353e-13  2.02944e-12   1.0968e-13  6.36075e-12  1.68977e-10

Temperature = 200 K    Pressure = 0.1 atm

From\To            W1            R           P1           P2           P3           P4           P5           P6
W1        1.11869e-56  1.15054e-84  5.82185e-85  2.39005e-84  6.29195e-81  1.11869e-56  4.14339e-90 1.52065e-104
R         9.58344e-11  9.71447e-11  9.96708e-13   3.1183e-14  2.74865e-13  7.24962e-15   2.5244e-16   2.1838e-26
P1        2.55162e-10   5.2445e-12  2.61304e-10  8.92083e-14  7.87019e-13  2.07537e-14   2.8302e-16   8.8555e-27
P2        9.16532e-24  1.43562e-27  7.80533e-28  9.17002e-24  2.43782e-27  5.09723e-29  6.91187e-32  5.47687e-42
P3        2.09658e-25  1.09958e-31   5.9835e-32  2.11829e-32  2.09658e-25  5.37473e-32  2.97196e-36   1.1971e-46
P4        8.69355e-58  6.76369e-90  3.67982e-90  1.03295e-90  1.25348e-88  8.69355e-58  2.40103e-94 1.50349e-104
P5        1.47187e-10   1.0766e-10  2.29391e-11  6.40279e-13  3.16835e-12  1.09755e-13  2.81704e-10  3.93451e-22
P6        8.60282e-15  1.48322e-10  1.14306e-11  8.07983e-13  2.03243e-12  1.09452e-13  6.26595e-12  1.68977e-10

Temperature = 200 K    Pressure = 1 atm

From\To            W1            R           P1           P2           P3           P4           P5           P6
W1        1.11869e-56  1.18544e-84  6.00716e-85  2.39117e-84  6.29201e-81  1.11869e-56  7.31264e-90 2.52881e-101
R         9.87413e-11  9.88831e-11  1.08626e-13  3.34343e-15  2.90414e-14  7.70494e-16  4.15912e-17  1.99974e-26
P1        2.63284e-10  5.71572e-13   2.6395e-10   9.4231e-15  8.24123e-14  2.18077e-15  4.63924e-17  8.55634e-27
P2        9.16963e-24  1.53927e-28  8.24479e-29  9.17012e-24  2.44765e-28  5.12411e-30  1.14068e-32  4.91414e-42
P3         2.0966e-25  1.16178e-32   6.2656e-33  2.12683e-33   2.0966e-25  5.37694e-33  4.90641e-37  1.12295e-46
P4        8.69355e-58  7.18848e-91  3.86672e-91   1.0384e-91    1.254e-89  8.69355e-58  3.96323e-95 1.36326e-104
P5         2.5977e-10  1.77377e-11  3.76016e-12  1.05667e-13  5.23061e-13  1.81166e-14  2.81915e-10  3.18696e-22
P6        1.43063e-11  1.35821e-10  1.10445e-11  7.24966e-13  1.90655e-12  9.92436e-14  5.07543e-12  1.68978e-10

Temperature = 200 K    Pressure = 10 atm

From\To            W1            R           P1           P2           P3           P4           P5           P6
W1        1.11869e-56  1.18935e-84   6.0273e-85  2.39129e-84  6.29202e-81  1.11869e-56  7.87009e-90 2.15179e-100
R         9.90665e-11  9.90808e-11  1.09737e-14  3.37156e-16  2.92292e-15  7.76081e-17  4.48181e-18  6.10206e-27
P1        2.64167e-10  5.77417e-14  2.64234e-10  9.48206e-16   8.2837e-15  2.19297e-16  4.97907e-18  2.76931e-27
P2        9.17008e-24  1.55222e-29  8.29638e-30  9.17013e-24  2.44875e-29  5.12717e-31  1.22756e-33  1.47788e-42
P3         2.0966e-25  1.16929e-33  6.29789e-34  2.12779e-34   2.0966e-25  5.37718e-34  5.27066e-38  3.53486e-47
P4        8.69355e-58  7.24061e-92  3.88835e-92  1.03902e-92  1.25405e-90  8.69355e-58  4.26167e-96  4.1492e-105
P5        2.79572e-10  1.91139e-12  4.03559e-13  1.13714e-14  5.61894e-14  1.94808e-15  2.81957e-10  8.64884e-23
P6        1.21734e-10  4.14447e-11   3.5746e-12  2.18026e-13  6.00148e-13  3.02057e-14  1.37738e-12  1.68979e-10

Temperature = 210 K

High Pressure Rate Coefficients:

From\To            W1            R           P1           P2           P3           P4           P5           P6
W1                ***  6.57933e-80  3.40446e-80  8.29894e-80  1.37888e-76  3.73107e-55  7.04519e-85  7.89262e-95
R         9.83924e-11          ***          ***          ***          ***          ***          ***          ***
P1        2.47295e-10          ***          ***          ***          ***          ***          ***          ***
P2        2.78179e-23          ***          ***          ***          ***          ***          ***          ***
P3        7.00376e-25          ***          ***          ***          ***          ***          ***          ***
P4        2.27826e-57          ***          ***          ***          ***          ***          ***          ***
P5        2.82993e-10          ***          ***          ***          ***          ***          ***          ***
P6        1.69718e-10          ***          ***          ***          ***          ***          ***          ***

Temperature = 210 K    Pressure = 0.001 atm

From\To            W1            R           P1           P2           P3           P4           P5           P6
W1        3.73106e-55  2.47351e-80  9.80554e-81  7.95962e-80  1.37677e-76  3.73106e-55  2.38119e-88 4.30535e-107
R         3.69909e-11  6.58345e-11  1.91491e-11  8.54658e-13  8.62304e-12  2.15921e-13  8.71976e-16  1.03559e-25
P1        7.12259e-11  9.30111e-11  1.87404e-10   2.1573e-12  2.04837e-11  5.24882e-13  7.52242e-16  3.85245e-26
P2        2.66805e-23  1.91564e-25  9.95512e-26  2.77841e-23  7.96044e-25  1.64363e-26  1.04276e-30  1.27173e-40
P3        6.99305e-25  2.92877e-29  1.43234e-29  1.20626e-29  6.99386e-25  2.53111e-29  6.93248e-35  4.81329e-45
P4        2.27825e-57  8.81626e-85  4.41229e-85  2.99414e-85  3.04282e-83  2.27825e-57  3.08951e-90 3.13421e-100
P5        9.56484e-14  2.34211e-10  4.15982e-11  1.24959e-12  5.48235e-12  2.03237e-13   2.8284e-10  1.20627e-21
P6        9.25797e-23  1.48907e-10  1.14045e-11  8.15833e-13  2.03773e-12  1.10374e-13  6.45755e-12  1.69733e-10

Temperature = 210 K    Pressure = 0.01 atm

From\To            W1            R           P1           P2           P3           P4           P5           P6
W1        3.73106e-55   5.0847e-80  2.56519e-80  8.24621e-80  1.37865e-76  3.73106e-55   2.7843e-86 2.32889e-103
R         7.60406e-11  8.54843e-11  7.03918e-12  2.32049e-13  2.11657e-12  5.50764e-14  8.26146e-16  1.03562e-25
P1        1.86331e-10  3.41908e-11  2.27017e-10  6.33568e-13  5.71128e-12  1.49331e-13  7.71479e-16  3.85396e-26
P2        2.76411e-23  5.20116e-26  2.92367e-26  2.78137e-23  8.94012e-26  1.87941e-27  1.03272e-30  1.27139e-40
P3         7.0026e-25  7.18881e-30  3.99366e-30  1.35471e-30  7.00275e-25    2.586e-30  7.22976e-35  4.81387e-45
P4        2.27825e-57  2.24882e-85  1.25532e-85  3.42364e-86  3.10881e-84  2.27825e-57   3.1281e-90 3.13359e-100
P5         1.1184e-11  2.21901e-10  4.26619e-11  1.23755e-12  5.71745e-12  2.05775e-13  2.82908e-10  1.20461e-21
P6        5.00791e-19  1.48911e-10   1.1409e-11  8.15613e-13  2.03797e-12  1.10352e-13  6.44871e-12  1.69733e-10

Temperature = 210 K    Pressure = 0.1 atm

From\To            W1            R           P1           P2           P3           P4           P5           P6
W1        3.73106e-55  6.32113e-80  3.27326e-80   8.2924e-80  1.37886e-76  3.73106e-55  3.52972e-85  3.91401e-99
R          9.4531e-11  9.60368e-11  1.16475e-12  3.48408e-14  2.97752e-13  7.95157e-15  4.23208e-16  1.03585e-25
P1        2.37764e-10  5.65741e-12  2.44318e-10  9.06667e-14   7.8456e-13  2.08494e-14   4.2801e-16   3.8708e-26
P2         2.7796e-23  7.80926e-27  4.18392e-27  2.78174e-23  9.26029e-27  1.96427e-28  5.58017e-31  1.26781e-40
P3        7.00364e-25   1.0113e-30   5.4861e-31  1.40322e-31  7.00366e-25  2.59903e-31  4.13471e-35  4.82062e-45
P4        2.27825e-57   3.2467e-86  1.75266e-86  3.57823e-87  3.12447e-85  2.27825e-57  1.73321e-90 3.12731e-100
P5        1.41783e-10  1.13673e-10  2.36685e-11  6.68696e-13  3.26981e-12  1.14016e-13  2.83176e-10   1.1875e-21
P6        8.41647e-15  1.48944e-10  1.14589e-11  8.13316e-13  2.04083e-12  1.10131e-13  6.35709e-12  1.69733e-10

Temperature = 210 K    Pressure = 1 atm

From\To            W1            R           P1           P2           P3           P4           P5           P6
W1        3.73106e-55  6.55168e-80  3.39168e-80  8.29826e-80  1.37888e-76  3.73106e-55  6.45189e-85   6.2121e-96
R         9.79789e-11  9.81443e-11  1.28808e-13  3.79394e-15  3.18461e-14   8.5673e-16   7.2712e-17  9.54776e-26
P1        2.46367e-10  6.25647e-13  2.47087e-10  9.66919e-15  8.27828e-14  2.20941e-15  7.28858e-17  3.75618e-26
P2        2.78156e-23  8.50379e-28  4.46196e-28  2.78179e-23  9.31759e-28  1.98029e-29  9.58862e-32  1.14556e-40
P3        7.00375e-25  1.08163e-31  5.78866e-32  1.41191e-32  7.00375e-25   2.6011e-32  7.09237e-36  4.54609e-45
P4        2.27825e-57  3.49811e-87  1.85729e-87  3.60741e-88  3.12696e-86  2.27825e-57  2.97601e-91 2.85424e-100
P5        2.59161e-10  1.95303e-11  4.03051e-12  1.14905e-13   5.6088e-13  1.95771e-14  2.83417e-10  9.73037e-22
P6        1.33581e-11  1.37287e-10  1.11196e-11  7.34894e-13   1.9246e-12  1.00514e-13    5.209e-12  1.69734e-10

Temperature = 210 K    Pressure = 10 atm

From\To            W1            R           P1           P2           P3           P4           P5           P6
W1        3.73106e-55  6.57804e-80  3.40473e-80  8.29887e-80  1.37888e-76  3.73106e-55  6.99138e-85  5.59433e-95
R         9.83731e-11  9.83899e-11  1.30399e-14  3.83444e-16   3.2106e-15  8.64609e-17  7.91506e-18  3.01564e-26
P1        2.47315e-10  6.33372e-14  2.47387e-10   9.7422e-16  8.32912e-15  2.22425e-16  7.89059e-18  1.25784e-26
P2        2.78177e-23  8.59455e-29  4.49565e-29  2.78179e-23  9.32422e-29  1.98217e-30  1.04183e-32   3.5653e-41
P3        7.00376e-25  1.09046e-32  5.82421e-33  1.41291e-33  7.00376e-25  2.60134e-33  7.68613e-37  1.48055e-45
P4        2.27825e-57  3.53028e-88  1.86976e-88  3.61085e-89  3.12724e-87  2.27825e-57  3.22982e-92 8.98873e-101
P5        2.80832e-10  2.12597e-12  4.36341e-13  1.24847e-14  6.07835e-14  2.12467e-15  2.83469e-10  2.73688e-22
P6        1.20297e-10  4.33618e-11  3.72362e-12  2.28719e-13  6.26797e-13  3.16546e-14  1.46515e-12  1.69735e-10

Temperature = 220 K

High Pressure Rate Coefficients:

From\To            W1            R           P1           P2           P3           P4           P5           P6
W1                ***  1.35508e-75  7.11532e-76  1.13832e-75  1.26757e-72  1.01113e-53  2.22607e-80  6.72821e-90
R         9.77364e-11          ***          ***          ***          ***          ***          ***          ***
P1        2.31804e-10          ***          ***          ***          ***          ***          ***          ***
P2        7.76655e-23          ***          ***          ***          ***          ***          ***          ***
P3         2.1728e-24          ***          ***          ***          ***          ***          ***          ***
P4        6.08811e-57          ***          ***          ***          ***          ***          ***          ***
P5        2.83619e-10          ***          ***          ***          ***          ***          ***          ***
P6        1.70576e-10          ***          ***          ***          ***          ***          ***          ***

Temperature = 220 K    Pressure = 0.001 atm

From\To            W1            R           P1           P2           P3           P4           P5           P6
W1        1.01111e-53  4.67883e-76  1.91471e-76  1.07957e-75   1.2647e-72  1.01111e-53  7.20339e-84 5.71141e-102
R         3.37466e-11    6.319e-11  2.00158e-11   8.4461e-13  8.37075e-12  2.10991e-13  1.32946e-15  4.25546e-25
P1        6.23778e-11   9.0408e-11  1.74171e-10  2.01158e-12  1.88866e-11  4.86043e-13  1.04943e-15  1.46993e-25
P2        7.36574e-23  7.98967e-25  4.21283e-25  7.75461e-23  2.61406e-24  5.44085e-26  6.67468e-30  2.21061e-39
P3        2.16788e-24  1.98939e-28  9.93746e-29  6.56749e-29  2.16835e-24  1.07708e-28  7.30165e-34  1.38405e-43
P4        6.08801e-57  1.76136e-81  8.98306e-82  4.80152e-82  3.78335e-80  6.08801e-57  9.54995e-87  2.63837e-96
P5        9.17768e-14  2.34843e-10  4.10415e-11  1.24641e-12  5.42711e-12  2.02078e-13  2.82852e-10  3.29117e-21
P6        1.44798e-22   1.4958e-10   1.1439e-11  8.21421e-13  2.04702e-12   1.1109e-13  6.54896e-12  1.70547e-10

Temperature = 220 K    Pressure = 0.01 atm

From\To            W1            R           P1           P2           P3           P4           P5           P6
W1        1.01111e-53  1.01044e-75  5.22064e-76  1.12827e-75  1.26724e-72  1.01111e-53  7.99055e-82  2.47558e-98
R         7.28792e-11  8.31273e-11  7.75684e-12  2.45301e-13  2.18722e-12  5.74247e-14  1.26548e-15  4.25558e-25
P1        1.70079e-10  3.50364e-11  2.11399e-10  6.20625e-13