Model::init:  starts
   Model::ExponentialKernel::ExponentialKernel:  ... done
   Model::LennardJonesCollision::LennardJonesCollision:  ... done
   WELL: W2a
   Model::RRHO::RRHO:  starts
      Model::new_core:  starts
         Model::RigidRotor::RigidRotor:  starts
            molecular geometry will be used to estimate rotational constants
            rotational configuration: nonlinear
            rotational constants[1/cm]:        0.680702      0.0942047      0.0893181
         Model::RigidRotor::RigidRotor:  done, cpu time[sec] = 0.002325, elapsed time[sec] = 0
      Model::new_core:  done, cpu time[sec] = 0.002697, elapsed time[sec] = 0
      ground state energy, kcal/mol:   -3.8
      interpolating states number/density starts
         core state contribution ... done, cpu time[sec] = 0.054045, elapsed time[sec] = 0
         vibrational modes contribution ... done, cpu time[sec] = 0.0186, elapsed time[sec] = 0
         effective power exponent at 403.797 kcal/mol = 11.8986
      interpolating states number/density done, cpu time[sec] = 0.867426, elapsed time[sec] = 0
   Model::RRHO::RRHO:  done, cpu time[sec] = 0.872198, elapsed time[sec] = 0
   WELL: W2b
   Model::RRHO::RRHO:  starts
      Model::new_core:  starts
         Model::RigidRotor::RigidRotor:  starts
            molecular geometry will be used to estimate rotational constants
            rotational configuration: nonlinear
            rotational constants[1/cm]:        0.595799       0.151704       0.120916
         Model::RigidRotor::RigidRotor:  done, cpu time[sec] = 0.001048, elapsed time[sec] = 0
      Model::new_core:  done, cpu time[sec] = 0.001576, elapsed time[sec] = 0
      ground state energy, kcal/mol:   -8.5
      interpolating states number/density starts
         core state contribution ... done, cpu time[sec] = 0.094666, elapsed time[sec] = 0
         vibrational modes contribution ... done, cpu time[sec] = 0.031415, elapsed time[sec] = 0
         effective power exponent at 408.498 kcal/mol = 11.8697
      interpolating states number/density done, cpu time[sec] = 1.02991, elapsed time[sec] = 0
   Model::RRHO::RRHO:  done, cpu time[sec] = 1.03418, elapsed time[sec] = 0
   WELL: W3
   Model::RRHO::RRHO:  starts
      Model::new_core:  starts
         Model::RigidRotor::RigidRotor:  starts
            molecular geometry will be used to estimate rotational constants
            rotational configuration: nonlinear
            rotational constants[1/cm]:        0.661238       0.195486       0.169217
         Model::RigidRotor::RigidRotor:  done, cpu time[sec] = 0.001404, elapsed time[sec] = 0
      Model::new_core:  done, cpu time[sec] = 0.001963, elapsed time[sec] = 0
      1-th ROTOR:
      Model::HinderedRotor::HinderedRotor:  starts
         Model::HinderedRotor::_read:  starts
            first point frequency estimate = 177.862 1/cm
            Fourier Expansion Coefficients(kcal/mol):
              0        4.53029
              1       0.739328
              2       0.120109
              3        1.26643
              4       -3.79268
              5       -1.06905
              6      -0.561203
              7       0.187278
              8      -0.249042
              9      -0.118399
             10      -0.123148
             11        -0.0505
             12        0.03475
             13      0.0127345
             14      0.0264336
             15    -0.00685603
             16     0.00195833
             17     0.00178675
             18      0.0132032
             19       0.005067
             20   -6.80408e-05
             21   -0.000471313
             22   -0.000894953
             23    1.32318e-15
             24    0.000291667
         Model::HinderedRotor::_read:  done, cpu time[sec] = 0.004838, elapsed time[sec] = 0
         effective rotational constant[1/cm]  = 1.9568
         analytic  frequency at minimum[1/cm] = 179.341
         numerical frequency at minimum[1/cm] = 179.34
         minimum energy[kcal/mol]             = 5.86367e-15
         maximum energy[kcal/mol]             = 9.93829
         maximum frequency[1/cm]              = 190.879
         ground energy [kcal/mol]             = 0.254844
         highest energy level [kcal/mol]      = 1392.39
         number of levels                     = 997
         10 lowest excited states [kcal/mol] relative to the ground: 0.000397 0.506 0.506 1 1 1.49 1.49 1.97 1.97
         Statistical Weight (*** - deep tunneling regime):
          T, K        Quantum             PG             PI  ***
           100        2.16891         2.1562        2.16691
           200         2.7867        2.77862        2.78626
           300        3.52926        3.52193        3.52907
           400        4.32436        4.31705        4.32426
           500        5.16109        5.15353        5.16102
           600        6.03964        6.03174        6.03959
           700         6.9605        6.95225        6.96047
           800         7.9221        7.91353        7.92208
           900        8.92099        8.91216        8.92098
          1000        9.95256        9.94352        9.95255
      Model::HinderedRotor::HinderedRotor:  done, cpu time[sec] = 12.2551, elapsed time[sec] = 0
      2-th ROTOR:
      Model::HinderedRotor::HinderedRotor:  starts
         Model::HinderedRotor::_read:  starts
            first point frequency estimate = 380.82 1/cm
            Fourier Expansion Coefficients(kcal/mol):
              0        3.22875
              1         1.5458
              2      -0.385427
              3      -0.370515
              4       -2.90475
              5      -0.434167
              6          0.035
              7       0.109841
              8        0.08275
              9      0.0510367
             10     -0.0375732
             11   -2.05544e-15
             12       -0.01875
         Model::HinderedRotor::_read:  done, cpu time[sec] = 0.000976, elapsed time[sec] = 0
         effective rotational constant[1/cm]  = 19.5655
         analytic  frequency at minimum[1/cm] = 404.79
         numerical frequency at minimum[1/cm] = 404.786
         minimum energy[kcal/mol]             = -0.00158171
         maximum energy[kcal/mol]             = 8.34937
         maximum frequency[1/cm]              = 404.925
         ground energy [kcal/mol]             = 0.556795
         highest energy level [kcal/mol]      = 13876.5
         number of levels                     = 997
         10 lowest excited states [kcal/mol] relative to the ground: 0.68 1.08 1.63 2.06 2.5 2.95 3.28 3.66 3.96
         Statistical Weight (*** - deep tunneling regime):
          T, K        Quantum             PG             PI  ***
           100        1.03748       0.942152       0.998417  ***
           200        1.27275        1.21291        1.26464
           300        1.61205        1.56275        1.60917
           400         1.9978        1.95364        1.99643
           500        2.41094        2.36995        2.41017
           600        2.84151        2.80286        2.84102
           700        3.28288        3.24618        3.28255
           800         3.7303        3.69532        3.73006
           900         4.1803         4.1469        4.18013
          1000        4.63033         4.5984         4.6302
      Model::HinderedRotor::HinderedRotor:  done, cpu time[sec] = 10.7194, elapsed time[sec] = 0
      3-th ROTOR:
      Model::HinderedRotor::HinderedRotor:  starts
         Model::HinderedRotor::_read:  starts
            first point frequency estimate = 364.072 1/cm
            Fourier Expansion Coefficients(kcal/mol):
              0        2.83058
              1       0.470387
              2      -0.418576
              3      -0.772928
              4       -2.25358
              5       0.261333
              6      -0.169167
              7      0.0624982
              8     -0.0420833
              9      0.0304462
             10      0.0372424
             11   -2.48091e-15
             12      0.0155833
         Model::HinderedRotor::_read:  done, cpu time[sec] = 0.000939, elapsed time[sec] = 0
         effective rotational constant[1/cm]  = 19.7597
         analytic  frequency at minimum[1/cm] = 376.406
         numerical frequency at minimum[1/cm] = 376.405
         minimum energy[kcal/mol]             = -0.000588427
         maximum energy[kcal/mol]             = 5.43709
         maximum frequency[1/cm]              = 395.443
         ground energy [kcal/mol]             = 0.525977
         highest energy level [kcal/mol]      = 14013.9
         number of levels                     = 997
         10 lowest excited states [kcal/mol] relative to the ground: 0.689 1.03 1.67 1.99 2.58 2.89 3.38 3.7 4.08
         Statistical Weight (*** - deep tunneling regime):
          T, K        Quantum             PG             PI  ***
           100        1.03722       0.984625        1.01728  ***
           200        1.27641         1.2444        1.27064
           300        1.61864        1.59029        1.61608
           400        2.00613        1.97826        2.00475
           500        2.42316        2.39494        2.42232
           600        2.86185        2.83324         2.8613
           700        3.31585        3.28707        3.31548
           800        3.77965        3.75097        3.77939
           900        4.24868        4.22034        4.24848
          1000         4.7193        4.69149        4.71915
      Model::HinderedRotor::HinderedRotor:  done, cpu time[sec] = 10.6967, elapsed time[sec] = 1
      ground state energy, kcal/mol:   -15.51
      interpolating states number/density starts
         core state contribution ... done, cpu time[sec] = 0.034479, elapsed time[sec] = 0
         vibrational modes contribution ... done, cpu time[sec] = 0.010591, elapsed time[sec] = 0
         hindered rotors contribution starts
            Model::HinderedRotor::set:  starts
            Model::HinderedRotor::set:  done, cpu time[sec] = 6.6e-05, elapsed time[sec] = 0
            Model::HinderedRotor::set:  starts
            Model::HinderedRotor::set:  done, cpu time[sec] = 0.000171, elapsed time[sec] = 0
            Model::HinderedRotor::set:  starts
            Model::HinderedRotor::set:  done, cpu time[sec] = 8.7e-05, elapsed time[sec] = 0
         hindered rotors contribution done, cpu time[sec] = 0.434834, elapsed time[sec] = 0
         effective power exponent at 415.508 kcal/mol = 10.7156
      interpolating states number/density done, cpu time[sec] = 0.839024, elapsed time[sec] = 0
   Model::RRHO::RRHO:  done, cpu time[sec] = 34.5185, elapsed time[sec] = 1
   BIMOLECULAR: P1
   Model::Bimolecular::Bimolecular:  starts
      Model::RRHO::RRHO:  starts
         Model::new_core:  starts
            Model::RigidRotor::RigidRotor:  starts
               molecular geometry will be used to estimate rotational constants
               rotational configuration: nonlinear
               rotational constants[1/cm]:         20.5397        1.11483        1.05743
            Model::RigidRotor::RigidRotor:  done, cpu time[sec] = 0.000528, elapsed time[sec] = 0
         Model::new_core:  done, cpu time[sec] = 0.000719, elapsed time[sec] = 0
         ground state energy, kcal/mol:   0
      Model::RRHO::RRHO:  done, cpu time[sec] = 0.001385, elapsed time[sec] = 0
      Model::RRHO::RRHO:  starts
         Model::new_core:  starts
            Model::RigidRotor::RigidRotor:  starts
               molecular geometry will be used to estimate rotational constants
               rotational configuration: nonlinear
               rotational constants[1/cm]:         20.5397        1.11483        1.05743
            Model::RigidRotor::RigidRotor:  done, cpu time[sec] = 0.000284, elapsed time[sec] = 0
         Model::new_core:  done, cpu time[sec] = 0.000453, elapsed time[sec] = 0
         ground state energy, kcal/mol:   0
      Model::RRHO::RRHO:  done, cpu time[sec] = 0.001012, elapsed time[sec] = 0
   Model::Bimolecular::Bimolecular:  done, cpu time[sec] = 0.00394, elapsed time[sec] = 0
   BIMOLECULAR: P3
   Model::Bimolecular::Bimolecular:  starts
      Model::RRHO::RRHO:  starts
         Model::new_core:  starts
            Model::RigidRotor::RigidRotor:  starts
               molecular geometry will be used to estimate rotational constants
               rotational configuration: nonlinear
               rotational constants[1/cm]:         10.0783       0.877183       0.848353
            Model::RigidRotor::RigidRotor:  done, cpu time[sec] = 0.000287, elapsed time[sec] = 0
         Model::new_core:  done, cpu time[sec] = 0.000616, elapsed time[sec] = 0
         ground state energy, kcal/mol:   0
      Model::RRHO::RRHO:  done, cpu time[sec] = 0.001215, elapsed time[sec] = 0
      Model::RRHO::RRHO:  starts
         Model::new_core:  starts
            Model::RigidRotor::RigidRotor:  starts
               molecular geometry will be used to estimate rotational constants
               rotational configuration: linear
               rotational constant[1/cm]:         1.42649
            Model::RigidRotor::RigidRotor:  done, cpu time[sec] = 0.00026, elapsed time[sec] = 0
         Model::new_core:  done, cpu time[sec] = 0.000426, elapsed time[sec] = 0
         ground state energy, kcal/mol:   0
      Model::RRHO::RRHO:  done, cpu time[sec] = 0.00092, elapsed time[sec] = 0
   Model::Bimolecular::Bimolecular:  done, cpu time[sec] = 0.00338, elapsed time[sec] = 0
   BIMOLECULAR: P4
   Model::Bimolecular::Bimolecular:  starts
      Model::RRHO::RRHO:  starts
         Model::new_core:  starts
            Model::RigidRotor::RigidRotor:  starts
               molecular geometry will be used to estimate rotational constants
               rotational configuration: nonlinear
               rotational constants[1/cm]:         3.55446       0.445757       0.396085
            Model::RigidRotor::RigidRotor:  done, cpu time[sec] = 0.00027, elapsed time[sec] = 0
         Model::new_core:  done, cpu time[sec] = 0.000435, elapsed time[sec] = 0
         ground state energy, kcal/mol:   0
      Model::RRHO::RRHO:  done, cpu time[sec] = 0.000965, elapsed time[sec] = 0
      Model::RRHO::RRHO:  starts
         Model::new_core:  starts
            Model::RigidRotor::RigidRotor:  starts
               molecular geometry will be used to estimate rotational constants
               rotational configuration: nonlinear
               rotational constants[1/cm]:         26.7406        14.7145        9.49158
            Model::RigidRotor::RigidRotor:  done, cpu time[sec] = 0.000279, elapsed time[sec] = 0
         Model::new_core:  done, cpu time[sec] = 0.000441, elapsed time[sec] = 0
         ground state energy, kcal/mol:   0
      Model::RRHO::RRHO:  done, cpu time[sec] = 0.000962, elapsed time[sec] = 0
   Model::Bimolecular::Bimolecular:  done, cpu time[sec] = 0.003124, elapsed time[sec] = 0
   BIMOLECULAR: P5
   Model::Bimolecular::Bimolecular:  starts
      Model::RRHO::RRHO:  starts
         Model::new_core:  starts
            Model::RigidRotor::RigidRotor:  starts
               molecular geometry will be used to estimate rotational constants
               rotational configuration: nonlinear
               rotational constants[1/cm]:         2.41341       0.361309       0.314261
            Model::RigidRotor::RigidRotor:  done, cpu time[sec] = 0.000263, elapsed time[sec] = 0
         Model::new_core:  done, cpu time[sec] = 0.000427, elapsed time[sec] = 0
         1-th ROTOR:
         Model::HinderedRotor::HinderedRotor:  starts
            Model::HinderedRotor::_read:  starts
               first point frequency estimate = 162.708 1/cm
               Fourier Expansion Coefficients(kcal/mol):
                 0       0.746667
                 1    3.11822e-17
                 2      -0.310438
                 3    1.41737e-16
                 4          -0.47
                 5    2.09771e-16
                 6      0.0533333
                 7    1.98432e-16
                 8     -0.0266667
                 9     2.8064e-16
                10     0.00710466
                11   -3.78956e-16
                12   -1.70085e-17
            Model::HinderedRotor::_read:  done, cpu time[sec] = 0.000873, elapsed time[sec] = 0
            effective rotational constant[1/cm]  = 20.7512
            analytic  frequency at minimum[1/cm] = 168.653
            numerical frequency at minimum[1/cm] = 168.652
            minimum energy[kcal/mol]             = 3.83754e-16
            maximum energy[kcal/mol]             = 1.25177
            maximum frequency[1/cm]              = 196.273
            ground energy [kcal/mol]             = 0.228575
            highest energy level [kcal/mol]      = 14714.8
            number of levels                     = 997
            10 lowest excited states [kcal/mol] relative to the ground: 0.427 0.518 0.784 0.914 1.09 1.16 1.51 1.52 2.03
            Statistical Weight (*** - deep tunneling regime):
             T, K        Quantum             PG             PI  ***
              100        1.22739        1.16539        1.21876
              200        2.02847        1.97511        2.02693
              300        2.94861         2.9018         2.9481
              400        3.84033        3.80048        3.84011
              500        4.67337        4.63953        4.67326
              600        5.44666        5.41769         5.4466
              700        6.16611        6.14106        6.16607
              800        6.83862        6.81674         6.8386
              900        7.47051        7.45121        7.47049
             1000        8.06716        8.04999        8.06715
         Model::HinderedRotor::HinderedRotor:  done, cpu time[sec] = 10.4027, elapsed time[sec] = 0
         ground state energy, kcal/mol:   0
      Model::RRHO::RRHO:  done, cpu time[sec] = 10.4049, elapsed time[sec] = 0
      Model::RRHO::RRHO:  starts
         Model::new_core:  starts
            Model::RigidRotor::RigidRotor:  starts
               molecular geometry will be used to estimate rotational constants
               rotational configuration: linear
               rotational constant[1/cm]:         18.8538
            Model::RigidRotor::RigidRotor:  done, cpu time[sec] = 0.000353, elapsed time[sec] = 0
         Model::new_core:  done, cpu time[sec] = 0.000555, elapsed time[sec] = 0
         ground state energy, kcal/mol:   0
      Model::RRHO::RRHO:  done, cpu time[sec] = 0.001196, elapsed time[sec] = 0
   Model::Bimolecular::Bimolecular:  done, cpu time[sec] = 10.4075, elapsed time[sec] = 0
   BARRIER: B3
   Model::RRHO::RRHO:  starts
      Model::new_core:  starts
         Model::RigidRotor::RigidRotor:  starts
            molecular geometry will be used to estimate rotational constants
            rotational configuration: nonlinear
            rotational constants[1/cm]:         0.57567        0.20164       0.152682
         Model::RigidRotor::RigidRotor:  done, cpu time[sec] = 0.000368, elapsed time[sec] = 0
      Model::new_core:  done, cpu time[sec] = 0.000804, elapsed time[sec] = 0
      Model::EckartTunnel::EckartTunnel:  ... done
      ground state energy, kcal/mol:   5.02
      interpolating states number/density starts
         core state contribution ... done, cpu time[sec] = 0.033499, elapsed time[sec] = 0
         vibrational modes contribution ... done, cpu time[sec] = 0.011194, elapsed time[sec] = 0
         tunneling contribution ... done, cpu time[sec] = 2.66035, elapsed time[sec] = 1
         effective power exponent at 408.478 kcal/mol = 12.3605
      interpolating states number/density done, cpu time[sec] = 2.72834, elapsed time[sec] = 1
   Model::RRHO::RRHO:  done, cpu time[sec] = 2.73019, elapsed time[sec] = 1
   BARRIER: B4
   Model::RRHO::RRHO:  starts
      Model::new_core:  starts
         Model::Rotd::Rotd :  starts
            WARNING: zero number of states energy is not initialized: will try to estimate it from the data
            grid size = 179
            effective power exponent at 2349.05 kcal/mol = 2.62198
            zero number of states energy = 0 1/cm
         Model::Rotd::Rotd :  done, cpu time[sec] = 0.000227, elapsed time[sec] = 0
      Model::new_core:  done, cpu time[sec] = 0.000234, elapsed time[sec] = 0
      ground state energy, kcal/mol:   0
      interpolating states number/density starts
         core state contribution ... done, cpu time[sec] = 0.007083, elapsed time[sec] = 0
         vibrational modes contribution ... done, cpu time[sec] = 0.000171, elapsed time[sec] = 0
         effective power exponent at 399.998 kcal/mol = 8.9979
      interpolating states number/density done, cpu time[sec] = 0.016514, elapsed time[sec] = 0
   Model::RRHO::RRHO:  done, cpu time[sec] = 0.016774, elapsed time[sec] = 0
   BARRIER: B5
   Model::RRHO::RRHO:  starts
      Model::new_core:  starts
         Model::Rotd::Rotd :  starts
            WARNING: zero number of states energy is not initialized: will try to estimate it from the data
            grid size = 196
            effective power exponent at 2351.29 kcal/mol = 2.8585
            zero number of states energy = -786 1/cm
         Model::Rotd::Rotd :  done, cpu time[sec] = 0.000216, elapsed time[sec] = 0
      Model::new_core:  done, cpu time[sec] = 0.000222, elapsed time[sec] = 0
      ground state energy, kcal/mol:   -2.25
      interpolating states number/density starts
         core state contribution ... done, cpu time[sec] = 0.007145, elapsed time[sec] = 0
         vibrational modes contribution ... done, cpu time[sec] = 0.000166, elapsed time[sec] = 0
         effective power exponent at 402.248 kcal/mol = 9.82516
      interpolating states number/density done, cpu time[sec] = 0.016662, elapsed time[sec] = 0
   Model::RRHO::RRHO:  done, cpu time[sec] = 0.01691, elapsed time[sec] = 0
   BARRIER: B6
   Model::RRHO::RRHO:  starts
      Model::new_core:  starts
         Model::RigidRotor::RigidRotor:  starts
            molecular geometry will be used to estimate rotational constants
            rotational configuration: nonlinear
            rotational constants[1/cm]:        0.422757       0.254501        0.17021
         Model::RigidRotor::RigidRotor:  done, cpu time[sec] = 1.6e-05, elapsed time[sec] = 0
      Model::new_core:  done, cpu time[sec] = 2.1e-05, elapsed time[sec] = 0
      Model::EckartTunnel::EckartTunnel:  ... done
      ground state energy, kcal/mol:   5.59
      interpolating states number/density starts
         core state contribution ... done, cpu time[sec] = 0.000924, elapsed time[sec] = 0
         vibrational modes contribution ... done, cpu time[sec] = 0.000309, elapsed time[sec] = 0
         tunneling contribution ...