
 ****** High pressure limit rate constants ******

 For D0 =   20000.     cm-1

 Temp  k_bi-TST  MonteCarlo error
  (K)   (cm3/s)    rel(%) [0 error==>quadrature]
  200. 0.1941E-12  0.00    
  210. 0.1847E-12  0.00    
  220. 0.1773E-12  0.00    
  230. 0.1715E-12  0.00    
  240. 0.1670E-12  0.00    
  250. 0.1636E-12  0.00    
  260. 0.1611E-12  0.00    
  270. 0.1594E-12  0.00    
  280. 0.1583E-12  0.00    
  290. 0.1578E-12  0.00    
  300. 0.1578E-12  0.00    
  310. 0.1583E-12  0.00    
  320. 0.1592E-12  0.00    
  330. 0.1604E-12  0.00    
  340. 0.1620E-12  0.00    
  350. 0.1638E-12  0.00    
  360. 0.1659E-12  0.00    
  370. 0.1683E-12  0.00    
  380. 0.1710E-12  0.00    
  390. 0.1738E-12  0.00    
  400. 0.1769E-12  0.00    
  410. 0.1801E-12  0.00    
  420. 0.1835E-12  0.00    
  430. 0.1872E-12  0.00    
  440. 0.1910E-12  0.00    
  450. 0.1949E-12  0.00    
  460. 0.1990E-12  0.00    
  470. 0.2033E-12  0.00    
  480. 0.2077E-12  0.00    
  490. 0.2123E-12  0.00    
  500. 0.2171E-12  0.00    
  510. 0.2219E-12  0.00    
  520. 0.2269E-12  0.00    
  530. 0.2321E-12  0.00    
  540. 0.2374E-12  0.00    
  550. 0.2428E-12  0.00    
  560. 0.2484E-12  0.00    
  570. 0.2541E-12  0.00    
  580. 0.2600E-12  0.00    
  590. 0.2659E-12  0.00    
  600. 0.2720E-12  0.00    
  610. 0.2783E-12  0.00    
  620. 0.2847E-12  0.00    
  630. 0.2912E-12  0.00    
  640. 0.2978E-12  0.00    
  650. 0.3046E-12  0.00    
  660. 0.3115E-12  0.00    
  670. 0.3185E-12  0.00    
  680. 0.3257E-12  0.00    
  690. 0.3330E-12  0.00    
  700. 0.3404E-12  0.00    
  800. 0.4223E-12  0.00    
  900. 0.5180E-12  0.00    
 1000. 0.6281E-12  0.00    
 1100. 0.7531E-12  0.00    
 1200. 0.8935E-12  0.00    
 1300. 0.1050E-11  0.00    
 1400. 0.1222E-11  0.00    
 1500. 0.1411E-11  0.00    
 1600. 0.1617E-11  0.00    
 1700. 0.1839E-11  0.00    
 1800. 0.2078E-11  0.00    
 1900. 0.2335E-11  0.00    
 2000. 0.2608E-11  0.00    
 2100. 0.2898E-11  0.00    
 2200. 0.3205E-11  0.00    
 2300. 0.3529E-11  0.00    
 2400. 0.3868E-11  0.00    
 2500. 0.4223E-11  0.00    
 2600. 0.4593E-11  0.00    
 2700. 0.4977E-11  0.00    
 2800. 0.5374E-11  0.00    
 2900. 0.5783E-11  0.00    
 3000. 0.6203E-11  0.00    
