
 ****** High pressure limit rate constants ******

 For D0 =   20000.     cm-1

 Temp  k_bi-TST  MonteCarlo error
  (K)   (cm3/s)    rel(%) [0 error==>quadrature]
  200. 0.2911E-12  0.00    
  210. 0.2771E-12  0.00    
  220. 0.2660E-12  0.00    
  230. 0.2573E-12  0.00    
  240. 0.2505E-12  0.00    
  250. 0.2454E-12  0.00    
  260. 0.2416E-12  0.00    
  270. 0.2390E-12  0.00    
  280. 0.2374E-12  0.00    
  290. 0.2367E-12  0.00    
  300. 0.2367E-12  0.00    
  310. 0.2374E-12  0.00    
  320. 0.2387E-12  0.00    
  330. 0.2406E-12  0.00    
  340. 0.2429E-12  0.00    
  350. 0.2457E-12  0.00    
  360. 0.2489E-12  0.00    
  370. 0.2525E-12  0.00    
  380. 0.2564E-12  0.00    
  390. 0.2607E-12  0.00    
  400. 0.2653E-12  0.00    
  410. 0.2702E-12  0.00    
  420. 0.2753E-12  0.00    
  430. 0.2807E-12  0.00    
  440. 0.2864E-12  0.00    
  450. 0.2924E-12  0.00    
  460. 0.2986E-12  0.00    
  470. 0.3050E-12  0.00    
  480. 0.3116E-12  0.00    
  490. 0.3185E-12  0.00    
  500. 0.3256E-12  0.00    
  510. 0.3329E-12  0.00    
  520. 0.3404E-12  0.00    
  530. 0.3482E-12  0.00    
  540. 0.3561E-12  0.00    
  550. 0.3643E-12  0.00    
  560. 0.3726E-12  0.00    
  570. 0.3812E-12  0.00    
  580. 0.3899E-12  0.00    
  590. 0.3989E-12  0.00    
  600. 0.4081E-12  0.00    
  610. 0.4174E-12  0.00    
  620. 0.4270E-12  0.00    
  630. 0.4367E-12  0.00    
  640. 0.4467E-12  0.00    
  650. 0.4569E-12  0.00    
  660. 0.4672E-12  0.00    
  670. 0.4778E-12  0.00    
  680. 0.4885E-12  0.00    
  690. 0.4995E-12  0.00    
  700. 0.5107E-12  0.00    
  800. 0.6334E-12  0.00    
  900. 0.7770E-12  0.00    
 1000. 0.9421E-12  0.00    
 1100. 0.1130E-11  0.00    
 1200. 0.1340E-11  0.00    
 1300. 0.1575E-11  0.00    
 1400. 0.1833E-11  0.00    
 1500. 0.2117E-11  0.00    
 1600. 0.2425E-11  0.00    
 1700. 0.2759E-11  0.00    
 1800. 0.3118E-11  0.00    
 1900. 0.3502E-11  0.00    
 2000. 0.3912E-11  0.00    
 2100. 0.4348E-11  0.00    
 2200. 0.4808E-11  0.00    
 2300. 0.5293E-11  0.00    
 2400. 0.5802E-11  0.00    
 2500. 0.6335E-11  0.00    
 2600. 0.6889E-11  0.00    
 2700. 0.7465E-11  0.00    
 2800. 0.8061E-11  0.00    
 2900. 0.8675E-11  0.00    
 3000. 0.9305E-11  0.00    
