    E, kcal/mol    D, mol/kcal         W1->W2         W1->P1         W1->P2
              0    9.64631e+06              0              0    2.07223e-32
              1    4.81044e+07              0    1.20796e+12     4.1378e-30
              2    1.54532e+08              0    4.54011e+12    2.50132e-28
              3    3.77143e+08              0    1.09813e+13    9.34757e-27
              4    8.09519e+08              0    2.11849e+13    2.46846e-25
              5    1.55952e+09              0    3.67446e+13    5.19351e-24
              6    2.79465e+09              0    5.92227e+13    9.11994e-23
              7    4.73038e+09              0    9.08392e+13     1.3881e-21
              8    7.65075e+09              0    1.34172e+14     1.8778e-20
              9     1.1935e+10              0    1.92103e+14    2.29683e-19
             10    1.80238e+10              0    2.68727e+14    2.58188e-18
             11    2.65126e+10              0    3.68139e+14    2.69211e-17
             12    3.80809e+10              0    4.95952e+14    2.62943e-16
             13    5.35867e+10              0    6.58266e+14    2.42159e-15
             14    7.40454e+10              0     8.6245e+14    2.11523e-14
             15    1.00655e+11              0    1.11718e+15    1.76111e-13
             16    1.34858e+11              0    1.43223e+15    1.40305e-12
             17     1.7829e+11              0     1.8195e+15    1.07363e-11
             18    2.32901e+11              0    2.29216e+15    7.91385e-11
             19    3.00901e+11              0    2.86585e+15    5.63457e-10
             20    3.84843e+11              0    3.55832e+15    3.88396e-09
             21    4.87652e+11              0    4.38978e+15    2.59725e-08
             22    6.12615e+11              0    5.38365e+15    1.68807e-07
             23    7.63497e+11              0    6.56609e+15    1.06807e-06
             24    9.44484e+11              0    7.96733e+15    6.58863e-06
             25    1.16031e+12              0    9.62121e+15    3.96779e-05
             26    1.41624e+12              0    1.15662e+16    0.000233554
             27    1.71813e+12              0    1.38455e+16     0.00134522
             28    2.07253e+12              0    1.65076e+16     0.00758921
             29    2.48661e+12              0    1.96074e+16      0.0419764
             30    2.96835e+12              0    2.32056e+16       0.227815
             31    3.52648e+12              0    2.73707e+16        1.21415
             32     4.1706e+12              0    3.21789e+16        6.35907
             33    4.91124e+12              0    3.77148e+16        32.7513
             34    5.75985e+12              0     4.4073e+16        165.971
             35    6.72898e+12              0    5.13577e+16        827.804
             36    7.83219e+12              0    5.96849e+16        4059.42
             37     9.0843e+12              0    6.91827e+16        19422.9
             38    1.05013e+13              0    7.99926e+16        87563.5
             39    1.21004e+13              0    9.22707e+16         340446
             40    1.39005e+13              0    1.06188e+17    1.06677e+06
             41    1.59215e+13              0    1.21935e+17    2.74544e+06
             42    1.81852e+13              0    1.39717e+17    6.04924e+06
             43    2.07148e+13              0    1.59763e+17    1.18319e+07
             44    2.35354e+13              0    1.82322e+17    2.11196e+07
             45    2.66737e+13              0    2.07665e+17    3.51065e+07
             46    3.01584e+13              0    2.36091e+17    5.51351e+07
             47      3.402e+13              0    2.67924e+17    8.26672e+07
             48    3.82911e+13              0    3.03519e+17    1.19248e+08
             49    4.30068e+13              0    3.43261e+17    1.66479e+08
             50    4.82039e+13              0    3.87569e+17    2.25997e+08
             51    5.39219e+13              0    4.36899e+17    2.99454e+08
             52    6.02028e+13              0    4.91745e+17    3.88492e+08
             53     6.7091e+13              0    5.52644e+17    4.94722e+08
             54    7.46336e+13              0    6.16291e+17    6.19701e+08
             55    8.28806e+13              0    6.70592e+17    7.64929e+08
             56    9.18849e+13              0    7.12649e+17    9.31832e+08
             57    1.01702e+14              0    7.99075e+17    1.12175e+09
             58    1.12392e+14              0    8.30099e+17    1.33595e+09
             59    1.24016e+14              0    9.26318e+17    1.57558e+09
             60     1.3664e+14              0    9.54314e+17    1.84171e+09
             61    1.50334e+14              0    1.01213e+18    2.13529e+09
             62     1.6517e+14              0     1.0734e+18     2.4572e+09
             63    1.81225e+14              0    1.15834e+18    2.80818e+09
             64     1.9858e+14              0    1.19442e+18    3.18891e+09
             65     2.1732e+14              0    1.21004e+18    3.59995e+09
             66    2.37533e+14              0    1.34817e+18    4.04178e+09
             67    2.59314e+14              0    1.28643e+18    4.51478e+09
             68    2.82759e+14              0    1.33064e+18    5.01926e+09
             69    3.07971e+14              0    1.38325e+18    5.55542e+09
             70    3.35059e+14              0    1.38032e+18    6.12342e+09
             71    3.64134e+14              0     1.4426e+18    6.72331e+09
             72    3.95314e+14              0    1.43343e+18     7.3551e+09
             73    4.28722e+14              0    1.48553e+18    8.01873e+09
             74    4.64487e+14              0    1.50353e+18    8.71406e+09
             75    5.02742e+14              0    1.48443e+18    9.44093e+09
             76    5.43628e+14              0    1.60028e+18    1.01991e+10
             77    5.87291e+14              0    1.52174e+18    1.09883e+10
             78    6.33884e+14              0    1.54157e+18    1.18081e+10
             79    6.83564e+14              0    1.60235e+18    1.26584e+10
             80    7.36497e+14              0     1.5632e+18    1.35385e+10
             81    7.92856e+14              0    1.59943e+18    1.44482e+10
             82     8.5282e+14              0    1.59833e+18    1.53869e+10
             83    9.16574e+14              0    1.61758e+18    1.63542e+10
             84    9.84313e+14              0    1.59244e+18    1.73496e+10
             85    1.05624e+15              0     1.5967e+18    1.83726e+10
             86    1.13256e+15              0    1.62918e+18    1.94225e+10
             87    1.21349e+15              0    1.56877e+18    2.04989e+10
             88    1.29926e+15              0    1.60068e+18    2.16012e+10
             89     1.3901e+15              0    1.59599e+18    2.27287e+10
             90    1.48626e+15              0    1.56697e+18     2.3881e+10
             91    1.58798e+15              0    1.57476e+18    2.50574e+10
             92    1.69553e+15              0     1.5677e+18    2.62573e+10
             93    1.80918e+15              0    1.58193e+18    2.74802e+10
             94     1.9292e+15              0    1.54012e+18    2.87253e+10
             95    2.05589e+15              0    1.54538e+18    2.99921e+10
             96    2.18955e+15              0    1.55777e+18    3.12801e+10
             97    2.33048e+15              0    1.50244e+18    3.25885e+10
             98    2.47901e+15              0    1.53162e+18    3.39168e+10
             99    2.63547e+15              0    1.51944e+18    3.52644e+10
            100     2.8002e+15              0    1.48573e+18    3.66307e+10
    E, kcal/mol    D, mol/kcal         W2->W1         W2->P1         W2->P2
              0    1.01288e+07              0              0    4.54451e-32
              1     4.4781e+07              0    1.29761e+12    2.46818e-30
              2    1.34595e+08              0     5.2126e+12    5.41078e-29
              3     3.1534e+08              0    1.31335e+13    8.26904e-28
              4    6.54381e+08              0    2.62074e+13     9.7304e-27
              5     1.2276e+09              0    4.66794e+13    9.67188e-26
              6      2.157e+09              0    7.67301e+13    8.37477e-25
              7    3.57577e+09              0    1.20171e+14    6.54524e-24
              8    5.69501e+09              0    1.80249e+14    4.66995e-23
              9    8.74204e+09              0    2.62268e+14    3.09761e-22
             10    1.30433e+10              0    3.71339e+14    1.92483e-21
             11    1.89488e+10              0     5.1509e+14    1.13251e-20
             12     2.6942e+10              0    7.00997e+14    6.33926e-20
             13    3.75435e+10              0    9.39559e+14    3.39815e-19
             14    5.14285e+10              0    1.24173e+15    1.75066e-18
             15     6.9346e+10              0    1.62157e+15    8.70376e-18
             16     9.2219e+10              0    2.09445e+15    4.18737e-17
             17    1.21084e+11              0    2.67912e+15    1.95495e-16
             18    1.57165e+11              0    3.39671e+15    8.87623e-16
             19    2.01855e+11              0    4.27206e+15    3.92739e-15
             20    2.56743e+11              0    5.33372e+15    1.69639e-14
             21    3.23652e+11              0    6.61417e+15    7.16374e-14
             22     4.0462e+11              0    8.15112e+15    2.96185e-13
             23    5.01977e+11              0     9.9869e+15    1.20034e-12
             24    6.18303e+11              0    1.21704e+16    4.77369e-12
             25    7.56529e+11              0    1.47563e+16    1.86478e-11
             26    9.19859e+11              0    1.78075e+16      7.162e-11
             27    1.11192e+12              0    2.13939e+16    2.70652e-10
             28    1.33667e+12              0    2.55954e+16    1.00716e-09
             29    1.59851e+12              0    3.05007e+16    3.69305e-09
             30    1.90228e+12              0    3.62104e+16    1.33521e-08
             31    2.25331e+12              0    4.28358e+16    4.76256e-08
             32    2.65739e+12              0    5.05028e+16    1.67686e-07
             33    3.12092e+12              0    5.93501e+16    5.83085e-07
             34    3.65081e+12              0    6.95336e+16    2.00332e-06
             35    4.25463e+12              0    8.12256e+16     6.8036e-06
             36    4.94057e+12              0    9.46175e+16    2.28495e-05
             37    5.71752e+12              0    1.09921e+17    7.59145e-05
             38     6.5951e+12              0    1.27371e+17    0.000249597
             39     7.5837e+12              0    1.47226e+17    0.000812398
             40    8.69452e+12              0     1.6977e+17     0.00261846
             41    9.93961e+12              0    1.95318e+17     0.00835991
             42     1.1332e+13              0    2.24214e+17      0.0264458
             43    1.28854e+13              0    2.56838e+17      0.0829144
             44     1.4615e+13              0    2.93605e+17       0.257707
             45    1.65365e+13              0    3.34968e+17       0.794244
             46    1.86672e+13              0    3.81426e+17        2.42777
             47    2.10251e+13              0     4.3352e+17        7.36176
             48    2.36297e+13              0    4.91842e+17        22.1495
             49    2.65017e+13              0    5.57041e+17        66.1357
             50    2.96632e+13              0    6.29815e+17        196.004
             51    3.31374e+13              0    7.10932e+17         576.62
             52    3.69492e+13              0     8.0122e+17        1683.66
             53     4.1125e+13              0    9.01579e+17        4875.84
             54    4.56926e+13              0    1.00664e+18        13970.3
             55    5.06817e+13              0    1.09663e+18        39329.1
             56    5.61233e+13              0    1.16675e+18         107087
             57    6.20506e+13              0     1.3097e+18         275251
             58    6.84984e+13              0    1.36202e+18         653830
             59    7.55033e+13              0     1.5215e+18    1.42404e+06
             60    8.31043e+13              0    1.56909e+18    2.85446e+06
             61     9.1342e+13              0     1.6658e+18    5.31493e+06
             62    1.00259e+14              0    1.76835e+18     9.2882e+06
             63    1.09902e+14              0    1.91007e+18    1.53774e+07
             64    1.20316e+14              0    1.97138e+18    2.43087e+07
             65    1.31553e+14              0    1.99895e+18    3.69304e+07
             66    1.43664e+14              0    2.22906e+18    5.42102e+07
             67    1.56704e+14              0    2.12877e+18    7.72296e+07
             68    1.70731e+14              0    2.20376e+18    1.07176e+08
             69    1.85805e+14              0    2.29273e+18    1.45332e+08
             70    2.01989e+14              0    2.28967e+18    1.93066e+08
             71    2.19349e+14              0    2.39482e+18     2.5182e+08
             72    2.37953e+14              0    2.38138e+18    3.23096e+08
             73    2.57875e+14              0    2.46972e+18    4.08448e+08
             74    2.79188e+14              0    2.50143e+18    5.09467e+08
             75    3.01972e+14              0    2.47137e+18    6.27768e+08
             76    3.26308e+14              0    2.66607e+18    7.64983e+08
             77    3.52282e+14              0     2.5369e+18    9.22748e+08
             78    3.79983e+14              0    2.57163e+18    1.10269e+09
             79    4.09503e+14              0    2.67472e+18    1.30643e+09
             80     4.4094e+14              0      2.611e+18    1.53556e+09
             81    4.74393e+14              0    2.67314e+18    1.79163e+09
             82    5.09968e+14              0    2.67289e+18    2.07617e+09
             83    5.47772e+14              0    2.70666e+18    2.39067e+09
             84     5.8792e+14              0    2.66612e+18    2.73655e+09
             85    6.30528e+14              0    2.67473e+18    3.11519e+09
             86    6.75718e+14              0    2.73063e+18    3.52792e+09
             87    7.23616e+14              0    2.63079e+18    3.97599e+09
             88    7.74355e+14              0    2.68573e+18    4.46062e+09
             89    8.28071e+14              0    2.67924e+18    4.98292e+09
             90    8.84903e+14              0    2.63184e+18    5.54397e+09
             91       9.45e+14              0    2.64623e+18    6.14478e+09
             92    1.00851e+15              0    2.63565e+18    6.78628e+09
             93     1.0756e+15              0    2.66085e+18    7.46933e+09
             94    1.14642e+15              0    2.59172e+18    8.19474e+09
             95    1.22114e+15              0    2.60177e+18    8.96324e+09
             96    1.29995e+15              0     2.6238e+18    9.77549e+09
             97    1.38301e+15              0    2.53173e+18    1.06321e+10
             98    1.47052e+15              0    2.58202e+18    1.15336e+10
             99    1.56266e+15              0    2.56258e+18    1.24805e+10
            100    1.65964e+15              0    2.50678e+18    1.34731e+10
