    E, kcal/mol    D, mol/kcal       W2a->W2b        W2a->P1
             -5              0            ***            ***
           -4.8              0            ***            ***
           -4.6              0            ***            ***
           -4.4              0            ***            ***
           -4.2              0            ***            ***
             -4              0            ***            ***
           -3.8              0            ***            ***
           -3.6         433253              0              0
           -3.4    2.29889e+06              0              0
           -3.2    7.20187e+06    2.35045e+10              0
             -3    1.70922e+07    4.49267e+10              0
           -2.8    3.54017e+07    6.71437e+10              0
           -2.6    6.67122e+07    8.91973e+10              0
           -2.4    1.17048e+08    1.09935e+11              0
           -2.2    1.93651e+08    1.29909e+11              0
             -2    3.05961e+08    1.49597e+11              0
           -1.8    4.67377e+08    1.68392e+11              0
           -1.6    6.92444e+08    1.86639e+11              0
           -1.4     9.9982e+08    2.04214e+11              0
           -1.2     1.4125e+09    2.21019e+11              0
             -1    1.95769e+09    2.37207e+11              0
           -0.8    2.66677e+09    2.52768e+11              0
           -0.6    3.57785e+09    2.67707e+11              0
           -0.4    4.73454e+09    2.82089e+11              0
           -0.2    6.18662e+09    2.95976e+11              0
    2.85742e-15    7.99456e+09    3.09276e+11    6.03155e-06
            0.2    1.02274e+10    3.21973e+11    8.98858e+09
            0.4    1.29634e+10    3.34127e+11    7.24288e+10
            0.6     1.6294e+10    3.45736e+11    2.25103e+11
            0.8    2.03259e+10    3.56763e+11    4.87445e+11
              1    2.51797e+10    3.67238e+11    8.51277e+11
            1.2     3.0993e+10    3.77202e+11     1.3081e+12
            1.4    3.79232e+10    3.86676e+11    1.84064e+12
            1.6    4.61503e+10    3.95687e+11    2.43416e+12
            1.8    5.58792e+10    4.04255e+11    3.07326e+12
              2    6.73391e+10    4.12426e+11    3.72132e+12
            2.2    8.07897e+10    4.20237e+11    4.26945e+12
            2.4    9.65262e+10    4.27703e+11    4.71281e+12
            2.6    1.14878e+11    4.34859e+11    5.06767e+12
            2.8    1.36212e+11    4.41738e+11    5.33237e+12
              3    1.60941e+11    4.48362e+11    5.52952e+12
            3.2    1.89524e+11    4.54755e+11    5.65682e+12
            3.4    2.22471e+11    4.60942e+11    5.73987e+12
            3.6    2.60349e+11    4.66935e+11    5.77599e+12
            3.8    3.03787e+11     4.7275e+11    5.78859e+12
              4    3.53478e+11    4.78404e+11    5.78308e+12
            4.2     4.1019e+11    4.83903e+11    5.75811e+12
            4.4    4.74776e+11    4.89251e+11    5.71756e+12
            4.6    5.48168e+11    4.94458e+11    5.69348e+12
            4.8    6.31391e+11    4.99532e+11     5.6932e+12
              5    7.25581e+11    5.04474e+11    5.71779e+12
            5.2    8.31979e+11    5.09289e+11    5.76549e+12
            5.4    9.51947e+11    5.13981e+11    5.81899e+12
            5.6    1.08698e+12    5.18554e+11    5.87452e+12
            5.8     1.2387e+12    5.23012e+11    5.93089e+12
              6    1.40891e+12    5.27359e+11    5.98629e+12
            6.2    1.59955e+12    5.31598e+11    6.03536e+12
            6.4    1.81274e+12    5.35735e+11    6.07076e+12
            6.6    2.05079e+12    5.39773e+11    6.09402e+12
            6.8    2.31623e+12    5.43717e+11    6.10389e+12
              7    2.61178e+12     5.4757e+11    6.10374e+12
            7.2    2.94041e+12    5.51337e+11     6.0942e+12
            7.4    3.30536e+12    5.55019e+11    6.07553e+12
            7.6    3.71009e+12    5.58623e+11    6.04645e+12
            7.8    4.15839e+12    5.62149e+11     6.0152e+12
              8    4.65435e+12      5.656e+11    5.98536e+12
            8.2    5.20239e+12     5.6898e+11     5.9575e+12
            8.4    5.80726e+12    5.72291e+11    5.93026e+12
            8.6    6.47412e+12    5.75534e+11    5.90361e+12
            8.8    7.20853e+12    5.78712e+11    5.87959e+12
              9    8.01646e+12    5.81827e+11    5.85815e+12
            9.2    8.90435e+12    5.84881e+11    5.83957e+12
            9.4    9.87914e+12    5.87874e+11    5.82265e+12
            9.6    1.09483e+13    5.90809e+11    5.80482e+12
            9.8    1.21198e+13    5.93688e+11    5.78599e+12
             10    1.34022e+13    5.96511e+11    5.76602e+12
    E, kcal/mol    D, mol/kcal        W2b->W3       W2b->W2a        W2b->P3
             -5    1.47659e+07              0              0        33592.3
           -4.8    1.80984e+07              0              0        43384.8
           -4.6     2.2121e+07              0              0        55573.4
           -4.4    2.67895e+07              0              0        71119.9
           -4.2    3.22452e+07              0              0        90716.8
             -4    3.86958e+07              0              0         115051
           -3.8    4.62279e+07              0              0         145382
           -3.6    5.50257e+07              0              0         182977
           -3.4    6.52024e+07              0              0         229687
           -3.2    7.69043e+07              0    2.20113e+09         287713
             -3    9.04755e+07              0    8.48736e+09         359029
           -2.8    1.06107e+08              0    2.24019e+10         446741
           -2.6    1.24114e+08              0    4.79441e+10         554172
           -2.4     1.4455e+08              0    8.90183e+10         686694
           -2.2    1.67912e+08    0.000713692    1.49823e+11         848753
             -2    1.94685e+08        5202.27    2.35102e+11    1.04588e+06
           -1.8    2.25028e+08     1.5243e+06    3.49746e+11    1.28676e+06
           -1.6    2.59433e+08    5.05746e+07    4.98152e+11     1.5801e+06
           -1.4    2.98329e+08    6.24002e+08    6.84404e+11    1.93699e+06
           -1.2    3.42215e+08    4.04083e+09    9.12259e+11    2.37057e+06
             -1    3.91752e+08    1.60614e+10    1.18539e+12    2.89573e+06
           -0.8    4.47523e+08    4.41498e+10    1.50623e+12     3.5312e+06
           -0.6    5.10121e+08    9.21716e+10    1.87762e+12    4.29982e+06
           -0.4    5.80103e+08    1.55737e+11    2.30229e+12    5.22968e+06
           -0.2    6.58594e+08    2.25799e+11     2.7803e+12     6.3496e+06
    2.85742e-15    7.46369e+08    2.89581e+11    3.31274e+12    7.69786e+06
            0.2    8.44229e+08    3.57416e+11    3.90054e+12    9.32066e+06
            0.4    9.53265e+08    4.38912e+11    4.54378e+12    1.12705e+07
            0.6    1.07452e+09    5.35662e+11    5.24273e+12    1.36112e+07
            0.8     1.2093e+09    6.46666e+11    5.99648e+12    1.64164e+07
              1    1.35902e+09    7.70258e+11    6.80411e+12    1.97724e+07
            1.2      1.525e+09    9.04452e+11      7.666e+12    2.37851e+07
            1.4    1.70857e+09    1.04903e+12    8.58259e+12    2.85799e+07
            1.6     1.9115e+09    1.20434e+12    9.55328e+12    3.43006e+07
            1.8    2.13596e+09    1.37087e+12    1.05758e+13    4.11097e+07
              2    2.38345e+09    1.54982e+12    1.16522e+13    4.92139e+07
            2.2    2.65606e+09    1.74301e+12    1.27824e+13    5.88466e+07
            2.4    2.95616e+09    1.95372e+12    1.39656e+13    7.02768e+07
            2.6      3.286e+09    2.18389e+12    1.52026e+13    8.38233e+07
            2.8    3.64841e+09     2.4332e+12    1.64921e+13    9.98459e+07
              3    4.04623e+09    2.70052e+12    1.78338e+13    1.18763e+08
            3.2    4.48219e+09     2.9828e+12    1.92289e+13    1.41062e+08
            3.4    4.95937e+09    3.28096e+12    2.06773e+13    1.67296e+08
            3.6    5.48177e+09    3.59606e+12    2.21764e+13    1.98065e+08
            3.8    6.05294e+09    3.92535e+12    2.37266e+13    2.34064e+08
              4    6.67665e+09    4.26321e+12    2.53278e+13    2.76067e+08
            4.2    7.35709e+09    4.60567e+12    2.69797e+13     3.2492e+08
            4.4    8.09924e+09    4.95093e+12    2.86798e+13     3.8152e+08
            4.6    8.90747e+09    5.29648e+12    3.04291e+13    4.46873e+08
            4.8    9.78772e+09    5.64101e+12    3.22241e+13    5.21993e+08
              5    1.07452e+10     5.9825e+12    3.40652e+13       6.08e+08
            5.2    1.17856e+10    6.32287e+12    3.59521e+13    7.06063e+08
            5.4    1.29156e+10    6.66611e+12    3.78831e+13    8.17366e+08
            5.6    1.41425e+10    7.01405e+12    3.98554e+13    9.43096e+08
            5.8     1.5473e+10    7.36801e+12    4.18702e+13    1.08456e+09
              6    1.69147e+10    7.72863e+12    4.39262e+13    1.24302e+09
            6.2    1.84762e+10     8.0964e+12    4.60222e+13    1.41977e+09
            6.4    2.01661e+10    8.47006e+12    4.81574e+13    1.61612e+09
            6.6    2.19938e+10    8.84934e+12    5.03307e+13    1.83336e+09
            6.8    2.39696e+10    9.23573e+12    5.25405e+13    2.07277e+09
              7    2.61034e+10    9.62837e+12    5.47872e+13    2.33572e+09
            7.2    2.84066e+10    1.00242e+13    5.70698e+13     2.6235e+09
            7.4    3.08917e+10    1.04198e+13     5.9386e+13    2.93736e+09
            7.6    3.35711e+10    1.08129e+13    6.17357e+13    3.27866e+09
            7.8    3.64584e+10    1.12013e+13    6.41179e+13    3.64868e+09
              8    3.95673e+10     1.1584e+13    6.65322e+13    4.04878e+09
            8.2    4.29137e+10    1.19601e+13    6.89768e+13    4.48021e+09
            8.4    4.65129e+10    1.23309e+13    7.14521e+13    4.94439e+09
            8.6     5.0383e+10    1.26974e+13    7.39551e+13    5.44249e+09
            8.8    5.45413e+10    1.30603e+13    7.64864e+13    5.97594e+09
              9    5.90068e+10    1.34207e+13    7.90451e+13    6.54606e+09
            9.2       6.38e+10    1.37796e+13    8.16299e+13    7.15415e+09
            9.4    6.89428e+10    1.41391e+13    8.42393e+13    7.80145e+09
            9.6     7.4457e+10       1.45e+13    8.68736e+13    8.48938e+09
            9.8    8.03671e+10    1.48622e+13    8.95313e+13    9.21917e+09
             10    8.66977e+10     1.5227e+13    9.22122e+13    9.99217e+09
    E, kcal/mol    D, mol/kcal        W3->W2b         W3->P4         W3->P5
             -5    6.83801e+09              0        194.743              0
           -4.8    7.71979e+09              0        240.764              0
           -4.6    8.69537e+09              0        297.592              0
           -4.4    9.78335e+09              0        367.343              0
           -4.2    1.09934e+10              0        452.937              0
             -4    1.23322e+10              0        558.125              0
           -3.8    1.38211e+10              0        686.818              0
           -3.6    1.54652e+10              0        844.643              0
           -3.4    1.72854e+10              0        1037.65              0
           -3.2    1.92952e+10              0        1273.68              0
             -3    2.15112e+10              0        1562.15              0
           -2.8    2.39585e+10              0         1913.9              0
           -2.6    2.66489e+10              0        2343.32              0
           -2.4    2.96073e+10              0        2866.79              0
           -2.2    3.28646e+10     3.6464e-06        3503.68              0
             -2    3.64315e+10        27.8002        4279.76              0
           -1.8    4.03517e+10        8500.49        5222.56              0
           -1.6    4.46424e+10         293907        6368.94              0
           -1.4    4.93409e+10    3.77289e+06        7760.89              0
           -1.2    5.44827e+10    2.53811e+07        9449.61              0
             -1    6.00954e+10    1.04701e+08        11498.7              0
           -0.8    6.62337e+10    2.98308e+08        13979.9              0
           -0.6    7.29218e+10    6.44782e+08        16986.7              0
           -0.4    8.02169e+10    1.12624e+09        20624.7              0
           -0.2    8.81659e+10    1.68671e+09        25023.7              0
    2.85742e-15    9.68099e+10    2.23257e+09        30342.9              0
            0.2    1.06217e+11    2.84078e+09        36765.5              0
            0.4    1.16436e+11    3.59338e+09        44519.8              0
            0.6    1.27535e+11     4.5131e+09        53873.1              0
            0.8     1.3958e+11    5.60258e+09        65148.3              0
              1    1.52638e+11    6.85804e+09        78733.6              0
            1.2    1.66793e+11    8.26946e+09          95087              0
            1.4    1.82114e+11     9.8419e+09         114766              0
            1.6    1.98695e+11     1.1586e+10         138426              0
            1.8    2.16633e+11    1.35165e+10         166847              0
              2    2.36005e+11    1.56519e+10         200981              0
            2.2    2.56939e+11     1.8018e+10         241918              0
            2.4    2.79526e+11    2.06617e+10         290994              0
            2.6    3.03893e+11    2.36144e+10         349765              0
            2.8     3.3016e+11     2.6888e+10         420079              0
              3    3.58453e+11    3.04836e+10         504119              0
            3.2    3.88926e+11    3.43754e+10         604423              0
            3.4    4.21709e+11    3.85846e+10         724002              0
            3.6    4.56969e+11    4.31381e+10         866319              0
            3.8    4.94873e+11    4.80121e+10     1.0354e+06              0
              4    5.35578e+11    5.31462e+10    1.23591e+06              0
            4.2      5.793e+11    5.84918e+10    1.47308e+06              0
            4.4    6.26209e+11    6.40341e+10    1.75295e+06              0
            4.6    6.76526e+11    6.97361e+10    2.08223e+06              0
            4.8    7.30461e+11    7.55859e+10    2.46841e+06              0
              5    7.88251e+11    8.15516e+10    2.91973e+06              0
            5.2    8.50139e+11    8.76549e+10    3.44523e+06              0
            5.4    9.16383e+11    9.39526e+10    4.05469e+06              0
            5.6    9.87253e+11    1.00477e+11    4.75869e+06              0
            5.8    1.06304e+12    1.07244e+11    5.56853e+06              0
              6    1.14404e+12    1.14269e+11    6.49645e+06              0
            6.2    1.23058e+12    1.21561e+11    7.55526e+06              0
            6.4    1.32299e+12    1.29108e+11     8.7589e+06              0
            6.6    1.42162e+12    1.36907e+11     1.0122e+07              0
            6.8    1.52686e+12    1.44988e+11    1.16602e+07              0
              7    1.63907e+12    1.53338e+11      1.339e+07              0
            7.2     1.7587e+12    1.61911e+11    1.53287e+07              0
            7.4    1.88616e+12    1.70657e+11    1.74947e+07              0
            7.6    2.02191e+12    1.79533e+11    1.99071e+07              0
            7.8    2.16642e+12    1.88504e+11    2.25859e+07    2.37445e+07
              8    2.32022e+12    1.97545e+11    2.55521e+07    1.19394e+08
            8.2    2.48382e+12    2.06639e+11    2.88271e+07    3.38997e+08
            8.4    2.65778e+12    2.15799e+11    3.24337e+07    8.38307e+08
            8.6    2.84267e+12    2.25046e+11    3.63953e+07    1.74898e+09
            8.8    3.03912e+12    2.34386e+11    4.07361e+07    3.30984e+09
              9    3.24777e+12    2.43833e+11    4.54808e+07    5.72808e+09
            9.2    3.46928e+12    2.53407e+11    5.06556e+07    9.37106e+09
            9.4    3.70437e+12    2.63146e+11    5.62868e+07    1.46037e+10
            9.6    3.95377e+12    2.73062e+11     6.2402e+07    2.18231e+10
            9.8    4.21825e+12    2.83159e+11    6.90295e+07    3.14469e+10
             10    4.49865e+12    2.93454e+11    7.61978e+07     4.4039e+10
