 clock time          13          49          59
****** Reading fragment data for channel  1 ******
 ****** Back to the calling routine ******
 ****** Reading Effective TS treatment data ******
 ****** Back to the calling routine ******
 ****** Reading Convolution and Electronic data ******
 ****** Back to the calling routine ******
 ****** Reading tight ts (RRHO) data ******
 ****** Back to the calling routine ******
 ****** Reading Additional TS data ******
 ****** Back to the calling routine ******
 Elapsed wall time at this point =  -2147483648  min, and   -63135495828238200.       sec
 ****** Evaluating the canonical partition function for the complex ******
 ****** Back to the calling routine ******
 ****** In qfr evaluating the canonical partition function for the primary fragments ******
 ****** Back to the calling routine ******
 Elapsed wall time at this point =  -2147483648  min, and    11370358805233800.       sec
 ****** In rrhonej evaluating the rigid-rotor  harmonic-oscillator number of states ******
 ****** back to the calling routine ******
 ****** In rrhonej evaluating the rigid-rotor  harmonic-oscillator number of states ******
 ****** back to the calling routine ******
 ****** In rrhonej evaluating the rigid-rotor  harmonic-oscillator number of states ******
 ****** back to the calling routine ******
 ****** In rrhonej evaluating the rigid-rotor  harmonic-oscillator number of states ******
 ****** back to the calling routine ******
 ****** In rrhonej evaluating the rigid-rotor  harmonic-oscillator number of states ******
 ****** back to the calling routine ******
 ****** In rrhonej evaluating the rigid-rotor  harmonic-oscillator number of states ******
 ****** back to the calling routine ******
 ****** In rrhonej evaluating the rigid-rotor  harmonic-oscillator number of states ******
 ****** back to the calling routine ******
 ****** In rrhonej evaluating the rigid-rotor  harmonic-oscillator number of states ******
 ****** back to the calling routine ******
 ****** In rrhonej evaluating the rigid-rotor  harmonic-oscillator number of states ******
 ****** back to the calling routine ******
 ****** In rrhonej evaluating the rigid-rotor  harmonic-oscillator number of states ******
 ****** back to the calling routine ******
 ****** In rrhonej evaluating the rigid-rotor  harmonic-oscillator number of states ******
 ****** back to the calling routine ******
 ****** In rrhonej evaluating the rigid-rotor  harmonic-oscillator number of states ******
 ****** back to the calling routine ******
 ****** In rrhonej evaluating the rigid-rotor  harmonic-oscillator number of states ******
 ****** back to the calling routine ******
 ****** In rrhonej evaluating the rigid-rotor  harmonic-oscillator number of states ******
 ****** back to the calling routine ******
 ****** In rrhonej evaluating the rigid-rotor  harmonic-oscillator number of states ******
 ****** back to the calling routine ******
 ****** In rrhonej evaluating the rigid-rotor  harmonic-oscillator number of states ******
 ****** back to the calling routine ******
 ****** In rrhonej evaluating the rigid-rotor  harmonic-oscillator number of states ******
 ****** back to the calling routine ******
 ****** In rrhonej evaluating the rigid-rotor  harmonic-oscillator number of states ******
 ****** back to the calling routine ******
 ****** In rrhonej evaluating the rigid-rotor  harmonic-oscillator number of states ******
 ****** back to the calling routine ******
 ****** In rrhonej evaluating the rigid-rotor  harmonic-oscillator number of states ******
 ****** back to the calling routine ******
 ****** In rrhonej evaluating the rigid-rotor  harmonic-oscillator number of states ******
 ****** back to the calling routine ******
 ****** In rrhonej evaluating the rigid-rotor  harmonic-oscillator number of states ******
 ****** back to the calling routine ******
 ****** In rrhonej evaluating the rigid-rotor  harmonic-oscillator number of states ******
 ****** back to the calling routine ******
 ****** In rrhonej evaluating the rigid-rotor  harmonic-oscillator number of states ******
 ****** back to the calling routine ******
 ****** In rrhonej evaluating the rigid-rotor  harmonic-oscillator number of states ******
 ****** back to the calling routine ******
 ****** In rrhonej evaluating the rigid-rotor  harmonic-oscillator number of states ******
 ****** back to the calling routine ******
 ****** In rrhonej evaluating the rigid-rotor  harmonic-oscillator number of states ******
 ****** back to the calling routine ******
 ****** In rrhonej evaluating the rigid-rotor  harmonic-oscillator number of states ******
 ****** back to the calling routine ******
 ****** In rrhonej evaluating the rigid-rotor  harmonic-oscillator number of states ******
 ****** back to the calling routine ******
 ****** In rrhonej evaluating the rigid-rotor  harmonic-oscillator number of states ******
 ****** back to the calling routine ******
 ****** In rrhonej evaluating the rigid-rotor  harmonic-oscillator number of states ******
 ****** back to the calling routine ******
 ****** In rrhonej evaluating the rigid-rotor  harmonic-oscillator number of states ******
 ****** back to the calling routine ******
 ****** In rrhonej evaluating the rigid-rotor  harmonic-oscillator number of states ******
 ****** back to the calling routine ******
 ****** In rrhonej evaluating the rigid-rotor  harmonic-oscillator number of states ******
 ****** back to the calling routine ******
 ****** In rrhonej evaluating the rigid-rotor  harmonic-oscillator number of states ******
 ****** back to the calling routine ******
 Elapsed wall time at this point =  -2147483648  min, and   -63135495828238128.       sec
 ****** In trate calculating the thermal rates ******
 ****** evaluating the canonical partition function for the ts ******
 ****** Back to the calling routine ******
 ****** Back to the calling routine ******
 Elapsed wall time at this point =  -2147483648  min, and    11345042209009878.       sec
 Elapsed wall time at this point =  -2147483648  min, and    11345042209009878.       sec
