
 ****** High pressure limit rate constants ******

 For D0 =   20000.     cm-1

 Temp  k_bi-TST  MonteCarlo error
  (K)   (cm3/s)    rel(%) [0 error==>quadrature]
  200. 0.9716E-13  0.00    
  210. 0.9575E-13  0.00    
  220. 0.9504E-13  0.00    
  230. 0.9494E-13  0.00    
  240. 0.9534E-13  0.00    
  250. 0.9620E-13  0.00    
  260. 0.9745E-13  0.00    
  270. 0.9906E-13  0.00    
  280. 0.1010E-12  0.00    
  290. 0.1032E-12  0.00    
  300. 0.1057E-12  0.00    
  310. 0.1084E-12  0.00    
  320. 0.1114E-12  0.00    
  330. 0.1146E-12  0.00    
  340. 0.1180E-12  0.00    
  350. 0.1216E-12  0.00    
  360. 0.1255E-12  0.00    
  370. 0.1295E-12  0.00    
  380. 0.1337E-12  0.00    
  390. 0.1380E-12  0.00    
  400. 0.1426E-12  0.00    
  410. 0.1473E-12  0.00    
  420. 0.1522E-12  0.00    
  430. 0.1573E-12  0.00    
  440. 0.1625E-12  0.00    
  450. 0.1679E-12  0.00    
  460. 0.1734E-12  0.00    
  470. 0.1792E-12  0.00    
  480. 0.1851E-12  0.00    
  490. 0.1911E-12  0.00    
  500. 0.1973E-12  0.00    
  510. 0.2037E-12  0.00    
  520. 0.2102E-12  0.00    
  530. 0.2169E-12  0.00    
  540. 0.2238E-12  0.00    
  550. 0.2308E-12  0.00    
  560. 0.2380E-12  0.00    
  570. 0.2454E-12  0.00    
  580. 0.2529E-12  0.00    
  590. 0.2606E-12  0.00    
  600. 0.2685E-12  0.00    
  610. 0.2765E-12  0.00    
  620. 0.2847E-12  0.00    
  630. 0.2931E-12  0.00    
  640. 0.3016E-12  0.00    
  650. 0.3104E-12  0.00    
  660. 0.3192E-12  0.00    
  670. 0.3283E-12  0.00    
  680. 0.3375E-12  0.00    
  690. 0.3470E-12  0.00    
  700. 0.3566E-12  0.00    
  800. 0.4625E-12  0.00    
  900. 0.5874E-12  0.00    
 1000. 0.7324E-12  0.00    
 1100. 0.8985E-12  0.00    
 1200. 0.1087E-11  0.00    
 1300. 0.1297E-11  0.00    
 1400. 0.1531E-11  0.00    
 1500. 0.1789E-11  0.00    
 1600. 0.2072E-11  0.00    
 1700. 0.2379E-11  0.00    
 1800. 0.2711E-11  0.00    
 1900. 0.3068E-11  0.00    
 2000. 0.3449E-11  0.00    
 2100. 0.3856E-11  0.00    
 2200. 0.4288E-11  0.00    
 2300. 0.4744E-11  0.00    
 2400. 0.5224E-11  0.00    
 2500. 0.5727E-11  0.00    
 2600. 0.6253E-11  0.00    
 2700. 0.6800E-11  0.00    
 2800. 0.7366E-11  0.00    
 2900. 0.7951E-11  0.00    
 3000. 0.8552E-11  0.00    
