Wells (G - ground energy, D - dissociation limit, kcal/mol):
      Name        G        D
       W1a     -4.2     -4.2
       W1b     -9.6     -9.6
       W2a     -3.8     -9.6
       W2b     -8.5     -9.6
        W3    -15.5     -2.2

Bimolecular Products (G - ground energy, kcal/mol):
      Name        G
        P1      0.0
        P2    -38.1
        P3    -15.5
        P4    -29.9
        P5      7.8

Well-to-Bimolecular Barriers (H/G - barrier height/well depth, kcal/mol)
      Name        H     Well        G  Product
        B1      0.0      W1a     -4.2       P1
        B2     -1.5      W1b     -9.6       P2
        B3      5.0      W2b     -8.5       P3
        B4      0.0      W2a     -3.8       P1
        B6      5.6       W3    -15.5       P4
        B7      7.8       W3    -15.5       P5

Well-to-Well Barriers (H/G - barrier height/well depth, kcal/mol):
      Name        H     Well       G1     Well       G2
        B5     -2.2      W2b     -8.5       W3    -15.5
        B8     -3.5      W1a     -4.2      W1b     -9.6
        B9     -3.4      W2a     -3.8      W2b     -8.5
       B10     -4.2      W1a     -4.2      W2a     -3.8
       B11     -4.2      W1a     -4.2      W2b     -8.5
       B12     -9.6      W1b     -9.6      W2a     -3.8
       B13     -9.6      W1b     -9.6      W2b     -8.5

________________________________________________________________________________________

Unimolecular Rate Units: 1/sec;  Bimolecular Rate Units: cm^3/sec

______________________________________________________________________________________

Species-Species Rate Tables:

Temperature = 200 K

High Pressure Rate Coefficients:

From\To           W1a          W1b          W2a          W2b           W3           P1           P2           P3           P4           P5
W1a               ***  4.52389e+10     0.989054     0.989054          ***  8.00082e+09          ***          ***          ***          ***
W1b       7.31022e+06          ***     0.991807     0.991807          ***          ***  1.08097e+08          ***          ***          ***
W2a            9.2279      57265.3          ***  1.22524e+11          ***  2.65701e+10          ***          ***          ***          ***
W2b        0.00976292      60.5855  1.29627e+08          ***  3.07897e+06          ***          ***      4420.53          ***          ***
W3                ***          ***          ***    0.0511081          ***          ***          ***          ***   0.00711453  8.85722e-10
P1        2.18894e-10          ***  7.79132e-11          ***          ***          ***          ***          ***          ***          ***
P2                ***  6.49038e-49          ***          ***          ***          ***          ***          ***          ***          ***
P3                ***          ***          ***  7.29534e-30          ***          ***          ***          ***          ***          ***
P4                ***          ***          ***          ***  1.13506e-43          ***          ***          ***          ***          ***
P5                ***          ***          ***          ***  1.72169e-10          ***          ***          ***          ***          ***

Temperature = 200 K    Pressure = 0.1 atm

From\To           W1a          W1b          W2a          W2b           W3           P1           P2           P3           P4           P5
W1a               ***          ***          ***          ***          ***          ***          ***          ***          ***          ***
W1b               ***          ***          ***          ***          ***          ***          ***          ***          ***          ***
W2a               ***          ***          ***          ***          ***          ***          ***          ***          ***          ***
W2b               ***          ***          ***          ***          ***          ***          ***          ***          ***          ***
W3                ***          ***          ***          ***   0.00979116   0.00260848  1.77548e-06  6.42187e-05   0.00711668  1.80714e-20
P1                ***          ***          ***          ***  4.35555e-13  4.00417e-12  3.56477e-12  1.32297e-16    5.449e-17  1.25258e-19
P2                ***          ***          ***          ***  1.05135e-56  1.26417e-52  3.46043e-49  1.77041e-62  1.88524e-65  2.61903e-73
P3                ***          ***          ***          ***  6.38481e-30  7.87734e-32  2.97256e-37  7.29767e-30  8.08059e-36  8.03344e-39
P4                ***          ***          ***          ***  1.13541e-43  5.20635e-48  5.07937e-56  1.29667e-51  1.13546e-43  3.26953e-54
P5                ***          ***          ***          ***  3.51277e-21  1.45817e-10  8.59742e-24  1.57063e-14  3.98355e-14  1.45873e-10

Temperature = 200 K    Pressure = 1 atm

From\To           W1a          W1b          W2a          W2b           W3           P1           P2           P3           P4           P5
W1a               ***          ***          ***          ***          ***          ***          ***          ***          ***          ***
W1b               ***          ***          ***          ***          ***          ***          ***          ***          ***          ***
W2a               ***          ***          ***          ***          ***          ***          ***          ***          ***          ***
W2b               ***          ***          ***          ***          ***          ***          ***          ***          ***          ***
W3                ***          ***          ***          ***    0.0177868    0.0106054  1.73373e-06  6.28284e-05   0.00711685  1.55581e-16
P1                ***          ***          ***          ***  1.77086e-12   7.5089e-12  5.29873e-12  1.15657e-16  2.66695e-17  1.25525e-19
P2                ***          ***          ***          ***  1.02663e-56  1.87909e-52  5.55636e-49  6.71866e-64  1.03428e-66  2.62203e-73
P3                ***          ***          ***          ***  6.24659e-30  6.88655e-32  1.12808e-38  7.29853e-30  7.60549e-37  7.98954e-39
P4                ***          ***          ***          ***  1.13543e-43  2.54819e-48  2.78663e-57  1.22043e-52  1.13546e-43  3.24908e-54
P5                ***          ***          ***          ***  3.02423e-17  1.46127e-10  8.60727e-24  1.56204e-14  3.95864e-14  1.46182e-10

Temperature = 200 K    Pressure = 4 atm

From\To           W1a          W1b          W2a          W2b           W3           P1           P2           P3           P4           P5
W1a               ***          ***          ***          ***          ***          ***          ***          ***          ***          ***
W1b               ***          ***          ***          ***          ***          ***          ***          ***          ***          ***
W2a               ***          ***          ***          ***          ***          ***          ***          ***          ***          ***
W2b               ***          ***          ***          ***          ***          ***          ***          ***          ***          ***
W3                ***          ***          ***          ***    0.0259492    0.0187777  1.46532e-06  5.31797e-05   0.00711694  8.25559e-14
P1                ***          ***          ***          ***  3.13543e-12  1.43077e-11  6.47239e-12  1.15565e-16  1.19957e-17  1.26341e-19
P2                ***          ***          ***          ***  8.67685e-57   2.2953e-52  6.16164e-49  6.69637e-65  8.32165e-68  2.71713e-73
P3                ***          ***          ***          ***  5.28728e-30   6.8811e-32  1.12433e-39  7.29862e-30  1.51583e-37  7.83722e-39
P4                ***          ***          ***          ***  1.13545e-43  1.14615e-48  2.24209e-58  2.43241e-53  1.13546e-43  3.17954e-54
P5                ***          ***          ***          ***  1.60475e-14  1.47077e-10  8.91945e-24  1.53226e-14   3.8739e-14  1.47147e-10

Temperature = 210 K

High Pressure Rate Coefficients:

From\To           W1a          W1b          W2a          W2b           W3           P1           P2           P3           P4           P5
W1a               ***  5.06834e+10     0.989212     0.989212          ***  1.29562e+10         