    E, kcal/mol    D, mol/kcal         W1->P1
              0              0            ***
            0.1        419.378    6.76348e-28
            0.2        419.378    1.49253e-27
            0.3        419.378    3.15368e-27
            0.4        419.378    6.43717e-27
            0.5        419.378     1.2769e-26
            0.6        419.378     2.4721e-26
            0.7        419.378    4.68636e-26
            0.8        419.378    8.72057e-26
            0.9        419.378    1.59588e-25
              1        419.378     2.8765e-25
            1.1        419.378    5.11318e-25
            1.2        419.378    8.97335e-25
            1.3        419.378     1.5562e-24
            1.4        419.378    2.66919e-24
            1.5        419.378    4.53122e-24
            1.6        419.378    7.61818e-24
            1.7        1331.02     3.9991e-24
            1.8        1258.13     6.9886e-24
            1.9        1258.13    1.14511e-23
              2        1258.13    1.86199e-23
            2.1        1258.13    3.00574e-23
            2.2        1258.13    4.81869e-23
            2.3        1258.13    7.67451e-23
            2.4        1258.13    1.21465e-22
            2.5        1258.13    1.91096e-22
            2.6        1258.13     2.9893e-22
            2.7        1258.13    4.65058e-22
            2.8        1258.13    7.19719e-22
            2.9        1258.13    1.10823e-21
              3        1258.13    1.69822e-21
            3.1        1258.13    2.59022e-21
            3.2        1258.13    3.93305e-21
            3.3        1258.13    5.94629e-21
            3.4        2523.67     4.4632e-21
            3.5        2516.27    6.71243e-21
            3.6        2516.27    1.00265e-20
            3.7        2935.65     1.2789e-20
            3.8        2935.64    1.89625e-20
            3.9        2935.64    2.80171e-20
              4        2935.64    4.12541e-20
            4.1        2935.64    6.05443e-20
            4.2        2935.64    8.85696e-20
            4.3        2935.64    1.29164e-19
            4.4        2935.64    1.87795e-19
            4.5        2935.64    2.72237e-19
            4.6        2935.64    3.93521e-19
            4.7        2935.64    5.67255e-19
            4.8        2935.64    8.15476e-19
            4.9        2935.64    1.16922e-18
              5        2935.64    1.67211e-18
            5.1         4611.6    1.51843e-18
            5.2        4613.15    2.16006e-18
            5.3        4613.15    3.06651e-18
            5.4         5451.9    3.67503e-18
            5.5        5451.91    5.19326e-18
            5.6        5451.91    7.32242e-18
            5.7        5451.91    1.03021e-17
            5.8        5451.91    1.44635e-17
            5.9        5451.91    2.02638e-17
              6        5451.91    2.83326e-17
            6.1        5451.91    3.95357e-17
            6.2        5451.91    5.50613e-17
            6.3        5451.91    7.65379e-17
            6.4        5451.91    1.06193e-16
            6.5        5871.22    1.36566e-16
            6.6        5871.29    1.88793e-16
            6.7        5871.29    2.60539e-16
            6.8        7967.86    2.64485e-16
            6.9        7968.17    3.63738e-16
              7        7968.17    4.99429e-16
            7.1         9226.3    5.91266e-16
            7.2        9226.31    8.09224e-16
            7.3        9226.31    1.10579e-15
            7.4        9645.68    1.44313e-15
            7.5        9645.68    1.96601e-15
            7.6        9645.68    2.67438e-15
            7.7        9645.68    3.63266e-15
            7.8        9645.68    4.92724e-15
            7.9        9645.68    6.67377e-15
              8        9645.68    9.02685e-15
            8.1        9645.68     1.2193e-14
            8.2        10484.4    1.51317e-14
            8.3        10484.4    2.03847e-14
            8.4        10484.4    2.74258e-14
            8.5        13000.7    2.97191e-14
            8.6        13000.7    3.98831e-14
            8.7        13000.7    5.34569e-14
            8.8        14678.2    6.33844e-14
            8.9        14678.2    8.47513e-14
              9        14678.2    1.13187e-13
            9.1          15517    1.42826e-13
            9.2          15517    1.90305e-13
            9.3          15517    2.53282e-13
            9.4          15517    3.36724e-13
            9.5          15517    4.47163e-13
            9.6          15517     5.9318e-13
            9.7          15517    7.86037e-13
            9.8          15517     1.0405e-12
            9.9        16775.1    1.27271e-12
             10        16775.1    1.68125e-12
           10.1        16775.1    2.21868e-12
           10.2        20130.1    2.43748e-12
           10.3        20130.1    3.21027e-12
           10.4        20130.1    4.22396e-12
           10.5          22227    5.02859e-12
           10.6          22227    6.60383e-12
           10.7          22227    8.66441e-12
           10.8        23485.1     1.0749e-11
           10.9        23485.1    1.40771e-11
             11        23485.1    1.84191e-11
           11.1        23904.5    2.36564e-11
           11.2        23904.5    3.08983e-11
           11.3        23904.5    4.03221e-11
           11.4        23904.5     5.2575e-11
           11.5        23904.5     6.8493e-11
           11.6          25582    8.33095e-11
           11.7          25582    1.08352e-10
           11.8          25582    1.40807e-10
           11.9        29775.8    1.57084e-10
             12        29775.8    2.03808e-10
           12.1        29775.8     2.6422e-10
           12.2        32292.1    3.15601e-10
           12.3        32292.1    4.08514e-10
           12.4        32292.1    5.28376e-10
           12.5        33969.6    6.49167e-10
           12.6        33969.6    8.38376e-10
           12.7        33969.6    1.08193e-09
           12.8        34808.3     1.3616e-09
           12.9        34808.3    1.75459e-09
             13        35227.7    2.23249e-09
           13.1        35227.7    2.87274e-09
           13.2        35227.7    3.69401e-09
           13.3        37324.6    4.48009e-09
           13.4        37324.6    5.75291e-09
           13.5        37324.6     7.3823e-09
           13.6        42357.1    8.34203e-09
           13.7        42357.1    1.06904e-08
           13.8        42357.1    1.36907e-08
           13.9        45712.2    1.62357e-08
             14        45712.2    2.07654e-08
           14.1        45712.2    2.65417e-08
           14.2          47809    3.24162e-08
           14.3          47809    4.13811e-08
           14.4          47809    5.27922e-08
           14.5        49067.2    6.55825e-08
           14.6        49067.2    8.35645e-08
           14.7        49905.9    1.04624e-07
           14.8        50325.3     1.3204e-07
           14.9        50325.3     1.6794e-07
             15        52841.6     2.0331e-07
           15.1        52841.6    2.58285e-07
           15.2        52841.6    3.27935e-07
           15.3        58712.9    3.74514e-07
           15.4        58712.9    4.74963e-07
           15.5        58712.9    6.02013e-07
           15.6        62906.6    7.11779e-07
           15.7        62906.6    9.01172e-07
           15.8        62906.6    1.14033e-06
           15.9        65422.9    1.38671e-06
             16        65422.9    1.75282e-06
           16.1        65422.9     2.2144e-06
           16.2        67100.4    2.72614e-06
           16.3        67100.4    3.44039e-06
           16.4        68358.5    4.25964e-06
           16.5        69197.3    5.30499e-06
           16.6        69197.3    6.68449e-06
           16.7        72552.3    8.02914e-06
           16.8        72552.3    1.01068e-05
           16.9        72552.3    1.27156e-05
             17        79262.4    1.46363e-05
           17.1        79262.4    1.83961e-05
           17.2        79262.4    2.31105e-05
           17.3        84294.9    2.72864e-05
           17.4        84294.9    3.42459e-05
           17.5        84294.9    4.29599e-05
           17.6        87649.9    5.18037e-05
           17.7        87649.9    6.49239e-05
           17.8        87649.9     8.1329e-05
           17.9        89746.8    9.94529e-05
             18        89746.8    0.000124468
           18.1        91426.9    0.000152842
           18.2        92682.4    0.000188523
           18.3        92682.4     0.00023562
           18.4        97123.5    0.000280893
           18.5        97295.6    0.000350134
           18.6        97295.6    0.000437024
           18.7         104844    0.000505982
           18.8         104844    0.000630998
           18.9         104844    0.000786564
             19         110716    0.000928091
           19.1         110716     0.00115592
           19.2         110716     0.00143906
           19.3         114909     0.00172546
           19.4         114909     0.00214632
           19.5         115329     0.00265903
           19.6         117845     0.00323433
           19.7         117845     0.00401829
           19.8         119965     0.00490206
           19.9         121619     0.00600257
             20         121619     0.00744854
