    E, kcal/mol    D, mol/kcal         W1->P1         W1->P2
              0              0            ***            ***
            0.1        419.378              0              0
            0.2        419.378              0              0
            0.3        419.378              0              0
            0.4        419.378              0              0
            0.5        419.378     0.00592849              0
            0.6        419.378    1.26424e+14              0
            0.7        419.378     4.0137e+14              0
            0.8        419.378    7.88916e+14              0
            0.9        419.378    1.27427e+15              0
              1        419.378    1.84833e+15              0
            1.1        419.378    2.50465e+15              0
            1.2        419.378    3.23836e+15              0
            1.3        419.378    4.04556e+15              0
            1.4        419.378    4.92303e+15              0
            1.5        419.378    5.86807e+15              0
            1.6        419.378    6.87833e+15              0
            1.7        1331.02    2.50545e+15              0
            1.8        1258.13    3.02886e+15              0
            1.9        1258.13    3.42705e+15              0
              2        1258.13    3.84467e+15              0
            2.1        1258.13    4.28128e+15              0
            2.2        1258.13    4.73648e+15              0
            2.3        1258.13    5.20988e+15              0
            2.4        1258.13    5.70116e+15              0
            2.5        1258.13    6.20999e+15              0
            2.6        1258.13    6.73606e+15              0
            2.7        1258.13    7.27911e+15              0
            2.8        1258.13    7.83887e+15              0
            2.9        1258.13     8.4151e+15              0
              3        1258.13    9.00756e+15              0
            3.1        1258.13    9.61604e+15              0
            3.2        1258.13    1.02403e+16              0
            3.3        1258.13    1.08802e+16              0
            3.4        2523.67    5.75084e+15              0
            3.5        2516.27    6.10304e+15              0
            3.6        2516.27    6.44585e+15              0
            3.7        2935.65    5.82522e+15              0
            3.8        2935.64    6.13179e+15              0
            3.9        2935.64    6.44459e+15              0
              4        2935.64    6.76359e+15              0
            4.1        2935.64    7.08872e+15              0
            4.2        2935.64    7.41993e+15              0
            4.3        2935.64    7.75717e+15              0
            4.4        2935.64    8.10037e+15              0
            4.5        2935.64    8.44949e+15              0
            4.6        2935.64    8.80448e+15              0
            4.7        2935.64    9.16529e+15              0
            4.8        2935.64    9.53187e+15              0
            4.9        2935.64    9.90417e+15              0
              5        2935.64    1.02822e+16              0
            5.1         4611.6    6.78961e+15              0
            5.2        4613.15    7.03502e+15              0
            5.3        4613.15    7.28626e+15              0
            5.4         5451.9    6.38086e+15              0
            5.5        5451.91    6.59936e+15              0
            5.6        5451.91     6.8208e+15              0
            5.7        5451.91    7.04516e+15              0
            5.8        5451.91    7.27241e+15              0
            5.9        5451.91    7.50254e+15              0
              6        5451.91    7.73552e+15              0
            6.1        5451.91    7.97135e+15              0
            6.2        5451.91       8.21e+15              0
            6.3        5451.91    8.45146e+15              0
            6.4        5451.91    8.69571e+15              0
            6.5        5871.22    8.30406e+15              0
            6.6        5871.29    8.53592e+15              0
            6.7        5871.29    8.77041e+15              0
            6.8        7967.86    6.63732e+15              0
            6.9        7968.17    6.81357e+15              0
              7        7968.17    6.99193e+15              0
            7.1         9226.3    6.19411e+15              0
            7.2        9226.31    6.35132e+15              0
            7.3        9226.31     6.5101e+15              0
            7.4        9645.68    6.38114e+15              0
            7.5        9645.68    6.54374e+15              0
            7.6        9645.68    6.71358e+15              0
            7.7        9645.68    6.88955e+15              0
            7.8        9645.68    7.07112e+15              0
            7.9        9645.68     7.2579e+15              0
              8        9645.68    7.44966e+15              0
            8.1        9645.68    7.64617e+15              0
            8.2        10484.4    7.21949e+15              0
            8.3        10484.4     7.4086e+15              0
            8.4        10484.4     7.6017e+15              0
            8.5        13000.7    6.28927e+15              0
            8.6        13000.7    6.45121e+15              0
            8.7        13000.7    6.61616e+15              0
            8.8        14678.2    6.00874e+15              0
            8.9        14678.2    6.16003e+15              0
              9        14678.2    6.31386e+15              0
            9.1          15517    6.12044e+15              0
            9.2          15517    6.27064e+15              0
            9.3          15517    6.42313e+15              0
            9.4          15517     6.5779e+15              0
            9.5          15517    6.73491e+15              0
            9.6          15517    6.89413e+15              0
            9.7          15517    7.05555e+15              0
            9.8          15517    7.21914e+15              0
            9.9        16775.1    6.83101e+15              0
             10        16775.1    6.98628e+15              0
           10.1        16775.1    7.14351e+15              0
           10.2        20130.1    6.08556e+15              0
           10.3        20130.1    6.21979e+15              0
           10.4        20130.1     6.3556e+15              0
           10.5          22227    5.88044e+15              0
           10.6          22227    6.00628e+15              0
           10.7          22227    6.13352e+15              0
           10.8        23485.1    5.92668e+15              0
           10.9        23485.1    6.04972e+15              0
             11        23485.1    6.17406e+15              0
           11.1        23904.5    6.18918e+15              0
           11.2        23904.5    6.31386e+15              0
           11.3        23904.5     6.4398e+15              0
           11.4        23904.5    6.56698e+15              0
           11.5        23904.5     6.6954e+15              0
           11.6          25582     6.3775e+15              0
           11.7          25582    6.49978e+15              0
           11.8          25582    6.62319e+15              0
           11.9        29775.8    5.79735e+15              0
             12        29775.8    5.90531e+15              0
           12.1        29775.8    6.01423e+15              0
           12.2        32292.1    5.64691e+15              0
           12.3        32292.1    5.74909e+15              0
           12.4        32292.1    5.85215e+15              0
           12.5        33969.6    5.66194e+15              0
           12.6        33969.6    5.76155e+15              0
           12.7        33969.6    5.86197e+15              0
           12.8        34808.3    5.81951e+15              0
           12.9        34808.3     5.9191e+15              0
             13        35227.7     5.9478e+15              0
           13.1        35227.7    6.04774e+15              0
           13.2        35227.7    6.14845e+15              0
           13.3        37324.6     5.8988e+15              0
           13.4        37324.6    5.99529e+15              0
           13.5        37324.6    6.09249e+15              0
           13.6        42357.1    5.45491e+15              0
           13.7        42357.1    5.54182e+15              0
           13.8        42357.1    5.62935e+15              0
           13.9        45712.2    5.29786e+15              0
             14        45712.2    5.38012e+15              0
           14.1        45712.2    5.46294e+15              0
           14.2          47809    5.30306e+15              0
           14.3          47809     5.3838e+15              0
           14.4          47809    5.46655e+15              0
           14.5        49067.2    5.40858e+15              0
           14.6        49067.2    5.49218e+15              0
           14.7        49905.9    5.48335e+15              0
           14.8        50325.3    5.52165e+15              0
           14.9        50325.3     5.6068e+15              0
             15        52841.6    5.42198e+15              0
           15.1        52841.6    5.50519e+15              0
           15.2        52841.6    5.58943e+15              0
           15.3        58712.9    5.10719e+15              0
           15.4        58712.9    5.18477e+15              0
           15.5        58712.9    5.26322e+15              0
           15.6        62906.6    4.98636e+15              0
           15.7        62906.6    5.06116e+15              0
           15.8        62906.6    5.13673e+15              0
           15.9        65422.9    5.01256e+15              0
             16        65422.9    5.08669e+15              0
           16.1        65422.9    5.16153e+15              0
           16.2        67100.4    5.10616e+15              0
           16.3        67100.4    5.18051e+15              0
           16.4        68358.5    5.15882e+15              0
           16.5        69197.3    5.16969e+15              0
           16.6        69197.3    5.24375e+15              0
           16.7        72552.3     5.0725e+15              0
           16.8        72552.3    5.14435e+15              0
           16.9        72552.3    5.21681e+15              0
             17        79262.4    4.84204e+15              0
           17.1        79262.4    4.90945e+15              0
           17.2        79262.4     4.9774e+15              0
           17.3        84294.9    4.74464e+15              0
           17.4        84294.9    4.80954e+15              0
           17.5        84294.9    4.87494e+15              0
           17.6        87649.9    4.75171e+15              0
           17.7        87649.9    4.81555e+15              0
           17.8        87649.9    4.87986e+15              0
           17.9        89746.8    4.82911e+15              0
             18        89746.8    4.89284e+15              0
           18.1        91426.9    4.86592e+15              0
           18.2        92682.4    4.86258e+15              0
           18.3        92682.4    4.92559e+15              0
           18.4        97123.5     4.7609e+15              0
           18.5        97295.6    4.81332e+15              0
           18.6        97295.6    4.87456e+15              0
           18.7         104844    4.58081e+15              0
           18.8         104844     4.6384e+15              0
           18.9         104844    4.69635e+15              0
             19         110716    4.50254e+15              0
           19.1         110716    4.55813e+15              0
           19.2         110716    4.61405e+15              0
           19.3         114909    4.49989e+15              0
           19.4         114909    4.55444e+15              0
           19.5         115329    4.59256e+15              0
           19.6         117845    4.54835e+15              0
           19.7         117845    4.60251e+15              0
           19.8         119965     4.5747e+15              0
           19.9         121619    4.56557e+15              0
             20         121619    4.61897e+15              0
