Wells (G - ground energy, D - dissociation limit, kcal/mol):
      Name        G        D
        W1      0.0      0.5

Bimolecular Products (G - ground energy, kcal/mol):
      Name        G
        P1      0.2
        P2      0.1

Well-to-Bimolecular Barriers (H/G - barrier height/well depth, kcal/mol)
      Name        H     Well        G  Product
        B1      0.5       W1      0.0       P1
        B2     60.3       W1      0.0       P2

________________________________________________________________________________________

Unimolecular Rate Units: 1/sec;  Bimolecular Rate Units: cm^3/sec

______________________________________________________________________________________

Species-Species Rate Tables:

Temperature = 50 K

High Pressure Rate Coefficients:

From\To            W1           P1           P2
W1                ***  1.22779e+12 4.19895e-252
P1        3.20546e-11          ***          ***
P2       9.83837e-276          ***          ***

Temperature = 50 K    Pressure = 10 atm

From\To            W1           P1           P2
W1                inf  1.38784e+08            0
P1         3.5864e-15   3.5864e-15  1.1046e-274
P2                  0 9.91338e-276 9.91338e-276

Temperature = 200 K

High Pressure Rate Coefficients:

From\To            W1           P1           P2
W1                ***   5.2402e+14  9.60983e-54
P1         2.7735e-10          ***          ***
P2        1.22126e-78          ***          ***

Temperature = 200 K    Pressure = 10 atm

From\To            W1           P1           P2
W1                ***          ***          ***
P1                ***            0  5.11353e-78
P2                ***  1.22782e-78  1.22782e-78

Temperature = 300 K

High Pressure Rate Coefficients:

From\To            W1           P1           P2
W1                ***  1.42662e+15  1.59647e-31
P1        3.67582e-10          ***          ***
P2        1.10181e-56          ***          ***

Temperature = 300 K    Pressure = 10 atm

From\To            W1           P1           P2
W1                ***          ***          ***
P1                ***            0  4.09296e-56
P2                ***  1.09633e-56  1.09633e-56

Temperature = 400 K

High Pressure Rate Coefficients:

From\To            W1           P1           P2
W1                ***  2.47036e+15  2.34367e-20
P1        4.29206e-10          ***          ***
P2        1.15199e-45          ***          ***

Temperature = 400 K    Pressure = 10 atm

From\To            W1           P1           P2
W1                ***          ***          ***
P1                *** -9.24306e-26  4.04283e-45
P2                ***  1.14375e-45  1.14375e-45

Temperature = 500 K

High Pressure Rate Coefficients:

From\To            W1           P1           P2
W1                ***  3.44945e+15  1.24895e-13
P1        4.75019e-10          ***          ***
P2        5.02805e-39          ***          ***

Temperature = 500 K    Pressure = 10 atm

From\To            W1           P1           P2
W1                ***          ***          ***
P1                ***  5.76313e-26  1.71251e-38
P2                ***   5.0064e-39   5.0064e-39

Temperature = 600 K

High Pressure Rate Coefficients:

From\To            W1           P1           P2
W1                ***  4.27135e+15   3.9329e-09
P1        5.11097e-10          ***          ***
P2        1.40618e-34          ***          ***

Temperature = 600 K    Pressure = 10 atm

From\To            W1           P1           P2
W1                ***          ***          ***
P1                ***  6.33886e-26   4.7087e-34
P2                ***  1.40699e-34  1.40699e-34

Temperature = 700 K

High Pressure Rate Coefficients:

From\To            W1           P1           P2
W1                ***  4.91444e+15  6.53621e-06
P1        5.40684e-10          ***          ***
P2        2.18257e-31          ***          ***

Temperature = 700 K    Pressure = 10 atm

From\To            W1           P1           P2
W1                ***          ***          ***
P1                *** -6.50273e-26  7.18411e-31
P2                ***  2.18046e-31  2.18046e-31

Temperature = 900 K

High Pressure Rate Coefficients:

From\To            W1           P1           P2
W1                ***  5.72659e+15     0.131926
P1        5.87278e-10          ***          ***
P2        4.19273e-27          ***          ***

Temperature = 900 K    Pressure = 10 atm

From\To            W1           P1           P2
W1                ***          ***          ***
P1                *** -7.87977e-26  1.33588e-26
P2                ***  4.13987e-27  4.13987e-27

Temperature = 1100 K

High Pressure Rate Coefficients:

From\To            W1           P1           P2
W1                ***  6.07847e+15      73.5811
P1        6.23217e-10          ***          ***
P2        2.36912e-24          ***          ***

Temperature = 1100 K    Pressure = 10 atm

From\To            W1           P1           P2
W1                ***          ***          ***
P1                ***  7.48033e-24  7.54954e-24
P2                ***  2.37081e-24  2.37081e-24

Temperature = 1300 K

High Pressure Rate Coefficients:

From\To            W1           P1           P2
W1                ***  6.14846e+15      5907.78
P1        6.52429e-10          ***          ***
P2        1.98679e-22          ***          ***

Temperature = 1300 K    Pressure = 10 atm

From\To            W1           P1           P2
W1                ***          ***          ***
P1                ***  6.26761e-22  6.26835e-22
P2                ***  1.98662e-22  1.98662e-22

Temperature = 1500 K

High Pressure Rate Coefficients:

From\To            W1           P1           P2
W1                ***  6.05637e+15       147883
P1        6.77038e-10          ***          ***
P2        5.27475e-21          ***          ***

Temperature = 1500 K    Pressure = 10 atm

From\To            W1           P1           P2
W1                ***          ***          ***
P1                ***  1.65222e-20  1.65222e-20
P2                ***  5.27171e-21  5.27171e-21

Temperature = 1700 K

High Pressure Rate Coefficients:

From\To            W1           P1           P2
W1                ***  5.87582e+15  1.73925e+06
P1        6.98309e-10          ***          ***
P2        6.62918e-20          ***          ***

Temperature = 1700 K    Pressure = 10 atm

From\To            W1           P1           P2
W1                ***          ***          ***
P1                ***   2.0665e-19   2.0665e-19
P2                ***  6.62756e-20  6.62756e-20

Temperature = 1900 K

High Pressure Rate Coefficients:

From\To            W1           P1           P2
W1                ***  5.65064e+15  1.21919e+07
P1        7.17056e-10          ***          ***
P2        4.98207e-19          ***          ***

Temperature = 1900 K    Pressure = 10 atm

From\To            W1           P1           P2
W1                ***          ***          ***
P1                ***  1.54717e-18  1.54717e-18
P2                ***  4.98219e-19  4.98219e-19

Temperature = 2100 K

High Pressure Rate Coefficients:

From\To            W1           P1           P2
W1                ***   5.4066e+15  5.90334e+07
P1        7.33827e-10          ***          ***
P2        2.58867e-18          ***          ***

Temperature = 2100 K    Pressure = 10 atm

From\To            W1           P1           P2
W1                ***          ***          ***
P1                ***  8.00715e-18  8.00715e-18
P2                ***  2.58695e-18  2.58695e-18

Temperature = 2300 K

High Pressure Rate Coefficients:

From\To            W1           P1           P2
W1                ***  5.15868e+15  2.17401e+08
P1        7.49011e-10          ***          ***
P2        1.02259e-17          ***          ***

Temperature = 2300 K    Pressure = 10 atm

From\To            W1           P1           P2
W1                ***          ***          ***
P1                ***   3.1535e-17   3.1535e-17
P2                ***   1.0216e-17   1.0216e-17

Temperature = 2500 K

High Pressure Rate Coefficients:

From\To            W1           P1           P2
W1                ***   4.9154e+15  6.50178e+08
P1        7.62894e-10          ***          ***
P2        3.27657e-17          ***          ***

Temperature = 2500 K    Pressure = 10 atm

From\To            W1           P1           P2
W1                ***          ***          ***
P1                ***  1.00773e-16  1.00773e-16
P2                ***   3.2721e-17   3.2721e-17

Temperature = 2700 K

High Pressure Rate Coefficients:

From\To            W1           P1           P2
W1                ***  4.68144e+15   1.6537e+09
P1        7.75689e-10          ***          ***
P2        8.91435e-17          ***          ***

Temperature = 2700 K    Pressure = 10 atm

From\To            W1           P1           P2
W1                ***          ***          ***
P1                ***   2.7327e-16   2.7327e-16
P2                ***  8.89033e-17  8.89033e-17

Temperature = 3000 K

High Pressure Rate Coefficients:

From\To            W1           P1           P2
W1                ***  4.35277e+15  5.31391e+09
P1        7.93195e-10          ***          ***
P2        3.15798e-16          ***          ***

Temperature = 3000 K    Pressure = 10 atm

From\To            W1           P1           P2
W1                ***          ***          ***
P1                ***  9.65892e-16  9.65892e-16
P2                ***  3.14999e-16  3.14999e-16

______________________________________________________________________________________

High Pressure Rate Coefficients (Temperature-Species Rate Tables):

   T(K)       W1->W1       W1->P1       W1->P2
     50          ***  1.22779e+12 4.19895e-252
    200          ***   5.2402e+14  9.60983e-54
    300          ***  1.42662e+15  1.59647e-31
    400          ***  2.47036e+15  2.34367e-20
    500          ***  3.44945e+15  1.24895e-13
    600          ***  4.27135e+15   3.9329e-09
    700          ***  4.91444e+15  6.53621e-06
    900          ***  5.72659e+15     0.131926
   1100          ***  6.07847e+15      73.5811
   1300          ***  6.14846e+15      5907.78
   1500          ***  6.05637e+15       147883
   1700          ***  5.87582e+15  1.73925e+06
   1900          ***  5.65064e+15  1.21919e+07
   2100          ***   5.4066e+15  5.90334e+07
   2300          ***  5.15868e+15  2.17401e+08
   2500          ***   4.9154e+15  6.50178e+08
   2700          ***  4.68144e+15   1.6537e+09
   3000          ***  4.35277e+15  5.31391e+09

   T(K)       P1->W1       P1->P1       P1->P2
     50  3.20546e-11          ***          ***
    200   2.7735e-10          ***          ***
    300  3.67582e-10          ***          ***
    400  4.29206e-10          ***          ***
    500  4.75019e-10          ***          ***
    600  5.11097e-10          ***          ***
    700  5.40684e-10          ***          ***
    900  5.87278e-10          ***          ***
   1100  6.23217e-10          ***          ***
   1300  6.52429e-10          ***          ***
   1500  6.77038e-10          ***          ***
   1700  6.98309e-10          ***          ***
   1900  7.17056e-10          ***          ***
   2100  7.33827e-10          ***          ***
   2300  7.49011e-10          ***          ***
   2500  7.62894e-10          ***          ***
   2700  7.75689e-10          ***          ***
   3000  7.93195e-10          ***          ***

   T(K)       P2->W1       P2->P1       P2->P2
     50 9.83837e-276          ***          ***
    200  1.22126e-78          ***          ***
    300  1.10181e-56          ***          ***
    400  1.15199e-45          ***          ***
    500  5.02805e-39          ***          ***
    600  1.40618e-34          ***          ***
    700  2.18257e-31          ***          ***
    900  4.19273e-27          ***          ***
   1100  2.36912e-24          ***          ***
   1300  1.98679e-22          ***          ***
   1500  5.27475e-21          ***          ***
   1700  6.62918e-20          ***          ***
   1900  4.98207e-19          ***          ***
   2100  2.58867e-18          ***          ***
   2300  1.02259e-17          ***          ***
   2500  3.27657e-17          ***          ***
   2700  8.91435e-17          ***          ***
   3000  3.15798e-16          ***          ***

Capture/Escape Rate Coefficients:

   T(K)           W1           P1           P2
     50  1.22779e+12  3.20546e-11 9.83837e-276
    200   5.2402e+14   2.7735e-10  1.22126e-78
    300  1.42662e+15  3.67582e-10  1.10181e-56
    400  2.47036e+15  4.29206e-10  1.15199e-45
    500  3.44945e+15  4.75019e-10  5.02805e-39
    600  4.27135e+15  5.11097e-10  1.40618e-34
    700  4.91444e+15  5.40684e-10  2.18257e-31
    900  5.72659e+15  5.87278e-10  4.19273e-27
   1100  6.07847e+15  6.23217e-10  2.36912e-24
   1300  6.14846e+15  6.52429e-10  1.98679e-22
   1500  6.05637e+15  6.77038e-10  5.27475e-21
   1700  5.87582e+15  6.98309e-10  6.62918e-20
   1900  5.65064e+15  7.17056e-10  4.98207e-19
   2100   5.4066e+15  7.33827e-10  2.58867e-18
   2300  5.15868e+15  7.49011e-10  1.02259e-17
   2500   4.9154e+15  7.62894e-10  3.27657e-17
   2700  4.68144e+15  7.75689e-10  8.91435e-17
   3000  4.35277e+15  7.93195e-10  3.15798e-16

______________________________________________________________________________________

Pressure-Species Rate Tables:

   Temperature = 50 K

   P(atm)       W1->P1       W1->P2         W1->
       10  1.38784e+08            0          inf
    O-O  1.22779e+12 4.19895e-252  1.22779e+12

   Temperature = 200 K

   P(atm)       W1->P1       W1->P2         W1->
       10          ***          ***          ***
    O-O   5.2402e+14  9.60983e-54   5.2402e+14

   Temperature = 300 K

   P(atm)       W1->P1       W1->P2         W1->
       10          ***          ***          ***
    O-O  1.42662e+15  1.59647e-31  1.42662e+15

   Temperature = 400 K

   P(atm)       W1->P1       W1->P2         W1->
       10          ***          ***          ***
    O-O  2.47036e+15  2.34367e-20  2.47036e+15

   Temperature = 500 K

   P(atm)       W1->P1       W1->P2         W1->
       10          ***          ***          ***
    O-O  3.44945e+15  1.24895e-13  3.44945e+15

   Temperature = 600 K

   P(atm)       W1->P1       W1->P2         W1->
       10          ***          ***          ***
    O-O  4.27135e+15   3.9329e-09  4.27135e+15

   Temperature = 700 K

   P(atm)       W1->P1       W1->P2         W1->
       10          ***          ***          ***
    O-O  4.91444e+15  6.53621e-06  4.91444e+15

   Temperature = 900 K

   P(atm)       W1->P1       W1->P2         W1->
       10          ***          ***          ***
    O-O  5.72659e+15     0.131926  5.72659e+15

   Temperature = 1100 K

   P(atm)       W1->P1       W1->P2         W1->
       10          ***          ***          ***
    O-O  6.07847e+15      73.5811  6.07847e+15

   Temperature = 1300 K

   P(atm)       W1->P1       W1->P2         W1->
       10          ***          ***          ***
    O-O  6.14846e+15      5907.78  6.14846e+15

   Temperature = 1500 K

   P(atm)       W1->P1       W1->P2         W1->
       10          ***          ***          ***
    O-O  6.05637e+15       147883  6.05637e+15

   Temperature = 1700 K

   P(atm)       W1->P1       W1->P2         W1->
       10          ***          ***          ***
    O-O  5.87582e+15  1.73925e+06  5.87582e+15

   Temperature = 1900 K

   P(atm)       W1->P1       W1->P2         W1->
       10          ***          ***          ***
    O-O  5.65064e+15  1.21919e+07  5.65064e+15

   Temperature = 2100 K

   P(atm)       W1->P1       W1->P2         W1->
       10          ***          ***          ***
    O-O   5.4066e+15  5.90334e+07   5.4066e+15

   Temperature = 2300 K

   P(atm)       W1->P1       W1->P2         W1->
       10          ***          ***          ***
    O-O  5.15868e+15  2.17401e+08  5.15868e+15

   Temperature = 2500 K

   P(atm)       W1->P1       W1->P2         W1->
       10          ***          ***          ***
    O-O   4.9154e+15  6.50178e+08   4.9154e+15

   Temperature = 2700 K

   P(atm)       W1->P1       W1->P2         W1->
       10          ***          ***          ***
    O-O  4.68144e+15   1.6537e+09  4.68144e+15

   Temperature = 3000 K

   P(atm)       W1->P1       W1->P2         W1->
       10          ***          ***          ***
    O-O  4.35277e+15  5.31391e+09  4.35277e+15

   Temperature = 50 K

   P(atm)       P1->W1       P1->P2         P1->
       10   3.5864e-15  1.1046e-274   3.5864e-15
    O-O  3.20546e-11          ***  3.20546e-11

   Temperature = 200 K

   P(atm)       P1->W1       P1->P2         P1->
       10          ***  5.11353e-78            0
    O-O   2.7735e-10          ***   2.7735e-10

   Temperature = 300 K

   P(atm)       P1->W1       P1->P2         P1->
       10          ***  4.09296e-56            0
    O-O  3.67582e-10          ***  3.67582e-10

   Temperature = 400 K

   P(atm)       P1->W1       P1->P2         P1->
       10          ***  4.04283e-45 -9.24306e-26
    O-O  4.29206e-10          ***  4.29206e-10

   Temperature = 500 K

   P(atm)       P1->W1       P1->P2         P1->
       10          ***  1.71251e-38  5.76313e-26
    O-O  4.75019e-10          ***  4.75019e-10

   Temperature = 600 K

   P(atm)       P1->W1       P1->P2         P1->
       10          ***   4.7087e-34  6.33886e-26
    O-O  5.11097e-10          ***  5.11097e-10

   Temperature = 700 K

   P(atm)       P1->W1       P1->P2         P1->
       10          ***  7.18411e-31 -6.50273e-26
    O-O  5.40684e-10          ***  5.40684e-10

   Temperature = 900 K

   P(atm)       P1->W1       P1->P2         P1->
       10          ***  1.33588e-26 -7.87977e-26
    O-O  5.87278e-10          ***  5.87278e-10

   Temperature = 1100 K

   P(atm)       P1->W1       P1->P2         P1->
       10          ***  7.54954e-24  7.48033e-24
    O-O  6.23217e-10          ***  6.23217e-10

   Temperature = 1300 K

   P(atm)       P1->W1       P1->P2         P1->
       10          ***  6.26835e-22  6.26761e-22
    O-O  6.52429e-10          ***  6.52429e-10

   Temperature = 1500 K

   P(atm)       P1->W1       P1->P2         P1->
       10          ***  1.65222e-20  1.65222e-20
    O-O  6.77038e-10          ***  6.77038e-10

   Temperature = 1700 K

   P(atm)       P1->W1       P1->P2         P1->
       10          ***   2.0665e-19   2.0665e-19
    O-O  6.98309e-10          ***  6.98309e-10

   Temperature = 1900 K

   P(atm)       P1->W1       P1->P2         P1->
       10          ***  1.54717e-18  1.54717e-18
    O-O  7.17056e-10          ***  7.17056e-10

   Temperature = 2100 K

   P(atm)       P1->W1       P1->P2         P1->
       10          ***  8.00715e-18  8.00715e-18
    O-O  7.33827e-10          ***  7.33827e-10

   Temperature = 2300 K

   P(atm)       P1->W1       P1->P2         P1->
       10          ***   3.1535e-17   3.1535e-17
    O-O  7.49011e-10          ***  7.49011e-10

   Temperature = 2500 K

   P(atm)       P1->W1       P1->P2         P1->
       10          ***  1.00773e-16  1.00773e-16
    O-O  7.62894e-10          ***  7.62894e-10

   Temperature = 2700 K

   P(atm)       P1->W1       P1->P2         P1->
       10          ***   2.7327e-16   2.7327e-16
    O-O  7.75689e-10          ***  7.75689e-10

   Temperature = 3000 K

   P(atm)       P1->W1       P1->P2         P1->
       10          ***  9.65892e-16  9.65892e-16
    O-O  7.93195e-10          ***  7.93195e-10

   Temperature = 50 K

   P(atm)       P2->W1       P2->P1         P2->
       10            0 9.91338e-276 9.91338e-276
    O-O 9.83837e-276          *** 9.83837e-276

   Temperature = 200 K

   P(atm)       P2->W1       P2->P1         P2->
       10          ***  1.22782e-78  1.22782e-78
    O-O  1.22126e-78          ***  1.22126e-78

   Temperature = 300 K

   P(atm)       P2->W1       P2->P1         P2->
       10          ***  1.09633e-56  1.09633e-56
    O-O  1.10181e-56          ***  1.10181e-56

   Temperature = 400 K

   P(atm)       P2->W1       P2->P1         P2->
       10          ***  1.14375e-45  1.14375e-45
    O-O  1.15199e-45          ***  1.15199e-45

   Temperature = 500 K

   P(atm)       P2->W1       P2->P1         P2->
       10          ***   5.0064e-39   5.0064e-39
    O-O  5.02805e-39          ***  5.02805e-39

   Temperature = 600 K

   P(atm)       P2->W1       P2->P1         P2->
       10          ***  1.40699e-34  1.40699e-34
    O-O  1.40618e-34          ***  1.40618e-34

   Temperature = 700 K

   P(atm)       P2->W1       P2->P1         P2->
       10          ***  2.18046e-31  2.18046e-31
    O-O  2.18257e-31          ***  2.18257e-31

   Temperature = 900 K

   P(atm)       P2->W1       P2->P1         P2->
       10          ***  4.13987e-27  4.13987e-27
    O-O  4.19273e-27          ***  4.19273e-27

   Temperature = 1100 K

   P(atm)       P2->W1       P2->P1         P2->
       10          ***  2.37081e-24  2.37081e-24
    O-O  2.36912e-24          ***  2.36912e-24

   Temperature = 1300 K

   P(atm)       P2->W1       P2->P1         P2->
       10          ***  1.98662e-22  1.98662e-22
    O-O  1.98679e-22          ***  1.98679e-22

   Temperature = 1500 K

   P(atm)       P2->W1       P2->P1         P2->
       10          ***  5.27171e-21  5.27171e-21
    O-O  5.27475e-21          ***  5.27475e-21

   Temperature = 1700 K

   P(atm)       P2->W1       P2->P1         P2->
       10          ***  6.62756e-20  6.62756e-20
    O-O  6.62918e-20          ***  6.62918e-20

   Temperature = 1900 K

   P(atm)       P2->W1       P2->P1         P2->
       10          ***  4.98219e-19  4.98219e-19
    O-O  4.98207e-19          ***  4.98207e-19

   Temperature = 2100 K

   P(atm)       P2->W1       P2->P1         P2->
       10          ***  2.58695e-18  2.58695e-18
    O-O  2.58867e-18          ***  2.58867e-18

   Temperature = 2300 K

   P(atm)       P2->W1       P2->P1         P2->
       10          ***   1.0216e-17   1.0216e-17
    O-O  1.02259e-17          ***  1.02259e-17

   Temperature = 2500 K

   P(atm)       P2->W1       P2->P1         P2->
       10          ***   3.2721e-17   3.2721e-17
    O-O  3.27657e-17          ***  3.27657e-17

   Temperature = 2700 K

   P(atm)       P2->W1       P2->P1         P2->
       10          ***  8.89033e-17  8.89033e-17
    O-O  8.91435e-17          ***  8.91435e-17

   Temperature = 3000 K

   P(atm)       P2->W1       P2->P1         P2->
       10          ***  3.14999e-16  3.14999e-16
    O-O  3.15798e-16          ***  3.15798e-16

______________________________________________________________________________________

Temperature-Species Rate Tables:

   Pressure = 10 atm

   T(K)       W1->P1       W1->P2         W1->      Capture
     50  1.38784e+08            0          inf  1.22779e+12
    200          ***          ***          ***   5.2402e+14
    300          ***          ***          ***  1.42662e+15
    400          ***          ***          ***  2.47036e+15
    500          ***          ***          ***  3.44945e+15
    600          ***          ***          ***  4.27135e+15
    700          ***          ***          ***  4.91444e+15
    900          ***          ***          ***  5.72659e+15
   1100          ***          ***          ***  6.07847e+15
   1300          ***          ***          ***  6.14846e+15
   1500          ***          ***          ***  6.05637e+15
   1700          ***          ***          ***  5.87582e+15
   1900          ***          ***          ***  5.65064e+15
   2100          ***          ***          ***   5.4066e+15
   2300          ***          ***          ***  5.15868e+15
   2500          ***          ***          ***   4.9154e+15
   2700          ***          ***          ***  4.68144e+15
   3000          ***          ***          ***  4.35277e+15

   Pressure = 10 atm

   T(K)       P1->W1       P1->P2         P1->      Capture
     50   3.5864e-15  1.1046e-274   3.5864e-15  3.20546e-11
    200          ***  5.11353e-78            0   2.7735e-10
    300          ***  4.09296e-56            0  3.67582e-10
    400          ***  4.04283e-45 -9.24306e-26  4.29206e-10
    500          ***  1.71251e-38  5.76313e-26  4.75019e-10
    600          ***   4.7087e-34  6.33886e-26  5.11097e-10
    700          ***  7.18411e-31 -6.50273e-26  5.40684e-10
    900          ***  1.33588e-26 -7.87977e-26  5.87278e-10
   1100          ***  7.54954e-24  7.48033e-24  6.23217e-10
   1300          ***  6.26835e-22  6.26761e-22  6.52429e-10
   1500          ***  1.65222e-20  1.65222e-20  6.77038e-10
   1700          ***   2.0665e-19   2.0665e-19  6.98309e-10
   1900          ***  1.54717e-18  1.54717e-18  7.17056e-10
   2100          ***  8.00715e-18  8.00715e-18  7.33827e-10
   2300          ***   3.1535e-17   3.1535e-17  7.49011e-10
   2500          ***  1.00773e-16  1.00773e-16  7.62894e-10
   2700          ***   2.7327e-16   2.7327e-16  7.75689e-10
   3000          ***  9.65892e-16  9.65892e-16  7.93195e-10

   Pressure = 10 atm

   T(K)       P2->W1       P2->P1         P2->      Capture
     50            0 9.91338e-276 9.91338e-276 9.83837e-276
    200          ***  1.22782e-78  1.22782e-78  1.22126e-78
    300          ***  1.09633e-56  1.09633e-56  1.10181e-56
    400          ***  1.14375e-45  1.14375e-45  1.15199e-45
    500          ***   5.0064e-39   5.0064e-39  5.02805e-39
    600          ***  1.40699e-34  1.40699e-34  1.40618e-34
    700          ***  2.18046e-31  2.18046e-31  2.18257e-31
    900          ***  4.13987e-27  4.13987e-27  4.19273e-27
   1100          ***  2.37081e-24  2.37081e-24  2.36912e-24
   1300          ***  1.98662e-22  1.98662e-22  1.98679e-22
   1500          ***  5.27171e-21  5.27171e-21  5.27475e-21
   1700          ***  6.62756e-20  6.62756e-20  6.62918e-20
   1900          ***  4.98219e-19  4.98219e-19  4.98207e-19
   2100          ***  2.58695e-18  2.58695e-18  2.58867e-18
   2300          ***   1.0216e-17   1.0216e-17  1.02259e-17
   2500          ***   3.2721e-17   3.2721e-17  3.27657e-17
   2700          ***  8.89033e-17  8.89033e-17  8.91435e-17
   3000          ***  3.14999e-16  3.14999e-16  3.15798e-16

______________________________________________________________________________________

Temperature-Pressure Rate Tables:

W1->P1

P\T               50          200          300          400          500          600          700          900         1100         1300         1500         1700         1900         2100         2300         2500         2700         3000
10       1.38784e+08          ***          ***          ***          ***          ***          ***          ***          ***          ***          ***          ***          ***          ***          ***          ***          ***          ***
O-O      1.22779e+12   5.2402e+14  1.42662e+15  2.47036e+15  3.44945e+15  4.27135e+15  4.91444e+15  5.72659e+15  6.07847e+15  6.14846e+15  6.05637e+15  5.87582e+15  5.65064e+15   5.4066e+15  5.15868e+15   4.9154e+15  4.68144e+15  4.35277e+15

W1->P2

P\T               50          200          300          400          500          600          700          900         1100         1300         1500         1700         1900         2100         2300         2500         2700         3000
10                 0          ***          ***          ***          ***          ***          ***          ***          ***          ***          ***          ***          ***          ***          ***          ***          ***          ***
O-O     4.19895e-252  9.60983e-54  1.59647e-31  2.34367e-20  1.24895e-13   3.9329e-09  6.53621e-06     0.131926      73.5811      5907.78       147883  1.73925e+06  1.21919e+07  5.90334e+07  2.17401e+08  6.50178e+08   1.6537e+09  5.31391e+09

P1->W1

P\T               50          200          300          400          500          600          700          900         1100         1300         1500         1700         1900         2100         2300         2500         2700         3000
10        3.5864e-15          ***          ***          ***          ***          ***          ***          ***          ***          ***          ***          ***          ***          ***          ***          ***          ***          ***
O-O      3.20546e-11   2.7735e-10  3.67582e-10  4.29206e-10  4.75019e-10  5.11097e-10  5.40684e-10  5.87278e-10  6.23217e-10  6.52429e-10  6.77038e-10  6.98309e-10  7.17056e-10  7.33827e-10  7.49011e-10  7.62894e-10  7.75689e-10  7.93195e-10

P1->P2

P\T               50          200          300          400          500          600          700          900         1100         1300         1500         1700         1900         2100         2300         2500         2700         3000
10       1.1046e-274  5.11353e-78  4.09296e-56  4.04283e-45  1.71251e-38   4.7087e-34  7.18411e-31  1.33588e-26  7.54954e-24  6.26835e-22  1.65222e-20   2.0665e-19  1.54717e-18  8.00715e-18   3.1535e-17  1.00773e-16   2.7327e-16  9.65892e-16
O-O              ***          ***          ***          ***          ***          ***          ***          ***          ***          ***          ***          ***          ***          ***          ***          ***          ***          ***

P2->W1

P\T               50          200          300          400          500          600          700          900         1100         1300         1500         1700         1900         2100         2300         2500         2700         3000
10                 0          ***          ***          ***          ***          ***          ***          ***          ***          ***          ***          ***          ***          ***          ***          ***          ***          ***
O-O     9.83837e-276  1.22126e-78  1.10181e-56  1.15199e-45  5.02805e-39  1.40618e-34  2.18257e-31  4.19273e-27  2.36912e-24  1.98679e-22  5.27475e-21  6.62918e-20  4.98207e-19  2.58867e-18  1.02259e-17  3.27657e-17  8.91435e-17  3.15798e-16

P2->P1

P\T               50          200          300          400          500          600          700          900         1100         1300         1500         1700         1900         2100         2300         2500         2700         3000
10      9.91338e-276  1.22782e-78  1.09633e-56  1.14375e-45   5.0064e-39  1.40699e-34  2.18046e-31  4.13987e-27  2.37081e-24  1.98662e-22  5.27171e-21  6.62756e-20  4.98219e-19  2.58695e-18   1.0216e-17   3.2721e-17  8.89033e-17  3.14999e-16
O-O              ***          ***          ***          ***          ***          ***          ***          ***          ***          ***          ***          ***          ***          ***          ***          ***          ***          ***

W1-> 

P\T               50          200          300          400          500          600          700          900         1100         1300         1500         1700         1900         2100         2300         2500         2700         3000
10               inf          ***          ***          ***          ***          ***          ***          ***          ***          ***          ***          ***          ***          ***          ***          ***          ***          ***
O-O      1.22779e+12   5.2402e+14  1.42662e+15  2.47036e+15  3.44945e+15  4.27135e+15  4.91444e+15  5.72659e+15  6.07847e+15  6.14846e+15  6.05637e+15  5.87582e+15  5.65064e+15   5.4066e+15  5.15868e+15   4.9154e+15  4.68144e+15  4.35277e+15

P1-> 

P\T               50          200          300          400          500          600          700          900         1100         1300         1500         1700         1900         2100         2300         2500         2700         3000
10        3.5864e-15            0            0 -9.24306e-26  5.76313e-26  6.33886e-26 -6.50273e-26 -7.87977e-26  7.48033e-24  6.26761e-22  1.65222e-20   2.0665e-19  1.54717e-18  8.00715e-18   3.1535e-17  1.00773e-16   2.7327e-16  9.65892e-16
O-O      3.20546e-11   2.7735e-10  3.67582e-10  4.29206e-10  4.75019e-10  5.11097e-10  5.40684e-10  5.87278e-10  6.23217e-10  6.52429e-10  6.77038e-10  6.98309e-10  7.17056e-10  7.33827e-10  7.49011e-10  7.62894e-10  7.75689e-10  7.93195e-10

P2-> 

P\T               50          200          300          400          500          600          700          900         1100         1300         1500         1700         1900         2100         2300         2500         2700         3000
10      9.91338e-276  1.22782e-78  1.09633e-56  1.14375e-45   5.0064e-39  1.40699e-34  2.18046e-31  4.13987e-27  2.37081e-24  1.98662e-22  5.27171e-21  6.62756e-20  4.98219e-19  2.58695e-18   1.0216e-17   3.2721e-17  8.89033e-17  3.14999e-16
O-O     9.83837e-276  1.22126e-78  1.10181e-56  1.15199e-45  5.02805e-39  1.40618e-34  2.18257e-31  4.19273e-27  2.36912e-24  1.98679e-22  5.27475e-21  6.62918e-20  4.98207e-19  2.58867e-18  1.02259e-17  3.27657e-17  8.91435e-17  3.15798e-16

