Model::init:  starts
   Model::ExponentialKernel::ExponentialKernel:  ... done
   Model::LennardJonesCollision::LennardJonesCollision:  ... done
   WELL: W1
   Model::RRHO::RRHO:  starts
      Model::new_core:  starts
         Model::RigidRotor::RigidRotor:  starts
            molecular geometry will be used to estimate rotational constants
            rotational configuration: linear
            rotational constant[1/cm]:        0.416998
         Model::RigidRotor::RigidRotor:  done, cpu time[sec] = 0.004149, elapsed time[sec] = 0
      Model::new_core:  done, cpu time[sec] = 0.005049, elapsed time[sec] = 0
      ground state energy, kcal/mol:   0
      interpolating states number/density starts
         core state contribution ... done, cpu time[sec] = 0.07983, elapsed time[sec] = 0
         vibrational modes contribution ... done, cpu time[sec] = 0.009009, elapsed time[sec] = 0
         effective power exponent at 399.998 kcal/mol = 3.93022
      interpolating states number/density done, cpu time[sec] = 0.892971, elapsed time[sec] = 0
   Model::RRHO::RRHO:  done, cpu time[sec] = 0.901889, elapsed time[sec] = 0
   BIMOLECULAR: P1
   Model::Bimolecular::Bimolecular:  starts
      Model::AtomicFragment::AtomicFragment:  ... done
      Model::RRHO::RRHO:  starts
         Model::new_core:  starts
            Model::RigidRotor::RigidRotor:  starts
               molecular geometry will be used to estimate rotational constants
               rotational configuration: linear
               rotational constant[1/cm]:         2.00171
            Model::RigidRotor::RigidRotor:  done, cpu time[sec] = 0.001001, elapsed time[sec] = 0
         Model::new_core:  done, cpu time[sec] = 0.001498, elapsed time[sec] = 0
         ground state energy, kcal/mol:   0
      Model::RRHO::RRHO:  done, cpu time[sec] = 0.003035, elapsed time[sec] = 0
   Model::Bimolecular::Bimolecular:  done, cpu time[sec] = 0.005578, elapsed time[sec] = 0
   BIMOLECULAR: P2
   Model::Bimolecular::Bimolecular:  starts
      Model::AtomicFragment::AtomicFragment:  ... done
      Model::RRHO::RRHO:  starts
         Model::new_core:  starts
            Model::RigidRotor::RigidRotor:  starts
               molecular geometry will be used to estimate rotational constants
               rotational configuration: linear
               rotational constant[1/cm]:         2.00171
            Model::RigidRotor::RigidRotor:  done, cpu time[sec] = 0.000561, elapsed time[sec] = 0
         Model::new_core:  done, cpu time[sec] = 0.001001, elapsed time[sec] = 0
         ground state energy, kcal/mol:   0
      Model::RRHO::RRHO:  done, cpu time[sec] = 0.002185, elapsed time[sec] = 0
   Model::Bimolecular::Bimolecular:  done, cpu time[sec] = 0.004052, elapsed time[sec] = 0
   BARRIER: B1
   Model::RRHO::RRHO:  starts
      Model::new_core:  starts
         Model::PhaseSpaceTheory::PhaseSpaceTheory:  starts
            molecular geometry will be used to estimate rotational constants
            rotational configuration: linear
            rotational constant[1/cm]:         2.00171
            TST level: E
         Model::PhaseSpaceTheory::PhaseSpaceTheory:  done, cpu time[sec] = 0.001853, elapsed time[sec] = 0
      Model::new_core:  done, cpu time[sec] = 0.002339, elapsed time[sec] = 0
      ground state energy, kcal/mol:   0.5
      interpolating states number/density starts
         core state contribution ... done, cpu time[sec] = 0.1932, elapsed time[sec] = 0
         vibrational modes contribution ... done, cpu time[sec] = 0.002378, elapsed time[sec] = 0
         effective power exponent at 399.497 kcal/mol = 2.64281
      interpolating states number/density done, cpu time[sec] = 1.01754, elapsed time[sec] = 0
   Model::RRHO::RRHO:  done, cpu time[sec] = 1.02212, elapsed time[sec] = 0
   BARRIER: B2
   Model::RRHO::RRHO:  starts
      Model::new_core:  starts
         Model::RigidRotor::RigidRotor:  starts
            molecular geometry will be used to estimate rotational constants
            rotational configuration: linear
            rotational constant[1/cm]:        0.280182
         Model::RigidRotor::RigidRotor:  done, cpu time[sec] = 0.000941, elapsed time[sec] = 0
      Model::new_core:  done, cpu time[sec] = 0.001966, elapsed time[sec] = 0
      ground state energy, kcal/mol:   60.3
      interpolating states number/density starts
         core state contribution ... done, cpu time[sec] = 0.067143, elapsed time[sec] = 0
         vibrational modes contribution ... done, cpu time[sec] = 0.006716, elapsed time[sec] = 0
         effective power exponent at 339.699 kcal/mol = 3.94881
      interpolating states number/density done, cpu time[sec] = 0.753995, elapsed time[sec] = 0
   Model::RRHO::RRHO:  done, cpu time[sec] = 0.758843, elapsed time[sec] = 0
   checking input ... done
   setting connectivity ... done
   checking connectivity ... done
   setting dissociation limit ... done
   setting maximum barrier height ... done
   partition functions (relative to the ground level, units - 1/cm3):
     T\Q           W1            O           N2            O           N2           B1           B2
     100  4.57307e+27  1.20275e+25  4.83566e+26  3.60826e+25  4.83566e+26  1.31071e+30  6.94992e+27
     200  2.66025e+28   3.4019e+25  2.73546e+27  1.02057e+26  2.73546e+27  1.17698e+31  4.78234e+28
     300  8.05011e+28   6.2497e+25  7.53812e+27  1.87491e+26  7.53812e+27  4.25006e+31  1.74149e+29
     400  1.90135e+29  9.62204e+25  1.54768e+28  2.88661e+26  1.54768e+28  1.05708e+32  4.72062e+29
     500  3.91612e+29  1.34472e+26   2.7059e+28  4.03416e+26   2.7059e+28  2.14459e+32  1.06745e+30
     600  7.36756e+29  1.76768e+26  4.27762e+28  5.30304e+26  4.27762e+28  3.82844e+32  2.13309e+30
     700  1.29757e+30  2.22753e+26  6.31429e+28   6.6826e+26  6.31429e+28  6.26289e+32  3.89741e+30
     800  2.17146e+30  2.72152e+26  8.87135e+28  8.16457e+26  8.87135e+28  9.61836e+32  6.65431e+30
     900  3.48717e+30  3.24744e+26  1.20085e+29  9.74231e+26  1.20085e+29  1.40833e+33  1.07737e+31
    1000  5.41147e+30  3.80344e+26  1.57896e+29  1.14103e+27  1.57896e+29   1.9865e+33  1.67126e+31
    1100   8.1567e+30  4.38799e+26  2.02817e+29   1.3164e+27  2.02817e+29  2.71905e+33  2.50263e+31
    1200   1.1989e+31  4.99976e+26  2.55554e+29  1.49993e+27  2.55554e+29  3.63068e+33  3.63804e+31
    1300  1.72376e+31  5.63757e+26  3.16838e+29  1.69127e+27  3.16838e+29  4.74808e+33  5.15629e+31
    1400  2.43047e+31  6.30041e+26  3.87429e+29  1.89012e+27  3.87429e+29  6.09999e+33   7.1497e+31
    1500  3.36766e+31  6.98737e+26   4.6811e+29  2.09621e+27   4.6811e+29  7.71721e+33  9.72538e+31
    1600  4.59355e+31  7.69763e+26  5.59686e+29  2.30929e+27  5.59686e+29  9.63258e+33  1.30066e+32
    1700  6.17724e+31  8.43044e+26  6.62984e+29  2.52913e+27  6.62984e+29   1.1881e+34  1.71341e+32
    1800  8.20009e+31  9.18514e+26  7.78853e+29  2.75554e+27  7.78853e+29  1.44996e+34  2.22676e+32
    1900  1.07572e+32   9.9611e+26  9.08161e+29  2.98833e+27  9.08161e+29  1.75274e+34  2.85873e+32
    2000   1.3959e+32  1.07578e+27   1.0518e+30  3.22733e+27   1.0518e+30  2.10057e+34   3.6295e+32
   partition functions (relative to 0 kcal/mol, units - 1/cm3):
     T\Q           W1           B1           B2
     100  4.57307e+27   1.0587e+29 1.14355e-104
     200  2.66025e+28  3.34504e+30  6.13448e-38
     300  8.05011e+28  1.83718e+31  2.05594e-15
     400  1.90135e+29  5.63538e+31  0.000534648
     500  3.91612e+29  1.29657e+32      4694.63
     600  7.36756e+29  2.51709e+32  2.31769e+08
     700  1.29757e+30   4.3719e+32  5.81473e+11
     800  2.17146e+30  7.02278e+32  2.23943e+14
     900  3.48717e+30  1.06485e+33  2.45318e+16
    1000  5.41147e+30   1.5446e+33  1.10834e+18
    1100   8.1567e+30  2.16311e+33  2.61853e+19
    1200   1.1989e+31  2.94392e+33  3.79219e+20
    1300  1.72376e+31  3.91256e+33  3.75948e+21
    1400  2.43047e+31  5.09656e+33  2.76162e+22
    1500  3.36766e+31  6.52546e+33   1.5934e+23
    1600  4.59355e+31  8.23089e+33  7.54537e+23
    1700  6.17724e+31  1.02465e+34  3.03304e+24
    1800  8.20009e+31  1.26081e+34  1.06257e+25
    1900  1.07572e+32  1.53534e+34  3.31274e+25
    2000   1.3959e+32  1.85225e+34  9.34674e+25
   tunneling partition function correction factors & high pressure effective energy shifts (D), kcal/mol:
     T\B           B1            D           B2            D
     100            1           -0            1           -0
     200            1           -0            1           -0
     300            1           -0            1           -0
     400            1           -0            1           -0
     500            1           -0            1           -0
     600            1           -0            1           -0
     700            1           -0            1           -0
     800            1           -0            1           -0
     900            1           -0            1           -0
    1000            1           -0            1           -0
    1100            1           -0            1           -0
    1200            1           -0            1           -0
    1300            1           -0            1           -0
    1400            1           -0            1           -0
    1500            1           -0            1           -0
    1600            1           -0            1           -0
    1700            1           -0            1           -0
    1800            1           -0            1           -0
    1900            1           -0            1           -0
    2000            1           -0            1           -0
Model::init:  done, cpu time[sec] = 2.72461, elapsed time[sec] = 0
rate calculation starts
   MasterEquation::set:  starts
      Temperature      = 50 K
      Energy reference = 22133 1/cm
      Energy step      = 17 1/cm
      setting wells, barriers, and bimolecular starts
         W1 Well: average energy = 0.1 kcal/mol
         W1 Well: density of states done, elapsed time[sec] = 0.007363
         W1 Well: collisional kernel bandwidth = 13
         W1 Well: collisional energy transfer kernel done, elapsed time[sec] = 0.981497
         W1 Well: relaxation modes basis done, elapsed time[sec] = 0.506332
         W1 Well: kernel in relaxation modes basis done, elapsed time[sec] = 6.83591
         W1 Well: relaxation eigenvalues done, elapsed time[sec] = 23.941
         W1 Well: minimal relaxation eigenvalue = 0.0186658
         W1 Well: maximal relaxation eigenvalue = 0.719684
         W1 Well:       grid size = 1302
         W1 Well:      real depth = 0 1/cm
         W1 Well: effective depth = -1 1/cm
         B1 Barrier:        grid size = 1292
         B1 Barrier:      real height = 174 1/cm
         B1 Barrier: effective height = 168 1/cm
         B2 Barrier:        grid size = 62
         B2 Barrier:      real height = 21090 1/cm
         B2 Barrier: effective height = 21079 1/cm
      setting wells, barriers, and bimolecular done, cpu time[sec] = 32.2833, elapsed time[sec] = 1
      Bound Species (D1/D2 - density of states at dissociation energy (DE)/reference energy):
       Name  Depth     DE      *D1      *D2
              1/cm   1/cm       cm       cm
         W1     -1    169      1.2 1.74e+04
      Well-to-Bimolecular Barriers (N - number of states at the reference energy):
       Name Height       *N
              1/cm         
         B1    169 9.17e+08
         B2  21079 7.33e+03
      Effective equilibrium constants(bimolecular units - cm^3):
        Q/Q        W1        P1        P2
         W1         1  2.69e-19  2.41e-20
         P1  3.72e+18         1    0.0897
         P2  4.14e+19      11.1         1
      Real equilibrium constants(bimolecular units - cm^3):
        Q/Q        W1        P1        P2
         W1         1  2.61e-23  2.34e-24
         P1  3.83e+22         1    0.0897
         P2  4.27e+23      11.1         1
   MasterEquation::set:  done, cpu time[sec] = 32.286, elapsed time[sec] = 1
   MasterEquation::direct_diagonalization_method:  starts
      Pressure = 10 atm	 Temperature = 50 K
            Well    Collision, 1/sec
              W1         3.48562e+11
      global relaxation matrix dimension = 1302
      setting global matrices ... done, cpu time[sec] = 1.33342, elapsed time[sec] = 0
      diagonalizing global relaxation matrix ... done, cpu time[sec] = 26.0387, elapsed time[sec] = 1
      microscopic rate coefficients (at reference energy) over collision frequency:
             W1->P1       W1->P2
            4527.64    0.0361569
      eigenvector populations normalized:
          L        *R        *P        W1
          0   0.00694    0.0102         1
      *R - eigenvalue over the relaxation limit
      *P - eigenvector projection squared on the relaxation subspace (= 1 -F_ne)
      eigenvector projections:
          L        *Q        *P        W1
          0  0.000499    0.0102    -0.995
         *Z       ---       ---  1.3e+141
      *Q - eigenvalue over the collision frequency in first well
      *P - eigenvector projection squared on the relaxation subspace (= 1 - F_ne)
      *Z - well partition function square root
      isomers-to-bimolecular equilibrium coefficients (kappa matrix):
        W\P       P1       P2
         W1        0        0
      projection error = 0.0101889
      Wa->Wb/Wb->Wa rate constants ratios:
      Wb\Wa        W1
         W1         1
      W->P/P->W rate constants ratios:
        P\W        W1
         P1         1
         P2       ***
      hot energies # = 0
      prompt isomerization/dissociation:
        W\W,P           W1  Total Diss.           P1           P2
           W1      0.99187    0.0081298    0.0081298   2.701e-244

   MasterEquation::direct_diagonalization_method:  done, cpu time[sec] = 32.2818, elapsed time[sec] = 1
   MasterEquation::set:  starts
      Temperature      = 200 K
      Energy reference = 25261 1/cm
      Energy step      = 70 1/cm
      setting wells, barriers, and bimolecular starts
         W1 Well: average energy = 0.5 kcal/mol
         W1 Well: density of states done, elapsed time[sec] = 6.7e-05
         W1 Well: collisional kernel bandwidth = 11
         W1 Well: collisional energy transfer kernel done, elapsed time[sec] = 0.000938
         W1 Well: relaxation modes basis done, elapsed time[sec] = 0.001804
         W1 Well: kernel in relaxation modes basis done, elapsed time[sec] = 0.121038
         W1 Well: relaxation eigenvalues done, elapsed time[sec] = 0.81525
         W1 Well: minimal relaxation eigenvalue = 0.0152842
         W1 Well: maximal relaxation eigenvalue = 0.659469
         W1 Well:       grid size = 361
         W1 Well:      real depth = 0 1/cm
         W1 Well: effective depth = -8 1/cm
         B1 Barrier:        grid size = 359
         B1 Barrier:      real height = 174 1/cm
         B1 Barrier: effective height = 131 1/cm
         B2 Barrier:        grid size = 60
         B2 Barrier:      real height = 21090 1/cm
         B2 Barrier: effective height = 21061 1/cm
      setting wells, barriers, and bimolecular done, cpu time[sec] = 1.17821, elapsed time[sec] = 0
      Bound Species (D1/D2 - density of states at dissociation energy (DE)/reference energy):
       Name  Depth     DE      *D1      *D2
              1/cm   1/cm       cm       cm
         W1     -8    132      1.2 2.82e+04
      Well-to-Bimolecular Barriers (N - number of states at the reference energy):
       Name Height       *N
              1/cm         
         B1    132 1.29e+09
         B2  21062 2.98e+05
      Effective equilibrium constants(bimolecular units - cm^3):
        Q/Q        W1        P1        P2
         W1         1  1.37e-21  3.29e-22
         P1  7.29e+20         1      0.24
         P2  3.04e+21      4.16         1
      Real equilibrium constants(bimolecular units - cm^3):
        Q/Q        W1        P1        P2
         W1         1  5.29e-25  1.27e-25
         P1  1.89e+24         1      0.24
         P2  7.87e+24      4.16         1
   MasterEquation::set:  done, cpu time[sec] = 1.1809, elapsed time[sec] = 0
   MasterEquation::direct_diagonalization_method:  starts
      Pressure = 10 atm	 Temperature = 200 K
            Well    Collision, 1/sec
              W1         8.99707e+10
      global relaxation matrix dimension = 361
      setting global matrices ... done, cpu time[sec] = 0.242999, elapsed time[sec] = 0
      diagonalizing global relaxation matrix ... done, cpu time[sec] = 3.80345, elapsed time[sec] = 0
      microscopic rate coefficients (at reference energy) over collision frequency:
             W1->P1       W1->P2
            15203.3      3.52592
      eigenvector populations normalized:
          L        *R        *P        W1
          0      0.13     0.402         1
      *R - eigenvalue over the relaxation limit
      *P - eigenvector projection squared on the relaxation subspace (= 1 -F_ne)
      eigenvector projections:
          L        *Q        *P        W1
          0    0.0494     0.402     0.774
         *Z       ---       ---  1.93e+42
      *Q - eigenvalue over the collision frequency in first well
      *P - eigenvector projection squared on the relaxation subspace (= 1 - F_ne)
      *Z - well partition function square root
      dimension of the chemical subspace = 0
      isomers-to-bimolecular equilibrium coefficients (kappa matrix):
        W\P       P1       P2
         W1        1        0
      hot energies # = 0
      prompt isomerization/dissociation:
        W\W,P  Total Diss.           P1           P2
           W1            1      0.82674  5.92009e-69

   MasterEquation::direct_diagonalization_method:  done, cpu time[sec] = 4.31211, elapsed time[sec] = 0
   MasterEquation::set:  starts
      Temperature      = 300 K
      Energy reference = 27346 1/cm
      Energy step      = 104 1/cm
      setting wells, barriers, and bimolecular starts
         W1 Well: average energy = 0.9 kcal/mol
         W1 Well: density of states done, elapsed time[sec] = 0.003619
         W1 Well: collisional kernel bandwidth = 11
         W1 Well: collisional energy transfer kernel done, elapsed time[sec] = 0.049456
         W1 Well: relaxation modes basis done, elapsed time[sec] = 0.091732
         W1 Well: kernel in relaxation modes basis done, elapsed time[sec] = 0.081343
         W1 Well: relaxation eigenvalues done, elapsed time[sec] = 0.389232
         W1 Well: minimal relaxation eigenvalue = 0.014202
         W1 Well: maximal relaxation eigenvalue = 0.653453
         W1 Well:       grid size = 263
         W1 Well:      real depth = 0 1/cm
         W1 Well: effective depth = -6 1/cm
         B1 Barrier:        grid size = 262
         B1 Barrier:      real height = 174 1/cm
         B1 Barrier: effective height = 98 1/cm
         B2 Barrier:        grid size = 61
         B2 Barrier:      real height = 21090 1/cm
         B2 Barrier: effective height = 21002 1/cm
      setting wells, barriers, and bimolecular done, cpu time[sec] = 0.727136, elapsed time[sec] = 0
      Bound Species (D1/D2 - density of states at dissociation energy (DE)/reference energy):
       Name  Depth     DE      *D1      *D2
              1/cm   1/cm       cm       cm
         W1     -6     99      1.2 3.78e+04
      Well-to-Bimolecular Barriers (N - number of states at the reference energy):
       Name Height       *N
              1/cm         
         B1     99 1.58e+09
         B2  21002  1.1e+06
      Effective equilibrium constants(bimolecular units - cm^3):
        Q/Q        W1        P1        P2
         W1         1  4.51e-22  1.21e-22
         P1  2.22e+21         1     0.268
         P2  8.27e+21      3.73         1
      Real equilibrium constants(bimolecular units - cm^3):
        Q/Q        W1        P1        P2
         W1         1  2.58e-25   6.9e-26
         P1  3.88e+24         1     0.268
         P2  1.45e+25      3.73         1
   MasterEquation::set:  done, cpu time[sec] = 0.729695, elapsed time[sec] = 0
   MasterEquation::direct_diagonalization_method:  starts
      Pressure = 10 atm	 Temperature = 300 K
            Well    Collision, 1/sec
              W1         6.11911e+10
      global relaxation matrix dimension = 263
      setting global matrices ... done, cpu time[sec] = 0.132711, elapsed time[sec] = 0
      diagonalizing global relaxation matrix ... done, cpu time[sec] = 1.72045, elapsed time[sec] = 0
      microscopic rate coefficients (at reference energy) over collision frequency:
             W1->P1       W1->P2
            20463.9      14.2119
      eigenvector populations normalized:
          L        *R        *P        W1
          0  9.36e-05     0.668         1
      *R - eigenvalue over the relaxation limit
      *P - eigenvector projection squared on the relaxation subspace (= 1 -F_ne)
      eigenvector projections:
          L        *Q        *P        W1
          0     0.127     0.668     0.577
         *Z       ---       ---  2.12e+31
      *Q - eigenvalue over the collision frequency in first well
      *P - eigenvector projection squared on the relaxation subspace (= 1 - F_ne)
      *Z - well partition function square root
      dimension of the chemical subspace = 0
      isomers-to-bimolecular equilibrium coefficients (kappa matrix):
        W\P       P1       P2
         W1        1        0
      hot energies # = 0
      prompt isomerization/dissociation:
        W\W,P  Total Diss.           P1           P2
           W1            1     0.830083     9.85e-47

   MasterEquation::direct_diagonalization_method:  done, cpu time[sec] = 1.99567, elapsed time[sec] = 0
   MasterEquation::set:  starts
      Temperature      = 400 K
      Energy reference = 29431 1/cm
      Energy step      = 139 1/cm
      setting wells, barriers, and bimolecular starts
         W1 Well: average energy = 1.3 kcal/mol
         W1 Well: density of states done, elapsed time[sec] = 0.003126
         W1 Well: collisional kernel bandwidth = 11
         W1 Well: collisional energy transfer kernel done, elapsed time[sec] = 0.039364
         W1 Well: relaxation modes basis done, elapsed time[sec] = 0.060205
         W1 Well: kernel in relaxation modes basis done, elapsed time[sec] = 0.06387
         W1 Well: relaxation eigenvalues done, elapsed time[sec] = 0.255635
         W1 Well: minimal relaxation eigenvalue = 0.0133048
         W1 Well: maximal relaxation eigenvalue = 0.641325
         W1 Well:       grid size = 212
         W1 Well:      real depth = 0 1/cm
         W1 Well: effective depth = -37 1/cm
         B1 Barrier:        grid size = 211
         B1 Barrier:      real height = 174 1/cm
         B1 Barrier: effective height = 101 1/cm
         B2 Barrier:        grid size = 61
         B2 Barrier:      real height = 21090 1/cm
         B2 Barrier: effective height = 20952 1/cm
      setting wells, barriers, and bimolecular done, cpu time[sec] = 0.428201, elapsed time[sec] = 0
      Bound Species (D1/D2 - density of states at dissociation energy (DE)/reference energy):
       Name  Depth     DE      *D1      *D2
              1/cm   1/cm       cm       cm
         W1    -37    102      1.2 4.95e+04
      Well-to-Bimolecular Barriers (N - number of states at the reference energy):
       Name Height       *N
              1/cm         
         B1    102 1.91e+09
         B2  20952  2.9e+06
      Effective equilibrium constants(bimolecular units - cm^3):
        Q/Q        W1        P1        P2
         W1         1  2.51e-22  7.09e-23
         P1  3.99e+21         1     0.283
         P2  1.41e+22      3.53         1
      Real equilibrium constants(bimolecular units - cm^3):
        Q/Q        W1        P1        P2
         W1         1  1.74e-25  4.92e-26
         P1  5.76e+24         1     0.283
         P2  2.03e+25      3.53         1
   MasterEquation::set:  done, cpu time[sec] = 0.430637, elapsed time[sec] = 0
   MasterEquation::direct_diagonalization_method:  starts
      Pressure = 10 atm	 Temperature = 400 K
            Well    Collision, 1/sec
              W1         4.77844e+10
      global relaxation matrix dimension = 212
      setting global matrices ... done, cpu time[sec] = 0.08707, elapsed time[sec] = 0
      diagonalizing global relaxation matrix ... done, cpu time[sec] = 1.01827, elapsed time[sec] = 0
      microscopic rate coefficients (at reference energy) over collision frequency:
             W1->P1       W1->P2
            24146.8      36.7316
      eigenvector populations normalized:
          L        *R        *P        W1
          0  1.63e-05     0.708         1
      *R - eigenvalue over the relaxation limit
      *P - eigenvector projection squared on the relaxation subspace (= 1 -F_ne)
      eigenvector projections:
          L        *Q        *P        W1
          0     0.124     0.708      0.54
         *Z       ---       ---  7.68e+25
      *Q - eigenvalue over the collision frequency in first well
      *P - eigenvector projection squared on the relaxation subspace (= 1 - F_ne)
      *Z - well partition function square root
      dimension of the chemical subspace = 0
      isomers-to-bimolecular equilibrium coefficients (kappa matrix):
        W\P       P1       P2
         W1        1        0
      hot energies # = 0
      prompt isomerization/dissociation:
        W\W,P  Total Diss.           P1           P2
           W1            1     0.913164  1.46204e-35

   MasterEquation::direct_diagonalization_method:  done, cpu time[sec] = 1.19704, elapsed time[sec] = 0
   MasterEquation::set:  starts
      Temperature      = 500 K
      Energy reference = 31516 1/cm
      Energy step      = 174 1/cm
      setting wells, barriers, and bimolecular starts
         W1 Well: average energy = 1.9 kcal/mol
         W1 Well: density of states done, elapsed time[sec] = 0.002664
         W1 Well: collisional kernel bandwidth = 11
         W1 Well: collisional energy transfer kernel done, elapsed time[sec] = 0.035733
         W1 Well: relaxation modes basis done, elapsed time[sec] = 0.044738
         W1 Well: kernel in relaxation modes basis done, elapsed time[sec] = 0.059694
         W1 Well: relaxation eigenvalues done, elapsed time[sec] = 0.183834
         W1 Well: minimal relaxation eigenvalue = 0.0124281
         W1 Well: maximal relaxation eigenvalue = 0.634681
         W1 Well:       grid size = 182
         W1 Well:      real depth = 0 1/cm
         W1 Well: effective depth = -151 1/cm
         B1 Barrier:        grid size = 181
         B1 Barrier:      real height = 174 1/cm
         B1 Barrier: effective height = 21 1/cm
         B2 Barrier:        grid size = 60
         B2 Barrier:      real height = 21090 1/cm
         B2 Barrier: effective height = 21076 1/cm
      setting wells, barriers, and bimolecular done, cpu time[sec] = 0.332245, elapsed time[sec] = 0
      Bound Species (D1/D2 - density of states at dissociation energy (DE)/reference energy):
       Name  Depth     DE      *D1      *D2
              1/cm   1/cm       cm       cm
         W1   -151     22      1.2 6.39e+04
      Well-to-Bimolecular Barriers (N - number of states at the reference energy):
       Name Height       *N
              1/cm         
         B1     22 2.27e+09
         B2  21076 6.32e+06
      Effective equilibrium constants(bimolecular units - cm^3):
        Q/Q        W1        P1        P2
         W1         1  1.91e-22  5.59e-23
         P1  5.23e+21         1     0.292
         P2  1.79e+22      3.42         1
      Real equilibrium constants(bimolecular units - cm^3):
        Q/Q        W1        P1        P2
         W1         1  1.38e-25  4.03e-26
         P1  7.26e+24         1     0.292
         P2  2.48e+25      3.42         1
   MasterEquation::set:  done, cpu time[sec] = 0.3346, elapsed time[sec] = 0
   MasterEquation::direct_diagonalization_method:  starts
      Pressure = 10 atm	 Temperature = 500 K
            Well    Collision, 1/sec
              W1         3.99555e+10
      global relaxation matrix dimension = 182
      setting global matrices ... done, cpu time[sec] = 0.064201, elapsed time[sec] = 0
      diagonalizing global relaxation matrix ... done, cpu time[sec] = 0.715578, elapsed time[sec] = 0
      microscopic rate coefficients (at reference energy) over collision frequency:
             W1->P1       W1->P2
            26693.8       74.214
      eigenvector populations normalized:
          L        *R        *P        W1
          0  8.96e-05     0.721         1
      *R - eigenvalue over the relaxation limit
      *P - eigenvector projection squared on the relaxation subspace (= 1 -F_ne)
      eigenvector projections:
          L        *Q        *P        W1
          0     0.122     0.721     0.528
         *Z       ---       ---  4.64e+22
      *Q - eigenvalue over the collision frequency in first well
      *P - eigenvector projection squared on the relaxation subspace (= 1 - F_ne)
      *Z - well partition function square root
      dimension of the chemical subspace = 0
      isomers-to-bimolecular equilibrium coefficients (kappa matrix):
        W\P       P1       P2
         W1        1        0
      hot energies # = 0
      prompt isomerization/dissociation:
        W\W,P  Total Diss.           P1           P2
           W1            1      1.10075  7.92374e-29

   MasterEquation::direct_diagonalization_method:  done, cpu time[sec] = 0.847112, elapsed time[sec] = 0
   MasterEquation::set:  starts
      Temperature      = 600 K
      Energy reference = 33601 1/cm
      Energy step      = 209 1/cm
      setting wells, barriers, and bimolecular starts
         W1 Well: average energy = 2.5 kcal/mol
         W1 Well: density of states done, elapsed time[sec] = 0.002322
         W1 Well: collisional kernel bandwidth = 11
         W1 Well: collisional energy transfer kernel done, elapsed time[sec] = 0.028011
         W1 Well: relaxation modes basis done, elapsed time[sec] = 0.034902
         W1 Well: kernel in relaxation modes basis done, elapsed time[sec] = 0.060625
         W1 Well: relaxation eigenvalues done, elapsed time[sec] = 0.144669
         W1 Well: minimal relaxation eigenvalue = 0.0122545
         W1 Well: maximal relaxation eigenvalue = 0.628667
         W1 Well:       grid size = 161
         W1 Well:      real depth = 0 1/cm
         W1 Well: effective depth = -47 1/cm
         B1 Barrier:        grid size = 160
         B1 Barrier:      real height = 174 1/cm
         B1 Barrier: effective height = 161 1/cm
         B2 Barrier:        grid size = 60
         B2 Barrier:      real height = 21090 1/cm
         B2 Barrier: effective height = 21061 1/cm
      setting wells, barriers, and bimolecular done, cpu time[sec] = 0.275794, elapsed time[sec] = 0
      Bound Species (D1/D2 - density of states at dissociation energy (DE)/reference energy):
       Name  Depth     DE      *D1      *D2
              1/cm   1/cm       cm       cm
         W1    -47    162      1.2 8.13e+04
      Well-to-Bimolecular Barriers (N - number of states at the reference energy):
       Name Height       *N
              1/cm         
         B1    162 2.68e+09
         B2  21062 1.21e+07
      Effective equilibrium constants(bimolecular units - cm^3):
        Q/Q        W1        P1        P2
         W1         1  1.12e-22  3.35e-23
         P1  8.92e+21         1     0.299
         P2  2.99e+22      3.35         1
      Real equilibrium constants(bimolecular units - cm^3):
        Q/Q        W1        P1        P2
         W1         1   1.2e-25  3.58e-26
         P1  8.36e+24         1     0.299
         P2   2.8e+25      3.35         1
   MasterEquation::set:  done, cpu time[sec] = 0.278143, elapsed time[sec] = 0
   MasterEquation::direct_diagonalization_method:  starts
      Pressure = 10 atm	 Temperature = 600 K
            Well    Collision, 1/sec
              W1         3.47524e+10
      global relaxation matrix dimension = 161
      setting global matrices ... done, cpu time[sec] = 0.050311, elapsed time[sec] = 0
      diagonalizing global relaxation matrix ... done, cpu time[sec] = 0.540623, elapsed time[sec] = 0
      microscopic rate coefficients (at reference energy) over collision frequency:
             W1->P1       W1->P2
            28495.5      128.779
      eigenvector populations normalized:
          L        *R        *P        W1
          0  4.33e-06     0.791         1
      *R - eigenvalue over the relaxation limit
      *P - eigenvector projection squared on the relaxation subspace (= 1 -F_ne)
      eigenvector projections:
          L        *Q        *P        W1
          0     0.124     0.791     0.457
         *Z       ---       ---   2.9e+20
      *Q - eigenvalue over the collision frequency in first well
      *P - eigenvector projection squared on the relaxation subspace (= 1 - F_ne)
      *Z - well partition function square root
      dimension of the chemical subspace = 0
      isomers-to-bimolecular equilibrium coefficients (kappa matrix):
        W\P       P1       P2
         W1        1        0
      hot energies # = 0
      prompt isomerization/dissociation:
        W\W,P  Total Diss.           P1           P2
           W1            1     0.891959   2.5385e-24

   MasterEquation::direct_diagonalization_method:  done, cpu time[sec] = 0.63997, elapsed time[sec] = 0
   MasterEquation::set:  starts
      Temperature      = 700 K
      Energy reference = 35686 1/cm
      Energy step      = 243 1/cm
      setting wells, barriers, and bimolecular starts
         W1 Well: average energy = 3.2 kcal/mol
         W1 Well: density of states done, elapsed time[sec] = 0.002142
         W1 Well: collisional kernel bandwidth = 11
         W1 Well: collisional energy transfer kernel done, elapsed time[sec] = 0.025259
         W1 Well: relaxation modes basis done, elapsed time[sec] = 0.029203
         W1 Well: kernel in relaxation modes basis done, elapsed time[sec] = 0.057522
         W1 Well: relaxation eigenvalues done, elapsed time[sec] = 0.121068
         W1 Well: minimal relaxation eigenvalue = 0.0118647
         W1 Well: maximal relaxation eigenvalue = 0.598688
         W1 Well:       grid size = 147
         W1 Well:      real depth = 0 1/cm
         W1 Well: effective depth = -35 1/cm
         B1 Barrier:        grid size = 147
         B1 Barrier:      real height = 174 1/cm
         B1 Barrier: effective height = -35 1/cm
         B2 Barrier:        grid size = 61
         B2 Barrier:      real height = 21090 1/cm
         B2 Barrier: effective height = 20863 1/cm
      setting wells, barriers, and bimolecular done, cpu time[sec] = 0.24016, elapsed time[sec] = 0
      Bound Species (D1/D2 - density of states at dissociation energy (DE)/reference energy):
       Name  Depth     DE      *D1      *D2
              1/cm   1/cm       cm       cm
         W1    -35    -35      1.2 1.02e+05
      Well-to-Bimolecular Barriers (N - number of states at the reference energy):
       Name Height       *N
              1/cm         
         B1    -35 3.14e+09
         B2  20863 2.12e+07
      Effective equilibrium constants(bimolecular units - cm^3):
        Q/Q        W1        P1        P2
         W1         1  9.03e-23  2.74e-23
         P1  1.11e+22         1     0.304
         P2  3.65e+22      3.29         1
      Real equilibrium constants(bimolecular units - cm^3):
        Q/Q        W1        P1        P2
         W1         1   1.1e-25  3.34e-26
         P1  9.09e+24         1     0.304
         P2  2.99e+25      3.29         1
   MasterEquation::set:  done, cpu time[sec] = 0.24251, elapsed time[sec] = 0
   MasterEquation::direct_diagonalization_method:  starts
      Pressure = 10 atm	 Temperature = 700 K
            Well    Collision, 1/sec
              W1          3.1012e+10
      global relaxation matrix dimension = 147
      setting global matrices ... done, cpu time[sec] = 0.04279, elapsed time[sec] = 0
      diagonalizing global relaxation matrix ... done, cpu time[sec] = 0.433499, elapsed time[sec] = 0
      microscopic rate coefficients (at reference energy) over collision frequency:
             W1->P1       W1->P2
            29762.8      201.331
      eigenvector populations normalized:
          L        *R        *P        W1
          0     0.124     0.836         1
      *R - eigenvalue over the relaxation limit
      *P - eigenvector projection squared on the relaxation subspace (= 1 -F_ne)
      eigenvector projections:
          L        *Q        *P        W1
          0  3.72e+03     0.836     0.405
         *Z       ---       ---  8.66e+18
      *Q - eigenvalue over the collision frequency in first well
      *P - eigenvector projection squared on the relaxation subspace (= 1 - F_ne)
      *Z - well partition function square root
      dimension of the chemical subspace = 0
      isomers-to-bimolecular equilibrium coefficients (kappa matrix):
        W\P       P1       P2
         W1        1        0
      hot energies # = 0
      prompt isomerization/dissociation:
        W\W,P  Total Diss.           P1           P2
           W1            1     0.908759  4.27293e-21

   MasterEquation::direct_diagonalization_method:  done, cpu time[sec] = 0.520514, elapsed time[sec] = 0
   MasterEquation::set:  starts
      Temperature      = 900 K
      Energy reference = 39857 1/cm
      Energy step      = 313 1/cm
      setting wells, barriers, and bimolecular starts
         W1 Well: average energy = 4.7 kcal/mol
         W1 Well: density of states done, elapsed time[sec] = 0.00206
         W1 Well: collisional kernel bandwidth = 11
         W1 Well: collisional energy transfer kernel done, elapsed time[sec] = 0.021566
         W1 Well: relaxation modes basis done, elapsed time[sec] = 0.022164
         W1 Well: kernel in relaxation modes basis done, elapsed time[sec] = 0.034519
         W1 Well: relaxation eigenvalues done, elapsed time[sec] = 0.094558
         W1 Well: minimal relaxation eigenvalue = 0.0111581
         W1 Well: maximal relaxation eigenvalue = 0.599936
         W1 Well:       grid size = 128
         W1 Well:      real depth = 0 1/cm
         W1 Well: effective depth = -206 1/cm
         B1 Barrier:        grid size = 127
         B1 Barrier:      real height = 174 1/cm
         B1 Barrier: effective height = 105 1/cm
         B2 Barrier:        grid size = 60
         B2 Barrier:      real height = 21090 1/cm
         B2 Barrier: effective height = 21077 1/cm
      setting wells, barriers, and bimolecular done, cpu time[sec] = 0.179673, elapsed time[sec] = 0
      Bound Species (D1/D2 - density of states at dissociation energy (DE)/reference energy):
       Name  Depth     DE      *D1      *D2
              1/cm   1/cm       cm       cm
         W1   -206    106      1.2 1.55e+05
      Well-to-Bimolecular Barriers (N - number of states at the reference energy):
       Name Height       *N
              1/cm         
         B1    106 4.18e+09
         B2  21077 5.37e+07
      Effective equilibrium constants(bimolecular units - cm^3):
        Q/Q        W1        P1        P2
         W1         1  7.34e-23  2.27e-23
         P1  1.36e+22         1      0.31
         P2   4.4e+22      3.23         1
      Real equilibrium constants(bimolecular units - cm^3):
        Q/Q        W1        P1        P2
         W1         1  1.03e-25  3.18e-26
         P1  9.75e+24         1      0.31
         P2  3.15e+25      3.23         1
   MasterEquation::set:  done, cpu time[sec] = 0.181975, elapsed time[sec] = 0
   MasterEquation::direct_diagonalization_method:  starts
      Pressure = 10 atm	 Temperature = 900 K
            Well    Collision, 1/sec
              W1         2.59443e+10
      global relaxation matrix dimension = 128
      setting global matrices ... done, cpu time[sec] = 0.031798, elapsed time[sec] = 0
      diagonalizing global relaxation matrix ... done, cpu time[sec] = 0.315888, elapsed time[sec] = 0
      microscopic rate coefficients (at reference energy) over collision frequency:
             W1->P1       W1->P2
            31258.2      401.031
      eigenvector populations normalized:
          L        *R        *P        W1
          0  4.49e-06     0.868         1
      *R - eigenvalue over the relaxation limit
      *P - eigenvector projection squared on the relaxation subspace (= 1 -F_ne)
      eigenvector projections:
          L        *Q        *P        W1
          0     0.142     0.868     0.363
         *Z       ---       ---   8.9e+16
      *Q - eigenvalue over the collision frequency in first well
      *P - eigenvector projection squared on the relaxation subspace (= 1 - F_ne)
      *Z - well partition function square root
      dimension of the chemical subspace = 0
      isomers-to-bimolecular equilibrium coefficients (kappa matrix):
        W\P       P1       P2
         W1        1        0
      hot energies # = 0
      prompt isomerization/dissociation:
        W\W,P  Total Diss.           P1           P2
           W1            1       1.0206  8.77159e-17

   MasterEquation::direct_diagonalization_method:  done, cpu time[sec] = 0.381669, elapsed time[sec] = 0
   MasterEquation::set:  starts
      Temperature      = 1100 K
      Energy reference = 44027 1/cm
      Energy step      = 382 1/cm
      setting wells, barriers, and bimolecular starts
         W1 Well: average energy = 6.3 kcal/mol
         W1 Well: density of states done, elapsed time[sec] = 0.00182
         W1 Well: collisional kernel bandwidth = 11
         W1 Well: collisional energy transfer kernel done, elapsed time[sec] = 0.019412
         W1 Well: relaxation modes basis done, elapsed time[sec] = 0.018242
         W1 Well: kernel in relaxation modes basis done, elapsed time[sec] = 0.032128
         W1 Well: relaxation eigenvalues done, elapsed time[sec] = 0.079648
         W1 Well: minimal relaxation eigenvalue = 0.0108246
         W1 Well: maximal relaxation eigenvalue = 0.632949
         W1 Well:       grid size = 116
         W1 Well:      real depth = 0 1/cm
         W1 Well: effective depth = -285 1/cm
         B1 Barrier:        grid size = 115
         B1 Barrier:      real height = 174 1/cm
         B1 Barrier: effective height = 96 1/cm
         B2 Barrier:        grid size = 61
         B2 Barrier:      real height = 21090 1/cm
         B2 Barrier: effective height = 20725 1/cm
      setting wells, barriers, and bimolecular done, cpu time[sec] = 0.155922, elapsed time[sec] = 0
      Bound Species (D1/D2 - density of states at dissociation energy (DE)/reference energy):
       Name  Depth     DE      *D1      *D2
              1/cm   1/cm       cm       cm
         W1   -285     97      1.2 2.25e+05
      Well-to-Bimolecular Barriers (N - number of states at the reference energy):
       Name Height       *N
              1/cm         
         B1     97 5.42e+09
         B2  20725 1.14e+08
      Effective equilibrium constants(bimolecular units - cm^3):
        Q/Q        W1        P1        P2
         W1         1  6.05e-23   1.9e-23
         P1  1.65e+22         1     0.314
         P2  5.26e+22      3.18         1
      Real equilibrium constants(bimolecular units - cm^3):
        Q/Q        W1        P1        P2
         W1         1  1.03e-25  3.22e-26
         P1  9.75e+24         1     0.314
         P2  3.11e+25      3.18         1
   MasterEquation::set:  done, cpu time[sec] = 0.158218, elapsed time[sec] = 0
   MasterEquation::direct_diagonalization_method:  starts
      Pressure = 10 atm	 Temperature = 1100 K
            Well    Collision, 1/sec
              W1         2.26219e+10
      global relaxation matrix dimension = 116
      setting global matrices ... done, cpu time[sec] = 0.0264, elapsed time[sec] = 0
      diagonalizing global relaxation matrix ... done, cpu time[sec] = 0.257184, elapsed time[sec] = 0
      microscopic rate coefficients (at reference energy) over collision frequency:
             W1->P1       W1->P2
            31871.8       669.07
      eigenvector populations normalized:
          L        *R        *P        W1
          0  4.45e-06     0.904         1
      *R - eigenvalue over the relaxation limit
      *P - eigenvector projection squared on the relaxation subspace (= 1 -F_ne)
      eigenvector projections:
          L        *Q        *P        W1
          0     0.145     0.904      0.31
         *Z       ---       ---  4.96e+15
      *Q - eigenvalue over the collision frequency in first well
      *P - eigenvector projection squared on the relaxation subspace (= 1 - F_ne)
      *Z - well partition function square root
      dimension of the chemical subspace = 0
      isomers-to-bimolecular equilibrium coefficients (kappa matrix):
        W\P       P1       P2
         W1        1        0
      hot energies # = 0
      prompt isomerization/dissociation:
        W\W,P  Total Diss.           P1           P2
           W1            1      1.02761    5.093e-14

   MasterEquation::direct_diagonalization_method:  done, cpu time[sec] = 0.312398, elapsed time[sec] = 0
   MasterEquation::set:  starts
      Temperature      = 1300 K
      Energy reference = 48197 1/cm
      Energy step      = 452 1/cm
      setting wells, barriers, and bimolecular starts
         W1 Well: average energy = 8 kcal/mol
         W1 Well: density of states done, elapsed time[sec] = 0.001846
         W1 Well: collisional kernel bandwidth = 11
         W1 Well: collisional energy transfer kernel done, elapsed time[sec] = 0.018317
         W1 Well: relaxation modes basis done, elapsed time[sec] = 0.015592
         W1 Well: kernel in relaxation modes basis done, elapsed time[sec] = 0.031109
         W1 Well: relaxation eigenvalues done, elapsed time[sec] = 0.069864
         W1 Well: minimal relaxation eigenvalue = 0.010511
         W1 Well: maximal relaxation eigenvalue = 0.578321
         W1 Well:       grid size = 107
         W1 Well:      real depth = 0 1/cm
         W1 Well: effective depth = -166 1/cm
         B1 Barrier:        grid size = 107
         B1 Barrier:      real height = 174 1/cm
         B1 Barrier: effective height = -166 1/cm
         B2 Barrier:        grid size = 60
         B2 Barrier:      real height = 21090 1/cm
         B2 Barrier: effective height = 21077 1/cm
      setting wells, barriers, and bimolecular done, cpu time[sec] = 0.141738, elapsed time[sec] = 0
      Bound Species (D1/D2 - density of states at dissociation energy (DE)/reference energy):
       Name  Depth     DE      *D1      *D2
              1/cm   1/cm       cm       cm
         W1   -166   -166      1.2 3.18e+05
      Well-to-Bimolecular Barriers (N - number of states at the reference energy):
       Name Height       *N
              1/cm         
         B1   -166 6.86e+09
         B2  21077 2.14e+08
      Effective equilibrium constants(bimolecular units - cm^3):
        Q/Q        W1        P1        P2
         W1         1   5.3e-23  1.68e-23
         P1  1.89e+22         1     0.317
         P2  5.96e+22      3.16         1
      Real equilibrium constants(bimolecular units - cm^3):
        Q/Q        W1        P1        P2
         W1         1  1.06e-25  3.36e-26
         P1  9.42e+24         1     0.317
         P2  2.97e+25      3.16         1
   MasterEquation::set:  done, cpu time[sec] = 0.144011, elapsed time[sec] = 0
   MasterEquation::direct_diagonalization_method:  starts
      Pressure = 10 atm	 Temperature = 1300 K
            Well    Collision, 1/sec
              W1          2.0237e+10
      global relaxation matrix dimension = 107
      setting global matrices ... done, cpu time[sec] = 0.023308, elapsed time[sec] = 0
      diagonalizing global relaxation matrix ... done, cpu time[sec] = 0.197843, elapsed time[sec] = 0
      microscopic rate coefficients (at reference energy) over collision frequency:
             W1->P1       W1->P2
            31981.1       997.56
      eigenvector populations normalized:
          L        *R        *P        W1
          0      0.99         1         1
      *R - eigenvalue over the relaxation limit
      *P - eigenvector projection squared on the relaxation subspace (= 1 -F_ne)
      eigenvector projections:
          L        *Q        *P        W1
          0   3.3e+04         1 -3.77e-10
         *Z       ---       ---     7e+14
      *Q - eigenvalue over the collision frequency in first well
      *P - eigenvector projection squared on the relaxation subspace (= 1 - F_ne)
      *Z - well partition function square root
      dimension of the chemical subspace = 0
      isomers-to-bimolecular equilibrium coefficients (kappa matrix):
        W\P       P1       P2
         W1        1        0
      hot energies # = 0
      prompt isomerization/dissociation:
        W\W,P  Total Diss.           P1           P2
           W1            1      1.02799   4.2061e-12

   MasterEquation::direct_diagonalization_method:  done, cpu time[sec] = 0.245785, elapsed time[sec] = 0
   MasterEquation::set:  starts
      Temperature      = 1500 K
      Energy reference = 52367 1/cm
      Energy step      = 521 1/cm
      setting wells, barriers, and bimolecular starts
         W1 Well: average energy = 9.8 kcal/mol
         W1 Well: density of states done, elapsed time[sec] = 0.001818
         W1 Well: collisional kernel bandwidth = 10
         W1 Well: collisional energy transfer kernel done, elapsed time[sec] = 0.01555
         W1 Well: relaxation modes basis done, elapsed time[sec] = 0.013949
         W1 Well: kernel in relaxation modes basis done, elapsed time[sec] = 0.030399
         W1 Well: relaxation eigenvalues done, elapsed time[sec] = 0.060569
         W1 Well: minimal relaxation eigenvalue = 0.0102908
         W1 Well: maximal relaxation eigenvalue = 0.581611
         W1 Well:       grid size = 101
         W1 Well:      real depth = 0 1/cm
         W1 Well: effective depth = -254 1/cm
         B1 Barrier:        grid size = 101
         B1 Barrier:      real height = 174 1/cm
         B1 Barrier: effective height = -254 1/cm
         B2 Barrier:        grid size = 61
         B2 Barrier:      real height = 21090 1/cm
         B2 Barrier: effective height = 20585 1/cm
      setting wells, barriers, and bimolecular done, cpu time[sec] = 0.126992, elapsed time[sec] = 0
      Bound Species (D1/D2 - density of states at dissociation energy (DE)/reference energy):
       Name  Depth     DE      *D1      *D2
              1/cm   1/cm       cm       cm
         W1   -254   -254      1.2 4.36e+05
      Well-to-Bimolecular Barriers (N - number of states at the reference energy):
       Name Height       *N
              1/cm         
         B1   -254 8.52e+09
         B2  20586 3.69e+08
      Effective equilibrium constants(bimolecular units - cm^3):
        Q/Q        W1        P1        P2
         W1         1  4.79e-23  1.53e-23
         P1  2.09e+22         1     0.319
         P2  6.54e+22      3.13         1
      Real equilibrium constants(bimolecular units - cm^3):
        Q/Q        W1        P1        P2
         W1         1  1.12e-25  3.57e-26
         P1  8.95e+24         1     0.319
         P2   2.8e+25      3.13         1
   MasterEquation::set:  done, cpu time[sec] = 0.129261, elapsed time[sec] = 0
   MasterEquation::direct_diagonalization_method:  starts
      Pressure = 10 atm	 Temperature = 1500 K
            Well    Collision, 1/sec
              W1         1.84184e+10
      global relaxation matrix dimension = 101
      setting global matrices ... done, cpu time[sec] = 0.02114, elapsed time[sec] = 0
      diagonalizing global relaxation matrix ... done, cpu time[sec] = 0.172539, elapsed time[sec] = 0
      microscopic rate coefficients (at reference energy) over collision frequency:
             W1->P1       W1->P2
            31786.2      1377.27
      eigenvector populations normalized:
          L        *R        *P        W1
          0      0.99         1         1
      *R - eigenvalue over the relaxation limit
      *P - eigenvector projection squared on the relaxation subspace (= 1 -F_ne)
      eigenvector projections:
          L        *Q        *P        W1
          0  3.32e+04         1  -1.8e-09
         *Z       ---       ---  1.72e+14
      *Q - eigenvalue over the collision frequency in first well
      *P - eigenvector projection squared on the relaxation subspace (= 1 - F_ne)
      *Z - well partition function square root
      dimension of the chemical subspace = 0
      isomers-to-bimolecular equilibrium coefficients (kappa matrix):
        W\P       P1       P2
         W1        1        0
      hot energies # = 0
      prompt isomerization/dissociation:
        W\W,P  Total Diss.           P1           P2
           W1            1      1.01758  1.08236e-10

   MasterEquation::direct_diagonalization_method:  done, cpu time[sec] = 0.21808, elapsed time[sec] = 0
   MasterEquation::set:  starts
      Temperature      = 1700 K
      Energy reference = 56538 1/cm
      Energy step      = 591 1/cm
      setting wells, barriers, and bimolecular starts
         W1 Well: average energy = 11.6 kcal/mol
         W1 Well: density of states done, elapsed time[sec] = 0.001716
         W1 Well: collisional kernel bandwidth = 10
         W1 Well: collisional energy transfer kernel done, elapsed time[sec] = 0.014335
         W1 Well: relaxation modes basis done, elapsed time[sec] = 0.012984
         W1 Well: kernel in relaxation modes basis done, elapsed time[sec] = 0.032351
         W1 Well: relaxation eigenvalues done, elapsed time[sec] = 0.056815
         W1 Well: minimal relaxation eigenvalue = 0.0101789
         W1 Well: maximal relaxation eigenvalue = 0.594648
         W1 Well:       grid size = 96
         W1 Well:      real depth = 0 1/cm
         W1 Well: effective depth = -197 1/cm
         B1 Barrier:        grid size = 96
         B1 Barrier:      real height = 174 1/cm
         B1 Barrier: effective height = -197 1/cm
         B2 Barrier:        grid size = 60
         B2 Barrier:      real height = 21090 1/cm
         B2 Barrier: effective height = 21078 1/cm
      setting wells, barriers, and bimolecular done, cpu time[sec] = 0.123252, elapsed time[sec] = 0
      Bound Species (D1/D2 - density of states at dissociation energy (DE)/reference energy):
       Name  Depth     DE      *D1      *D2
              1/cm   1/cm       cm       cm
         W1   -197   -197      1.2 5.86e+05
      Well-to-Bimolecular Barriers (N - number of states at the reference energy):
       Name Height       *N
              1/cm         
         B1   -197 1.04e+10
         B2  21078 5.97e+08
      Effective equilibrium constants(bimolecular units - cm^3):
        Q/Q        W1        P1        P2
         W1         1  4.16e-23  1.34e-23
         P1   2.4e+22         1     0.321
         P2  7.49e+22      3.12         1
      Real equilibrium constants(bimolecular units - cm^3):
        Q/Q        W1        P1        P2
         W1         1  1.19e-25  3.81e-26
         P1  8.41e+24         1     0.321
         P2  2.62e+25      3.12         1
   MasterEquation::set:  done, cpu time[sec] = 0.125527, elapsed time[sec] = 0
   MasterEquation::direct_diagonalization_method:  starts
      Pressure = 10 atm	 Temperature = 1700 K
            Well    Collision, 1/sec
              W1         1.69722e+10
      global relaxation matrix dimension = 96
      setting global matrices ... done, cpu time[sec] = 0.018353, elapsed time[sec] = 0
      diagonalizing global relaxation matrix ... done, cpu time[sec] = 0.1466, elapsed time[sec] = 0
      microscopic rate coefficients (at reference energy) over collision frequency:
             W1->P1       W1->P2
            31413.1      1799.95
      eigenvector populations normalized:
          L        *R        *P        W1
          0     0.989         1         1
      *R - eigenvalue over the relaxation limit
      *P - eigenvector projection squared on the relaxation subspace (= 1 -F_ne)
      eigenvector projections:
          L        *Q        *P        W1
          0  3.32e+04         1 -6.15e-09
         *Z       ---       ---  5.83e+13
      *Q - eigenvalue over the collision frequency in first well
      *P - eigenvector projection squared on the relaxation subspace (= 1 - F_ne)
      *Z - well partition function square root
      dimension of the chemical subspace = 0
      isomers-to-bimolecular equilibrium coefficients (kappa matrix):
        W\P       P1       P2
         W1        1        0
      hot energies # = 0
      prompt isomerization/dissociation:
        W\W,P  Total Diss.           P1           P2
           W1            1     0.943541  1.31198e-09

   MasterEquation::direct_diagonalization_method:  done, cpu time[sec] = 0.184125, elapsed time[sec] = 0
   MasterEquation::set:  starts
      Temperature      = 1900 K
      Energy reference = 60709 1/cm
      Energy step      = 660 1/cm
      setting wells, barriers, and bimolecular starts
         W1 Well: average energy = 13.4 kcal/mol
         W1 Well: density of states done, elapsed time[sec] = 0.001691
         W1 Well: collisional kernel bandwidth = 10
         W1 Well: collisional energy transfer kernel done, elapsed time[sec] = 0.014057
         W1 Well: relaxation modes basis done, elapsed time[sec] = 0.011683
         W1 Well: kernel in relaxation modes basis done, elapsed time[sec] = 0.031326
         W1 Well: relaxation eigenvalues done, elapsed time[sec] = 0.060234
         W1 Well: minimal relaxation eigenvalue = 0.00992925
         W1 Well: maximal relaxation eigenvalue = 0.569208
         W1 Well:       grid size = 92
         W1 Well:      real depth = 0 1/cm
         W1 Well: effective depth = -11 1/cm
         B1 Barrier:        grid size = 92
         B1 Barrier:      real height = 174 1/cm
         B1 Barrier: effective height = -11 1/cm
         B2 Barrier:        grid size = 61
         B2 Barrier:      real height = 21090 1/cm
         B2 Barrier: effective height = 20448 1/cm
      setting wells, barriers, and bimolecular done, cpu time[sec] = 0.124009, elapsed time[sec] = 0
      Bound Species (D1/D2 - density of states at dissociation energy (DE)/reference energy):
       Name  Depth     DE      *D1      *D2
              1/cm   1/cm       cm       cm
         W1    -11    -11      3.6  7.7e+05
      Well-to-Bimolecular Barriers (N - number of states at the reference energy):
       Name Height       *N
              1/cm         
         B1    -11 1.26e+10
         B2  20449 9.16e+08
      Effective equilibrium constants(bimolecular units - cm^3):
        Q/Q        W1        P1        P2
         W1         1  4.36e-23   1.4e-23
         P1  2.29e+22         1     0.322
         P2  7.12e+22      3.11         1
      Real equilibrium constants(bimolecular units - cm^3):
        Q/Q        W1        P1        P2
         W1         1  1.27e-25  4.09e-26
         P1  7.88e+24         1     0.322
         P2  2.45e+25      3.11         1
   MasterEquation::set:  done, cpu time[sec] = 0.126247, elapsed time[sec] = 0
   MasterEquation::direct_diagonalization_method:  starts
      Pressure = 10 atm	 Temperature = 1900 K
            Well    Collision, 1/sec
              W1         1.57867e+10
      global relaxation matrix dimension = 92
      setting global matrices ... done, cpu time[sec] = 0.017087, elapsed time[sec] = 0
      diagonalizing global relaxation matrix ... done, cpu time[sec] = 0.130249, elapsed time[sec] = 0
      microscopic rate coefficients (at reference energy) over collision frequency:
             W1->P1       W1->P2
            30950.3      2258.79
      eigenvector populations normalized:
          L        *R        *P        W1
          0     0.989         1         1
      *R - eigenvalue over the relaxation limit
      *P - eigenvector projection squared on the relaxation subspace (= 1 -F_ne)
      eigenvector projections:
          L        *Q        *P        W1
          0  3.32e+04         1   1.5e-08
         *Z       ---       ---  2.74e+13
      *Q - eigenvalue over the collision frequency in first well
      *P - eigenvector projection squared on the relaxation subspace (= 1 - F_ne)
      *Z - well partition function square root
      dimension of the chemical subspace = 0
      isomers-to-bimolecular equilibrium coefficients (kappa matrix):
        W\P       P1       P2
         W1        1        0
      hot energies # = 0
      prompt isomerization/dissociation:
        W\W,P  Total Diss.           P1           P2
           W1            1      1.03387  9.44919e-09

   MasterEquation::direct_diagonalization_method:  done, cpu time[sec] = 0.168268, elapsed time[sec] = 0
   MasterEquation::set:  starts
      Temperature      = 2100 K
      Energy reference = 64878 1/cm
      Energy step      = 730 1/cm
      setting wells, barriers, and bimolecular starts
         W1 Well: average energy = 15.3 kcal/mol
         W1 Well: density of states done, elapsed time[sec] = 0.001665
         W1 Well: collisional kernel bandwidth = 10
         W1 Well: collisional energy transfer kernel done, elapsed time[sec] = 0.013167
         W1 Well: relaxation modes basis done, elapsed time[sec] = 0.010918
         W1 Well: kernel in relaxation modes basis done, elapsed time[sec] = 0.026472
         W1 Well: relaxation eigenvalues done, elapsed time[sec] = 0.049022
         W1 Well: minimal relaxation eigenvalue = 0.00984703
         W1 Well: maximal relaxation eigenvalue = 0.580143
         W1 Well:       grid size = 89
         W1 Well:      real depth = 0 1/cm
         W1 Well: effective depth = -92 1/cm
         B1 Barrier:        grid size = 89
         B1 Barrier:      real height = 174 1/cm
         B1 Barrier: effective height = -92 1/cm
         B2 Barrier:        grid size = 60
         B2 Barrier:      real height = 21090 1/cm
         B2 Barrier: effective height = 21077 1/cm
      setting wells, barriers, and bimolecular done, cpu time[sec] = 0.105742, elapsed time[sec] = 0
      Bound Species (D1/D2 - density of states at dissociation energy (DE)/reference energy):
       Name  Depth     DE      *D1      *D2
              1/cm   1/cm       cm       cm
         W1    -92    -92      3.6 9.95e+05
      Well-to-Bimolecular Barriers (N - number of states at the reference energy):
       Name Height       *N
              1/cm         
         B1    -92 1.49e+10
         B2  21078 1.35e+09
      Effective equilibrium constants(bimolecular units - cm^3):
        Q/Q        W1        P1        P2
         W1         1   4.1e-23  1.33e-23
         P1  2.44e+22         1     0.323
         P2  7.54e+22       3.1         1
      Real equilibrium constants(bimolecular units - cm^3):
        Q/Q        W1        P1        P2
         W1         1  1.36e-25  4.39e-26
         P1  7.37e+24         1     0.323
         P2  2.28e+25       3.1         1
   MasterEquation::set:  done, cpu time[sec] = 0.108263, elapsed time[sec] = 0
   MasterEquation::direct_diagonalization_method:  starts
      Pressure = 10 atm	 Temperature = 2100 K
            Well    Collision, 1/sec
              W1         1.47926e+10
      global relaxation matrix dimension = 89
      setting global matrices ... done, cpu time[sec] = 0.015973, elapsed time[sec] = 0
      diagonalizing global relaxation matrix ... done, cpu time[sec] = 0.122806, elapsed time[sec] = 0
      microscopic rate coefficients (at reference energy) over collision frequency:
             W1->P1       W1->P2
            30439.2      2747.67
      eigenvector populations normalized:
          L        *R        *P        W1
          0     0.989         1         1
      *R - eigenvalue over the relaxation limit
      *P - eigenvector projection squared on the relaxation subspace (= 1 -F_ne)
      eigenvector projections:
          L        *Q        *P        W1
          0  3.32e+04         1  3.25e-08
         *Z       ---       ---  1.44e+13
      *Q - eigenvalue over the collision frequency in first well
      *P - eigenvector projection squared on the relaxation subspace (= 1 - F_ne)
      *Z - well partition function square root
      dimension of the chemical subspace = 0
      isomers-to-bimolecular equilibrium coefficients (kappa matrix):
        W\P       P1       P2
         W1        1        0
      hot energies # = 0
      prompt isomerization/dissociation:
        W\W,P  Total Diss.           P1           P2
           W1            1      1.00532  4.70095e-08

   MasterEquation::direct_diagonalization_method:  done, cpu time[sec] = 0.156606, elapsed time[sec] = 0
   MasterEquation::set:  starts
      Temperature      = 2300 K
      Energy reference = 69048 1/cm
      Energy step      = 799 1/cm
      setting wells, barriers, and bimolecular starts
         W1 Well: average energy = 17.2 kcal/mol
         W1 Well: density of states done, elapsed time[sec] = 0.001599
         W1 Well: collisional kernel bandwidth = 10
         W1 Well: collisional energy transfer kernel done, elapsed time[sec] = 0.015072
         W1 Well: relaxation modes basis done, elapsed time[sec] = 0.010367
         W1 Well: kernel in relaxation modes basis done, elapsed time[sec] = 0.027152
         W1 Well: relaxation eigenvalues done, elapsed time[sec] = 0.046044
         W1 Well: minimal relaxation eigenvalue = 0.00977822
         W1 Well: maximal relaxation eigenvalue = 0.678467
         W1 Well:       grid size = 87
         W1 Well:      real depth = 0 1/cm
         W1 Well: effective depth = -464 1/cm
         B1 Barrier:        grid size = 87
         B1 Barrier:      real height = 174 1/cm
         B1 Barrier: effective height = -464 1/cm
         B2 Barrier:        grid size = 61
         B2 Barrier:      real height = 21090 1/cm
         B2 Barrier: effective height = 20309 1/cm
      setting wells, barriers, and bimolecular done, cpu time[sec] = 0.104692, elapsed time[sec] = 0
      Bound Species (D1/D2 - density of states at dissociation energy (DE)/reference energy):
       Name  Depth     DE      *D1      *D2
              1/cm   1/cm       cm       cm
         W1   -464   -464      1.2 1.27e+06
      Well-to-Bimolecular Barriers (N - number of states at the reference energy):
       Name Height       *N
              1/cm         
         B1   -464 1.76e+10
         B2  20309 1.92e+09
      Effective equilibrium constants(bimolecular units - cm^3):
        Q/Q        W1        P1        P2
         W1         1  3.95e-23  1.28e-23
         P1  2.53e+22         1     0.324
         P2  7.82e+22      3.09         1
      Real equilibrium constants(bimolecular units - cm^3):
        Q/Q        W1        P1        P2
         W1         1  1.45e-25   4.7e-26
         P1  6.89e+24         1     0.324
         P2  2.13e+25      3.09         1
   MasterEquation::set:  done, cpu time[sec] = 0.107194, elapsed time[sec] = 0
   MasterEquation::direct_diagonalization_method:  starts
      Pressure = 10 atm	 Temperature = 2300 K
            Well    Collision, 1/sec
              W1         1.39442e+10
      global relaxation matrix dimension = 87
      setting global matrices ... done, cpu time[sec] = 0.015516, elapsed time[sec] = 0
      diagonalizing global relaxation matrix ... done, cpu time[sec] = 0.118044, elapsed time[sec] = 0
      microscopic rate coefficients (at reference energy) over collision frequency:
             W1->P1       W1->P2
            29898.4       3260.7
      eigenvector populations normalized:
          L        *R        *P        W1
          0     0.989         1         1
      *R - eigenvalue over the relaxation limit
      *P - eigenvector projection squared on the relaxation subspace (= 1 -F_ne)
      eigenvector projections:
          L        *Q        *P        W1
          0  3.32e+04         1  6.12e-08
         *Z       ---       ---  8.61e+12
      *Q - eigenvalue over the collision frequency in first well
      *P - eigenvector projection squared on the relaxation subspace (= 1 - F_ne)
      *Z - well partition function square root
      dimension of the chemical subspace = 0
      isomers-to-bimolecular equilibrium coefficients (kappa matrix):
        W\P       P1       P2
         W1        1        0
      hot energies # = 0
      prompt isomerization/dissociation:
        W\W,P  Total Diss.           P1           P2
           W1            1     0.989345  1.77919e-07

   MasterEquation::direct_diagonalization_method:  done, cpu time[sec] = 0.150816, elapsed time[sec] = 0
   MasterEquation::set:  starts
      Temperature      = 2500 K
      Energy reference = 73218 1/cm
      Energy step      = 869 1/cm
      setting wells, barriers, and bimolecular starts
         W1 Well: average energy = 19.1 kcal/mol
         W1 Well: density of states done, elapsed time[sec] = 0.001613
         W1 Well: collisional kernel bandwidth = 10
         W1 Well: collisional energy transfer kernel done, elapsed time[sec] = 0.012731
         W1 Well: relaxation modes basis done, elapsed time[sec] = 0.010138
         W1 Well: kernel in relaxation modes basis done, elapsed time[sec] = 0.027841
         W1 Well: relaxation eigenvalues done, elapsed time[sec] = 0.046567
         W1 Well: minimal relaxation eigenvalue = 0.00965296
         W1 Well: maximal relaxation eigenvalue = 0.68011
         W1 Well:       grid size = 85
         W1 Well:      real depth = 0 1/cm
         W1 Well: effective depth = -646 1/cm
         B1 Barrier:        grid size = 85
         B1 Barrier:      real height = 174 1/cm
         B1 Barrier: effective height = -646 1/cm
         B2 Barrier:        grid size = 60
         B2 Barrier:      real height = 21090 1/cm
         B2 Barrier: effective height = 21077 1/cm
      setting wells, barriers, and bimolecular done, cpu time[sec] = 0.103452, elapsed time[sec] = 0
      Bound Species (D1/D2 - density of states at dissociation energy (DE)/reference energy):
       Name  Depth     DE      *D1      *D2
              1/cm   1/cm       cm       cm
         W1   -646   -646      1.2 1.59e+06
      Well-to-Bimolecular Barriers (N - number of states at the reference energy):
       Name Height       *N
              1/cm         
         B1   -646 2.05e+10
         B2  21078 2.65e+09
      Effective equilibrium constants(bimolecular units - cm^3):
        Q/Q        W1        P1        P2
         W1         1  3.91e-23  1.27e-23
         P1  2.56e+22         1     0.325
         P2  7.89e+22      3.08         1
      Real equilibrium constants(bimolecular units - cm^3):
        Q/Q        W1        P1        P2
         W1         1  1.55e-25  5.04e-26
         P1  6.44e+24         1     0.325
         P2  1.98e+25      3.08         1
   MasterEquation::set:  done, cpu time[sec] = 0.105998, elapsed time[sec] = 0
   MasterEquation::direct_diagonalization_method:  starts
      Pressure = 10 atm	 Temperature = 2500 K
            Well    Collision, 1/sec
              W1         1.32097e+10
      global relaxation matrix dimension = 85
      setting global matrices ... done, cpu time[sec] = 0.014996, elapsed time[sec] = 0
      diagonalizing global relaxation matrix ... done, cpu time[sec] = 0.124737, elapsed time[sec] = 0
      microscopic rate coefficients (at reference energy) over collision frequency:
             W1->P1       W1->P2
            29339.9      3792.62
      eigenvector populations normalized:
          L        *R        *P        W1
          0     0.475     0.986         1
      *R - eigenvalue over the relaxation limit
      *P - eigenvector projection squared on the relaxation subspace (= 1 -F_ne)
      eigenvector projections:
          L        *Q        *P        W1
          0  1.57e+04     0.986     0.119
         *Z       ---       ---  5.73e+12
      *Q - eigenvalue over the collision frequency in first well
      *P - eigenvector projection squared on the relaxation subspace (= 1 - F_ne)
      *Z - well partition function square root
      dimension of the chemical subspace = 0
      isomers-to-bimolecular equilibrium coefficients (kappa matrix):
        W\P       P1       P2
         W1        1        0
      hot energies # = 0
      prompt isomerization/dissociation:
        W\W,P  Total Diss.           P1           P2
           W1            1     0.996398  5.46349e-07

   MasterEquation::direct_diagonalization_method:  done, cpu time[sec] = 0.156178, elapsed time[sec] = 0
   MasterEquation::set:  starts
      Temperature      = 2700 K
      Energy reference = 77389 1/cm
      Energy step      = 938 1/cm
      setting wells, barriers, and bimolecular starts
         W1 Well: average energy = 21 kcal/mol
         W1 Well: density of states done, elapsed time[sec] = 0.001597
         W1 Well: collisional kernel bandwidth = 10
         W1 Well: collisional energy transfer kernel done, elapsed time[sec] = 0.012365
         W1 Well: relaxation modes basis done, elapsed time[sec] = 0.009673
         W1 Well: kernel in relaxation modes basis done, elapsed time[sec] = 0.026817
         W1 Well: relaxation eigenvalues done, elapsed time[sec] = 0.043078
         W1 Well: minimal relaxation eigenvalue = 0.00957675
         W1 Well: maximal relaxation eigenvalue = 0.723426
         W1 Well:       grid size = 83
         W1 Well:      real depth = 0 1/cm
         W1 Well: effective depth = -464 1/cm
         B1 Barrier:        grid size = 83
         B1 Barrier:      real height = 174 1/cm
         B1 Barrier: effective height = -464 1/cm
         B2 Barrier:        grid size = 61
         B2 Barrier:      real height = 21090 1/cm
         B2 Barrier: effective height = 20171 1/cm
      setting wells, barriers, and bimolecular done, cpu time[sec] = 0.097967, elapsed time[sec] = 0
      Bound Species (D1/D2 - density of states at dissociation energy (DE)/reference energy):
       Name  Depth     DE      *D1      *D2
              1/cm   1/cm       cm       cm
         W1   -464   -464      1.2 1.97e+06
      Well-to-Bimolecular Barriers (N - number of states at the reference energy):
       Name Height       *N
              1/cm         
         B1   -464 2.38e+10
         B2  20171 3.58e+09
      Effective equilibrium constants(bimolecular units - cm^3):
        Q/Q        W1        P1        P2
         W1         1  3.84e-23  1.25e-23
         P1   2.6e+22         1     0.325
         P2  7.99e+22      3.07         1
      Real equilibrium constants(bimolecular units - cm^3):
        Q/Q        W1        P1        P2
         W1         1  1.66e-25  5.39e-26
         P1  6.04e+24         1     0.325
         P2  1.86e+25      3.07         1
   MasterEquation::set:  done, cpu time[sec] = 0.100259, elapsed time[sec] = 0
   MasterEquation::direct_diagonalization_method:  starts
      Pressure = 10 atm	 Temperature = 2700 K
            Well    Collision, 1/sec
              W1         1.25662e+10
      global relaxation matrix dimension = 83
      setting global matrices ... done, cpu time[sec] = 0.014628, elapsed time[sec] = 0
      diagonalizing global relaxation matrix ... done, cpu time[sec] = 0.104648, elapsed time[sec] = 0
      microscopic rate coefficients (at reference energy) over collision frequency:
             W1->P1       W1->P2
            28782.5      4340.53
      eigenvector populations normalized:
          L        *R        *P        W1
          0     0.989         1         1
      *R - eigenvalue over the relaxation limit
      *P - eigenvector projection squared on the relaxation subspace (= 1 -F_ne)
      eigenvector projections:
          L        *Q        *P        W1
          0  3.31e+04         1 -1.61e-07
         *Z       ---       ---  4.07e+12
      *Q - eigenvalue over the collision frequency in first well
      *P - eigenvector projection squared on the relaxation subspace (= 1 - F_ne)
      *Z - well partition function square root
      dimension of the chemical subspace = 0
      isomers-to-bimolecular equilibrium coefficients (kappa matrix):
        W\P       P1       P2
         W1        1        0
      hot energies # = 0
      prompt isomerization/dissociation:
        W\W,P  Total Diss.           P1           P2
           W1            1     0.991666   1.4257e-06

   MasterEquation::direct_diagonalization_method:  done, cpu time[sec] = 0.136946, elapsed time[sec] = 0
   MasterEquation::set:  starts
      Temperature      = 3000 K
      Energy reference = 83644 1/cm
      Energy step      = 1043 1/cm
      setting wells, barriers, and bimolecular starts
         W1 Well: average energy = 23.9 kcal/mol
         W1 Well: density of states done, elapsed time[sec] = 0.001665
         W1 Well: collisional kernel bandwidth = 10
         W1 Well: collisional energy transfer kernel done, elapsed time[sec] = 0.012022
         W1 Well: relaxation modes basis done, elapsed time[sec] = 0.009288
         W1 Well: kernel in relaxation modes basis done, elapsed time[sec] = 0.024955
         W1 Well: relaxation eigenvalues done, elapsed time[sec] = 0.041183
         W1 Well: minimal relaxation eigenvalue = 0.00942888
         W1 Well: maximal relaxation eigenvalue = 0.696732
         W1 Well:       grid size = 81
         W1 Well:      real depth = 0 1/cm
         W1 Well: effective depth = -838 1/cm
         B1 Barrier:        grid size = 81
         B1 Barrier:      real height = 174 1/cm
         B1 Barrier: effective height = -838 1/cm
         B2 Barrier:        grid size = 60
         B2 Barrier:      real height = 21090 1/cm
         B2 Barrier: effective height = 21063 1/cm
      setting wells, barriers, and bimolecular done, cpu time[sec] = 0.093728, elapsed time[sec] = 0
      Bound Species (D1/D2 - density of states at dissociation energy (DE)/reference energy):
       Name  Depth     DE      *D1      *D2
              1/cm   1/cm       cm       cm
         W1   -838   -838      1.2 2.66e+06
      Well-to-Bimolecular Barriers (N - number of states at the reference energy):
       Name Height       *N
              1/cm         
         B1   -838 2.92e+10
         B2  21064 5.41e+09
      Effective equilibrium constants(bimolecular units - cm^3):
        Q/Q        W1        P1        P2
         W1         1  3.85e-23  1.25e-23
         P1   2.6e+22         1     0.326
         P2  7.97e+22      3.07         1
      Real equilibrium constants(bimolecular units - cm^3):
        Q/Q        W1        P1        P2
         W1         1  1.82e-25  5.94e-26
         P1  5.49e+24         1     0.326
         P2  1.68e+25      3.07         1
   MasterEquation::set:  done, cpu time[sec] = 0.096013, elapsed time[sec] = 0
   MasterEquation::direct_diagonalization_method:  starts
      Pressure = 10 atm	 Temperature = 3000 K
            Well    Collision, 1/sec
              W1          1.1736e+10
      global relaxation matrix dimension = 81
      setting global matrices ... done, cpu time[sec] = 0.013924, elapsed time[sec] = 0
      diagonalizing global relaxation matrix ... done, cpu time[sec] = 0.111061, elapsed time[sec] = 0
      microscopic rate coefficients (at reference energy) over collision frequency:
             W1->P1       W1->P2
            27955.7      5183.72
      eigenvector populations normalized:
          L        *R        *P        W1
          0      0.24     0.992         1
      *R - eigenvalue over the relaxation limit
      *P - eigenvector projection squared on the relaxation subspace (= 1 -F_ne)
      eigenvector projections:
          L        *Q        *P        W1
          0  7.94e+03     0.992     0.092
         *Z       ---       ---  2.73e+12
      *Q - eigenvalue over the collision frequency in first well
      *P - eigenvector projection squared on the relaxation subspace (= 1 - F_ne)
      *Z - well partition function square root
      dimension of the chemical subspace = 0
      isomers-to-bimolecular equilibrium coefficients (kappa matrix):
        W\P       P1       P2
         W1        1        0
      hot energies # = 0
      prompt isomerization/dissociation:
        W\W,P  Total Diss.           P1           P2
           W1            1      1.00323  4.76398e-06

   MasterEquation::direct_diagonalization_method:  done, cpu time[sec] = 0.1409, elapsed time[sec] = 0
rate calculation done, cpu time[sec] = 80.9426, elapsed time[sec] = 2
